   0  985  339 1300 2582 3500 1410  1000  1000  1000     0     0  300    0    0    0   17 
   0  992  339 1300 2582 3500 1410  1000  1000  1000     0     0  300    0    0    0   26 
  36  998  339 1300 2582 3500 1496   600  1000  1000     0     0  580    0    0    0   30 
  36  993  339 1300 2582 3500 1571   200  1000  1000     0     0  660  -40  -60    0   35 
  36  990  339 1300 2582 3500 1637   100  1000  1000     0     0  740  -80  -80    0   35 
  36  987  339 1300 2582 3500 1694   100  1000  1000     0     0  820  -90  -90    0   35 
  36  986  339 1300 2582 3500 1744   100  1000  1000     0     0  900  -95 -100    0   35 
  36  984  339 1300 2582 3500 1788   100  1000  1000     0     0  980  -96 -115    0   35 
  36  983  339 1300 2582 3500 1827   100  1000  1000     0     0 1060 -100 -120    0   35 
  36  982  339 1300 2582 3500 1513   100  1000  1000     0     0 1060 -110 -125    0   35 
  36  983  339 1300 2582 3500 1356   100  1000  1000     0     0 1060 -105 -125    0   35 
  36  983  339 1300 2582 3500 1278   100  1000  1000     0     0 1060 -105 -125    0   35 
  36  983  339 1300 2582 3500 1239   100  1000  1000     0     0 1060 -105 -125    0   35 
  36  984  339 1296 2621 3500 1219   100  1000  1000     0     0 1060 -105 -125    0   35 
  36  985  339 1292 2661 3500 1209   100  1000  1000     0     0 1060 -105 -125    0   35 
  36  987  336 1288 2701 3500 1204   100  1000  1000     0     0 1060 -105 -125    0   35 
  36  988  333 1284 2741 3500 1202   100  1000  1000     0     0 1060 -105 -125    0   35 
  27  989  328 1274 2817 3500 1151   493   119  1000     0    25 1060 -110 -125   42   35 
  27  990  325 1269 2864 3500 1038   714   119  1000     0    46 1060 -100 -120   42   35 
  27  991  322 1264 2911 3500  953   838   119  1000     0    65 1060  -96 -115   42   35 
  27  991  319 1259 2958 3500  889   908   119  1000     0    81 1060  -95 -100   42   35 
  27  992  319 1254 3005 3500  841   948   119  1000     0    95 1060  -90  -90   42   35 
  27  991  319 1250 3052 3500  805   970   280  1000     0   108 1060  -80  -80   42   35 
  27  989  319 1250 3052 3500  778   982   280  1000     0   119 1060  -40  -60   42   35 
  27  989  319 1250 3052 3500  758   989   119  1000     0   129 1060  -30  -40   42   35 
  27 1032  319 1250 3052 3500  743   993   119  1000     0   137 1060    0    0   42   35 
  27 1063  319 1245 3029 3500  732   995   119  1000     0   144 1060    0    0   42   35 
  27 1085  319 1240 3006 3500  724   997   119  1000     0   151 1060    0    0   42   35 
  27 1102  383 1236 2984 3500  718   997   280  1000     0   157 1060    0    0   42   35 
  27 1113  448 1231 2961 3500  713   997   119  1000     0   162 1060    0    0   42   35 
   1 1121  535 1224 2926 3500  556   997   212  1000     0   141 1050    0    0   42   35 
   1 1127  566 1221 2908 3500  478   997   310  1000     0   123  955    0    0   42   35 
   1 1107  597 1217 2891 3500  439   997   396  1000     0   107  860    0    0   42   35 
   1 1062  628 1214 2873 3500  419   997   471  1000     0    93  765    0    0   42   35 
   1 1019  659 1210 2855 3500  409   997   537  1000     0    81  760    0    0   42   35 
   1  973  690 1207 2838 3500  404   997   594  1000     0    70  755    0    0   42   35 
   1  930  721 1203 2820 3500  402   997   644  1000     0    61  750    0    0   42   35 
   1  887  752 1200 2803 3500  401   997   688  1000     0    53  745    0    0   42   35 
   1  843  752 1200 2803 3500  400   997   727  1000     0    46  740    0    0   42   35 
   1  800  752 1200 2803 3500  400   997   761  1000     0    40  735    0    0   42   35 
   1  757  752 1200 2803 3500  400   997   790  1000     0    35  730    0    0   42   35 
   1  714  752 1200 2803 3500  400   997   816  1000    30    30  725    0    0   42   35 
   1  715  752 1186 2781 3500  401   997   839  1000    60    26  720    0    0   42   35 
   1  717  752 1172 2759 3500  403   997   859  1000   100    22  715    0    0   42   35 
   1  719  752 1158 2737 3500  405   997   876  1000   130    19  710    0    0   42   35 
   1  722  752 1145 2715 3500  407   997   891  1000   160    16  705    0    0   42   35 
   1  724  718 1131 2693 3500  409   997   904  1000   190    14  700    0    0   42   35 
   1  725  684 1117 2671 3500  411   997   916  1000   320    12  695    0    0   42   35 
   1  728  651 1103 2649 3500  413   997   926  1000   320    10  690    0    0   42   35 
   1  730  617 1090 2627 3500  415   997   935  1000   320     8  685    0    0   42   35 
   1  732  583 1076 2605 3500  417   997   943  1000   320     7  680    0    0   42   35 
   1  732  550 1062 2583 3500  419   997   950  1000   320     6  675    0    0   42   35 
  32  733  250 1047 2560 3500  570   997   640  1000   320     5  670    0    0   42   35 
  32  734  250 1025 2554 3500  646   997   330  1000   320     4  665    0    0   42   35 
  32  735  250 1001 2549 3500  684   997    20  1000   320     3  660    0    0   42   35 
  32  734  250  979 2543 3500  704   997     0  1000   320     2  655    0    0   42   35 
  32  732  250  957 2538 3500  714   997     0  1000   320     1  650    0    0   42   35 
  32  686  250  934 2532 3500  720   997     0  1000   320     0  645    0    0   42   35 
  32  639  250  940 2526 3500  723   997     0  1000   320     0  640    0    0   42   35 
  32  593  250  945 2519 3500  725   997     0  1000   320     0  635    0    0   42   35 
  32  545  250  951 2513 3500  727   997     0  1000   320     0  630    0    0   42   35 
  32  500  250  957 2507 3500  728   997     0  1000   320     0  625    0    0   42   35 
  32  500  250  962 2501 3500  729   997     0  1000   320     0  620    0    0   42   35 
  32  500  250  968 2494 3500  730   997     0  1000   320     0  615    0    0   42   35 
  32  500  250  974 2488 3500  731   997     0  1000   160     0  610    0    0   42   35 
  32  500  250  979 2482 3500  732   997     0  1000   100     0  605    0    0   42   35 
  32  500  250  985 2476 3500  733   997     0  1000    30     0  600    0    0   42   35 
  32  500  250  990 2469 3500  735   997     0  1000     0     0  595    0    0   42   35 
  32  500  250  996 2463 3500  737   997     0  1000     0     0  590    0    0   42   35 
  32  500  250 1002 2457 3500  739   997     0  1000     0     0  585    0    0   42   35 
  32  500  250 1007 2451 3500  741   997     0  1000     0     0  580    0    0   42   35 
  32  500  250 1013 2444 3500  743   997     0  1000     0     0  575    0    0   42   35 
  32  500  250 1019 2438 3500  745   997     0  1000     0     0  570    0    0   42   35 
  32  500  250 1048 2438 3500  747   997     0  1000     0     0  565    0    0   42   35 
  32  500  250 1076 2437 3500  749   997     0  1000     0     0  560    0    0   42   35 
  32  500  250 1104 2436 3500  751   997     0  1000     0     0  555    0    0   42   35 
  32  500  250 1132 2436 3500  753   997     0  1000     0     0  550    0    0   42   35 
  48  500  273 1350 2434 3500  954   997     0  1000     0     0  545    0    0   42   17 
  48  500  274 1396 2433 3500 1055   997     0  1000     0     0  540  -40  -60   42    8 
  48  500  276 1443 2432 3500 1106   997     0  1000     0     0  535  -80  -80   42    4 
  48  500  277 1490 2431 3500 1132   997     0  1000     0     0  530  -90  -90   42    2 
  48  500  279 1537 2431 3500 1146   997     0  1000     0     0  525  -95 -100   42    1 
  48  500  281 1584 2430 3500 1153   997     0  1000     0     0  520  -96 -115   42    0 
  48  500  282 1631 2429 3500 1158   997     0  1000     0     0  515 -100 -120   42    0 
  48  500  284 1678 2428 3500 1162   997     0  1000     0     0  510 -110 -125   42    0 
  48  500  286 1725 2428 3500 1165   997     0  1000     0     0  505 -105 -125   42    0 
  48  500  287 1771 2427 3500 1167   997     0  1000     0     0  500 -105 -125   42    0 
  48  500  289 1818 2426 3500 1169   997     0  1000     0     0  495 -105 -125   42    0 
  48  500  290 1865 2425 3500 1171   997     0  1000     0     0  490 -105 -125   42    0 
  48  500  292 1912 2425 3500 1173   997     0  1000     0     0  485 -105 -125   42    0 
  48  500  336 1830 2388 3500 1175   997     0  1000     0     0  480 -105 -125   42    0 
  48  500  380 1748 2351 3500 1177   997   100  1000     0     0  475 -105 -125   42    0 
  48  500  424 1666 2314 3500 1179   997   100  1000     0     0  470 -105 -125   42    0 
   4  500  467 1584 2276 3500 1531   997   100  1000     0     0  465 -100 -120   42   17 
   4  500  467 1531 2330 3500 1308   997   100  1000     0     0  460  -95 -100   42   26 
   4  500  468 1479 2385 3500 1198   997   100  1000     0     0  455  -80  -80   42   30 
   4  500  468 1427 2439 3500 1186   997   100  1000     0     0  450  -30  -40   42   35 
   4  500  468 1374 2493 3500  929   997   100  1000     0     0  445    0    0   42   35 
   4  500  468 1322 2547 3500  801   997   100  1000     0     0  440    0    0   42   35 
   0  500  469 1270 2602 3500 1072   997   100  1000     0     0  285    0    0   42   35 
   0  500  469 1270 2602 3500 1423   997   100  1000     0     0  130    0    0   42   35 
   0  500  469 1270 2602 3500 1659   997   100  1000     0     0    0    0    0   42   35 
   0  500  469 1270 2602 3500 1778   997   100  1000     0     0    0    0    0   42   35 
   0  500  469 1270 2602 3500 1838   997   100  1000     0     0    0    0    0   42   35 
   0  500  469 1270 2602 3500 1868   997   100  1000     0     0    0    0    0   42   35 
   0  500  469 1270 2602 3500 1884   997   100  1000     0     0    0    0    0   42   35 
   0  500  469 1270 2602 3500 1892   997   100  1000     0     0    0    0    0   42   35 
   0  500  469 1270 2602 3500 1897   997   100  1000     0     0    0    0    0   42   35 
   0  500  469 1270 2602 3500 1900   997   100  1000     0     0    0    0    0   42   35 
   0  500  469 1270 2602 3500 1902   997   100  1000     0     0    0    0    0   42   35 
   0  500  469 1270 2602 3500 1903   997   100  1000     0     0    0    0    0   42   35 
   0  500  469 1270 2602 3500 1904   997   100  1000     0     0    0    0    0   42   35 
   0  500  469 1270 2602 3500 1905   997   100  1000     0     0    0    0    0   42   35 
   0  500  469 1270 2602 3500 1906   997   100  1000     0     0    0    0    0   42   35 
   0  500  469 1270 2602 3500 1907   997   100  1000     0     0    0    0    0   42   35 
   0  500  469 1270 2602 3500 1908   997   100  1000     0     0    0    0    0   42   35 
   0  500  469 1270 2602 3500 1909   997   100  1000     0     0    0    0    0   42   35 
   0  500  469 1270 2602 3500 1910   997   100  1000     0     0    0    0    0   42   35 
   0  500  469 1270 2602 3500 1911   997   100  1000     0     0    0    0    0   42   35 
   0  500  469 1270 2602 3500 1912   997   100  1000     0     0    0    0    0   42   35 
   0  500  469 1270 2602 3500 1913   997   100  1000     0     0    0    0    0   42   35 
   0  500  469 1270 2602 3500 1914   997   100  1000     0     0    0    0    0   42   35 
   0  500  469 1270 2602 3500 1915   997   100  1000     0     0    0    0    0   42   35 
   0  500  469 1270 2602 3500 1916   997   100  1000     0     0    0    0    0   42   35 
   0  500  469 1270 2602 3500 1917   997   100  1000     0     0    0    0    0   42   35 
   0  500  469 1270 2602 3500 1918   997   100  1000     0     0    0    0    0   42   35 
   0  500  469 1270 2602 3500 1919   997   100  1000     0     0    0    0    0   42   35 
   0  500  469 1270 2602 3500 1920   997   100  1000     0     0    0    0    0   42   35 
   0  500  469 1270 2602 3500 1921   997   100  1000     0     0    0    0    0   42   35 
   0  500  469 1270 2602 3500 1922   997   100  1000     0     0    0    0    0   42   35 
   0  500  469 1270 2602 3500 1923   997   100  1000     0     0    0    0    0   42   35 
   0  500  469 1270 2602 3500 1924   997   100  1000     0     0    0    0    0   42   35 
   0  500  469 1270 2602 3500 1925   997   100  1000     0     0    0    0    0   42   35 
   0  500  469 1270 2602 3500 1926   997   100  1000     0     0    0    0    0   42   35 
   0  500  469 1270 2602 3500 1927   997   100  1000     0     0    0    0    0   42   35 
   0  500  469 1270 2602 3500 1928   997   100  1000     0     0    0    0    0   42   35 
   0  500  469 1270 2602 3500 1929   997   100  1000     0     0    0    0    0   42   35 
   0  500  469 1270 2602 3500 1930   997   100  1000     0     0    0    0    0   42   35 
   0  500  469 1270 2602 3500 1931   997   100  1000     0     0    0    0    0   42   35 
   0  500  469 1270 2602 3500 1932   997   100  1000     0     0    0    0    0   42   35 
   0  500  469 1270 2602 3500 1933   997   100  1000     0     0    0    0    0   42   35 
   0  500  469 1270 2602 3500 1934   997   100  1000     0     0    0    0    0   42   35 
   0  500  469 1270 2602 3500 1935   997   100  1000     0     0    0    0    0   42   35 
   0  500  469 1270 2602 3500 1936   997   100  1000     0     0    0    0    0   42   35 
   0  500  469 1270 2602 3500 1937   997   100  1000     0     0    0    0    0   42   35 
   0  500  469 1270 2602 3500 1938   997   100  1000     0     0    0    0    0   42   35 
   0  500  469 1270 2602 3500 1939   997   100  1000     0     0    0    0    0   42   35 
   0  500  469 1270 2602 3500 1940   997   100  1000     0     0    0    0    0   42   35 
   0  500  469 1270 2602 3500 1941   997   100  1000     0     0    0    0    0   42   35 
   0  500  469 1270 2602 3500 1942   997   100  1000     0     0    0    0    0   42   35 
   0  500  469 1270 2602 3500 1943   997   100  1000     0     0    0    0    0   42   35 
   0  500  469 1270 2602 3500 1944   997   100  1000     0     0    0    0    0   42   35 
   0  500  469 1270 2602 3500 1945   997   100  1000     0     0    0    0    0   42   35 
   0  533  469 1270 2602 3500 1946   997   100  1000     0     0    0    0    0   42   35 
   0  655  469 1270 2602 3500 1947   997   100  1000     0     0    0    0    0   42   35 
   0  748  469 1270 2602 3500 1948   997   100  1000     0     0    0    0    0   42   35 
   0  816  469 1270 2602 3500 1949   997   100  1000     0     0    0    0    0   42   35 
   0  867  469 1270 2602 3500 1950   997   100  1000     0     0    0    0    0   42   35 
   0  905  469 1270 2602 3500 1951   997   100  1000     0     0    0    0    0   42   35 
   0  935  469 1270 2602 3500 1952   997   100  1000     0     0    0    0    0   42   35 
   0  956  469 1270 2602 3500 1953   997   100  1000     0     0    0    0    0   42   35 
   0  973  469 1270 2602 3500 1955   997   100  1000     0     0    0    0    0   42   35 
   0  986  469 1270 2602 3500 1957   997   100  1000     0     0    0    0    0   42   35 
   0  996  469 1270 2602 3500 1959   997   100  1000     0     0    0    0    0   42   35 
   0 1003  469 1270 2602 3500 1961   997   100  1000     0     0    0    0    0   42   35 
   0 1009  469 1270 2602 3500 1963   997   100  1000     0     0    0    0    0   42   35 
   0 1014  469 1270 2602 3500 1965   997   100  1000     0     0    0    0    0   42   35 
   0 1018  469 1270 2602 3500 1967   997   100  1000     0     0    0    0    0   42   35 
   0 1021  469 1270 2602 3500 1969   997   100  1000     0     0    0    0    0   42   35 
   0 1024  469 1270 2602 3500 1971   997   100  1000     0     0    0    0    0   42   35 
   0 1026  469 1270 2602 3500 1973   997   100  1000     0     0    0    0    0   42   35 
