   0  995  714 1275 2817 3500 1410  1000  1000  1000     0     0  300    0    0    0   17 
   0  998  660 1331 2838 3500 1410  1000  1000  1000     0     0  300    0    0    0   26 
  29 1000  561 1424 2876 3500 1760  1000  1000  1000     0     0  580    0    0    0   30 
  29 1002  588 1392 2866 3500 1995  1000  1000  1000     0     0  660    0    0    0   35 
  29 1045  615 1360 2855 3500 2171  1000  1000  1000     0     0  740    0    0    0   35 
  29 1078  643 1328 2845 3500 2303  1000  1000  1000     0     0  820    0    0    0   35 
  29 1102  670 1296 2834 3500 2402  1000  1000  1000     0     0  900    0    0    0   35 
  29 1121  697 1264 2824 3500 2476  1000  1000  1000     0     0  980    0    0    0   35 
  29 1135  724 1232 2813 3500 2532  1000  1000  1000     0     0 1060    0    0    0   35 
  29 1145  752 1200 2803 3500 2574  1000  1000  1000     0     0 1060    0    0    0   35 
  29 1154  752 1200 2803 3500 2605  1000  1000  1000     0     0 1060    0    0    0   35 
  29 1160  752 1200 2803 3500 2628  1000  1000  1000     0     0 1060    0    0    0   35 
   1 1164  752 1200 2803 3500 2028  1000  1000  1000     0     0 1054    0    0    0   35 
   1 1167  752 1200 2803 3500 1646  1000  1000  1000     0     0  961    0    0    0   35 
   1 1132  752 1200 2803 3500 1359  1000  1000  1000     0     0  868    0    0    0   35 
   1 1087  752 1200 2803 3500 1144  1000  1000  1000     0     0  775    0    0    0   35 
   1 1044  752 1200 2803 3500  983  1000  1000  1000     0     0  772    0    0    0   35 
   1 1001  752 1200 2803 3500  862  1000  1000  1000     0     0  769    0    0    0   35 
   1  957  752 1200 2803 3500  771  1000  1000  1000     0     0  766    0    0    0   35 
   1  915  752 1200 2803 3500  703  1000  1000  1000     0     0  763    0    0    0   35 
   1  871  752 1200 2803 3500  652  1000  1000  1000     0     0  760    0    0    0   35 
   1  827  752 1200 2803 3500  614  1000  1000  1000     0     0  757    0    0    0   35 
   1  784  752 1200 2803 3500  585  1000  1000  1000     0     0  754    0    0    0   35 
   1  738  752 1213 2803 3500  563  1000  1000  1000    30     0  751    0    0    0   35 
   1  738  752 1227 2803 3500  548  1000  1000  1000    60     0  748    0    0    0   35 
   1  738  752 1240 2782 3500  538  1000  1000  1000   100     0  745    0    0    0   35 
   1  736  752 1254 2762 3500  531  1000  1000  1000   130     0  742    0    0    0   35 
   1  735  752 1268 2742 3500  526  1000  1000  1000   160     0  739    0    0    0   35 
   1  732  752 1281 2722 3500  523  1000  1000  1000   190     0  736    0    0    0   35 
   1  731  752 1295 2702 3500  521  1000  1000  1000   320     0  733    0    0    0   35 
   1  729  703 1309 2682 3500  520  1000  1000  1000   320     0  730    0    0    0   35 
   1  727  654 1322 2662 3500  520  1000  1000  1000   320     0  727    0    0    0   35 
   1  726  606 1336 2642 3500  520  1000  1000  1000   320     0  724    0    0    0   35 
   1  725  557 1349 2621 3500  521  1000  1000  1000   320     0  721    0    0    0   35 
  31  678  234 1364 2602 3500  621  1000  1000   600   320     0  718    0    0    0   35 
  31  632  234 1368 2607 3500  671  1000  1000   200   320     0  715    0    0    0   35 
  31  585  234 1372 2612 3500  697  1000  1000     0   320     0  712    0    0    0   35 
  31  538  234 1376 2618 3500  710  1000  1000     0   320     0  709    0    0    0   35 
  31  500  234 1381 2623 3500  717  1000  1000     0   320     0  706    0    0    0   35 
  31  500  234 1385 2628 3500  721  1000  1000     0   320     0  703    0    0    0   35 
  31  500  234 1389 2634 3500  724  1000  1000     0   320     0  700    0    0    0   35 
  31  500  234 1393 2639 3500  726  1000  1000     0   320     0  697    0    0    0   35 
  31  500  234 1397 2645 3500  727  1000  1000     0   320     0  694    0    0    0   35 
  31  500  234 1401 2650 3500  728  1000  1000     0   320     0  691    0    0    0   35 
  31  500  234 1405 2655 3500  730  1000  1000     0   160     0  688    0    0    0   35 
  31  500  234 1409 2661 3500  732  1000  1000     0   100     0  685    0    0    0   35 
  31  500  234 1414 2666 3500  734  1000  1000     0    30     0  682    0    0    0   35 
  31  500  234 1418 2671 3500  736  1000  1000     0     0     0  679    0    0    0   35 
  31  500  234 1422 2677 3500  738  1000  1000     0     0     0  676    0    0    0   35 
  31  500  234 1426 2682 3500  740  1000  1000     0     0     0  673    0    0    0   35 
  31  500  234 1430 2688 3500  742  1000  1000     0     0     0  670    0    0    0   35 
  31  500  234 1434 2693 3500  744  1000  1000     0     0     0  667    0    0    0   35 
  31  500  234 1438 2698 3500  746  1000  1000     0     0     0  664    0    0    0   35 
  31  500  234 1442 2704 3500  748  1000  1000     0     0     0  661    0    0    0   35 
  38  500  275 1442 2727 3500  824  1000  1000   100     0     0  658    0    0    0   35 
  38  500  290 1438 2751 3500  890  1000  1000   100     0     0  655  -40  -60    0   35 
  38  500  304 1433 2774 3500  948  1000  1000   100     0     0  652  -80  -80    0   35 
  38  500  319 1429 2797 3500  999  1000  1000   100     0     0  649  -90  -90    0   35 
  38  500  319 1424 2820 3500 1044  1000  1000   100     0     0  646  -95 -100    0   35 
  38  500  319 1420 2844 3500 1083  1000  1000   100     0     0  643  -96 -115    0   35 
  38  500  319 1420 2844 3500 1118  1000  1000   100     0     0  640 -100 -120    0   35 
  38  500  319 1420 2844 3500 1148  1000  1000   100     0     0  637 -110 -125    0   35 
  38  500  319 1420 2844 3500 1175  1000  1000   100     0     0  634 -105 -125    0   35 
  38  500  319 1420 2844 3500 1198  1000  1000   100     0     0  631 -105 -125    0   35 
  38  500  319 1420 2844 3500 1219  1000  1000   100     0     0  628 -105 -125    0   35 
  38  500  319 1420 2844 3500 1237  1000  1000   100     0     0  625 -105 -125    0   35 
  38  500  319 1420 2844 3500 1253  1000  1000   100     0     0  622 -105 -125    0   35 
  38  500  319 1420 2844 3500 1267  1000  1000   100     0     0  619 -105 -125    0   35 
  38  500  319 1420 2844 3500 1280  1000  1000   100     0     0  616 -105 -125    0   35 
  38  500  319 1420 2844 3500 1291  1000  1000   100     0     0  613 -105 -125    0   35 
  38  500  319 1420 2844 3500 1302  1000  1000   100     0     0  610 -105 -125    0   35 
  38  500  319 1420 2844 3500 1312  1000  1000   100     0     0  607 -105 -125    0   35 
  38  500  319 1420 2844 3500 1292  1000  1000   100     0     0  604 -105 -125    0   35 
  38  500  319 1420 2844 3500 1283  1000  1000   100     0     0  601 -105 -125    0   35 
  38  500  319 1420 2844 3500 1280  1000  1000   100     0     0  598 -105 -125    0   35 
  38  500  319 1420 2844 3500 1279  1000  1000   100     0     0  595 -105 -125    0   35 
  38  500  319 1420 2844 3500 1280  1000  1000   100     0     0  592 -105 -125    0   35 
  38  500  319 1420 2844 3500 1281  1000  1000   100     0     0  589 -105 -125    0   35 
  38  500  319 1420 2844 3500 1283  1000  1000   100     0     0  586 -105 -125    0   35 
  38  500  319 1420 2844 3500 1285  1000  1000   100     0     0  583 -105 -125    0   35 
   0  500  319 1420 2842 3500 1448  1000  1000     0     0     0  430 -105 -125    0   35 
   0  500  328 1424 2845 3500 1503  1000  1000     0     0     0  277 -105 -125    0   35 
   0  500  337 1428 2848 3500 1552  1000  1000     0     0     0  124 -105 -125    0   35 
   0  500  346 1432 2851 3500 1595  1000  1000     0     0     0    0 -105 -125    0   35 
   0  500  355 1436 2854 3500 1632  1000  1000     0     0     0    0 -105 -125    0   35 
   0  500  364 1440 2857 3500 1665  1000  1000     0     0     0    0 -105 -125    0   35 
   0  500  373 1444 2860 3500 1694  1000  1000     0     0     0    0 -105 -125    0   35 
   0  500  382 1448 2863 3500 1719  1000  1000     0     0     0    0 -105 -125    0   35 
   0  500  391 1452 2866 3500 1741  1000  1000     0     0     0    0 -105 -125    0   35 
   0  500  400 1456 2869 3500 1761  1000  1000     0     0     0    0 -105 -125    0   35 
   0  500  409 1460 2872 3500 1778  1000  1000     0     0     0    0 -105 -125    0   35 
   0  500  418 1464 2875 3500 1793  1000  1000     0     0     0    0 -105 -125    0   35 
   0  500  427 1468 2878 3500 1807  1000  1000     0     0     0    0 -105 -125    0   35 
   0  500  436 1472 2881 3500 1819  1000  1000     0     0     0    0 -105 -125    0   35 
   0  500  445 1476 2884 3500 1830  1000  1000     0     0     0    0 -105 -125    0   35 
   0  500  454 1480 2887 3500 1839  1000  1000     0     0     0    0 -105 -125    0   35 
   0  500  463 1484 2890 3500 1847  1000  1000     0     0     0    0 -105 -125    0   35 
   0  500  472 1488 2893 3500 1854  1000  1000     0     0     0    0 -105 -125    0   35 
   0  500  481 1492 2896 3500 1861  1000  1000     0     0     0    0 -105 -125    0   35 
   0  500  490 1496 2899 3500 1867  1000  1000     0     0     0    0 -105 -125    0   35 
   0  500  499 1500 2902 3500 1872  1000  1000     0     0     0    0 -105 -125    0   35 
   0  500  499 1500 2902 3500 1877  1000  1000     0     0     0    0 -105 -125    0   35 
   0  500  499 1500 2902 3500 1881  1000  1000     0     0     0    0 -105 -125    0   35 
   0  500  499 1500 2902 3500 1885  1000  1000     0     0     0    0 -105 -125    0   35 
   0  500  499 1500 2902 3500 1889  1000  1000     0     0     0    0 -105 -125    0   35 
   0  500  499 1500 2902 3500 1892  1000  1000     0     0     0    0 -105 -125    0   35 
   0  500  499 1500 2902 3500 1895  1000  1000     0     0     0    0 -105 -125    0   35 
   0  500  499 1500 2902 3500 1898  1000  1000     0     0     0    0 -105 -125    0   35 
   0  500  499 1500 2902 3500 1900  1000  1000     0     0     0    0 -105 -125    0   35 
   0  500  499 1500 2902 3500 1902  1000  1000     0     0     0    0 -105 -125    0   35 
   0  500  499 1500 2902 3500 1904  1000  1000     0     0     0    0 -105 -125    0   35 
   0  500  499 1500 2902 3500 1906  1000  1000     0     0     0    0 -105 -125    0   35 
   0  500  499 1500 2902 3500 1908  1000  1000     0     0     0    0 -105 -125    0   35 
   0  500  499 1500 2902 3500 1910  1000  1000     0     0     0    0 -105 -125    0   35 
   0  500  499 1500 2902 3500 1912  1000  1000     0     0     0    0 -105 -125    0   35 
   0  500  499 1500 2902 3500 1914  1000  1000     0     0     0    0 -105 -125    0   35 
   0  500  499 1500 2902 3500 1915  1000  1000     0     0     0    0 -105 -125    0   35 
   0  500  499 1500 2902 3500 1916  1000  1000     0     0     0    0 -105 -125    0   35 
   0  500  499 1500 2902 3500 1917  1000  1000     0     0     0    0 -105 -125    0   35 
   0  500  499 1500 2902 3500 1918  1000  1000     0     0     0    0 -105 -125    0   35 
   0  500  499 1500 2902 3500 1919  1000  1000     0     0     0    0 -105 -125    0   35 
   0  500  499 1500 2902 3500 1920  1000  1000     0     0     0    0 -105 -125    0   35 
   0  500  499 1500 2902 3500 1921  1000  1000     0     0     0    0 -105 -125    0   35 
   0  500  499 1500 2902 3500 1922  1000  1000     0     0     0    0 -105 -125    0   35 
   0  500  499 1500 2902 3500 1923  1000  1000     0     0     0    0 -105 -125    0   35 
   0  500  499 1500 2902 3500 1924  1000  1000     0     0     0    0 -105 -125    0   35 
   0  500  499 1500 2902 3500 1925  1000  1000     0     0     0    0 -105 -125    0   35 
   0  500  499 1500 2902 3500 1926  1000  1000     0     0     0    0 -105 -125    0   35 
   0  500  499 1500 2902 3500 1927  1000  1000     0     0     0    0 -105 -125    0   35 
   0  500  499 1500 2902 3500 1928  1000  1000     0     0     0    0 -105 -125    0   35 
   0  500  499 1500 2902 3500 1929  1000  1000     0     0     0    0 -105 -125    0   35 
   0  500  499 1500 2902 3500 1930  1000  1000     0     0     0    0 -105 -125    0   35 
   0  500  499 1500 2902 3500 1931  1000  1000     0     0     0    0 -105 -125    0   35 
   0  500  499 1500 2902 3500 1932  1000  1000     0     0     0    0 -105 -125    0   35 
   0  500  499 1500 2902 3500 1933  1000  1000     0     0     0    0 -105 -125    0   35 
   0  620  499 1500 2902 3500 1934  1000  1000     0     0     0    0 -105 -125    0   35 
   0  714  499 1500 2902 3500 1935  1000  1000     0     0     0    0 -105 -125    0   35 
   0  785  499 1500 2902 3500 1936  1000  1000     0     0     0    0 -105 -125    0   35 
   0  839  499 1500 2902 3500 1937  1000  1000     0     0     0    0 -105 -125    0   35 
   0  878  499 1500 2902 3500 1938  1000  1000     0     0     0    0 -105 -125    0   35 
   0  909  499 1500 2902 3500 1939  1000  1000     0     0     0    0 -105 -125    0   35 
   0  930  499 1500 2902 3500 1940  1000  1000     0     0     0    0 -105 -125    0   35 
   0  948  499 1500 2902 3500 1942  1000  1000     0     0     0    0 -105 -125    0   35 
   0  960  499 1500 2902 3500 1944  1000  1000     0     0     0    0 -105 -125    0   35 
   0  969  499 1500 2902 3500 1649  1000  1000     0     0     0    0 -105 -125    0   35 
   0  976  499 1500 2902 3500 1503  1000  1000     0     0     0    0 -105 -125    0   35 
   0  981  499 1500 2902 3500 1431  1000  1000     0     0     0    0 -105 -125    0   35 
   0  985  499 1500 2902 3500 1396  1000  1000     0     0     0    0 -105 -125    0   35 
   0  987  499 1500 2902 3500 1379  1000  1000     0     0     0    0 -105 -125    0   35 
   0  989  499 1500 2902 3500 1372  1000  1000     0     0     0    0 -105 -125    0   35 
   0  990  499 1500 2902 3500 1369  1000  1000     0     0     0    0 -105 -125    0   35 
   0  990  499 1500 2902 3500 1369  1000  1000     0     0     0    0 -105 -125    0   35 
