   0  981  447 1965 2788 3500  450  1000  1000     0     0    12  300    0    0   42   17 
  47  984  467 1808 2833 3500  537  1000  1000     0     0    35  940    0    0   42    8 
  47  988  465 1829 2829 3500  602  1000  1000     0     0    55 1080   40   60   42    4 
  47  989  463 1850 2824 3500  651  1000  1000     0     0    73 1220   80   80   42    2 
  47  990  461 1871 2820 3500  688  1000  1000     0     0    88 1360   90   90   42    1 
  47  991  459 1891 2816 3500  716  1000  1000     0     0   102 1360   95  100   42    0 
  47  990  457 1912 2811 3500  737  1000  1000     0     0   114 1360   96  115   42    0 
  47  990  455 1933 2807 3500  752  1000  1000     0     0   124 1360  100  120   42    0 
  47  990  454 1954 2803 3500  764  1000  1000     0     0   133 1360  110  125   42    0 
  47  989  452 1974 2798 3500  773  1000  1000     0     0   141 1360  110  125   42    0 
  47  987  450 1995 2794 3500  779  1000  1000     0     0   148 1360  110  125   42    0 
  47  986  448 2016 2789 3500  784  1000  1000     0     0   154 1360  110  125   42    0 
  47  984  446 2037 2785 3500  788  1000  1000     0     0   159 1360   96  115   42    0 
  47 1026  396 2086 2794 3500  791  1000  1000     0     0   164 1360   90   90   42    0 
  47 1054  347 2135 2803 3500  793  1000  1000     0     0   168 1360   40   60   42    0 
  47 1075  297 2184 2812 3500  794  1000  1000   100     0   172 1360    0    0   42    0 
  13 1092  248 2232 2822 3500  695  1000  1000   500     0   150 1360    0    0   42   17 
  13 1106  248 2242 2867 3500  621  1000  1000   800     0   131 1270    0    0   42   26 
  13 1115  248 2252 2912 3500  565  1000  1000   900     0   114 1180    0    0   42   30 
  13 1124  247 2262 2957 3500  523  1000  1000   900     0    99 1090    0    0   42   35 
  13 1131  247 2272 3002 3500  492  1000  1000  1000     0    86 1000    0    0   42   35 
  13 1136  247 2282 3002 3500  469  1000  1000  1000     0    75  910    0    0   42   35 
  13 1141  247 2292 3002 3500  451  1000  1000  1000     0    65  820    0    0   42   35 
  13 1145  247 2302 3002 3500  438  1000  1000  1000     0    56  820    0    0   42   35 
  13 1148  247 2302 3002 3500  428  1000  1000  1000     0    49  820    0    0   42   35 
  13 1150  247 2302 3002 3500  421  1000  1000  1000     0    42  820    0    0   42   35 
  13 1152  247 2302 3002 3500  415  1000  1000  1000     0    36  820    0    0   42   35 
  13 1154  247 2302 3002 3500  411  1000  1000  1000     0    31  820    0    0   42   35 
  13 1156  247 2296 3002 3500  417  1000  1000  1000     0    27  820    0    0   42   35 
  13 1157  247 2290 3002 3500  430  1000  1000  1000     0    23  820    0    0   42   35 
  13 1158  247 2284 3002 3500  448  1000  1000  1000     0    20  820    0    0   42   35 
  13 1159  247 2237 3002 3500  471  1000  1000  1000     0    17  820    0    0   42   35 
  13 1160  247 2190 2948 3500  497  1000  1000  1000     0    14  820    0    0   42   35 
  13 1162  254 2143 2895 3500  525  1000  1000  1000     0    12  820    0    0   42   35 
  13 1163  262 2096 2841 3500  555  1000  1000  1000     0    10  820    0    0   42   35 
  13 1164  271 2050 2788 3500  586  1000  1000  1000     0     8  820    0    0   42   35 
  13 1165  279 2002 2735 3500  618  1000  1000  1000     0     7  820    0    0   42   35 
  46 1165  287 2013 2681 3500  513  1000  1000   600     0     6  820    0    0   42   17 
  46 1164  292 2001 2681 3500  434  1000  1000   200     0     5  820  -40  -60   42    8 
  46 1165  296 1990 2681 3500  375  1000  1000     0     0     4  820  -80  -80   42    4 
  46 1164  300 1978 2681 3500  331  1000  1000     0     0     3  820  -90  -90   42    2 
  46 1163  305 1966 2681 3500  299  1000  1000     0     0     2  820  -95 -100   42    1 
  46 1160  309 1960 2681 3500  276  1000  1000     0     0     1  820  -96 -115   42    0 
  46 1158  314 1954 2681 3500  259  1000  1000     0     0     0  820 -100 -120   42    0 
  46 1156  318 1948 2681 3500  247  1000  1000     0     0     0  820 -110 -125   42    0 
  46 1153  322 1942 2681 3500  239  1000  1000     0     0     0  820 -105 -125   42    0 
  46 1149  327 1935 2681 3500  233  1000  1000     0     0     0  820 -105 -125   42    0 
  46 1146  331 1929 2681 3500  229  1000  1000     0     0     0  820 -105 -125   42    0 
  46 1143  373 1849 2573 3500  227  1000  1000     0     0     0  820 -105 -125   42    0 
  46 1139  416 1770 2466 3500  226  1000  1000     0     0     0  820 -105 -125   42    0 
  46 1136  458 1690 2359 3500  225  1000  1000   100     0     0  820 -105 -125   42    0 
   4 1134  500 1553 2252 3500  474  1000  1000   500     0     0  806 -100 -120   42   17 
   4 1131  490 1513 2322 3500  599  1000  1000   800     0     0  799  -95 -100   42   26 
   4 1129  479 1472 2392 3500  663  1000  1000   900     0     0  792  -80  -80   42   30 
   4 1128  469 1432 2462 3500  696  1000  1000   900     0     0  785  -30  -40   42   35 
   4 1126  469 1391 2532 3500  713  1000  1000  1000     0     0  778    0    0   42   35 
   4 1125  469 1351 2602 3500  723  1000  1000  1000     0     0  771    0    0   42   35 
   4 1127  469 1310 2602 3500  729  1000  1000  1000     0     0  764    0    0   42   35 
   4 1131  469 1270 2602 3500  733  1000  1000  1000     0     0  757    0    0   42   35 
   4 1135  469 1270 2602 3500  736  1000  1000  1000     0     0  750    0    0   42   35 
   4 1141  469 1270 2602 3500  738  1000  1000  1000     0     0  743    0    0   42   35 
   4 1146  469 1270 2602 3500  740  1000  1000  1000     0     0  736    0    0   42   35 
   4 1151  469 1275 2602 3500  742  1000  1000  1000     0     0  729    0    0   42   35 
   4 1156  469 1281 2602 3500  744  1000  1000  1000     0     0  722    0    0   42   35 
   4 1161  469 1286 2602 3500  746  1000  1000  1000     0     0  715    0    0   42   35 
   4 1165  476 1295 2593 3500  748  1000  1000  1000     0     0  708    0    0   42   35 
   4 1168  483 1304 2585 3500  750  1000  1000  1000     0     0  701    0    0   42   35 
   4 1171  490 1313 2577 3500  752  1000  1000  1000     0     0  694    0    0   42   35 
   4 1173  498 1321 2569 3500  754  1000  1000  1000     0     0  687    0    0   42   35 
   4 1173  505 1330 2560 3500  756  1000  1000  1000     0     0  680    0    0   42   35 
   4 1174  512 1339 2552 3500  758  1000  1000  1000     0     0  673    0    0   42   35 
  61 1176  519 1291 2544 3500  760  1000  1000  1000     0     0  666    0    0   42   17 
  61 1178  525 1294 2538 3500  762  1000  1000  1000     0     0  659    0    0   42    8 
  61 1180  530 1296 2531 3500  764  1000  1000  1000     0     0  652    0    0   42    4 
  61 1182  536 1299 2525 3500  766  1000  1000  1000     0     0  645    0    0   42    2 
  61 1183  539 1304 2528 3500  768  1000  1000  1000     0     0  638    0    0   42    1 
  61 1184  542 1310 2531 3500  770  1000  1000  1000     0     0  631    0    0   42    0 
  61 1184  545 1315 2534 3500  772  1000  1000  1000     0     0  624    0    0   42    0 
  61 1183  548 1320 2537 3500  774  1000  1000  1000     0     0  617    0    0   42    0 
  61 1139  550 1326 2540 3500  776  1000  1000  1000     0     0  610    0    0   42    0 
  61 1092  553 1331 2543 3500  778  1000  1000  1000     0     0  603    0    0   42    0 
  61 1047  550 1334 2552 3500  780  1000  1000  1000     0     0  596    0    0   42    0 
  61 1001  548 1337 2562 3500  782  1000  1000  1000     0     0  589    0    0   42    0 
  61  954  547 1339 2562 3500  784  1000  1000  1000     0     0  582    0    0   42    0 
  61  908  546 1337 2562 3500  786  1000  1000  1000     0     0  575    0    0   42    0 
  61  863  545 1335 2563 3500  788  1000  1000  1000     0     0  568    0    0   42    0 
  61  817  544 1333 2563 3500  790  1000  1000  1000     0     0  561    0    0   42    0 
  61  772  543 1331 2563 3500  792  1000  1000  1000     0     0  554    0    0   42    0 
  61  727  542 1329 2564 3500  794  1000  1000  1000     0     0  547    0    0   42    0 
  61  726  541 1327 2564 3500  796  1000  1000  1000     0     0  540    0    0   42    0 
  61  726  540 1325 2565 3500  798  1000  1000  1000     0     0  533    0    0   42    0 
  61  727  539 1323 2565 3500  800  1000  1000  1000     0     0  526    0    0   42    0 
  61  727  538 1321 2565 3500  802  1000  1000  1000     0     0  519    0    0   42    0 
  61  728  537 1319 2566 3500  804  1000  1000  1000     0     0  512    0    0   42    0 
  61  729  536 1317 2566 3500  806  1000  1000  1000     0     0  505    0    0   42    0 
  61  730  535 1315 2566 3500  808  1000  1000  1000     0     0  498    0    0   42    0 
  61  731  534 1313 2567 3500  810  1000  1000  1000     0     0  491    0    0   42    0 
  61  732  533 1311 2567 3500  812  1000  1000  1000     0     0  484    0    0   42    0 
  61  732  532 1309 2568 3500  814  1000  1000  1000     0     0  477    0    0   42    0 
   0  733  531 1307 2569 3500  882  1000  1000  1000     0     0  320    0    0   42   17 
   0  733  529 1317 2586 3500 1012  1000  1000  1000     0     0  163    0    0   42   26 
   0  734  528 1326 2602 3500 1126  1000  1000  1000     0     0    0    0    0   42   30 
   0  733  526 1336 2619 3500 1226  1000  1000  1000     0     0    0    0    0   42   35 
   0  733  525 1346 2636 3500 1313  1000  1000  1000     0     0    0    0    0   42   35 
   0  732  523 1355 2652 3500 1389  1000  1000  1000     0     0    0    0    0   42   35 
   0  731  521 1365 2669 3500 1456  1000  1000  1000     0     0    0    0    0   42   35 
   0  730  520 1374 2685 3500 1515  1000  1000  1000     0     0    0    0    0   42   35 
   0  728  518 1384 2702 3500 1567  1000  1000  1000     0     0    0    0    0   42   35 
   0  725  516 1394 2719 3500 1612  1000  1000  1000     0     0    0    0    0   42   35 
   0  724  515 1403 2735 3500 1652  1000  1000  1000     0     0    0    0    0   42   35 
   0  721  513 1413 2752 3500 1687  1000  1000  1000     0     0    0    0    0   42   35 
   0  719  512 1423 2769 3500 1718  1000  1000  1000     0     0    0    0    0   42   35 
   0  715  510 1432 2785 3500 1745  1000  1000  1000     0     0    0    0    0   42   35 
   0  713  508 1442 2802 3500 1769  1000  1000  1000     0     0    0    0    0   42   35 
   0  710  507 1451 2818 3500 1790  1000  1000  1000     0     0    0    0    0   42   35 
   0  707  505 1461 2835 3500 1808  1000  1000  1000     0     0    0    0    0   42   35 
   0  704  503 1471 2852 3500 1824  1000  1000  1000     0     0    0    0    0   42   35 
   0  703  502 1480 2868 3500 1838  1000  1000  1000     0     0    0    0    0   42   35 
   0  701  500 1490 2885 3500 1851  1000  1000  1000     0     0    0    0    0   42   35 
   0  699  499 1500 2902 3500 1862  1000  1000  1000     0     0    0    0    0   42   35 
   0  697  499 1500 2902 3500 1872  1000  1000  1000     0     0    0    0    0   42   35 
   0  696  499 1500 2902 3500 1881  1000  1000  1000     0     0    0    0    0   42   35 
   0  695  499 1500 2902 3500 1889  1000  1000  1000     0     0    0    0    0   42   35 
   0  694  499 1500 2902 3500 1896  1000  1000  1000     0     0    0    0    0   42   35 
   0  694  499 1500 2902 3500 1902  1000  1000  1000     0     0    0    0    0   42   35 
   0  694  499 1500 2902 3500 1907  1000  1000  1000     0     0    0    0    0   42   35 
   0  694  499 1500 2902 3500 1912  1000  1000  1000     0     0    0    0    0   42   35 
   0  695  499 1500 2902 3500 1916  1000  1000  1000     0     0    0    0    0   42   35 
   0  695  499 1500 2902 3500 1920  1000  1000  1000     0     0    0    0    0   42   35 
   0  695  499 1500 2902 3500 1924  1000  1000  1000     0     0    0    0    0   42   35 
   0  695  499 1500 2902 3500 1927  1000  1000  1000     0     0    0    0    0   42   35 
   0  695  499 1500 2902 3500 1930  1000  1000  1000     0     0    0    0    0   42   35 
   0  694  499 1500 2902 3500 1933  1000  1000  1000     0     0    0    0    0   42   35 
   0  694  499 1500 2902 3500 1936  1000  1000  1000     0     0    0    0    0   42   35 
   0  693  499 1500 2902 3500 1938  1000  1000  1000     0     0    0    0    0   42   35 
   0  692  499 1500 2902 3500 1940  1000  1000  1000     0     0    0    0    0   42   35 
   0  691  499 1500 2902 3500 1942  1000  1000  1000     0     0    0    0    0   42   35 
   0  690  499 1500 2902 3500 1944  1000  1000  1000     0     0    0    0    0   42   35 
   0  689  499 1500 2902 3500 1946  1000  1000  1000     0     0    0    0    0   42   35 
   0  688  499 1500 2902 3500 1948  1000  1000  1000     0     0    0    0    0   42   35 
   0  687  499 1500 2902 3500 1950  1000  1000  1000     0     0    0    0    0   42   35 
   0  685  499 1500 2902 3500 1951  1000  1000  1000     0     0    0    0    0   42   35 
   0  683  499 1500 2902 3500 1952  1000  1000  1000     0     0    0    0    0   42   35 
   0  681  499 1500 2902 3500 1953  1000  1000  1000     0     0    0    0    0   42   35 
   0  680  499 1500 2902 3500 1954  1000  1000  1000     0     0    0    0    0   42   35 
   0  678  499 1500 2902 3500 1955  1000  1000  1000     0     0    0    0    0   42   35 
   0  678  499 1500 2902 3500 1956  1000  1000  1000     0     0    0    0    0   42   35 
   0  677  499 1500 2902 3500 1957  1000  1000  1000     0     0    0    0    0   42   35 
   0  676  499 1500 2902 3500 1958  1000  1000  1000     0     0    0    0    0   42   35 
   0  675  499 1500 2902 3500 1959  1000  1000  1000     0     0    0    0    0   42   35 
   0  675  499 1500 2902 3500 1960  1000  1000  1000     0     0    0    0    0   42   35 
   0  751  499 1500 2902 3500 1961  1000  1000  1000     0     0    0    0    0   42   35 
   0  809  499 1500 2902 3500 1962  1000  1000  1000     0     0    0    0    0   42   35 
   0  851  499 1500 2902 3500 1963  1000  1000  1000     0     0    0    0    0   42   35 
   0  883  499 1500 2902 3500 1964  1000  1000  1000     0     0    0    0    0   42   35 
   0  909  499 1500 2902 3500 1965  1000  1000  1000     0     0    0    0    0   42   35 
   0  927  499 1500 2902 3500 1966  1000  1000  1000     0     0    0    0    0   42   35 
   0  943  499 1500 2902 3500 1967  1000  1000  1000     0     0    0    0    0   42   35 
   0  954  499 1500 2902 3500 1968  1000  1000  1000     0     0    0    0    0   42   35 
   0  962  499 1500 2902 3500 1969  1000  1000  1000     0     0    0    0    0   42   35 
   0  969  499 1500 2902 3500 1970  1000  1000  1000     0     0    0    0    0   42   35 
   0  974  499 1500 2902 3500 1972  1000  1000  1000     0     0    0    0    0   42   35 
   0  978  499 1500 2902 3500 1974  1000  1000  1000     0     0    0    0    0   42   35 
   0  982  499 1500 2902 3500 1679  1000  1000  1000     0     0    0    0    0   42   35 
   0  984  499 1500 2902 3500 1533  1000  1000  1000     0     0    0    0    0   42   35 
   0  984  499 1500 2902 3500 1461  1000  1000  1000     0     0    0    0    0   42   35 
   0  984  499 1500 2902 3500 1426  1000  1000  1000     0     0    0    0    0   42   35 
   0  984  499 1500 2902 3500 1409  1000  1000  1000     0     0    0    0    0   42   35 
   0  983  499 1500 2902 3500 1402  1000  1000  1000     0     0    0    0    0   42   35 
   0  982  499 1500 2902 3500 1399  1000  1000  1000     0     0    0    0    0   42   35 
   0  980  499 1500 2902 3500 1399  1000  1000  1000     0     0    0    0    0   42   35 
