   0 1266  361 1901 2784 4180  581   121  1000  1000     0   112  300    0    0    0   15 
  45 1395  361 1901 2784 4180  635     0  1000  1000     0   135  940    0    0    0   57 
  45 1492  361 1901 2784 4180  676     0  1000  1000     0   155 1080   40   60    0   78 
  45 1564  361 1901 2784 4180  707     0  1000  1000     0   173 1220   80   80    0   89 
  45 1618  361 1901 2784 4180  730     0  1000  1000     0   188 1360   90   90    0   94 
  45 1659  361 1901 2784 4180  747     0  1000  1000     0   202 1430   95  100    0  100 
  45 1688  361 1901 2784 4180  760     0  1000  1000     0   214 1430   96  115    0  100 
  45 1711  361 1901 2784 4180  770     0  1000  1000     0   224 1430  100  120    0  100 
  45 1728  361 1901 2784 4180  777     0  1000  1000     0   233 1430  110  125    0  100 
  45 1740  361 1901 2784 4180  782     0  1000  1000     0   241 1430  110  125    0  100 
  45 1750  361 1901 2784 4180  786     0  1000  1000     0   248 1430  110  125    0  100 
  45 1757  361 1901 2784 4180  789     0  1000  1000     0   254 1430  110  125    0  100 
  45 1761  361 1901 2784 4180  791     0  1000  1000     0   259 1430  110  125    0  100 
  45 1765  361 1901 2784 4180  793     0  1000  1000     0   264 1430  110  125    0  100 
  45 1768  361 1901 2784 4180  794     0  1000  1000     0   268 1430   96  115    0  100 
  45 1770  375 1909 2791 4180  795     0  1000  1000     0   272 1430   90   90    0  100 
  45 1772  390 1918 2799 4180  796     0  1000  1000     0   275 1430   40   60    0  100 
  45 1773  404 1926 2807 4180  797   100  1000  1000     0   278 1430    0    0    0  100 
   2 1775  418 1935 2814 4180  760   500  1000  1000     0   255 1430    0    0    0   67 
   2 1780  447 1937 2822 4180  732   800  1000  1000     0   235 1340    0    0    0   51 
   2 1785  476 1939 2830 4180  711   900  1000  1000     0   218 1250    0    0    0   43 
   2 1789  504 1941 2838 4180  695   900  1000  1000     0   203 1160    0    0    0   39 
   2 1793  533 1944 2845 4180  683  1000  1000  1000     0   190 1070    0    0    0   37 
   2 1796  562 1944 2853 4180  674  1000  1000  1000     0   178  980    0    0    0   36 
   2 1800  591 1944 2861 4180  668  1000  1000  1000     0   168  890    0    0    0   35 
   2 1803  591 1944 2869 4180  663  1000  1000  1000     0   159  890    0    0    0   35 
   2 1805  591 1944 2869 4180  659  1000  1000  1000     0   151  890    0    0    0   35 
   2 1807  591 1944 2869 4180  656  1000  1000  1000     0   144  890    0    0    0   35 
   2 1809  591 1944 2869 4180  654  1000  1000  1000     0   138  890    0    0    0   35 
   2 1811  591 1944 2869 4180  653  1000  1000  1000     0   133  890    0    0    0   35 
   2 1812  591 1944 2869 4180  652  1000  1000  1000     0   128  890    0    0    0   35 
   2 1813  591 1944 2869 4180  651  1000  1000  1000     0   124  890    0    0    0   35 
   2 1814  600 1916 2864 4180  650  1000  1000  1000     0   121  890    0    0    0   35 
   2 1814  610 1888 2860 4180  650  1000  1000  1000     0   118  890    0    0    0   35 
   2 1814  620 1860 2855 4180  650  1000  1000  1000     0   115  890    0    0    0   35 
   2 1815  630 1832 2851 4180  650  1000  1000  1000     0   113  890    0    0    0   35 
   2 1815  640 1804 2847 4180  650  1000  1000  1000     0   111  890    0    0    0   35 
   2 1814  650 1776 2842 4180  650  1000  1000  1000     0   109  890    0    0    0   35 
   2 1814  660 1748 2838 4180  650  1000  1000  1000     0   107  890    0    0    0   35 
  10 1813  683 1644 2827 4180  625  1000  1000  1000     0   106  878    0    0    0   35 
  10 1812  697 1602 2821 4180  606  1000  1000  1000     0   105  872    0    0    0   35 
  10 1810  710 1559 2815 4180  592  1000  1000  1000     0   104  866    0    0    0   35 
  10 1859  724 1517 2810 4180  581  1000  1000  1000     0   103  860    0    0    0   35 
  10 1894  737 1474 2804 4180  573  1000  1000  1000     0   102  854    0    0    0   35 
  10 1920  751 1432 2798 4180  567  1000  1000  1000     0   101  848    0    0    0   35 
  10 1940  764 1389 2792 4180  562  1000  1000  1000     0   100  842    0    0    0   35 
  10 1953  778 1347 2787 4180  559  1000  1000  1000     0   100  836    0    0    0   35 
  10 1962  778 1347 2787 4180  556  1000  1000  1000     0   100  830    0    0    0   35 
  10 1969  778 1347 2787 4180  554  1000  1000  1000     0   100  824    0    0    0   35 
  10 1973  778 1347 2787 4180  553  1000  1000  1000     0   100  818    0    0    0   35 
  10 1976  778 1347 2787 4180  552  1000  1000  1000     0   100  812    0    0    0   35 
  10 1977  778 1347 2787 4180  551  1000  1000  1000     0   100  806    0    0    0   35 
  10 1978  778 1347 2787 4180  550  1000  1000  1000     0   100  800    0    0    0   35 
  10 1977  778 1347 2787 4180  550  1000  1000  1000     0   100  794    0    0    0   35 
  10 1977  778 1347 2787 4180  550  1000  1000  1000     0   100  788    0    0    0   35 
  10 1976  778 1347 2787 4180  558  1000  1000  1000     0   100  782    0    0    0   35 
  10 1975  778 1347 2787 4180  573  1000  1000  1000     0   100  776    0    0    0   35 
  10 1973  778 1347 2787 4180  593  1000  1000  1000     0   100  770    0    0    0   35 
  10 1971  778 1347 2808 4180  617  1000  1000  1000     0   100  764    0    0    0   35 
  10 1969  778 1424 2830 4180  644  1000  1000  1000     0   100  758    0    0    0   35 
  10 1967  778 1501 2851 4180  671  1000  1000  1000     0   100  752    0    0    0   35 
  10 1965  676 1578 2873 4180  699  1000  1000  1000     0   100  746    0    0    0   35 
  10 1963  574 1656 2894 4180  728  1000  1000  1000     0   100  740    0    0    0   35 
  10 1961  472 1733 2916 4180  757  1000  1000  1000     0   100  734    0    0    0   35 
  46 1960  369 1809 2937 4180  942  1000  1000   600     0   100  728    0    0    0   45 
  46 1958  371 1835 2942 4180 1081  1000  1000   200     0   100  722  -40  -60    0   50 
  46 1957  372 1860 2947 4180 1185  1000  1000     0     0   100  716  -80  -80    0   55 
  46 1955  374 1886 2952 4180 1263  1000  1000     0     0   100  710  -90  -90    0   55 
  46 1954  376 1912 2957 4180 1322  1000  1000     0     0   100  704  -95 -100    0   55 
  46 1953  378 1938 2962 4180 1366  1000  1000     0     0   100  698  -96 -115    0   55 
  46 1951  379 1963 2967 4180 1399  1000  1000     0     0   100  692 -100 -120    0   55 
  46 1950  381 1989 2972 4180 1429  1000  1000     0     0   100  686 -110 -125    0   55 
  46 1949  383 2015 2977 4180 1454  1000  1000     0     0   100  680 -105 -125    0   55 
  46 1948  385 2041 2982 4180 1474  1000  1000     0     0   100  674 -105 -125    0   55 
  46 1947  386 2067 2987 4180 1490  1000  1000     0     0   100  668 -105 -125    0   55 
  46 1946  388 2093 2992 4180 1504  1000  1000     0     0   100  662 -105 -125    0   55 
  46 1945  390 2119 2997 4180 1516  1000  1000     0     0   100  656 -105 -125    0   55 
  46 1944  392 2145 3002 4180 1526  1000  1000     0     0   100  650 -105 -125    0   55 
  46 1943  397 2069 2974 4180 1535  1000  1000     0     0   100  644 -105 -125    0   55 
  46 1942  402 1992 2946 4180 1544  1000  1000     0     0   100  638 -105 -125    0   55 
  46 1941  407 1916 2918 4180 1552  1000  1000   100     0   100  632 -105 -125    0   55 
   4 1940  413 1839 2890 4180 1161  1000  1000   500     0   100  626 -100 -120    0   45 
   4 1939  407 1766 2857 4180 1117  1000  1000   800     0   100  620  -95 -100    0   40 
   4 1938  401 1693 2824 4180 1079  1000  1000   900     0   100  614  -80  -80    0   37 
   4 1893  395 1619 2791 4180 1047  1000  1000   900     0   100  608  -30  -40    0   36 
   4 1848  389 1546 2758 4180 1020  1000  1000  1000     0   100  602    0    0    0   35 
   4 1803  389 1473 2725 4180  997  1000  1000  1000     0   100  596    0    0    0   35 
   4 1757  389 1400 2692 4180  977  1000  1000  1000     0   100  590    0    0    0   35 
   4 1712  389 1400 2659 4180  961  1000  1000  1000     0   100  584    0    0    0   35 
   4 1667  389 1400 2627 4180  947  1000  1000  1000     0   100  578    0    0    0   35 
   4 1622  389 1400 2627 4180  936  1000  1000  1000     0   100  572    0    0    0   35 
   4 1577  389 1400 2627 4180  927  1000  1000  1000     0   100  566    0    0    0   35 
   4 1532  389 1400 2627 4180  920  1000  1000  1000     0   100  560    0    0    0   35 
   4 1487  389 1400 2627 4180  914  1000  1000  1000     0   100  554    0    0    0   35 
   4 1487  389 1400 2627 4180  910  1000  1000  1000     0   100  548    0    0    0   35 
   4 1487  389 1400 2627 4180  907  1000  1000  1000     0   100  542    0    0    0   35 
   4 1487  389 1400 2627 4180  905  1000  1000  1000     0   100  536    0    0    0   35 
   4 1487  389 1400 2627 4180  904  1000  1000  1000     0   100  530    0    0    0   35 
   4 1487  389 1400 2627 4180  904  1000  1000  1000     0   100  524    0    0    0   35 
   4 1487  389 1400 2627 4180  905  1000  1000  1000     0   100  518    0    0    0   35 
   4 1487  389 1400 2627 4180  907  1000  1000  1000     0   100  512    0    0    0   35 
   4 1487  389 1400 2627 4180  909  1000  1000  1000     0   100  506    0    0    0   35 
   4 1487  389 1400 2627 4180  912  1000  1000  1000     0   100  500    0    0    0   35 
   4 1487  389 1400 2627 4180  915  1000  1000  1000     0   100  494    0    0    0   35 
   0 1487  389 1400 2627 4180  981  1000  1000  1000     0   100  338    0    0    0   32 
   0 1487  389 1400 2627 4180 1109  1000  1000  1000     0   100  182    0    0    0   31 
   0 1487  389 1400 2627 4180 1221  1000  1000  1000     0   100    0    0    0    0   30 
   0 1487  389 1400 2627 4180 1319  1000  1000  1000     0   100    0    0    0    0   30 
   0 1488  389 1400 2627 4180 1405  1000  1000  1000     0   100    0    0    0    0   30 
   0 1491  389 1400 2627 4180 1480  1000  1000  1000     0   100    0    0    0    0   30 
   0 1494  389 1400 2627 4180 1546  1000  1000  1000     0   100    0    0    0    0   30 
   0 1497  389 1400 2627 4180 1604  1000  1000  1000     0   100    0    0    0    0   30 
   0 1500  389 1400 2627 4180 1655  1000  1000  1000     0   100    0    0    0    0   30 
   0 1503  389 1400 2627 4180 1699  1000  1000  1000     0   100    0    0    0    0   30 
   0 1506  389 1400 2627 4180 1738  1000  1000  1000     0   100    0    0    0    0   30 
   0 1509  389 1400 2627 4180 1772  1000  1000  1000     0   100    0    0    0    0   30 
   0 1511  389 1400 2627 4180 1802  1000  1000  1000     0   100    0    0    0    0   30 
   0 1513  389 1400 2627 4180 1829  1000  1000  1000     0   100    0    0    0    0   30 
   0 1515  389 1400 2627 4180 1852  1000  1000  1000     0   100    0    0    0    0   30 
   0 1517  389 1400 2627 4180 1873  1000  1000  1000     0   100    0    0    0    0   30 
   0 1518  389 1400 2627 4180 1891  1000  1000  1000     0   100    0    0    0    0   30 
   0 1519  389 1400 2627 4180 1907  1000  1000  1000     0   100    0    0    0    0   30 
   0 1519  389 1400 2627 4180 1921  1000  1000  1000     0   100    0    0    0    0   30 
   0 1520  389 1400 2627 4180 1933  1000  1000  1000     0   100    0    0    0    0   30 
   0 1520  389 1400 2627 4180 1944  1000  1000  1000     0   100    0    0    0    0   30 
   0 1520  389 1400 2627 4180 1954  1000  1000  1000     0   100    0    0    0    0   30 
   0 1520  389 1400 2627 4180 1963  1000  1000  1000     0   100    0    0    0    0   30 
   0 1520  389 1400 2627 4180 1971  1000  1000  1000     0   100    0    0    0    0   30 
   0 1519  389 1400 2627 4180 1978  1000  1000  1000     0   100    0    0    0    0   30 
   0 1519  389 1400 2627 4180 1984  1000  1000  1000     0   100    0    0    0    0   30 
   0 1518  389 1400 2627 4180 1989  1000  1000  1000     0   100    0    0    0    0   30 
   0 1518  389 1400 2627 4180 1994  1000  1000  1000     0   100    0    0    0    0   30 
   0 1517  389 1400 2627 4180 1998  1000  1000  1000     0   100    0    0    0    0   30 
   0 1517  389 1400 2627 4180 2002  1000  1000  1000     0   100    0    0    0    0   30 
   0 1516  389 1400 2627 4180 2006  1000  1000  1000     0   100    0    0    0    0   30 
   0 1515  389 1400 2627 4180 2009  1000  1000  1000     0   100    0    0    0    0   30 
   0 1514  389 1400 2627 4180 2012  1000  1000  1000     0   100    0    0    0    0   30 
   0 1513  389 1400 2627 4180 2015  1000  1000  1000     0   100    0    0    0    0   30 
   0 1513  389 1400 2627 4180 2018  1000  1000  1000     0   100    0    0    0    0   30 
   0 1512  389 1400 2627 4180 2020  1000  1000  1000     0   100    0    0    0    0   30 
   0 1511  389 1400 2627 4180 2022  1000  1000  1000     0   100    0    0    0    0   30 
   0 1510  389 1400 2627 4180 2024  1000  1000  1000     0   100    0    0    0    0   30 
   0 1509  389 1400 2627 4180 2026  1000  1000  1000     0   100    0    0    0    0   30 
   0 1508  389 1400 2627 4180 2028  1000  1000  1000     0   100    0    0    0    0   30 
   0 1507  389 1400 2627 4180 2030  1000  1000  1000     0   100    0    0    0    0   30 
   0 1506  389 1400 2627 4180 2032  1000  1000  1000     0   100    0    0    0    0   30 
   0 1505  389 1400 2627 4180 2033  1000  1000  1000     0   100    0    0    0    0   30 
   0 1504  389 1400 2627 4180 2034  1000  1000  1000     0   100    0    0    0    0   30 
   0 1503  389 1400 2627 4180 2035  1000  1000  1000     0   100    0    0    0    0   30 
   0 1502  389 1400 2627 4180 2036  1000  1000  1000     0   100    0    0    0    0   30 
   0 1501  389 1400 2627 4180 2037  1000  1000  1000     0   100    0    0    0    0   30 
   0 1500  389 1400 2627 4180 2038  1000  1000  1000     0   100    0    0    0    0   30 
   0 1499  389 1400 2627 4180 2039  1000  1000  1000     0   100    0    0    0    0   30 
   0 1498  389 1400 2627 4180 2040  1000  1000  1000     0   100    0    0    0    0   30 
   0 1497  389 1400 2627 4180 2041  1000  1000  1000     0   100    0    0    0    0   30 
   0 1496  389 1400 2627 4180 2042  1000  1000  1000     0   100    0    0    0    0   30 
   0 1568  389 1400 2627 4180 2043  1000  1000  1000     0   100    0    0    0    0   30 
   0 1621  389 1400 2627 4180 2044  1000  1000  1000     0   100    0    0    0    0   30 
   0 1661  389 1400 2627 4180 2045  1000  1000  1000     0   100    0    0    0    0   30 
   0 1691  389 1400 2627 4180 2046  1000  1000  1000     0   100    0    0    0    0   30 
   0 1713  389 1400 2627 4180 2047  1000  1000  1000     0   100    0    0    0    0   30 
   0 1730  389 1400 2627 4180 2048  1000  1000  1000     0   100    0    0    0    0   30 
   0 1742  389 1400 2627 4180 2049  1000  1000  1000     0   100    0    0    0    0   30 
   0 1751  389 1400 2627 4180 2050  1000  1000  1000     0   100    0    0    0    0   30 
   0 1758  389 1400 2627 4180 2051  1000  1000  1000     0   100    0    0    0    0   30 
   0 1762  389 1400 2627 4180 2052  1000  1000  1000     0   100    0    0    0    0   30 
   0 1766  389 1400 2627 4180 2058  1000  1000  1000     0   100    0    0    0    0   30 
   0 1769  389 1400 2627 4180 2064  1000  1000  1000     0   100    0    0    0    0   30 
   0 1770  389 1400 2627 4180 1773  1000  1000  1000     0   100    0    0    0    0   30 
   0 1772  389 1400 2627 4180 1631  1000  1000  1000     0   100    0    0    0    0   30 
   0 1773  389 1400 2627 4180 1563  1000  1000  1000     0   100    0    0    0    0   30 
   0 1774  389 1400 2627 4180 1532  1000  1000  1000     0   100    0    0    0    0   30 
   0 1775  389 1400 2627 4180 1519  1000  1000  1000     0   100    0    0    0    0   30 
   0 1776  389 1400 2627 4180 1516  1000  1000  1000     0   100    0    0    0    0   30 
   0 1776  389 1400 2627 4180 1517  1000  1000  1000     0   100    0    0    0    0   30 
   0 1776  389 1400 2627 4180 1521  1000  1000  1000     0   100    0    0    0    0   30 
