   0  500  362 1372 2646 3400 1410     0  1000  1000     0    50  200    0    0    0   17 
  44  500  419 1414 2752 3400 1571     0  1000  1000     0    62  780    0    0    0   23 
  44  636  414 1408 2742 3400 1712     0  1000  1000     0    73  860  -40  -60    0   26 
  44  751  409 1403 2733 3400 1835     0  1000  1000     0    82  940  -80  -80    0   30 
  44  838  404 1398 2723 3400 1943     0  1000  1000     0    90 1020  -90  -90    0   30 
  44  902  399 1393 2714 3400 2037     0  1000  1000     0    97 1100  -95 -100    0   30 
  44  949  394 1387 2705 3400 2119     0  1000  1000     0   103 1180  -96 -115    0   30 
  44  985  389 1382 2695 3400 2191     0  1000  1000     0   108 1260 -100 -120    0   30 
  44 1011  384 1377 2686 3400 2254     0  1000  1000     0   113 1340 -110 -125    0   30 
  44 1030  379 1372 2677 3400 2309     0  1000  1000     0   117 1420 -105 -125    0   30 
  44 1045  374 1366 2667 3400 2357     0  1000  1000     0   121 1420 -105 -125    0   30 
  44 1057  369 1361 2658 3400 2399     0  1000  1000     0   124 1420 -105 -125    0   30 
  44 1065  364 1356 2648 3400 2436     0  1000  1000     0   127 1420 -105 -125    0   30 
  44 1072  359 1351 2639 3400 2469     0  1000  1000     0   129 1420 -105 -125    0   30 
  44 1077  433 1265 2581 3400 2497     0  1000  1000     0   131 1420 -105 -125    0   30 
  44 1125  508 1179 2522 3400 2522     0  1000  1000     0   133 1420 -105 -125    0   30 
  44 1160  583 1093 2464 3400 2544   100  1000  1000     0   135 1420 -105 -125    0   30 
   1 1186  657 1005 2405 3400 2563   500  1000  1000     0   124 1406 -100 -120    0   35 
   1 1206  689 1034 2471 3400 1781   800  1000  1000     0   114 1309  -95 -100    0   35 
   1 1222  720 1061 2538 3400 1390   900  1000  1000     0   106 1212  -80  -80    0   35 
   1 1233  752 1089 2604 3400 1341   900  1000  1000     0    99 1115  -30  -40    0   35 
   1 1242  752 1117 2670 3400  960  1000  1000  1000     0    92 1018    0    0    0   35 
   1 1249  752 1144 2736 3400  770  1000  1000  1000     0    86  921    0    0    0   35 
   1 1255  752 1172 2803 3400  585  1000  1000  1000     0    81  824    0    0    0   35 
   1 1260  752 1200 2803 3400  492  1000  1000  1000     0    77  817    0    0    0   35 
   1 1264  752 1200 2803 3400  446  1000  1000  1000     0    73  810    0    0    0   35 
   1 1268  752 1200 2803 3400  423  1000  1000  1000     0    70  803    0    0    0   35 
   1 1271  752 1200 2803 3400  411  1000  1000  1000     0    67  796    0    0    0   35 
   1 1275  752 1200 2803 3400  405  1000  1000  1000     0    64  789    0    0    0   35 
   1 1277  752 1200 2803 3400  402  1000  1000  1000     0    62  782    0    0    0   35 
   1 1279  725 1162 2800 3400  401  1000  1000  1000     0    60  775    0    0    0   35 
   1 1280  699 1124 2798 3400  400  1000  1000  1000     0    58  768    0    0    0   35 
   1 1281  672 1086 2795 3400  400  1000  1000  1000     0    57  761    0    0    0   35 
   1 1281  646 1049 2793 3400  400  1000  1000  1000     0    56  754    0    0    0   35 
   1 1226  620 1010 2790 3400  400  1000  1000  1000     0    55  747    0    0    0   35 
   1 1172  593  972 2788 3400  400  1000  1000  1000     0    54  740    0    0    0   35 
  59 1117  547  905 2783 3400  510  1000  1000  1000     0    53  733    0    0    0   40 
  59 1060  525  873 2782 3400  571  1000  1000  1000     0    52  726    0    0    0   40 
  59 1001  502  840 2780 3400  607  1000  1000  1000     0    51  719    0    0    0   40 
  59  944  479  808 2778 3400  630  1000  1000  1000     0    50  712    0    0    0   40 
  59  885  457  775 2776 3400  647  1000  1000  1000     0    50  705    0    0    0   40 
  59  828  434  743 2774 3400  661  1000  1000  1000     0    50  698    0    0    0   40 
  59  771  411  711 2772 3400  674  1000  1000  1000     0    50  691    0    0    0   40 
  59  713  389  679 2770 3400  686  1000  1000  1000     0    50  684    0    0    0   40 
  59  711  366  647 2768 3400  697  1000  1000  1000     0    50  677    0    0    0   40 
  59  708  344  615 2767 3400  708  1000  1000  1000     0    50  670    0    0    0   40 
  59  706  345  615 2767 3400  719  1000  1000  1000     0    50  663    0    0    0   40 
  59  704  347  615 2767 3400  730  1000  1000  1000     0    50  656    0    0    0   40 
  59  703  349  615 2767 3400  741  1000  1000  1000     0    50  649    0    0    0   40 
  59  703  351  615 2767 3400  752  1000  1000  1000     0    50  642    0    0    0   40 
  59  702  353  708 2767 3400  763  1000  1000  1000     0    50  635    0    0    0   40 
  59  702  355  801 2737 3400  774  1000  1000  1000     0    50  628    0    0    0   40 
  59  702  357  894 2708 3400  785  1000  1000  1000     0    50  621    0    0    0   40 
  59  704  359  988 2678 3400  796  1000  1000  1000     0    50  614    0    0    0   40 
  26  705  360 1082 2649 3400  697  1000  1000  1000     0    50  607    0    0    0   37 
  26  706  358 1112 2619 3400  648  1000  1000  1000     0    50  600    0    0    0   36 
  26  653  355 1141 2590 3400  624  1000  1000  1000     0    50  593    0    0    0   35 
  26  598  353 1171 2561 3400  613  1000  1000  1000     0    50  586    0    0    0   35 
  26  545  350 1200 2532 3400  608  1000  1000  1000     0    50  579    0    0    0   35 
  26  500  348 1230 2532 3400  606  1000  1000  1000     0    50  572    0    0    0   35 
  26  500  346 1230 2532 3400  605  1000  1000  1000     0    50  565    0    0    0   35 
  26  500  343 1230 2532 3400  605  1000  1000  1000     0    50  558    0    0    0   35 
  26  500  341 1230 2532 3400  606  1000  1000  1000     0    50  551    0    0    0   35 
  26  500  339 1230 2532 3400  607  1000  1000  1000     0    50  544    0    0    0   35 
  26  500  339 1230 2532 3400  608  1000  1000  1000     0    50  537    0    0    0   35 
  26  500  339 1230 2532 3400  609  1000  1000  1000     0    50  530    0    0    0   35 
  26  500  339 1230 2532 3400  620  1000  1000  1000     0    50  523    0    0    0   35 
  26  500  339 1230 2532 3400  631  1000  1000  1000     0    50  516    0    0    0   35 
  26  500  339 1230 2532 3400  642  1000  1000  1000     0    50  509    0    0    0   35 
  26  500  339 1230 2532 3400  653  1000  1000  1000     0    50  502    0    0    0   35 
  26  500  339 1230 2532 3400  664  1000  1000  1000     0    50  495    0    0    0   35 
  26  500  339 1230 2532 3400  680  1000  1000  1000     0    50  488    0    0    0   35 
  26  500  339 1230 2532 3400  698  1000  1000  1000     0    50  481    0    0    0   35 
  26  500  339 1230 2532 3400  718  1000  1000  1000     0    50  474    0    0    0   35 
  26  500  339 1230 2532 3400  738  1000  1000  1000     0    50  467    0    0    0   35 
  26  500  339 1230 2532 3400 1099  1000  1000  1000     0    50  460    0    0    0   35 
   0  500  339 1230 2532 3400 1157  1000  1000  1000     0    50  303    0    0    0   35 
   0  500  347 1243 2550 3400 1278  1000  1000  1000     0    50  146    0    0    0   35 
   0  500  355 1257 2569 3400 1384  1000  1000  1000     0    50    0    0    0    0   35 
   0  500  363 1270 2587 3400 1477  1000  1000  1000     0    50    0    0    0    0   35 
   0  500  371 1284 2606 3400 1558  1000  1000  1000     0    50    0    0    0    0   35 
   0  500  379 1297 2624 3400 1629  1000  1000  1000     0    50    0    0    0    0   35 
   0  500  387 1311 2643 3400 1692  1000  1000  1000     0    50    0    0    0    0   35 
   0  500  395 1324 2661 3400 1747  1000  1000  1000     0    50    0    0    0    0   35 
   0  500  403 1338 2680 3400 1795  1000  1000  1000     0    50    0    0    0    0   35 
   0  500  411 1351 2698 3400 1837  1000  1000  1000     0    50    0    0    0    0   35 
   0  500  419 1365 2717 3400 1874  1000  1000  1000     0    50    0    0    0    0   35 
   0  500  427 1378 2735 3400 1907  1000  1000  1000     0    50    0    0    0    0   35 
   0  500  435 1392 2754 3400 1936  1000  1000  1000     0    50    0    0    0    0   35 
   0  500  443 1405 2772 3400 1961  1000  1000  1000     0    50    0    0    0    0   35 
   0  500  451 1419 2791 3400 1983  1000  1000  1000     0    50    0    0    0    0   35 
   0  500  459 1432 2809 3400 2002  1000  1000  1000     0    50    0    0    0    0   35 
   0  500  467 1446 2828 3400 2019  1000  1000  1000     0    50    0    0    0    0   35 
   0  500  475 1459 2846 3400 2034  1000  1000  1000     0    50    0    0    0    0   35 
   0  500  483 1473 2865 3400 2047  1000  1000  1000     0    50    0    0    0    0   35 
   0  500  491 1486 2883 3400 2059  1000  1000  1000     0    50    0    0    0    0   35 
   0  500  499 1500 2902 3400 2070  1000  1000  1000     0    50    0    0    0    0   35 
   0  500  499 1500 2902 3400 2079  1000  1000  1000     0    50    0    0    0    0   35 
   0  500  499 1500 2902 3400 2087  1000  1000  1000     0    50    0    0    0    0   35 
   0  500  499 1500 2902 3400 2094  1000  1000  1000     0    50    0    0    0    0   35 
   0  500  499 1500 2902 3400 2101  1000  1000  1000     0    50    0    0    0    0   35 
   0  500  499 1500 2902 3400 2107  1000  1000  1000     0    50    0    0    0    0   35 
   0  500  499 1500 2902 3400 2112  1000  1000  1000     0    50    0    0    0    0   35 
   0  500  499 1500 2902 3400 2117  1000  1000  1000     0    50    0    0    0    0   35 
   0  500  499 1500 2902 3400 2121  1000  1000  1000     0    50    0    0    0    0   35 
   0  500  499 1500 2902 3400 2125  1000  1000  1000     0    50    0    0    0    0   35 
   0  500  499 1500 2902 3400 2129  1000  1000  1000     0    50    0    0    0    0   35 
   0  500  499 1500 2902 3400 2132  1000  1000  1000     0    50    0    0    0    0   35 
   0  500  499 1500 2902 3400 2135  1000  1000  1000     0    50    0    0    0    0   35 
   0  500  499 1500 2902 3400 2138  1000  1000  1000     0    50    0    0    0    0   35 
   0  500  499 1500 2902 3400 2140  1000  1000  1000     0    50    0    0    0    0   35 
   0  500  499 1500 2902 3400 2142  1000  1000  1000     0    50    0    0    0    0   35 
   0  500  499 1500 2902 3400 2144  1000  1000  1000     0    50    0    0    0    0   35 
   0  500  499 1500 2902 3400 2146  1000  1000  1000     0    50    0    0    0    0   35 
   0  500  499 1500 2902 3400 2148  1000  1000  1000     0    50    0    0    0    0   35 
   0  500  499 1500 2902 3400 2150  1000  1000  1000     0    50    0    0    0    0   35 
   0  500  499 1500 2902 3400 2152  1000  1000  1000     0    50    0    0    0    0   35 
   0  500  499 1500 2902 3400 2154  1000  1000  1000     0    50    0    0    0    0   35 
   0  500  499 1500 2902 3400 2155  1000  1000  1000     0    50    0    0    0    0   35 
   0  500  499 1500 2902 3400 2156  1000  1000  1000     0    50    0    0    0    0   35 
   0  500  499 1500 2902 3400 2157  1000  1000  1000     0    50    0    0    0    0   35 
   0  500  499 1500 2902 3400 2158  1000  1000  1000     0    50    0    0    0    0   35 
   0  500  499 1500 2902 3400 2159  1000  1000  1000     0    50    0    0    0    0   35 
   0  500  499 1500 2902 3400 2160  1000  1000  1000     0    50    0    0    0    0   35 
   0  500  499 1500 2902 3400 2161  1000  1000  1000     0    50    0    0    0    0   35 
   0  500  499 1500 2902 3400 2162  1000  1000  1000     0    50    0    0    0    0   35 
   0  500  499 1500 2902 3400 2163  1000  1000  1000     0    50    0    0    0    0   35 
   0  500  499 1500 2902 3400 2164  1000  1000  1000     0    50    0    0    0    0   35 
   0  500  499 1500 2902 3400 2165  1000  1000  1000     0    50    0    0    0    0   35 
   0  591  499 1500 2902 3400 2166  1000  1000  1000     0    50    0    0    0    0   35 
   0  719  499 1500 2902 3400 2167  1000  1000  1000     0    50    0    0    0    0   35 
   0  814  499 1500 2902 3400 2168  1000  1000  1000     0    50    0    0    0    0   35 
   0  885  499 1500 2902 3400 2169  1000  1000  1000     0    50    0    0    0    0   35 
   0  937  499 1500 2902 3400 2170  1000  1000  1000     0    50    0    0    0    0   35 
   0  976  499 1500 2902 3400 2171  1000  1000  1000     0    50    0    0    0    0   35 
   0 1006  499 1500 2902 3400 2172  1000  1000  1000     0    50    0    0    0    0   35 
   0 1026  499 1500 2902 3400 2173  1000  1000  1000     0    50    0    0    0    0   35 
   0 1043  499 1500 2902 3400 2174  1000  1000  1000     0    50    0    0    0    0   35 
   0 1055  499 1500 2902 3400 2185  1000  1000  1000     0    50    0    0    0    0   35 
   0 1064  499 1500 2902 3400 2196  1000  1000  1000     0    50    0    0    0    0   35 
   0 1069  499 1500 2902 3400 1910  1000  1000  1000     0    50    0    0    0    0   35 
   0 1074  499 1500 2902 3400 1773  1000  1000  1000     0    50    0    0    0    0   35 
   0 1078  499 1500 2902 3400 1710  1000  1000  1000     0    50    0    0    0    0   35 
   0 1081  499 1500 2902 3400 1684  1000  1000  1000     0    50    0    0    0    0   35 
   0 1083  499 1500 2902 3400 1676  1000  1000  1000     0    50    0    0    0    0   35 
   0 1084  499 1500 2902 3400 1678  1000  1000  1000     0    50    0    0    0    0   35 
   0 1086  499 1500 2902 3400 1684  1000  1000  1000     0    50    0    0    0    0   35 
   0 1088  499 1500 2902 3400 1693  1000  1000  1000     0    50    0    0    0    0   35 
