CEngITTSEnumW (00eb1090) constructor at 68964906
CEngITTSEnumW::AddRef (00eb1090) now 1 at 68964921
CEngITTSEnumA::AddRef (00eb2f40) now 1 at 68964921
CEngITTSEnumW::AddRef (00eb1090) now 2 at 68964921
CEngineEnum::FInit (00eb10d0) at 68964921, A=00eb2f40, W=00eb1090
CEngITTSEnumW::AddRef (00eb1090) now 3 at 68964921
CEngineEnumW::QueryInterface {6B837B20-4A47-101B-931A-00AA0047BA4F} at 68964921
CEngITTSEnumW::AddRef (00eb1090) now 4 at 68964921
CEngITTSEnumW::Release (00eb1090) now 3 at 68964921
CEngineEnum::Release (00eb10d0) now 3 at 68964921
CEngineEnumW::QueryInterface {7AA42960-4A47-101B-931A-00AA0047BA4F} at 68964921
CEngITTSEnumW::Clone at 68965031
CEngITTSEnumW (00eb1120) constructor at 68965031
CEngITTSEnumW::AddRef (00eb1120) now 1 at 68965031
CEngITTSEnumA::AddRef (00eb2eb0) now 1 at 68965031
CEngITTSEnumW::AddRef (00eb1120) now 2 at 68965031
CEngineEnum::FInit (00eb2ef0) at 68965031, A=00eb2eb0, W=00eb1120
CEngITTSEnumW::AddRef (00eb1120) now 3 at 68965031
CEngineEnumW::QueryInterface {7AA42960-4A47-101B-931A-00AA0047BA4F} at 68965031
CEngITTSEnumW::Clone at 68965046
CEngITTSEnumW (00eb2e20) constructor at 68965046
CEngITTSEnumW::AddRef (00eb2e20) now 1 at 68965046
CEngITTSEnumA::AddRef (00eb2de0) now 1 at 68965046
CEngITTSEnumW::AddRef (00eb2e20) now 2 at 68965046
CEngineEnum::FInit (00eb2e60) at 68965046, A=00eb2de0, W=00eb2e20
CEngITTSEnumW::AddRef (00eb2e20) now 3 at 68965046
CEngineEnumW::QueryInterface {7AA42960-4A47-101B-931A-00AA0047BA4F} at 68965046
CEngITTSEnumW::Release (00eb2e20) now 2 at 68965046
CEngineEnum::Release (00eb2e60) now 2 at 68965046
CEngineEnum (00eb2e60) destructor at 68965046, A=00eb2de0, W=00eb2e20
CEngITTSEnumA::Release (00eb2de0) now 0 at 68965046
CEngITTSEnumW::Release (00eb2e20) now 1 at 68965046
CEngineEnum::Release (00eb2e60) now 1 at 68965046
CEngITTSEnumA (00eb2de0) destructor at 68965046
CEngITTSEnumW::Release (00eb2e20) now 0 at 68965046
CEngineEnum::Release (00eb2e60) now 0 at 68965046
CEngITTSEnumW (00eb2e20) destructor at 68965046
CEngITTSEnumW::Release (00eb1120) now 2 at 68965062
CEngineEnum::Release (00eb2ef0) now 2 at 68965062
CEngineEnum (00eb2ef0) destructor at 68965062, A=00eb2eb0, W=00eb1120
CEngITTSEnumA::Release (00eb2eb0) now 0 at 68965062
CEngITTSEnumW::Release (00eb1120) now 1 at 68965062
CEngineEnum::Release (00eb2ef0) now 1 at 68965062
CEngITTSEnumA (00eb2eb0) destructor at 68965062
CEngITTSEnumW::Release (00eb1120) now 0 at 68965062
CEngineEnum::Release (00eb2ef0) now 0 at 68965062
CEngITTSEnumW (00eb1120) destructor at 68965062
CMode constructor built Feb 28 2003 11:57:11
CModeNotify (00eb2d80) constructor at 68967546
CModeNotify::AddRef: count now 1
CModeNotify::AddRef: count now 2
ModeWindowProc w/o mode, msg=36 at 68967546
ModeWindowProc msg=36 lParam=0012e394 at 68967546
ModeWindowProc w/o mode, msg=129 at 68967546
ModeWindowProc msg=129 lParam=0012e378 at 68967546
ModeWindowProc w/o mode, msg=131 at 68967546
ModeWindowProc msg=131 lParam=0012e3b4 at 68967546
ModeWindowProc w/o mode, msg=1 at 68967546
ModeWindowProc msg=1 lParam=0012e348 at 68967546
ModeWindowProc msg=528 lParam=00010ef6 at 68967546
ModeWindowProc msg=1028 lParam=00eb21c0 at 68967546
TTSreset() at 68967984. 
TTSreset: ->halting is set. 
  .. TTSMessage 3 posting. [..]
WFTQTC() at 68967984.
Process_TTS_Message #3 at 68967984
  .. TTSMessage processing.
WFTQTC() exit 31 ms.
  .. TTSMessage 4 posting. [..]
WFTQTC() at 68968015.
Process_TTS_Message #4 at 68968015
  .. TTSMessage processing.
WFTQTC() exit 31 ms.
WaitForEmptyPipes reset(1) at 68968046
Lockup set to 0
WaitForEmptyPipes exit at 68968046 (0) ms
TTSReset init threads at 68968046
WaitForEmptyPipes reset(1) at 68968046
WaitForEmptyPipes: c:0 l:3 p:0 v:0 s:0 at 68968046
Lockup set to 0
Lockup set to 0
WaitForEmptyPipes exit at 68968109 (63) ms
TTSReset() exiting 3 at 68968109
ModeWindowProc msg=28 lParam=00000072 at 68972890
ModeWindowProc msg=28 lParam=00000000 at 68973921
No WP lock.
A::TextData speaking: [:i start 0 1] [:i word 0 0]This [:i word 0 5]is [:i word 0 8]a [:i word 0 10]test. [:i word 0 16][:i stop 0 1] 
  .. TTSMessage 5 posting. [[:i start 0 1] [:i word 0 0]This [:i word 0 5]is [:i word 0 8]a [:i word 0 10]test. [:i word 0 16][:i stop 0 1] ..]
ModeWindowProc msg=1134 lParam=00eb34b0 at 68975781
Process_TTS_Message #5 at 68975781
  .. TTSMessage processing.
CMode::DECGetQWAudioPosition: iQueue=0 TotalGet=0
AudActSetBookmark returning E_FAIl because audio not started (qc zero).
CMode::DECGetQWAudioPosition: iQueue=142 TotalGet=0
CMode::SendAudioToDestinationBuffer(142) at 68975812
CMode::SendAudioToDestinationBuffer not sending: claim=0 pause=0 at 68975812
AudActSetBookmark returning E_FAIl because audio not started (qc nonzero).
CMode::DECGetQWAudioPosition: iQueue=142 TotalGet=0
CMode::SendAudioToDestinationBuffer(142) at 68975812
CMode::SendAudioToDestinationBuffer not sending: claim=0 pause=0 at 68975812
AudActSetBookmark returning E_FAIl because audio not started (qc nonzero).
CMode::DECGetQWAudioPosition: iQueue=284 TotalGet=0
CMode::SendAudioToDestinationBuffer(284) at 68975812
CMode::SendAudioToDestinationBuffer not sending: claim=0 pause=0 at 68975812
AudActSetBookmark returning E_FAIl because audio not started (qc nonzero).
CMode::DECGetQWAudioPosition: iQueue=1420 TotalGet=0
CMode::SendAudioToDestinationBuffer(1420) at 68975812
CMode::SendAudioToDestinationBuffer not sending: claim=0 pause=0 at 68975812
AudActSetBookmark returning E_FAIl because audio not started (qc nonzero).
CMode::DECGetQWAudioPosition: iQueue=2414 TotalGet=0
CMode::SendAudioToDestinationBuffer(2414) at 68975812
CMode::SendAudioToDestinationBuffer not sending: claim=0 pause=0 at 68975812
AudActSetBookmark returning E_FAIl because audio not started (qc nonzero).
CMode::DECGetQWAudioPosition: iQueue=4970 TotalGet=0
CMode::SendAudioToDestinationBuffer(4970) at 68975827
CMode::SendAudioToDestinationBuffer not sending: claim=0 pause=0 at 68975827
AudActSetBookmark returning E_FAIl because audio not started (qc nonzero).
CMode::DECGetQWAudioPosition: iQueue=6106 TotalGet=0
CMode::SendAudioToDestinationBuffer(6106) at 68975827
CMode::SendAudioToDestinationBuffer not sending: claim=0 pause=0 at 68975827
AudActSetBookmark returning E_FAIl because audio not started (qc nonzero).
CMode::DECGetQWAudioPosition: iQueue=6248 TotalGet=0
CMode::SendAudioToDestinationBuffer(6248) at 68975827
CMode::SendAudioToDestinationBuffer not sending: claim=0 pause=0 at 68975827
AudActSetBookmark returning E_FAIl because audio not started (qc nonzero).
CMode::DECGetQWAudioPosition: iQueue=8094 TotalGet=0
CMode::SendAudioToDestinationBuffer(8094) at 68975827
CMode::SendAudioToDestinationBuffer not sending: claim=0 pause=0 at 68975827
AudActSetBookmark returning E_FAIl because audio not started (qc nonzero).
CMode::DECGetQWAudioPosition: iQueue=8804 TotalGet=0
CMode::SendAudioToDestinationBuffer(8804) at 68975827
CMode::SendAudioToDestinationBuffer not sending: claim=0 pause=0 at 68975827
AudActSetBookmark returning E_FAIl because audio not started (qc nonzero).
CMode::DECGetQWAudioPosition: iQueue=8946 TotalGet=0
CMode::SendAudioToDestinationBuffer(8946) at 68975827
CMode::SendAudioToDestinationBuffer not sending: claim=0 pause=0 at 68975827
AudActSetBookmark returning E_FAIl because audio not started (qc nonzero).
CMode::DECGetQWAudioPosition: iQueue=10934 TotalGet=0
CMode::SendAudioToDestinationBuffer(10934) at 68975827
CMode::SendAudioToDestinationBuffer not sending: claim=0 pause=0 at 68975827
AudActSetBookmark returning E_FAIl because audio not started (qc nonzero).
CMode::DECGetQWAudioPosition: iQueue=11076 TotalGet=0
CMode::SendAudioToDestinationBuffer(11076) at 68975827
CMode::SendAudioToDestinationBuffer not sending: claim=0 pause=0 at 68975827
AudActSetBookmark returning E_FAIl because audio not started (qc nonzero).
CMode::DECGetQWAudioPosition: iQueue=15336 TotalGet=0
CMode::SendAudioToDestinationBuffer(15336) at 68975827
CMode::SendAudioToDestinationBuffer not sending: claim=0 pause=0 at 68975827
AudActSetBookmark returning E_FAIl because audio not started (qc nonzero).
CMode::DECGetQWAudioPosition: iQueue=18318 TotalGet=0
CMode::SendAudioToDestinationBuffer(18318) at 68975827
CMode::SendAudioToDestinationBuffer not sending: claim=0 pause=0 at 68975827
AudActSetBookmark returning E_FAIl because audio not started (qc nonzero).
CMode::DECGetQWAudioPosition: iQueue=20022 TotalGet=0
CMode::SendAudioToDestinationBuffer(20022) at 68975827
CMode::SendAudioToDestinationBuffer not sending: claim=0 pause=0 at 68975827
AudActSetBookmark returning E_FAIl because audio not started (qc nonzero).
CMode::DECGetQWAudioPosition: iQueue=20590 TotalGet=0
CMode::SendAudioToDestinationBuffer(20590) at 68975827
CMode::SendAudioToDestinationBuffer not sending: claim=0 pause=0 at 68975827
AudActSetBookmark returning E_FAIl because audio not started (qc nonzero).
CMode::DECGetQWAudioPosition: iQueue=30672 TotalGet=0
CMode::SendAudioToDestinationBuffer(30672) at 68975827
CMode::SendAudioToDestinationBuffer not sending: claim=0 pause=0 at 68975827
AudActSetBookmark returning E_FAIl because audio not started (qc nonzero).
CMode::DECGetQWAudioPosition: iQueue=30672 TotalGet=0
CMode::SendAudioToDestinationBuffer(30672) at 68975827
CMode::SendAudioToDestinationBuffer not sending: claim=0 pause=0 at 68975827
AudActSetBookmark returning E_FAIl because audio not started (qc nonzero).
ModeWindowProc msg=1024 lParam=00000000 at 68975827
CMode::ProcessAudio, qcount=30672 at 68975827
CMode::DECGetQWAudioPosition: iQueue=30672 TotalGet=0
CMode::SendAudioToDestinationBuffer(15338) at 68975890
CMode::SendAudioToDestinationBuffer might send  15338 at 68975890
CMode::SendAudioToDestinationBuffer ->Start (15338 samples) at 68975890
CModeNotify::AudioStart Posn=0 Total=15338 at 68975890
CMode::DECGetQWAudioPosition: iQueue=15334 TotalGet=15338
ModeWindowProc msg=1131 lParam=00000000 at 68975890
NotificationSend, msg=0000046b (1131), NumElems=0
NotificationSend not freeing 00000000, msg=0000046b
CMode::DECGetQWAudioPosition: iQueue=15334 TotalGet=15338
CMode::DECGetQWAudioPosition: iQueue=15334 TotalGet=15338
CMode::DECGetQWAudioPosition: iQueue=15334 TotalGet=15338
CMode::DECGetQWAudioPosition: iQueue=15334 TotalGet=15338
CMode::DECGetQWAudioPosition: iQueue=15334 TotalGet=15338
CMode::DECGetQWAudioPosition: iQueue=15334 TotalGet=15338
CMode::DECGetQWAudioPosition: iQueue=15334 TotalGet=15338
CMode::DECGetQWAudioPosition: iQueue=15334 TotalGet=15338
CMode::DECGetQWAudioPosition: iQueue=15334 TotalGet=15338
CMode::DECGetQWAudioPosition: iQueue=15334 TotalGet=15338
CMode::DECGetQWAudioPosition: iQueue=15334 TotalGet=15338
CMode::DECGetQWAudioPosition: iQueue=15334 TotalGet=15338
CMode::DECGetQWAudioPosition: iQueue=15334 TotalGet=15338
CMode::DECGetQWAudioPosition: iQueue=15334 TotalGet=15338
CMode::DECGetQWAudioPosition: iQueue=15334 TotalGet=15338
CMode::DECGetQWAudioPosition: iQueue=15334 TotalGet=15338
CMode::DECGetQWAudioPosition: iQueue=15334 TotalGet=15338
CMode::DECGetQWAudioPosition: iQueue=15334 TotalGet=15338
CMode::DECGetQWAudioPosition: iQueue=15334 TotalGet=15338
CMode::DECGetQWAudioPosition: iQueue=15334 TotalGet=15338
CMode::DECGetQWAudioPosition: iQueue=15334 TotalGet=15338
CMode::DECGetQWAudioPosition: iQueue=15334 TotalGet=15338
CMode::DECGetQWAudioPosition: iQueue=15334 TotalGet=15338
CMode::DECGetQWAudioPosition: iQueue=15334 TotalGet=15338
CMode::DECGetQWAudioPosition: iQueue=15334 TotalGet=15338
CMode::DECGetQWAudioPosition: iQueue=15334 TotalGet=15338
CMode::DECGetQWAudioPosition: iQueue=15334 TotalGet=15338
CMode::DECGetQWAudioPosition: iQueue=15334 TotalGet=15338
CMode::DECGetQWAudioPosition: iQueue=15334 TotalGet=15338
CMode::DECGetQWAudioPosition: iQueue=15334 TotalGet=15338
CMode::DECGetQWAudioPosition: iQueue=15334 TotalGet=15338
CMode::DECGetQWAudioPosition: iQueue=15334 TotalGet=15338
CMode::DECGetQWAudioPosition: iQueue=15334 TotalGet=15338
CMode::DECGetQWAudioPosition: iQueue=15334 TotalGet=15338
CMode::DECGetQWAudioPosition: iQueue=15334 TotalGet=15338
CMode::DECGetQWAudioPosition: iQueue=15334 TotalGet=15338
CMode::DECGetQWAudioPosition: iQueue=15334 TotalGet=15338
CMode::DECGetQWAudioPosition: iQueue=15334 TotalGet=15338
CMode::DECGetQWAudioPosition: iQueue=15334 TotalGet=15338
CMode::DECGetQWAudioPosition: iQueue=15334 TotalGet=15338
CMode::DECGetQWAudioPosition: iQueue=15334 TotalGet=15338
CMode::DECGetQWAudioPosition: iQueue=15334 TotalGet=15338
CMode::DECGetQWAudioPosition: iQueue=15334 TotalGet=15338
CMode::DECGetQWAudioPosition: iQueue=15334 TotalGet=15338
CModeITTSCentralW::AudioReset at 68976781
TTSreset() at 68976781. 
TTSreset: ->halting is set. 
  .. TTSMessage 8 posting. [..]
WFTQTC() at 68976781.
Process_TTS_Message #8 at 68976781
  .. TTSMessage processing.
WFTQTC() exit 31 ms.
  .. TTSMessage 9 posting. [..]
WFTQTC() at 68976812.
Process_TTS_Message #9 at 68976812
  .. TTSMessage processing.
WFTQTC() exit 31 ms.
WaitForEmptyPipes reset(1) at 68976843
Lockup set to 0
WaitForEmptyPipes exit at 68976843 (0) ms
TTSReset init threads at 68976843
WaitForEmptyPipes reset(1) at 68976843
WaitForEmptyPipes: c:0 l:3 p:0 v:0 s:0 at 68976843
CMode::DECGetQWAudioPosition: iQueue=0 TotalGet=15338
Lockup set to 0
Lockup set to 0
WaitForEmptyPipes exit at 68976906 (63) ms
TTSReset() exiting 3 at 68976906
::AudioReset ->Unclaim at 68976968
AudioReset sending WM_NSTEXTDATAABORTED at 68976968
CModeNotify::AudioStop at 68976968
ModeWindowProc msg=1136 lParam=00eb34e0 at 68976968
ModeWindowProc msg=1132 lParam=00000000 at 68976968
NotificationSend, msg=0000046c (1132), NumElems=0
NotificationSend not freeing 00000000, msg=0000046c
CMode::DECGetQWAudioPosition: iQueue=0 TotalGet=15338
No WP lock.
A::TextData speaking: [:i start 0 2] [:i word 0 0]This [:i word 0 5]is [:i word 0 8]a [:i word 0 10]test. [:i word 0 16][:i stop 0 2] 
  .. TTSMessage 10 posting. [[:i start 0 2] [:i word 0 0]This [:i word 0 5]is [:i word 0 8]a [:i word 0 10]test. [:i word 0 16][:i stop 0 2] ..]
ModeWindowProc msg=1134 lParam=00eb3440 at 68978640
Process_TTS_Message #10 at 68978640
  .. TTSMessage processing.
CMode::DECGetQWAudioPosition: iQueue=0 TotalGet=15338
AudActSetBookmark returning E_FAIl because audio not started (qc zero).
RTTSStatus(00000000 00eb3080)
DTTSCallback(0) at 68978640.
CMode::DECGetQWAudioPosition: iQueue=142 TotalGet=15338
CMode::SendAudioToDestinationBuffer(142) at 68978640
CMode::SendAudioToDestinationBuffer not sending: claim=0 pause=0 at 68978640
AudActSetBookmark returning E_FAIl because audio not started (qc nonzero).
CMode::DECGetQWAudioPosition: iQueue=142 TotalGet=15338
CMode::SendAudioToDestinationBuffer(142) at 68978640
CMode::SendAudioToDestinationBuffer not sending: claim=0 pause=0 at 68978640
AudActSetBookmark returning E_FAIl because audio not started (qc nonzero).
CMode::DECGetQWAudioPosition: iQueue=284 TotalGet=15338
CMode::SendAudioToDestinationBuffer(284) at 68978640
CMode::SendAudioToDestinationBuffer not sending: claim=0 pause=0 at 68978640
AudActSetBookmark returning E_FAIl because audio not started (qc nonzero).
ModeWindowProc msg=49547 lParam=00eb3080 at 68978640
ModeWindowProc sending visual thru NotificationSend; lParam=00eb3080 at 68978640
NotificationSend, msg=0000046d (1133), NumElems=0
NotificationSend freeing 00eb3080
CMode::DECGetQWAudioPosition: iQueue=1420 TotalGet=15338
CMode::SendAudioToDestinationBuffer(1420) at 68978640
CMode::SendAudioToDestinationBuffer not sending: claim=0 pause=0 at 68978640
AudActSetBookmark returning E_FAIl because audio not started (qc nonzero).
CMode::DECGetQWAudioPosition: iQueue=2414 TotalGet=15338
CMode::SendAudioToDestinationBuffer(2414) at 68978640
CMode::SendAudioToDestinationBuffer not sending: claim=0 pause=0 at 68978640
AudActSetBookmark returning E_FAIl because audio not started (qc nonzero).
CMode::DECGetQWAudioPosition: iQueue=4828 TotalGet=15338
CMode::SendAudioToDestinationBuffer(4828) at 68978640
CMode::SendAudioToDestinationBuffer not sending: claim=0 pause=0 at 68978640
AudActSetBookmark returning E_FAIl because audio not started (qc nonzero).
CMode::DECGetQWAudioPosition: iQueue=4970 TotalGet=15338
CMode::SendAudioToDestinationBuffer(4970) at 68978640
CMode::SendAudioToDestinationBuffer not sending: claim=0 pause=0 at 68978640
AudActSetBookmark returning E_FAIl because audio not started (qc nonzero).
CMode::DECGetQWAudioPosition: iQueue=6674 TotalGet=15338
CMode::SendAudioToDestinationBuffer(6674) at 68978640
CMode::SendAudioToDestinationBuffer not sending: claim=0 pause=0 at 68978640
AudActSetBookmark returning E_FAIl because audio not started (qc nonzero).
CMode::DECGetQWAudioPosition: iQueue=8378 TotalGet=15338
CMode::SendAudioToDestinationBuffer(8378) at 68978640
CMode::SendAudioToDestinationBuffer not sending: claim=0 pause=0 at 68978640
AudActSetBookmark returning E_FAIl because audio not started (qc nonzero).
CMode::DECGetQWAudioPosition: iQueue=8520 TotalGet=15338
CMode::SendAudioToDestinationBuffer(8520) at 68978640
CMode::SendAudioToDestinationBuffer not sending: claim=0 pause=0 at 68978640
AudActSetBookmark returning E_FAIl because audio not started (qc nonzero).
CMode::DECGetQWAudioPosition: iQueue=9230 TotalGet=15338
CMode::SendAudioToDestinationBuffer(9230) at 68978640
CMode::SendAudioToDestinationBuffer not sending: claim=0 pause=0 at 68978640
AudActSetBookmark returning E_FAIl because audio not started (qc nonzero).
CMode::DECGetQWAudioPosition: iQueue=9372 TotalGet=15338
CMode::SendAudioToDestinationBuffer(9372) at 68978640
CMode::SendAudioToDestinationBuffer not sending: claim=0 pause=0 at 68978640
AudActSetBookmark returning E_FAIl because audio not started (qc nonzero).
CMode::DECGetQWAudioPosition: iQueue=11360 TotalGet=15338
CMode::SendAudioToDestinationBuffer(11360) at 68978640
CMode::SendAudioToDestinationBuffer not sending: claim=0 pause=0 at 68978640
AudActSetBookmark returning E_FAIl because audio not started (qc nonzero).
CMode::DECGetQWAudioPosition: iQueue=15620 TotalGet=15338
CMode::SendAudioToDestinationBuffer(15620) at 68978640
CMode::SendAudioToDestinationBuffer not sending: claim=0 pause=0 at 68978640
AudActSetBookmark returning E_FAIl because audio not started (qc nonzero).
CMode::DECGetQWAudioPosition: iQueue=18602 TotalGet=15338
CMode::SendAudioToDestinationBuffer(18602) at 68978640
CMode::SendAudioToDestinationBuffer not sending: claim=0 pause=0 at 68978640
AudActSetBookmark returning E_FAIl because audio not started (qc nonzero).
CMode::DECGetQWAudioPosition: iQueue=20306 TotalGet=15338
CMode::SendAudioToDestinationBuffer(20306) at 68978640
CMode::SendAudioToDestinationBuffer not sending: claim=0 pause=0 at 68978640
AudActSetBookmark returning E_FAIl because audio not started (qc nonzero).
CMode::DECGetQWAudioPosition: iQueue=20874 TotalGet=15338
CMode::SendAudioToDestinationBuffer(20874) at 68978640
CMode::SendAudioToDestinationBuffer not sending: claim=0 pause=0 at 68978640
AudActSetBookmark returning E_FAIl because audio not started (qc nonzero).
CMode::DECGetQWAudioPosition: iQueue=30956 TotalGet=15338
CMode::SendAudioToDestinationBuffer(30956) at 68978656
CMode::SendAudioToDestinationBuffer not sending: claim=0 pause=0 at 68978656
AudActSetBookmark returning E_FAIl because audio not started (qc nonzero).
CMode::DECGetQWAudioPosition: iQueue=30956 TotalGet=15338
CMode::SendAudioToDestinationBuffer(30956) at 68978656
CMode::SendAudioToDestinationBuffer not sending: claim=0 pause=0 at 68978656
AudActSetBookmark returning E_FAIl because audio not started (qc nonzero).
ModeWindowProc msg=1024 lParam=00000000 at 68978656
CMode::ProcessAudio, qcount=30956 at 68978656
CMode::SendAudioToDestinationBuffer(15480) at 68978718
CMode::SendAudioToDestinationBuffer might send  15480 at 68978718
CMode::SendAudioToDestinationBuffer ->Start (15480 samples) at 68978718
CModeNotify::AudioStart Posn=15338 Total=30818 at 68978718
ModeWindowProc msg=1131 lParam=00000000 at 68978718
NotificationSend, msg=0000046b (1131), NumElems=0
NotificationSend not freeing 00000000, msg=0000046b
CMode::SendMoreAudioSamplesOnNotifyFreeSpace iLength=15476, CurFree=44096 done(00ea89f4)=0 at 68980312
CMode::SendAudioToDestinationBuffer(7740) at 68980312
CMode::SendAudioToDestinationBuffer might send  7740 at 68980312
RTTSStatus(00000011 00eb3040)
DTTSCallback(17) at 68980327.
CMode::SendMoreAudioSamplesOnNotifyFreeSpace iLength=7736, CurFree=41868 done(00ea89f4)=0 at 68980327
CMode::SendAudioToDestinationBuffer(4134) at 68980327
CMode::SendAudioToDestinationBuffer might send  4134 at 68980327
CMode::SendMoreAudioSamplesOnNotifyFreeSpace iLength=3602, CurFree=37734 done(00ea89f4)=0 at 68980327
CMode::SendAudioToDestinationBuffer(3602) at 68980327
CMode::SendAudioToDestinationBuffer might send  3602 at 68980327
CMode::SendMoreAudioSamplesOnNotifyFreeSpace iLength=0, CurFree=34132 done(00ea89f4)=0 at 68980327
CMode::SendMoreAudioSamplesOnNotifyFreeSpace iLength=0, CurFree=34132 done(00ea89f4)=0 at 68980327
CMode::SendMoreAudioSamplesOnNotifyFreeSpace iLength=0, CurFree=34132 done(00ea89f4)=0 at 68980327
CMode::SendMoreAudioSamplesOnNotifyFreeSpace iLength=0, CurFree=34132 done(00ea89f4)=0 at 68980327
CMode::SendMoreAudioSamplesOnNotifyFreeSpace iLength=0, CurFree=34132 done(00ea89f4)=0 at 68980327
RTTSStatus(00000010 00eb3450)
DTTSCallback(16) at 68980327.
RTTSStatus(00000000 00eb3400)
DTTSCallback(0) at 68980327.
RTTSStatus(00000000 00eb34e0)
DTTSCallback(0) at 68980327.
RTTSStatus(00000000 00eb3490)
DTTSCallback(0) at 68980327.
ModeWindowProc msg=49545 lParam=00eb3040 at 68980327
ModeWindowProc msg=49544 lParam=00eb3450 at 68980327
word notify freeing 00eb3450 at 68980327
ModeWindowProc msg=49547 lParam=00eb3400 at 68980327
ModeWindowProc sending visual thru NotificationSend; lParam=00eb3400 at 68980327
NotificationSend, msg=0000046d (1133), NumElems=0
NotificationSend freeing 00eb3400
ModeWindowProc msg=49547 lParam=00eb34e0 at 68980327
ModeWindowProc sending visual thru NotificationSend; lParam=00eb34e0 at 68980327
NotificationSend, msg=0000046d (1133), NumElems=0
NotificationSend freeing 00eb34e0
ModeWindowProc msg=49547 lParam=00eb3490 at 68980327
ModeWindowProc sending visual thru NotificationSend; lParam=00eb3490 at 68980327
NotificationSend, msg=0000046d (1133), NumElems=0
NotificationSend freeing 00eb3490
CMode::SendMoreAudioSamplesOnNotifyFreeSpace iLength=0, CurFree=36888 done(00ea89f4)=0 at 68980421
RTTSStatus(00000010 00eb21c0)
DTTSCallback(16) at 68980437.
RTTSStatus(00000000 00eb33b0)
DTTSCallback(0) at 68980437.
ModeWindowProc msg=49544 lParam=00eb21c0 at 68980437
word notify freeing 00eb21c0 at 68980437
ModeWindowProc msg=49547 lParam=00eb33b0 at 68980437
ModeWindowProc sending visual thru NotificationSend; lParam=00eb33b0 at 68980437
NotificationSend, msg=0000046d (1133), NumElems=0
NotificationSend freeing 00eb33b0
CMode::DECGetQWAudioPosition: iQueue=0 TotalGet=46294
RTTSStatus(00000000 00eb3360)
DTTSCallback(0) at 68980499.
ModeWindowProc msg=49547 lParam=00eb3360 at 68980499
ModeWindowProc sending visual thru NotificationSend; lParam=00eb3360 at 68980499
NotificationSend, msg=0000046d (1133), NumElems=0
NotificationSend freeing 00eb3360
CMode::DECGetQWAudioPosition: iQueue=0 TotalGet=46294
CMode::SendMoreAudioSamplesOnNotifyFreeSpace iLength=0, CurFree=39644 done(00ea89f4)=0 at 68980546
RTTSStatus(00000010 00eb3320)
DTTSCallback(16) at 68980624.
RTTSStatus(00000000 00eb32d0)
DTTSCallback(0) at 68980624.
RTTSStatus(00000010 00eb3290)
DTTSCallback(16) at 68980624.
ModeWindowProc msg=49544 lParam=00eb3320 at 68980624
word notify freeing 00eb3320 at 68980624
ModeWindowProc msg=49547 lParam=00eb32d0 at 68980624
ModeWindowProc sending visual thru NotificationSend; lParam=00eb32d0 at 68980624
NotificationSend, msg=0000046d (1133), NumElems=0
NotificationSend freeing 00eb32d0
RTTSStatus(00000000 00eb3240)
DTTSCallback(0) at 68980624.
ModeWindowProc msg=49544 lParam=00eb3290 at 68980624
word notify freeing 00eb3290 at 68980624
ModeWindowProc msg=49547 lParam=00eb3240 at 68980624
ModeWindowProc sending visual thru NotificationSend; lParam=00eb3240 at 68980624
NotificationSend, msg=0000046d (1133), NumElems=0
NotificationSend freeing 00eb3240
CMode::SendMoreAudioSamplesOnNotifyFreeSpace iLength=0, CurFree=42400 done(00ea89f4)=0 at 68980671
CMode::DECGetQWAudioPosition: iQueue=0 TotalGet=46294
RTTSStatus(00000000 00eb31f0)
DTTSCallback(0) at 68980749.
ModeWindowProc msg=49547 lParam=00eb31f0 at 68980749
ModeWindowProc sending visual thru NotificationSend; lParam=00eb31f0 at 68980749
NotificationSend, msg=0000046d (1133), NumElems=0
NotificationSend freeing 00eb31f0
CMode::DECGetQWAudioPosition: iQueue=0 TotalGet=46294
ModeWindowProc msg=1024 lParam=00000000 at 68980796
CMode::ProcessAudio, qcount=0 at 68980796
CMode::PrepareRingBufferToSendSamples queuecount is zero
CMode::SendMoreAudioSamplesOnNotifyFreeSpace iLength=0, CurFree=44096 done(00ea89f4)=0 at 68980796
RTTSStatus(00000000 00eb31a0)
DTTSCallback(0) at 68980937.
CMode::DECGetQWAudioPosition: iQueue=0 TotalGet=46294
ModeWindowProc msg=49547 lParam=00eb31a0 at 68980937
ModeWindowProc sending visual thru NotificationSend; lParam=00eb31a0 at 68980937
NotificationSend, msg=0000046d (1133), NumElems=0
NotificationSend freeing 00eb31a0
CMode::DECGetQWAudioPosition: iQueue=0 TotalGet=46294
ModeWindowProc msg=1024 lParam=00000000 at 68981046
CMode::ProcessAudio, qcount=0 at 68981046
CMode::PrepareRingBufferToSendSamples queuecount is zero
RTTSStatus(00000000 00eb3150)
DTTSCallback(0) at 68981093.
ModeWindowProc msg=49547 lParam=00eb3150 at 68981093
ModeWindowProc sending visual thru NotificationSend; lParam=00eb3150 at 68981093
NotificationSend, msg=0000046d (1133), NumElems=0
NotificationSend freeing 00eb3150
RTTSStatus(00000000 00eb3100)
DTTSCallback(0) at 68981156.
ModeWindowProc msg=49547 lParam=00eb3100 at 68981156
ModeWindowProc sending visual thru NotificationSend; lParam=00eb3100 at 68981156
NotificationSend, msg=0000046d (1133), NumElems=0
NotificationSend freeing 00eb3100
RTTSStatus(00000000 00eb30b0)
DTTSCallback(0) at 68981187.
CMode::DECGetQWAudioPosition: iQueue=0 TotalGet=46294
ModeWindowProc msg=49547 lParam=00eb30b0 at 68981187
ModeWindowProc sending visual thru NotificationSend; lParam=00eb30b0 at 68981187
NotificationSend, msg=0000046d (1133), NumElems=0
NotificationSend freeing 00eb30b0
CMode::DECGetQWAudioPosition: iQueue=0 TotalGet=46294
ModeWindowProc msg=1024 lParam=00000000 at 68981296
CMode::ProcessAudio, qcount=0 at 68981296
CMode::PrepareRingBufferToSendSamples queuecount is zero
CMode::DECGetQWAudioPosition: iQueue=0 TotalGet=46294
CMode::DECGetQWAudioPosition: iQueue=0 TotalGet=46294
ModeWindowProc msg=1024 lParam=00000000 at 68981546
CMode::ProcessAudio, qcount=0 at 68981546
CMode::PrepareRingBufferToSendSamples queuecount is zero
RTTSStatus(00000010 00eb4fe0)
DTTSCallback(16) at 68981624.
RTTSStatus(00000012 00eb4fa0)
DTTSCallback(18) at 68981624.
ModeWindowProc msg=49544 lParam=00eb4fe0 at 68981624
word notify freeing 00eb4fe0 at 68981624
ModeWindowProc msg=49546 lParam=00eb4fa0 at 68981624
ProcessStopMessage setting m_bTextDataDone; seq=2, this=2 at 68981624
stop notify freeing 00eb4fa0 at 68981624
CMode::ProcessAudio, qcount=0 at 68981624
CMode::PrepareRingBufferToSendSamples queuecount is zero
CModeNotify::AudioStop at 68981734
ModeWindowProc msg=1132 lParam=00000000 at 68981734
NotificationSend, msg=0000046c (1132), NumElems=0
NotificationSend not freeing 00000000, msg=0000046c
CMode::DECGetQWAudioPosition: iQueue=0 TotalGet=46294
CModeITTSCentralW::AudioReset at 68982562
TTSreset() at 68982562. 
TTSreset: ->halting is set. 
  .. TTSMessage 13 posting. [..]
WFTQTC() at 68982562.
Process_TTS_Message #13 at 68982562
  .. TTSMessage processing.
WFTQTC() exit 31 ms.
  .. TTSMessage 14 posting. [..]
WFTQTC() at 68982593.
Process_TTS_Message #14 at 68982593
  .. TTSMessage processing.
WFTQTC() exit 31 ms.
WaitForEmptyPipes reset(1) at 68982624
Lockup set to 0
WaitForEmptyPipes exit at 68982624 (0) ms
TTSReset init threads at 68982624
WaitForEmptyPipes reset(1) at 68982624
WaitForEmptyPipes: c:0 l:3 p:0 v:0 s:0 at 68982624
Lockup set to 0
Lockup set to 0
WaitForEmptyPipes exit at 68982687 (63) ms
TTSReset() exiting 3 at 68982687
AudioReset sending WM_NSTEXTDATAABORTED at 68982687
No WP lock.
A::TextData speaking: [:i start 0 3] [:i word 0 0]This [:i word 0 5]is [:i word 0 8]a [:i word 0 10]test. [:i word 0 16][:i stop 0 3] 
  .. TTSMessage 15 posting. [[:i start 0 3] [:i word 0 0]This [:i word 0 5]is [:i word 0 8]a [:i word 0 10]test. [:i word 0 16][:i stop 0 3] ..]
ModeWindowProc msg=1134 lParam=00eb3440 at 68986249
Process_TTS_Message #15 at 68986249
  .. TTSMessage processing.
CMode::DECGetQWAudioPosition: iQueue=0 TotalGet=46294
AudActSetBookmark returning E_FAIl because audio not started (qc zero).
RTTSStatus(00000000 00eb3080)
DTTSCallback(0) at 68986249.
ModeWindowProc msg=49547 lParam=00eb3080 at 68986249
ModeWindowProc sending visual thru NotificationSend; lParam=00eb3080 at 68986249
NotificationSend, msg=0000046d (1133), NumElems=0
NotificationSend freeing 00eb3080
CMode::DECGetQWAudioPosition: iQueue=142 TotalGet=46294
CMode::SendAudioToDestinationBuffer(142) at 68986249
CMode::SendAudioToDestinationBuffer not sending: claim=0 pause=0 at 68986249
AudActSetBookmark returning E_FAIl because audio not started (qc nonzero).
CMode::DECGetQWAudioPosition: iQueue=142 TotalGet=46294
CMode::SendAudioToDestinationBuffer(142) at 68986249
CMode::SendAudioToDestinationBuffer not sending: claim=0 pause=0 at 68986249
AudActSetBookmark returning E_FAIl because audio not started (qc nonzero).
CMode::DECGetQWAudioPosition: iQueue=284 TotalGet=46294
CMode::SendAudioToDestinationBuffer(284) at 68986249
CMode::SendAudioToDestinationBuffer not sending: claim=0 pause=0 at 68986249
AudActSetBookmark returning E_FAIl because audio not started (qc nonzero).
CMode::DECGetQWAudioPosition: iQueue=1420 TotalGet=46294
CMode::SendAudioToDestinationBuffer(1420) at 68986249
CMode::SendAudioToDestinationBuffer not sending: claim=0 pause=0 at 68986249
AudActSetBookmark returning E_FAIl because audio not started (qc nonzero).
CMode::DECGetQWAudioPosition: iQueue=2414 TotalGet=46294
CMode::SendAudioToDestinationBuffer(2414) at 68986249
CMode::SendAudioToDestinationBuffer not sending: claim=0 pause=0 at 68986249
AudActSetBookmark returning E_FAIl because audio not started (qc nonzero).
CMode::DECGetQWAudioPosition: iQueue=4828 TotalGet=46294
CMode::SendAudioToDestinationBuffer(4828) at 68986265
CMode::SendAudioToDestinationBuffer not sending: claim=0 pause=0 at 68986265
AudActSetBookmark returning E_FAIl because audio not started (qc nonzero).
CMode::DECGetQWAudioPosition: iQueue=4970 TotalGet=46294
CMode::SendAudioToDestinationBuffer(4970) at 68986265
CMode::SendAudioToDestinationBuffer not sending: claim=0 pause=0 at 68986265
AudActSetBookmark returning E_FAIl because audio not started (qc nonzero).
CMode::DECGetQWAudioPosition: iQueue=6674 TotalGet=46294
CMode::SendAudioToDestinationBuffer(6674) at 68986265
CMode::SendAudioToDestinationBuffer not sending: claim=0 pause=0 at 68986265
AudActSetBookmark returning E_FAIl because audio not started (qc nonzero).
CMode::DECGetQWAudioPosition: iQueue=8378 TotalGet=46294
CMode::SendAudioToDestinationBuffer(8378) at 68986265
CMode::SendAudioToDestinationBuffer not sending: claim=0 pause=0 at 68986265
AudActSetBookmark returning E_FAIl because audio not started (qc nonzero).
CMode::DECGetQWAudioPosition: iQueue=8520 TotalGet=46294
CMode::SendAudioToDestinationBuffer(8520) at 68986265
CMode::SendAudioToDestinationBuffer not sending: claim=0 pause=0 at 68986265
AudActSetBookmark returning E_FAIl because audio not started (qc nonzero).
CMode::DECGetQWAudioPosition: iQueue=9230 TotalGet=46294
CMode::SendAudioToDestinationBuffer(9230) at 68986265
CMode::SendAudioToDestinationBuffer not sending: claim=0 pause=0 at 68986265
AudActSetBookmark returning E_FAIl because audio not started (qc nonzero).
CMode::DECGetQWAudioPosition: iQueue=9372 TotalGet=46294
CMode::SendAudioToDestinationBuffer(9372) at 68986265
CMode::SendAudioToDestinationBuffer not sending: claim=0 pause=0 at 68986265
AudActSetBookmark returning E_FAIl because audio not started (qc nonzero).
CMode::DECGetQWAudioPosition: iQueue=11360 TotalGet=46294
CMode::SendAudioToDestinationBuffer(11360) at 68986265
CMode::SendAudioToDestinationBuffer not sending: claim=0 pause=0 at 68986265
AudActSetBookmark returning E_FAIl because audio not started (qc nonzero).
CMode::DECGetQWAudioPosition: iQueue=15620 TotalGet=46294
CMode::SendAudioToDestinationBuffer(15620) at 68986265
CMode::SendAudioToDestinationBuffer not sending: claim=0 pause=0 at 68986265
AudActSetBookmark returning E_FAIl because audio not started (qc nonzero).
CMode::DECGetQWAudioPosition: iQueue=18602 TotalGet=46294
CMode::SendAudioToDestinationBuffer(18602) at 68986265
CMode::SendAudioToDestinationBuffer not sending: claim=0 pause=0 at 68986265
AudActSetBookmark returning E_FAIl because audio not started (qc nonzero).
CMode::DECGetQWAudioPosition: iQueue=20306 TotalGet=46294
CMode::SendAudioToDestinationBuffer(20306) at 68986265
CMode::SendAudioToDestinationBuffer not sending: claim=0 pause=0 at 68986265
AudActSetBookmark returning E_FAIl because audio not started (qc nonzero).
CMode::DECGetQWAudioPosition: iQueue=20874 TotalGet=46294
CMode::SendAudioToDestinationBuffer(20874) at 68986265
CMode::SendAudioToDestinationBuffer not sending: claim=0 pause=0 at 68986265
AudActSetBookmark returning E_FAIl because audio not started (qc nonzero).
CMode::DECGetQWAudioPosition: iQueue=30956 TotalGet=46294
CMode::SendAudioToDestinationBuffer(30956) at 68986265
CMode::SendAudioToDestinationBuffer not sending: claim=0 pause=0 at 68986265
AudActSetBookmark returning E_FAIl because audio not started (qc nonzero).
CMode::DECGetQWAudioPosition: iQueue=30956 TotalGet=46294
CMode::SendAudioToDestinationBuffer(30956) at 68986265
CMode::SendAudioToDestinationBuffer not sending: claim=0 pause=0 at 68986265
AudActSetBookmark returning E_FAIl because audio not started (qc nonzero).
ModeWindowProc msg=1024 lParam=00000000 at 68986265
CMode::ProcessAudio, qcount=30956 at 68986265
CMode::SendAudioToDestinationBuffer(15480) at 68986327
CMode::SendAudioToDestinationBuffer might send  15480 at 68986327
CMode::SendAudioToDestinationBuffer ->Start (15480 samples) at 68986327
CModeNotify::AudioStart Posn=46294 Total=61774 at 68986327
ModeWindowProc msg=1131 lParam=00000000 at 68986327
NotificationSend, msg=0000046b (1131), NumElems=0
NotificationSend not freeing 00000000, msg=0000046b
CModeITTSCentralW::AudioReset at 68986906
TTSreset() at 68986906. 
TTSreset: ->halting is set. 
  .. TTSMessage 18 posting. [..]
WFTQTC() at 68986906.
Process_TTS_Message #18 at 68986906
  .. TTSMessage processing.
WFTQTC() exit 31 ms.
  .. TTSMessage 19 posting. [..]
WFTQTC() at 68986937.
Process_TTS_Message #19 at 68986937
  .. TTSMessage processing.
WFTQTC() exit 31 ms.
WaitForEmptyPipes reset(1) at 68986968
Lockup set to 0
WaitForEmptyPipes exit at 68986968 (0) ms
TTSReset init threads at 68986968
WaitForEmptyPipes reset(1) at 68986968
WaitForEmptyPipes: c:0 l:3 p:0 v:0 s:0 at 68986968
CMode::DECGetQWAudioPosition: iQueue=0 TotalGet=61774
Lockup set to 0
Lockup set to 0
WaitForEmptyPipes exit at 68987031 (63) ms
TTSReset() exiting 3 at 68987031
::AudioReset ->Unclaim at 68987093
AudioReset sending WM_NSTEXTDATAABORTED at 68987093
CModeNotify::AudioStop at 68987093
ModeWindowProc msg=1136 lParam=00eb34e0 at 68987093
ModeWindowProc msg=1132 lParam=00000000 at 68987093
NotificationSend, msg=0000046c (1132), NumElems=0
NotificationSend not freeing 00000000, msg=0000046c
CMode::DECGetQWAudioPosition: iQueue=0 TotalGet=61774
CEngITTSEnumW::Release (00eb1090) now 2 at 68988468
CEngineEnum::Release (00eb10d0) now 2 at 68988468
CEngineEnum (00eb10d0) destructor at 68988468, A=00eb2f40, W=00eb1090
CEngITTSEnumA::Release (00eb2f40) now 0 at 68988468
CEngITTSEnumW::Release (00eb1090) now 1 at 68988468
CEngineEnum::Release (00eb10d0) now 1 at 68988468
CEngITTSEnumA (00eb2f40) destructor at 68988468
CEngITTSEnumW::Release (00eb1090) now 0 at 68988468
CEngineEnum::Release (00eb10d0) now 0 at 68988468
CEngITTSEnumW (00eb1090) destructor at 68988468
ModeWindowProc msg=1030 lParam=00000000 at 68988468
TTSreset() at 68988468. 
TTSreset: ->halting is set. 
  .. TTSMessage 22 posting. [..]
WFTQTC() at 68988468.
Process_TTS_Message #22 at 68988468
  .. TTSMessage processing.
WFTQTC() exit 31 ms.
  .. TTSMessage 23 posting. [..]
WFTQTC() at 68988499.
Process_TTS_Message #23 at 68988499
  .. TTSMessage processing.
WFTQTC() exit 32 ms.
WaitForEmptyPipes reset(1) at 68988531
Lockup set to 0
WaitForEmptyPipes exit at 68988531 (0) ms
TTSReset init threads at 68988531
WaitForEmptyPipes reset(1) at 68988531
WaitForEmptyPipes: c:0 l:3 p:0 v:0 s:0 at 68988531
Lockup set to 0
Locku