PA_CreatePlayHandle()
PA_: Wave device found.
PA_: Device ID OK
PA_: setting format in handle..
PA_: SetNewFormat {1}
ResetAudioQueue: at 70557890
ResetAudioQueue: exit at 70557890
PA_: device is WAVE_MAPPER
DetermineDeviceID()
PA_SetFormat()
Calling  SendPlayAudioMessage()
PA_SetFormat: SendPlayAudioMessage status=0 (00000000)
PA_: Successful exit.
TTSreset() at 70558390 (0). 
TTSreset: ->halting is set. 
PA_Reset: at 70558390
ProcResetMsg: calling waveOutReset at 70558390
ResetAudioQueue: at 70558390
ResetAudioQueue: exit at 70558390
  .. TTSMessage 3 posting. [..]
WFTQTC() at 70558390.
PA_Reset: at 70558390
Process_TTS_Message #3 at 70558390
  .. TTSMessage processing.
ProcResetMsg: calling waveOutReset at 70558390
ResetAudioQueue: at 70558390
ResetAudioQueue: exit at 70558390
WFTQTC() exit 15 ms.
  .. TTSMessage 4 posting. [.....]
WFTQTC() at 70558405.
PA_Reset: at 70558405
Process_TTS_Message #4 at 70558405
  .. TTSMessage processing.
ProcResetMsg: calling waveOutReset at 70558405
ResetAudioQueue: at 70558405
ResetAudioQueue: exit at 70558405
WFTQTC() exit 16 ms.
PA_Reset: at 70558421
ProcResetMsg: calling waveOutReset at 70558421
ResetAudioQueue: at 70558421
ResetAudioQueue: exit at 70558421
WaitForEmptyPipes reset(1) at 70558421
Lockup set to 0
WaitForEmptyPipes exit at 70558421 (0) ms
TTSReset init threads at 70558421
PA_Reset: at 70558421
ProcResetMsg: calling waveOutReset at 70558421
ResetAudioQueue: at 70558421
ResetAudioQueue: exit at 70558421
WaitForEmptyPipes reset(1) at 70558421
WaitForEmptyPipes: c:0 l:0 p:2 v:0 s:0 at 70558421
Lockup set to 0
Lockup set to 0
WaitForEmptyPipes exit at 70558437 (16) ms
TTSReset() exiting 3 at 70558437
  .. TTSMessage 5 posting. [[:phon arpa on][eh<2000,>]..]
Process_TTS_Message #5 at 70570421
  .. TTSMessage processing.
DoSync at 70570452
OpenWaveOutputDevice: waveOutOpen() {1}
ProcWOMOPEN: outstanding now 0 at 70570515
ProcWOMOPEN: PA_OWN_DEVICE is NOT set
SAP: state=1 QCount=3266 new=0 outstanding=0 at 70570515
SAP: runt start packet?
PA: ReportStatusToApplication()
PlayAudioCallbackRoutine().
RTTSStatus(0000000c 00000000)
SAP: 3266 samples to write at 70570515
WBTWOD size=32 at 00045180; out=0; waiting=0 qcount=3266 at 70570515
WBTWOD size=32 at 000451b8; out=1; waiting=32 qcount=3266 at 70570515
WBTWOD size=32 at 000451f0; out=2; waiting=64 qcount=3266 at 70570515
WBTWOD size=32 at 00045228; out=3; waiting=96 qcount=3266 at 70570515
WBTWOD size=32 at 00045260; out=4; waiting=128 qcount=3266 at 70570515
WBTWOD size=32 at 00045298; out=5; waiting=160 qcount=3266 at 70570515
WBTWOD size=32 at 00046360; out=6; waiting=192 qcount=3266 at 70570515
WBTWOD size=32 at 00046398; out=7; waiting=224 qcount=3266 at 70570515
SAP: exit at 70570515
RTTSStatus(0434d221 0006005f)
RTTSStatus(0434d226 07df0045)
ProcWOMDONE: 00045180; outst buffs now=7; samp waiting=224at 70570577
ProcWOMDONE: iQueueCount=53786
ProcWOMDONE: dwRemaining=53562
WBTWOD size=53562 at 00045180; out=7; waiting=224 qcount=53786 at 70570577
ProcWOMDONE: 000451b8; outst buffs now=7; samp waiting=16576at 70570640
ProcWOMDONE: iQueueCount=53754
ProcWOMDONE: dwRemaining=37178
WBTWOD size=37178 at 000451b8; out=7; waiting=16576 qcount=53754 at 70570640
ProcWOMDONE: 00046398; outst buffs now=7; samp waiting=32928at 70570640
ProcWOMDONE: iQueueCount=53722
ProcWOMDONE: dwRemaining=20794
WBTWOD size=20794 at 00046398; out=7; waiting=32928 qcount=53722 at 70570640
ProcWOMDONE: 00046360; outst buffs now=7; samp waiting=49280at 70570640
ProcWOMDONE: iQueueCount=53690
ProcWOMDONE: dwRemaining=4410
WBTWOD size=4410 at 00046360; out=7; waiting=49280 qcount=53690 at 70570640
ProcWOMDONE: 00045298; outst buffs now=7; samp waiting=53658at 70570640
ProcWOMDONE: iQueueCount=53658
ProcWOMDONE: dwRemaining=0
ProcWOMDONE: 00045260; outst buffs now=6; samp waiting=53626at 70570640
ProcWOMDONE: iQueueCount=53626
ProcWOMDONE: dwRemaining=0
ProcWOMDONE: 00045228; outst buffs now=5; samp waiting=53594at 70570640
ProcWOMDONE: iQueueCount=53594
ProcWOMDONE: dwRemaining=0
ProcWOMDONE: 000451f0; outst buffs now=4; samp waiting=53562at 70570640
ProcWOMDONE: iQueueCount=53562
ProcWOMDONE: dwRemaining=0
TTSreset() at 70570921 (0). 
TTSreset: ->halting is set. 
PA_Reset: at 70570921
ProcWOMDONE: 00045180; outst buffs now=3; samp waiting=37178at 70570921
ProcWOMDONE: 000451b8; outst buffs now=2; samp waiting=20794at 70570921
ProcWOMDONE: 00046398; outst buffs now=1; samp waiting=4410at 70570921
ProcWOMDONE: 00046360; outst buffs now=0; samp waiting=0at 70570921
ProcWOMCLOSE: outstanding now 0 at 70570999
PA: ReportStatusToApplication()
PlayAudioCallbackRoutine().
RTTSStatus(0000000d 00000000)
  .. TTSMessage 8 posting. [..]
WFTQTC() at 70570999.
PA_Reset: at 70570999
Process_TTS_Message #8 at 70570999
  .. TTSMessage processing.
ProcResetMsg: calling waveOutReset at 70570999
ResetAudioQueue: at 70570999
ResetAudioQueue: exit at 70570999
WFTQTC() exit 16 ms.
  .. TTSMessage 9 posting. [.....]
WFTQTC() at 70571015.
PA_Reset: at 70571015
Process_TTS_Message #9 at 70571015
  .. TTSMessage processing.
ProcResetMsg: calling waveOutReset at 70571015
ResetAudioQueue: at 70571015
ResetAudioQueue: exit at 70571015
WFTQTC() exit 15 ms.
PA_Reset: at 70571030
ProcResetMsg: calling waveOutReset at 70571030
ResetAudioQueue: at 70571030
ResetAudioQueue: exit at 70571030
WaitForEmptyPipes reset(1) at 70571030
Lockup set to 0
WaitForEmptyPipes exit at 70571030 (0) ms
TTSReset init threads at 70571030
PA_Reset: at 70571030
ProcResetMsg: calling waveOutReset at 70571030
ResetAudioQueue: at 70571030
ResetAudioQueue: exit at 70571030
WaitForEmptyPipes reset(1) at 70571030
WaitForEmptyPipes: c:0 l:0 p:0 v:0 s:2 at 70571030
Lockup set to 0
Lockup set to 0
WaitForEmptyPipes exit at 70571046 (16) ms
TTSReset() exiting 3 at 70571046
  .. TTSMessage 10 posting. [[:phon arpa on][eh<2000,>]..]
Process_TTS_Message #10 at 70571421
  .. TTSMessage processing.
DoSync at 70571421
OpenWaveOutputDevice: waveOutOpen() {1}
ProcWOMOPEN: outstanding now 0 at 70571483
ProcWOMOPEN: PA_OWN_DEVICE is NOT set
SAP: state=1 QCount=3266 new=0 outstanding=0 at 70571483
SAP: runt start packet?
PA: ReportStatusToApplication()
PlayAudioCallbackRoutine().
RTTSStatus(0000000c 00000000)
SAP: 3266 samples to write at 70571483
WBTWOD size=32 at 00045180; out=0; waiting=0 qcount=3266 at 70571483
WBTWOD size=32 at 000451b8; out=1; waiting=32 qcount=3266 at 70571483
WBTWOD size=32 at 000451f0; out=2; waiting=64 qcount=3266 at 70571483
WBTWOD size=32 at 00045228; out=3; waiting=96 qcount=3266 at 70571483
WBTWOD size=32 at 00045260; out=4; waiting=128 qcount=3266 at 70571483
WBTWOD size=32 at 00045298; out=5; waiting=160 qcount=3266 at 70571483
WBTWOD size=32 at 00046360; out=6; waiting=192 qcount=3266 at 70571483
WBTWOD size=32 at 00046398; out=7; waiting=224 qcount=3266 at 70571483
SAP: exit at 70571483
RTTSStatus(0434d5ea 01a9005f)
ProcWOMDONE: 00045180; outst buffs now=7; samp waiting=224at 70571546
ProcWOMDONE: iQueueCount=53928
ProcWOMDONE: dwRemaining=53704
WBTWOD size=53704 at 00045180; out=7; waiting=224 qcount=53928 at 70571546
RTTSStatus(0434d61b 07df0045)
ProcWOMDONE: 000451b8; outst buffs now=7; samp waiting=16576at 70571593
ProcWOMDONE: iQueueCount=53896
ProcWOMDONE: dwRemaining=37320
WBTWOD size=37320 at 000451b8; out=7; waiting=16576 qcount=53896 at 70571593
ProcWOMDONE: 00046398; outst buffs now=7; samp waiting=32928at 70571608
ProcWOMDONE: iQueueCount=53864
ProcWOMDONE: dwRemaining=20936
WBTWOD size=20936 at 00046398; out=7; waiting=32928 qcount=53864 at 70571608
ProcWOMDONE: 00046360; outst buffs now=7; samp waiting=49280at 70571608
ProcWOMDONE: iQueueCount=53832
ProcWOMDONE: dwRemaining=4552
WBTWOD size=4552 at 00046360; out=7; waiting=49280 qcount=53832 at 70571608
ProcWOMDONE: 00045298; outst buffs now=7; samp waiting=53800at 70571608
ProcWOMDONE: iQueueCount=53800
ProcWOMDONE: dwRemaining=0
ProcWOMDONE: 00045260; outst buffs now=6; samp waiting=53768at 70571608
ProcWOMDONE: iQueueCount=53768
ProcWOMDONE: dwRemaining=0
ProcWOMDONE: 00045228; outst buffs now=5; samp waiting=53736at 70571608
ProcWOMDONE: iQueueCount=53736
ProcWOMDONE: dwRemaining=0
ProcWOMDONE: 000451f0; outst buffs now=4; samp waiting=53704at 70571608
ProcWOMDONE: iQueueCount=53704
ProcWOMDONE: dwRemaining=0
TTSreset() at 70571968 (0). 
TTSreset: ->halting is set. 
PA_Reset: at 70571968
ProcWOMDONE: 00045180; outst buffs now=3; samp waiting=37320at 70571968
ProcWOMDONE: 000451b8; outst buffs now=2; samp waiting=20936at 70571968
ProcWOMDONE: 00046398; outst buffs now=1; samp waiting=4552at 70571968
ProcWOMDONE: 00046360; outst buffs now=0; samp waiting=0at 70571968
ProcWOMCLOSE: outstanding now 0 at 70572046
PA: ReportStatusToApplication()
PlayAudioCallbackRoutine().
RTTSStatus(0000000d 00000000)
  .. TTSMessage 13 posting. [..]
WFTQTC() at 70572046.
PA_Reset: at 70572046
Process_TTS_Message #13 at 70572046
  .. TTSMessage processing.
ProcResetMsg: calling waveOutReset at 70572046
ResetAudioQueue: at 70572046
ResetAudioQueue: exit at 70572046
WFTQTC() exit 16 ms.
  .. TTSMessage 14 posting. [.....]
WFTQTC() at 70572062.
PA_Reset: at 70572062
Process_TTS_Message #14 at 70572062
  .. TTSMessage processing.
ProcResetMsg: calling waveOutReset at 70572062
ResetAudioQueue: at 70572062
ResetAudioQueue: exit at 70572062
WFTQTC() exit 15 ms.
PA_Reset: at 70572077
ProcResetMsg: calling waveOutReset at 70572077
ResetAudioQueue: at 70572077
ResetAudioQueue: exit at 70572077
WaitForEmptyPipes reset(1) at 70572077
Lockup set to 0
WaitForEmptyPipes exit at 70572077 (0) ms
TTSReset init threads at 70572077
PA_Reset: at 70572077
ProcResetMsg: calling waveOutReset at 70572077
ResetAudioQueue: at 70572077
ResetAudioQueue: exit at 70572077
WaitForEmptyPipes reset(1) at 70572077
WaitForEmptyPipes: c:0 l:0 p:0 v:0 s:2 at 70572077
Lockup set to 0
Lockup set to 0
WaitForEmptyPipes exit at 70572093 (16) ms
TTSReset() exiting 3 at 70572093
  .. TTSMessage 15 posting. [[:phon arpa on][eh<2000,>]..]
Process_TTS_Message #15 at 70572421
  .. TTSMessage processing.
DoSync at 70572421
OpenWaveOutputDevice: waveOutOpen() {1}
ProcWOMOPEN: outstanding now 0 at 70572499
ProcWOMOPEN: PA_OWN_DEVICE is NOT set
SAP: state=1 QCount=53960 new=0 outstanding=0 at 70572499
SAP: runt start packet?
PA: ReportStatusToApplication()
PlayAudioCallbackRoutine().
RTTSStatus(0000000c 00000000)
SAP: 53960 samples to write at 70572499
WBTWOD size=32 at 00045180; out=0; waiting=0 qcount=53960 at 70572499
WBTWOD size=32 at 000451b8; out=1; waiting=32 qcount=53960 at 70572499
WBTWOD size=32 at 000451f0; out=2; waiting=64 qcount=53960 at 70572499
WBTWOD size=32 at 00045228; out=3; waiting=96 qcount=53960 at 70572499
WBTWOD size=32 at 00045260; out=4; waiting=128 qcount=53960 at 70572499
WBTWOD size=32 at 00045298; out=5; waiting=160 qcount=53960 at 70572499
WBTWOD size=32 at 00046360; out=6; waiting=192 qcount=53960 at 70572499
WBTWOD size=32 at 00046398; out=7; waiting=224 qcount=53960 at 70572499
SAP: exit at 70572499
RTTSStatus(0434d9d2 01a9005f)
ProcWOMDONE: 00045180; outst buffs now=7; samp waiting=224at 70572562
ProcWOMDONE: iQueueCount=53928
ProcWOMDONE: dwRemaining=53704
WBTWOD size=53704 at 00045180; out=7; waiting=224 qcount=53928 at 70572562
RTTSStatus(0434da22 07df0045)
ProcWOMDONE: 000451b8; outst buffs now=7; samp waiting=16576at 70572624
ProcWOMDONE: iQueueCount=53896
ProcWOMDONE: dwRemaining=37320
WBTWOD size=37320 at 000451b8; out=7; waiting=16576 qcount=53896 at 70572624
ProcWOMDONE: 00046398; outst buffs now=7; samp waiting=32928at 70572624
ProcWOMDONE: iQueueCount=53864
ProcWOMDONE: dwRemaining=20936
WBTWOD size=20936 at 00046398; out=7; waiting=32928 qcount=53864 at 70572624
ProcWOMDONE: 00046360; outst buffs now=7; samp waiting=49280at 70572624
ProcWOMDONE: iQueueCount=53832
ProcWOMDONE: dwRemaining=4552
WBTWOD size=4552 at 00046360; out=7; waiting=49280 qcount=53832 at 70572624
ProcWOMDONE: 00045298; outst buffs now=7; samp waiting=53800at 70572624
ProcWOMDONE: iQueueCount=53800
ProcWOMDONE: dwRemaining=0
ProcWOMDONE: 00045260; outst buffs now=6; samp waiting=53768at 70572624
ProcWOMDONE: iQueueCount=53768
ProcWOMDONE: dwRemaining=0
ProcWOMDONE: 00045228; outst buffs now=5; samp waiting=53736at 70572624
ProcWOMDONE: iQueueCount=53736
ProcWOMDONE: dwRemaining=0
ProcWOMDONE: 000451f0; outst buffs now=4; samp waiting=53704at 70572624
ProcWOMDONE: iQueueCount=53704
ProcWOMDONE: dwRemaining=0
TTSreset() at 70573077 (0). 
TTSreset: ->halting is set. 
PA_Reset: at 70573077
ProcWOMDONE: 00045180; outst buffs now=3; samp waiting=37320at 70573077
ProcWOMDONE: 000451b8; outst buffs now=2; samp waiting=20936at 70573077
ProcWOMDONE: 00046398; outst buffs now=1; samp waiting=4552at 70573077
ProcWOMDONE: 00046360; outst buffs now=0; samp waiting=0at 70573077
ProcWOMCLOSE: outstanding now 0 at 70573155
PA: ReportStatusToApplication()
PlayAudioCallbackRoutine().
RTTSStatus(0000000d 00000000)
  .. TTSMessage 18 posting. [..]
WFTQTC() at 70573155.
PA_Reset: at 70573155
Process_TTS_Message #18 at 70573155
  .. TTSMessage processing.
ProcResetMsg: calling waveOutReset at 70573155
ResetAudioQueue: at 70573155
ResetAudioQueue: exit at 70573155
WFTQTC() exit 16 ms.
  .. TTSMessage 19 posting. [.....]
WFTQTC() at 70573171.
PA_Reset: at 70573171
ProcResetMsg: calling waveOutReset at 70573171
ResetAudioQueue: at 70573171
ResetAudioQueue: exit at 70573171
Process_TTS_Message #19 at 70573171
  .. TTSMessage processing.
WFTQTC() exit 16 ms.
PA_Reset: at 70573187
ProcResetMsg: calling waveOutReset at 70573187
ResetAudioQueue: at 70573187
ResetAudioQueue: exit at 70573187
WaitForEmptyPipes reset(1) at 70573187
Lockup set to 0
WaitForEmptyPipes exit at 70573187 (0) ms
TTSReset init threads at 70573187
PA_Reset: at 70573187
ProcResetMsg: calling waveOutReset at 70573187
ResetAudioQueue: at 70573187
ResetAudioQueue: exit at 70573187
WaitForEmptyPipes reset(1) at 70573187
WaitForEmptyPipes: c:0 l:0 p:0 v:0 s:2 at 70573187
Lockup set to 0
Lockup set to 0
WaitForEmptyPipes exit at 70573202 (15) ms
TTSReset() exiting 3 at 70573202
  .. TTSMessage 20 posting. [[:phon arpa on][eh<2000,>]..]
Process_TTS_Message #20 at 70573499
  .. TTSMessage processing.
DoSync at 70573499
OpenWaveOutputDevice: waveOutOpen() {1}
ProcWOMOPEN: outstanding now 0 at 70573577
ProcWOMOPEN: PA_OWN_DEVICE is NOT set
SAP: state=1 QCount=3266 new=0 outstanding=0 at 70573577
SAP: runt start packet?
PA: ReportStatusToApplication()
PlayAudioCallbackRoutine().
RTTSStatus(0000000c 00000000)
SAP: 3266 samples to write at 70573577
WBTWOD size=32 at 00045180; out=0; waiting=0 qcount=3266 at 70573577
WBTWOD size=32 at 000451b8; out=1; waiting=32 qcount=3266 at 70573577
WBTWOD size=32 at 000451f0; out=2; waiting=64 qcount=3266 at 70573577
WBTWOD size=32 at 00045228; out=3; waiting=96 qcount=3266 at 70573577
WBTWOD size=32 at 00045260; out=4; waiting=128 qcount=3266 at 70573577
WBTWOD size=32 at 00045298; out=5; waiting=160 qcount=3266 at 70573577
WBTWOD size=32 at 00046360; out=6; waiting=192 qcount=3266 at 70573577
WBTWOD size=32 at 00046398; out=7; waiting=224 qcount=3266 at 70573577
SAP: exit at 70573577
RTTSStatus(0434de18 01a9005f)
ProcWOMDONE: 00045180; outst buffs now=7; samp waiting=224at 70573640
ProcWOMDONE: iQueueCount=53928
ProcWOMDONE: dwRemaining=53704
WBTWOD size=53704 at 00045180; out=7; waiting=224 qcount=53928 at 70573640
RTTSStatus(0434de49 07df0045)
ProcWOMDONE: 000451b8; outst buffs now=7; samp waiting=16576at 70573702
ProcWOMDONE: iQueueCount=53896
ProcWOMDONE: dwRemaining=37320
WBTWOD size=37320 at 000451b8; out=7; waiting=16576 qcount=53896 at 70573702
ProcWOMDONE: 00046398; outst buffs now=7; samp waiting=32928at 70573702
ProcWOMDONE: iQueueCount=53864
ProcWOMDONE: dwRemaining=20936
WBTWOD size=20936 at 00046398; out=7; waiting=32928 qcount=53864 at 70573702
ProcWOMDONE: 00046360; outst buffs now=7; samp waiting=49280at 70573702
ProcWOMDONE: iQueueCount=53832
ProcWOMDONE: dwRemaining=4552
WBTWOD size=4552 at 00046360; out=7; waiting=49280 qcount=53832 at 70573702
ProcWOMDONE: 00045298; outst buffs now=7; samp waiting=53800at 70573702
ProcWOMDONE: iQueueCount=53800
ProcWOMDONE: dwRemaining=0
ProcWOMDONE: 00045260; outst buffs now=6; samp waiting=53768at 70573702
ProcWOMDONE: iQueueCount=53768
ProcWOMDONE: dwRemaining=0
ProcWOMDONE: 00045228; outst buffs now=5; samp waiting=53736at 70573702
ProcWOMDONE: iQueueCount=53736
ProcWOMDONE: dwRemaining=0
ProcWOMDONE: 000451f0; outst buffs now=4; samp waiting=53704at 70573702
ProcWOMDONE: iQueueCount=53704
ProcWOMDONE: dwRemaining=0
TTSreset() at 70574077 (0). 
TTSreset: ->halting is set. 
PA_Reset: at 70574077
ProcWOMDONE: 00045180; outst buffs now=3; samp waiting=37320at 70574077
ProcWOMDONE: 000451b8; outst buffs now=2; samp waiting=20936at 70574077
ProcWOMDONE: 00046398; outst buffs now=1; samp waiting=4552at 70574077
ProcWOMDONE: 00046360; outst buffs now=0; samp waiting=0at 70574077
ProcWOMCLOSE: outstanding now 0 at 70574155
PA: ReportStatusToApplication()
PlayAudioCallbackRoutine().
RTTSStatus(0000000d 00000000)
  .. TTSMessage 23 posting. [..]
WFTQTC() at 70574155.
PA_Reset: at 70574155
Process_TTS_Message #23 at 70574155
  .. TTSMessage processing.
ProcResetMsg: calling waveOutReset at 70574155
ResetAudioQueue: at 70574155
ResetAudioQueue: exit at 70574155
WFTQTC() exit 16 ms.
  .. TTSMessage 24 posting. [.....]
WFTQTC() at 70574171.
PA_Reset: at 70574171
Process_TTS_Message #24 at 70574171
  .. TTSMessage processing.
ProcResetMsg: calling waveOutReset at 70574171
ResetAudioQueue: at 70574171
ResetAudioQueue: exit at 70574171
WFTQTC() exit 16 ms.
PA_Reset: at 70574187
ProcResetMsg: calling waveOutReset at 70574187
ResetAudioQueue: at 70574187
ResetAudioQueue: exit at 70574187
WaitForEmptyPipes reset(1) at 70574187
Lockup set to 0
WaitForEmptyPipes exit at 70574187 (0) ms
TTSReset init threads at 70574187
PA_Reset: at 70574187
ProcResetMsg: calling waveOutReset at 70574187
ResetAudioQueue: at 70574187
ResetAudioQueue: exit at 70574187
WaitForEmptyPipes reset(1) at 70574187
WaitForEmptyPipes: c:0 l:0 p:0 v:2 s:0 at 70574187
Lockup set to 0
Lockup set to 0
WaitForEmptyPipes exit at 70574202 (15) ms
TTSReset() exiting 3 at 70574202
  .. TTSMessage 25 posting. [[:phon arpa on][eh<2000,>]..]
Process_TTS_Message #25 at 70574483
  .. TTSMessage processing.
DoSync at 70574499
OpenWaveOutputDevice: waveOutOpen() {1}
ProcWOMOPEN: outstanding now 0 at 70574562
ProcWOMOPEN: PA_OWN_DEVICE is NOT set
SAP: state=1 QCount=3266 new=0 outstanding=0 at 70574562
SAP: runt start packet?
PA: ReportStatusToApplication()
PlayAudioCallbackRoutine().
RTTSStatus(0000000c 00000000)
SAP: 3266 samples to write at 70574562
WBTWOD size=32 at 00045180; out=0; waiting=0 qcount=3266 at 70574562
WBTWOD size=32 at 000451b8; out=1; waiting=32 qcount=3266 at 70574562
WBTWOD size=32 at 000451f0; out=2; waiting=64 qcount=3266 at 70574562
WBTWOD size=32 at 00045228; out=3; waiting=96 qcount=3266 at 70574562
WBTWOD size=32 at 00045260; out=4; waiting=128 qcount=3266 at 70574562
WBTWOD size=32 at 00045298; out=5; waiting=160 qcount=3266 at 70574562
WBTWOD size=32 at 00046360; out=6; waiting=192 qcount=3266 at 70574562
WBTWOD size=32 at 00046398; out=7; waiting=224 qcount=3266 at 70574562
SAP: exit at 70574562
RTTSStatus(0434e1f0 01a9005f)
ProcWOMDONE: 00045180; outst buffs now=7; samp waiting=224at 70574624
ProcWOMDONE: iQueueCount=53928
ProcWOMDONE: dwRemaining=53704
WBTWOD size=53704 at 00045180; out=7; waiting=224 qcount=53928 at 70574624
RTTSStatus(0434e221 07df0045)
ProcWOMDONE: 000451b8; outst buffs now=7; samp waiting=16576at 70574687
ProcWOMDONE: iQueueCount=53896
ProcWOMDONE: dwRemaining=37320
WBTWOD size=37320 at 000451b8; out=7; waiting=16576 qcount=53896 at 70574687
ProcWOMDONE: 00046398; outst buffs now=7; samp waiting=32928at 70574687
ProcWOMDONE: iQueueCount=53864
ProcWOMDONE: dwRemaining=20936
WBTWOD size=20936 at 00046398; out=7; waiting=32928 qcount=53864 at 70574687
ProcWOMDONE: 00046360; outst buffs now=7; samp waiting=49280at 70574687
ProcWOMDONE: iQueueCount=53832
ProcWOMDONE: dwRemaining=4552
WBTWOD size=4552 at 00046360; out=7; waiting=49280 qcount=53832 at 70574687
ProcWOMDONE: 00045298; outst buffs now=7; samp waiting=53800at 70574687
ProcWOMDONE: iQueueCount=53800
ProcWOMDONE: dwRemaining=0
ProcWOMDONE: 00045260; outst buffs now=6; samp waiting=53768at 70574687
ProcWOMDONE: iQueueCount=53768
ProcWOMDONE: dwRemaining=0
ProcWOMDONE: 00045228; outst buffs now=5; samp waiting=53736at 70574687
ProcWOMDONE: iQueueCount=53736
ProcWOMDONE: dwRemaining=0
ProcWOMDONE: 000451f0; outst buffs now=4; samp waiting=53704at 70574687
ProcWOMDONE: iQueueCount=53704
ProcWOMDONE: dwRemaining=0
TTSreset() at 70574999 (0). 
TTSreset: ->halting is set. 
PA_Reset: at 70574999
ProcWOMDONE: 00045180; outst buffs now=3; samp waiting=37320at 70574999
ProcWOMDONE: 000451b8; outst buffs now=2; samp waiting=20936at 70574999
ProcWOMDONE: 00046398; outst buffs now=1; samp waiting=4552at 70574999
ProcWOMDONE: 00046360; outst buffs now=0; samp waiting=0at 70574999
ProcWOMCLOSE: outstanding now 0 at 70575077
PA: ReportStatusToApplication()
PlayAudioCallbackRoutine().
RTTSStatus(0000000d 00000000)
  .. TTSMessage 28 posting. [..]
WFTQTC() at 70575077.
PA_Reset: at 70575077
Process_TTS_Message #28 at 70575077
  .. TTSMessage processing.
ProcResetMsg: calling waveOutReset at 70575077
ResetAudioQueue: at 70575077
ResetAudioQueue: exit at 70575077
WFTQTC() exit 16 ms.
  .. TTSMessage 29 posting. [.....]
WFTQTC() at 70575093.
PA_Reset: at 70575093
Process_TTS_Message #29 at 70575093
  .. TTSMessage processing.
ProcResetMsg: calling waveOutReset at 70575093
ResetAudioQueue: at 70575093
ResetAudioQueue: exit at 70575093
WFTQTC() exit 15 ms.
PA_Reset: at 70575108
ProcResetMsg: calling waveOutReset at 70575108
ResetAudioQueue: at 70575108
ResetAudioQueue: exit at 70575108
WaitForEmptyPipes reset(1) at 70575108
Lockup set to 0
WaitForEmptyPipes exit at 70575108 (0) ms
TTSReset init threads at 70575108
PA_Reset: at 70575108
ProcResetMsg: calling waveOutReset at 70575108
ResetAudioQueue: at 70575108
ResetAudioQueue: exit at 70575108
WaitForEmptyPipes reset(1) at 70575108
WaitForEmptyPipes: c:0 l:0 p:0 v:0 s:2 at 70575108
Lockup set to 0
Lockup set to 0
WaitForEmptyPipes exit at 70575124 (16) ms
TTSReset() exiting 3 at 70575124
  .. TTSMessage 30 posting. [[:np]]
  .. TTSMessage 31 posting. [Paul. ..]
Process_TTS_Message #30 at 70736937
  .. TTSMessage processing.
Process_TTS_Message #31 at 70736937
  .. TTSMessage processing.
DoSync at 70736968
OpenWaveOutputDevice: waveOutOpen() {1}
ProcWOMOPEN: outstanding now 0 at 70737030
ProcWOMOPEN: PA_OWN_DEVICE is NOT set
SAP: state=1 QCount=3266 new=0 outstanding=0 at 70737030
SAP: runt start packet?
PA: ReportStatusToApplication()
PlayAudioCallbackRoutine().
RTTSStatus(0000000c 00000000)
SAP: 3266 samples to write at 70737030
WBTWOD size=32 at 00045180; out=0; waiting=0 qcount=3266 at 70737030
WBTWOD size=32 at 000451b8; out=1; waiting=32 qcount=3266 at 70737030
WBTWOD size=32 at 000451f0; out=2; waiting=64 qcount=3266 at 70737030
WBTWOD size=32 at 00045228; out=3; waiting=96 qcount=3266 at 70737030
WBTWOD size=32 at 00045260; out=4; waiting=128 qcount=3266 at 70737030
WBTWOD size=32 at 00045298; out=5; waiting=160 qcount=3266 at 70737030
WBTWOD size=32 at 00046360; out=6; waiting=192 qcount=3266 at 70737030
WBTWOD size=32 at 00046398; out=7; waiting=224 qcount=3266 at 70737030
SAP: exit at 70737030
RTTSStatus(04375c85 01a9005f)
ProcWOMDONE: 00045180; outst buffs now=7; samp waiting=224at 70737093
ProcWOMDONE: iQueueCount=19280
ProcWOMDONE: dwRemaining=19056
WBTWOD size=19056 at 00045180; out=7; waiting=224 qcount=19280 at 70737093
RTTSStatus(04375cc6 005a0070)
ProcWOMDONE: 000451b8; outst buffs now=7; samp waiting=16576at 70737140
ProcWOMDONE: iQueueCount=19248
ProcWOMDONE: dwRemaining=2672
WBTWOD size=2672 at 000451b8; out=7; waiting=16576 qcount=19248 at 70737140
ProcWOMDONE: 00046398; outst buffs now=7; samp waiting=19216at 70737155
ProcWOMDONE: iQueueCount=19216
ProcWOMDONE: dwRemaining=0
ProcWOMDONE: 00046360; outst buffs now=6; samp waiting=19184at 70737155
ProcWOMDONE: iQueueCount=19184
ProcWOMDONE: dwRemaining=0
ProcWOMDONE: 00045298; outst buffs now=5; samp waiting=19152at 70737155
ProcWOMDONE: iQueueCount=19152
ProcWOMDONE: dwRemaining=0
ProcWOMDONE: 00045260; outst buffs now=4; samp waiting=19120at 70737155
ProcWOMDONE: iQueueCount=19120
ProcWOMDONE: dwRemaining=0
ProcWOMDONE: 00045228; outst buffs now=3; samp waiting=19088at 70737155
ProcWOMDONE: iQueueCount=19088
ProcWOMDONE: dwRemaining=0
ProcWOMDONE: 000451f0; outst buffs now=2; samp waiting=19056at 70737155
ProcWOMDONE: iQueueCount=19056
ProcWOMDONE: dwRemaining=0
RTTSStatus(04375ce2 00e10063)
RTTSStatus(04375dc3 0080006c)
RTTSStatus(04375e44 01a9005f)
ProcWOMDONE: 00045180; outst buffs now=1; samp waiting=2672at 70737827
ProcWOMDONE: iQueueCount=2672
ProcWOMDONE: dwRemaining=0
  .. TTSMessage 32 posting. [[:nb]]
  .. TTSMessage 33 posting. [Betty. ..]
Process_TTS_Message #32 at 70737843
  .. TTSMessage processing.
Process_TTS_Message #33 at 70737843
  .. TTSMessage processing.
DoSync at 70737858
SAP: state=2 QCount=4802 new=0 outstanding=1 at 70737858
SAP: runt start packet?
SAP: 2130 samples to write at 70737858
WBTWOD size=2130 at 00045180; out=1; waiting=2672 qcount=4802 at 70737858
SAP: exit at 70737858
ProcWOMDONE: 000451b8; outst buffs now=1; samp waiting=2130at 70737952
ProcWOMDONE: iQueueCount=20874
ProcWOMDONE: dwRemaining=18744
WBTWOD size=4686 at 000451b8; out=1; waiting=2130 qcount=20874 at 70737952
ProcWOMDONE: header 0 (00045180) is busy at 70737952
ProcWOMDONE: header 1 (000451b8) is busy at 70737952
ProcWOMDONE: dwRemaining=14058, uiWriteLength=4686, using header 2 (000451f0) at 70737952
WBTWOD size=4686 at 000451f0; out=2; waiting=6816 qcount=20874 at 70737952
ProcWOMDONE: dwRemaining=9372, uiWriteLength=4686, using header 3 (00045228) at 70737952
WBTWOD size=4686 at 00045228; out=3; waiting=11502 qcount=20874 at 70737952
ProcWOMDONE: dwRemaining=4686, uiWriteLength=4686, using header 4 (00045260) at 70737952
WBTWOD size=4686 at 00045260; out=4; waiting=16188 qcount=20874 at 70737952
RTTSStatus(04376002 00530062)
RTTSStatus(04376056 00800045)
ProcWOMDONE: 00045180; outst buffs now=4; samp waiting=18744at 70738077
ProcWOMDONE: iQueueCount=18744
ProcWOMDONE: dwRemaining=0
RTTSStatus(043760d7 00530074)
RTTSStatus(0437612a 00ce0069)
ProcWOMDONE: 000451b8; outst buffs now=3; samp waiting=14058at 70738265
ProcWOMDONE: iQueueCount=14058
ProcWOMDONE: dwRemaining=0
RTTSStatus(043761fa 01a9005f)
  .. TTSMessage 34 posting. [[:nh]]
  .. TTSMessage 35 posting. [Harry. ..]
Process_TTS_Message #34 at 70738483
  .. TTSMessage processing.
Process_TTS_Message #35 at 70738483
  .. TTSMessage processing.
DoSync at 70738483
SAP: state=2 QCount=16188 new=0 outstanding=3 at 70738483
SAP: runt start packet?
SAP: 2130 samples to write at 70738483
WBTWOD size=2130 at 00045180; out=3; waiting=14058 qcount=16188 at 70738483
SAP: exit at 70738483
ProcWOMDONE: 000451f0; outst buffs now=3; samp waiting=11502at 70738515
ProcWOMDONE: iQueueCount=30530
ProcWOMDONE: dwRemaining=19028
WBTWOD size=4756 at 000451f0; out=3; waiting=11502 qcount=30530 at 70738515
ProcWOMDONE: header 0 (00045180) is busy at 70738515
ProcWOMDONE: dwRemaining=14272, uiWriteLength=4756, using header 1 (000451b8) at 70738515
WBTWOD size=4756 at 000451b8; out=4; waiting=16258 qcount=30530 at 70738515
ProcWOMDONE: header 2 (000451f0) is busy at 70738515
ProcWOMDONE: header 3 (00045228) is busy at 70738515
ProcWOMDONE: header 4 (00045260) is busy at 70738515
ProcWOMDONE: dwRemaining=9516, uiWriteLength=4756, using header 5 (00045298) at 70738515
WBTWOD size=4756 at 00045298; out=5; waiting=21014 qcount=30530 at 70738515
ProcWOMDONE: dwRemaining=4760, uiWriteLength=4760, using header 6 (00046360) at 70738515
WBTWOD size=4760 at 00046360; out=6; waiting=25770 qcount=30530 at 70738515
ProcWOMDONE: 00045228; outst buffs now=6; samp waiting=25844at 70738702
ProcWOMDONE: iQueueCount=25844
ProcWOMDONE: dwRemaining=0
RTTSStatus(043763b6 005a0068)
ProcWOMDONE: 00045260; outst buffs now=5; samp waiting=21158at 70738952
ProcWOMDONE: iQueueCount=21158
ProcWOMDONE: dwRemaining=0
RTTSStatus(04376411 00ee004b)
ProcWOMDONE: 00045180; outst buffs now=4; samp waiting=19028at 70739015
ProcWOMDONE: iQueueCount=19028
ProcWOMDONE: dwRemaining=0
RTTSStatus(043764ff 00ba0069)
ProcWOMDONE: 000451f0; outst buffs now=3; samp waiting=14272at 70739265
ProcWOMDONE: iQueueCount=14272
ProcWOMDONE: dwRemaining=0
RTTSStatus(043765ba 01a9005f)
ProcWOMDONE: 000451b8; outst buffs now=2; samp waiting=9516at 70739452
ProcWOMDONE: iQueueCount=9516
ProcWOMDONE: dwRemaining=0
ProcWOMDONE: 00045298; outst buffs now=1; samp waiting=4760at 70739640
ProcWOMDONE: iQueueCount=4760
ProcWOMDONE: dwRemaining=0
ProcWOMDONE: 00046360; outst buffs now=0; samp waiting=0at 70739890
ProcWOMDONE: iQueueCount=0
ProcWOMDONE: Closing. iQueueCount=0
ProcWOMCLOSE: outstanding now 0 at 70739968
PA: ReportStatusToApplication()
PlayAudioCallbackRoutine().
RTTSStatus(0000000d 00000000)
  .. TTSMessage 36 posting. [[:nb]]
  .. TTSMessage 37 posting. [Betty. ..]
Process_TTS_Message #36 at 70740937
  .. TTSMessage processing.
Process_TTS_Message #37 at 70740937
  .. TTSMessage processing.
DoSync at 70740937
OpenWaveOutputDevice: waveOutOpen() {1}
ProcWOMOPEN: outstanding now 0 at 70741015
ProcWOMOPEN: PA_OWN_DEVICE is NOT set
SAP: state=1 QCount=3266 new=0 outstanding=0 at 70741015
SAP: runt start packet?
PA: ReportStatusToApplication()
PlayAudioCallbackRoutine().
RTTSStatus(0000000c 00000000)
SAP: 3266 samples to write at 70741015
WBTWOD size=32 at 00045180; out=0; waiting=0 qcount=3266 at 70741015
WBTWOD size=32 at 000451b8; out=1; waiting=32 qcount=3266 at 70741015
WBTWOD size=32 at 000451f0; out=2; waiting=64 qcount=3266 at 70741015
WBTWOD size=32 at 00045228; out=3; waiting=96 qcount=3266 at 70741015
WBTWOD size=32 at 00045260; out=4; waiting=128 qcount=3266 at 70741015
WBTWOD size=32 at 00045298; out=5; waiting=160 qcount=3266 at 70741015
WBTWOD size=32 at 00046360; out=6; waiting=192 qcount=3266 at 70741015
WBTWOD size=32 at 00046398; out=7; waiting=224 qcount=3266 at 70741015
SAP: exit at 70741015
ProcWOMDONE: 00045180; outst buffs now=7; samp waiting=224at 70741077
ProcWOMDONE: iQueueCount=20842
ProcWOMDONE: dwRemaining=20618
WBTWOD size=20618 at 00045180; out=7; waiting=224 qcount=20842 at 70741077
ProcWOMDONE: 000451b8; outst buffs now=7; samp waiting=16576at 70741140
ProcWOMDONE: iQueueCount=20810
ProcWOMDONE: dwRemaining=4234
WBTWOD size=4234 at 000451b8; out=7; waiting=16576 qcount=20810 at 70741140
ProcWOMDONE: 00046398; outst buffs now=7; samp waiting=20778at 70741140
ProcWOMDONE: iQueueCount=20778
ProcWOMDONE: dwRemaining=0
ProcWOMDONE: 00046360; outst buffs now=6; samp waiting=20746at 70741140
ProcWOMDONE: iQueueCount=20746
ProcWOMDONE: dwRemaining=0
ProcWOMDONE: 00045298; outst buffs now=5; samp waiting=20714at 70741140
ProcWOMDONE: iQueueCount=20714
ProcWOMDONE: dwRemaining=0
ProcWOMDONE: 00045260; outst buffs now=4; samp waiting=20682at 70741140
ProcWOMDONE: iQueueCount=20682
ProcWOMDONE: dwRemaining=0
ProcWOMDONE: 00045228; outst buffs now=3; samp waiting=20650at 70741140
ProcWOMDONE: iQueueCount=20650
ProcWOMDONE: dwRemaining=0
ProcWOMDONE: 000451f0; outst buffs now=2; samp waiting=20618at 70741140
ProcWOMDONE: iQueueCount=20618
ProcWOMDONE: dwRemaining=0
RTTSStatus(04376c26 00530062)
RTTSStatus(04376c7a 00800045)
RTTSStatus(04376cfb 00530074)
RTTSStatus(04376d4e 00ce0069)
  .. TTSMessage 38 posting. [[:nb]]
  .. TTSMessage 39 posting. [Betty. ..]
Process_TTS_Message #38 at 70741499
  .. TTSMessage processing.
Process_TTS_Message #39 at 70741499
  .. TTSMessage processing.
DoSync at 70741499
SAP: state=2 QCount=22748 new=0 outstanding=2 at 70741499
SAP: runt start packet?
SAP: 2130 samples to write at 70741499
SAP: header 0 (00045180) is busy at 70741499
SAP: header 1 (000451b8) is busy at 70741499
WBTWOD size=2130 at 000451f0; out=2; waiting=20618 qcount=22748 at 70741499
SAP: exit at 70741499
RTTSStatus(04376e1c 01a9005f)
ProcWOMDONE: 00045180; outst buffs now=2; samp waiting=6364at 70741812
ProcWOMDONE: iQueueCount=25108
ProcWOMDONE: dwRemaining=18744
WBTWOD size=4686 at 00045180; out=2; waiting=6364 qcount=25108 at 70741812
ProcWOMDONE: header 0 (00045180) is busy at 70741812
ProcWOMDONE: header 1 (000451b8) is busy at 70741812
ProcWOMDONE: header 2 (000451f0) is busy at 70741812
ProcWOMDONE: dwRemaining=14058, uiWriteLength=4686, using header 3 (00045228) at 70741812
WBTWOD size=4686 at 00045228; out=3; waiting=11050 qcount=25108 at 70741812
ProcWOMDONE: dwRemaining=9372, uiWriteLength=4686, using header 4 (00045260) at 70741812
WBTWOD size=4686 at 00045260; out=4; waiting=15736 qcount=25108 at 70741812
ProcWOMDONE: dwRemaining=4686, uiWriteLength=4686, using header 5 (00045298) at 70741812
WBTWOD size=4686 at 00045298; out=5; waiting=20422 qcount=25108 at 70741812
ProcWOMDONE: 000451b8; outst buffs now=5; samp waiting=20874at 70741999
ProcWOMDONE: iQueueCount=20874
ProcWOMDONE: dwRemaining=0
RTTSStatus(04376fda 00530062)
RTTSStatus(0437702d 00800045)
ProcWOMDONE: 000451f0; outst buffs now=4; samp waiting=18744at 70742124
ProcWOMDONE: iQueueCount=18744
ProcWOMDONE: dwRemaining=0
RTTSStatus(043770ae 00530074)
RTTSStatus(04377101 00ce0069)
ProcWOMDONE: 00045180; outst buffs now=3; samp waiting=14058at 70742312
ProcWOMDONE: iQueueCount=14058
ProcWOMDONE: dwRemaining=0
RTTSStatus(043771d1 01a9005f)
ProcWOMDONE: 00045228; outst buffs now=2; samp waiting=9372at 70742562
ProcWOMDONE: iQueueCount=9372
ProcWOMDONE: dwRemaining=0
ProcWOMDONE: 00045260; outst buffs now=1; samp waiting=4686at 70742749
ProcWOMDONE: iQueueCount=4686
ProcWOMDONE: dwRemaining=0
ProcWOMDONE: 00045298; outst buffs now=0; samp waiting=0at 70742999
ProcWOMDONE: iQueueCount=0
ProcWOMDONE: Closing. iQueueCount=0
ProcWOMCLOSE: outstanding now 0 at 70743077
PA: ReportStatusToApplication()
PlayAudioCallbackRoutine().
RTTSStatus(0000000d 00000000)
  .. TTSMessage 40 posting. [[:nd]]
  .. TTSMessage 41 posting. [Dennis. ..]
Process_TTS_Message #40 at 70743530
  .. TTSMessage processing.
Process_TTS_Message #41 at 70743530
  .. TTSMessage processing.
DoSync at 70743546
OpenWaveOutputDevice: waveOutOpen() {1}
ProcWOMOPEN: outstanding now 0 at 70743608
ProcWOMOPEN: PA_OWN_DEVICE is NOT set
SAP: state=1 QCount=3266 new=0 outstanding=0 at 70743608
SAP: runt start packet?
PA: ReportStatusToApplication()
PlayAudioCallbackRoutine().
RTTSStatus(0000000c 00000000)
SAP: 3266 samples to write at 70743608
WBTWOD size=32 at 00045180; out=0; waiting=0 qcount=3266 at 70743608
WBTWOD size=32 at 000451b8; out=1; waiting=32 qcount=3266 at 70743608
WBTWOD size=32 at 000451f0; out=2; waiting=64 qcount=3266 at 70743608
WBTWOD size=32 at 00045228; out=3; waiting=96 qcount=3266 at 70743608
WBTWOD size=32 at 00045260; out=4; waiting=128 qcount=3266 at 70743608
WBTWOD size=32 at 00045298; out=5; waiting=160 qcount=3266 at 70743608
WBTWOD size=32 at 00046360; out=6; waiting=192 qcount=3266 at 70743608
WBTWOD size=32 at 00046398; out=7; waiting=224 qcount=3266 at 70743608
SAP: exit at 70743608
ProcWOMDONE: 00045180; outst buffs now=7; samp waiting=224at 70743671
ProcWOMDONE: iQueueCount=22262
ProcWOMDONE: dwRemaining=22038
WBTWOD size=22038 at 00045180; out=7; waiting=224 qcount=22262 at 70743671
ProcWOMDONE: 000451b8; outst buffs now=7; samp waiting=16576at 70743733
ProcWOMDONE: iQueueCount=22230
ProcWOMDONE: dwRemaining=5654
WBTWOD size=5654 at 000451b8; out=7; waiting=16576 qcount=22230 at 70743733
ProcWOMDONE: 00046398; outst buffs now=7; samp waiting=22198at 70743733
ProcWOMDONE: iQueueCount=22198
ProcWOMDONE: dwRemaining=0
ProcWOMDONE: 00046360; outst buffs now=6; samp waiting=22166at 70743733
ProcWOMDONE: iQueueCount=22166
ProcWOMDONE: dwRemaining=0
ProcWOMDONE: 00045298; outst buffs now=5; samp waiting=22134at 70743733
ProcWOMDONE: iQueueCount=22134
ProcWOMDONE: dwRemaining=0
ProcWOMDONE: 00045260; outst buffs now=4; samp waiting=22102at 70743733
ProcWOMDONE: iQueueCount=22102
ProcWOMDONE: dwRemaining=0
ProcWOMDONE: 00045228; outst buffs now=3; samp waiting=22070at 70743733
ProcWOMDONE: iQueueCount=22070
ProcWOMDONE: dwRemaining=0
ProcWOMDONE: 000451f0; outst buffs now=2; samp waiting=22038at 70743733
ProcWOMDONE: iQueueCount=22038
ProcWOMDONE: dwRemaining=0
RTTSStatus(04377647 005a0064)
RTTSStatus(043776a1 00870045)
RTTSStatus(04377728 0039006e)
RTTSStatus(04377763 008d0049)
RTTSStatus(043777f0 008d0073)
RTTSStatus(0437787e 01a9005f)
ProcWOMDONE: 00045180; outst buffs now=1; samp waiting=5654at 70744405
ProcWOMDONE: iQueueCount=5654
ProcWOMDONE: dwRemaining=0
ProcWOMDONE: 000451b8; outst buffs now=0; samp waiting=0at 70744718
ProcWOMDONE: iQueueCount=0
ProcWOMDONE: Closing. iQueueCount=0
ProcWOMCLOSE: outstanding now 0 at 70744796
PA: ReportStatusToApplication()
PlayAudioCallbackRoutine().
RTTSStatus(0000000d 00000000)
  .. TTSMessage 42 posting. [[:nf]]
  .. TTSMessage 43 posting. [Frank. ..]
Process_TTS_Message #42 at 70744796
  .. TTSMessage processing.
Process_TTS_Message #43 at 70744796
  .. TTSMessage processing.
DoSync at 70744796
OpenWaveOutputDevice: waveOutOpen() {1}
ProcWOMOPEN: outstanding now 0 at 70744968
ProcWOMOPEN: PA_OWN_DEVICE is NOT set
SAP: state=1 QCount=3266 new=0 outstanding=0 at 70744968
SAP: runt start packet?
PA: ReportStatusToApplication()
PlayAudioCallbackRoutine().
RTTSStatus(0000000c 00000000)
SAP: 3266 samples to write at 70744968
WBTWOD size=32 at 00045180; out=0; waiting=0 qcount=3266 at 70744968
WBTWOD size=32 at 000451b8; out=1; waiting=32 qcount=3266 at 70744968
WBTWOD size=32 at 000451f0; out=2; waiting=64 qcount=3266 at 70744968
WBTWOD size=32 at 00045228; out=3; waiting=96 qcount=3266 at 70744968
WBTWOD size=32 at 00045260; out=4; waiting=128 qcount=3266 at 70744968
WBTWOD size=32 at 00045298; out=5; waiting=160 qcount=3266 at 70744968
WBTWOD size=32 at 00046360; out=6; waiting=192 qcount=3266 at 70744968
WBTWOD size=32 at 00046398; out=7; waiting=224 qcount=3266 at 70744968
SAP: exit at 70744968
ProcWOMDONE: 00045180; outst buffs now=7; samp waiting=224at 70745015
ProcWOMDONE: iQueueCount=21978
ProcWOMDONE: dwRemaining=21754
WBTWOD size=21754 at 00045180; out=7; waiting=224 qcount=21978 at 70745015
ProcWOMDONE: 000451b8; outst buffs now=7; samp waiting=16576at 70745077
ProcWOMDONE: iQueueCount=21946
ProcWOMDONE: dwRemaining=5370
WBTWOD size=5370 at 000451b8; out=7; waiting=16576 qcount=21946 at 70745077
ProcWOMDONE: 00046398; outst buffs now=7; samp waiting=21914at 70745077
ProcWOMDONE: iQueueCount=21914
ProcWOMDONE: dwRemaining=0
ProcWOMDONE: 00046360; outst buffs now=6; samp waiting=21882at 70745077
ProcWOMDONE: iQueueCount=21882
ProcWOMDONE: dwRemaining=0
ProcWOMDONE: 00045298; outst buffs now=5; samp waiting=21850at 70745077
ProcWOMDONE: iQueueCount=21850
ProcWOMDONE: dwRemaining=0
ProcWOMDONE: 00045260; outst buffs now=4; samp waiting=21818at 70745077
ProcWOMDONE: iQueueCount=21818
ProcWOMDONE: dwRemaining=0
ProcWOMDONE: 00045228; outst buffs now=3; samp waiting=21786at 70745077
ProcWOMDONE: iQueueCount=21786
ProcWOMDONE: dwRemaining=0
ProcWOMDONE: 000451f0; outst buffs now=2; samp waiting=21754at 70745077
ProcWOMDONE: iQueueCount=21754
ProcWOMDONE: dwRemaining=0
RTTSStatus(04377b97 00600066)
RTTSStatus(04377bf7 004d0072)
RTTSStatus(04377c43 00ba0040)
RTTSStatus(04377cff 00530047)
  .. TTSMessage 44 posting. [[:nh]]
  .. TTSMessage 45 posting. [Harry. ..]
Process_TTS_Message #44 at 70745405
  .. TTSMessage processing.
Process_TTS_Message #45 at 70745405
  .. TTSMessage processing.
DoSync at 70745405
SAP: state=2 QCount=23884 new=0 outstanding=2 at 70745405
SAP: runt start packet?
SAP: 2130 samples to write at 70745405
SAP: header 0 (00045180) is busy at 70745405
SAP: header 1 (000451b8) is busy at 70745405
WBTWOD size=2130 at 000451f0; out=2; waiting=21754 qcount=23884 at 70745405
SAP: exit at 70745405
RTTSStatus(04377d54 0053006b)
RTTSStatus(04377da7 00190078)
RTTSStatus(04377dc0 01a9005f)
ProcWOMDONE: 00045180; outst buffs now=2; samp waiting=7500at 70745765
ProcWOMDONE: iQueueCount=26528
ProcWOMDONE: dwRemaining=19028
WBTWOD size=4756 at 00045180; out=2; waiting=7500 qcount=26528 at 70745765
ProcWOMDONE: header 0 (00045180) is busy at 70745765
ProcWOMDONE: header 1 (000451b8) is busy at 70745765
ProcWOMDONE: header 2 (000451f0) is busy at 70745765
ProcWOMDONE: dwRemaining=14272, uiWriteLength=4756, using header 3 (00045228) at 70745765
WBTWOD size=4756 at 00045228; out=3; waiting=12256 qcount=26528 at 70745765
ProcWOMDONE: dwRemaining=9516, uiWriteLength=4756, using header 4 (00045260) at 70745765
WBTWOD size=4756 at 00045260; out=4; waiting=17012 qcount=26528 at 70745765
ProcWOMDONE: dwRemaining=4760, uiWriteLength=4760, using header 5 (00045298) at 70745765
WBTWOD size=4760 at 00045298; out=5; waiting=21768 qcount=26528 at 70745765
ProcWOMDONE: 000451b8; outst buffs now=5; samp waiting=21158at 70746015
ProcWOMDONE: iQueueCount=21158
ProcWOMDONE: dwRemaining=0
RTTSStatus(04377f7e 005a0068)
  .. TTSMessage 46 posting. [[:nb]]
  .. TTSMessage 47 posting. [Betty. ..]
Process_TTS_Message #46 at 70746077
  .. TTSMessage processing.
Process_TTS_Message #47 at 70746077
  .. TTSMessage processing.
DoSync at 70746077
SAP: state=2 QCount=23288 new=0 outstanding=5 at 70746077
SAP: runt start packet?
SAP: 2130 samples to write at 70746077
SAP: header 0 (00045180) is busy at 70746077
WBTWOD size=2130 at 000451b8; out=5; waiting=21158 qcount=23288 at 70746077
SAP: exit at 70746077
RTTSStatus(04377fd9 00ee004b)
ProcWOMDONE: 000451f0; outst buffs now=5; samp waiting=21158at 70746140
ProcWOMDONE: iQueueCount=39902
ProcWOMDONE: dwRemaining=18744
WBTWOD size=9372 at 000451f0; out=5; waiting=21158 qcount=39902 at 70746140
ProcWOMDONE: header 0 (00045180) is busy at 70746140
ProcWOMDONE: header 1 (000451b8) is busy at 70746140
ProcWOMDONE: header 2 (000451f0) is busy at 70746140
ProcWOMDONE: header 3 (00045228) is busy at 70746140
ProcWOMDONE: header 4 (00045260) is busy at 70746140
ProcWOMDONE: header 5 (00045298) is busy at 70746140
ProcWOMDONE: dwRemaining=9372, uiWriteLength=9372, using header 6 (00046360) at 70746140
WBTWOD size=9372 at 00046360; out=6; waiting=30530 qcount=39902 at 70746140
ProcWOMDONE: 00045180; outst buffs now=6; samp waiting=35146at 70746327
ProcWOMDONE: iQueueCount=35146
ProcWOMDONE: dwRemaining=0
RTTSStatus(043780c7 00ba0069)
RTTSStatus(04378182 01a9005f)
  .. TTSMessage 48 posting. [[:np]]
  .. TTSMessage 49 posting. [Paul. ..]
Process_TTS_Message #48 at 70746530
  .. TTSMessage processing.
Process_TTS_Message #49 at 70746530
  .. TTSMessage processing.
DoSync at 70746530
SAP: state=2 QCount=37276 new=0 outstanding=6 at 70746530
SAP: runt start packet?
SAP: 2130 samples to write at 70746530
WBTWOD size=2130 at 00045180; out=6; waiting=35146 qcount=37276 at 70746530
SAP: exit at 70746530
ProcWOMDONE: 00045228; outst buffs now=6; samp waiting=32520at 70746577
ProcWOMDONE: iQueueCount=49986
ProcWOMDONE: dwRemaining=17466
WBTWOD size=17466 at 00045228; out=6; waiting=32520 qcount=49986 at 70746577
ProcWOMDONE: header 0 (00045180) is busy at 70746577
ProcWOMDONE: header 1 (000451b8) is busy at 70746577
ProcWOMDONE: header 2 (000451f0) is busy at 70746577
ProcWOMDONE: header 3 (00045228) is busy at 70746577
ProcWOMDONE: header 4 (00045260) is busy at 70746577
ProcWOMDONE: header 5 (00045298) is busy at 70746577
ProcWOMDONE: header 6 (00046360) is busy at 70746577
ProcWOMDONE: dwRemaining=1082, uiWriteLength=1082, using header 7 (00046398) at 70746577
WBTWOD size=1082 at 00046398; out=7; waiting=48904 qcount=49986 at 70746577
ProcWOMDONE: 00045260; outst buffs now=7; samp waiting=45230at 70746765
ProcWOMDONE: iQueueCount=45230
ProcWOMDONE: dwRemaining=0
RTTSStatus(0437833f 00530062)
ProcWOMDONE: 00045298; outst buffs now=6; samp waiting=40470at 70747015
ProcWOMDONE: iQueueCount=40470
ProcWOMDONE: dwRemaining=0
RTTSStatus(04378393 00800045)
ProcWOMDONE: 000451b8; outst buffs now=5; samp waiting=38340at 70747077
ProcWOMDONE: iQueueCount=38340
ProcWOMDONE: dwRemaining=0
RTTSStatus(04378413 00530074)
RTTSStatus(04378468 00ce0069)
RTTSStatus(04378537 01a9005f)
ProcWOMDONE: 000451f0; outst buffs now=4; samp waiting=28968at 70747515
ProcWOMDONE: iQueueCount=28968
ProcWOMDONE: dwRemaining=0
RTTSStatus(043786f3 005a0070)
ProcWOMDONE: 00046360; outst buffs now=3; samp waiting=19596at 70747952
ProcWOMDONE: iQueueCount=19596
ProcWOMDONE: dwRemaining=0
ProcWOMDONE: 00045180; outst buffs now=2; samp waiting=17466at 70748015
ProcWOMDONE: iQueueCount=17466
ProcWOMDONE: dwRemaining=0
RTTSStatus(0437874d 00e10063)
RTTSStatus(04378830 0080006c)
RTTSStatus(043788b1 01a9005f)
ProcWOMDONE: 00045228; outst buffs now=1; samp waiting=1082at 70748765
ProcWOMDONE: iQueueCount=1082
ProcWOMDONE: dwRemaining=0
ProcWOMDONE: 00046398; outst buffs now=0; samp waiting=0at 70748827
ProcWOMDONE: iQueueCount=0
ProcWOMDONE: Closing. iQueueCount=0
ProcWOMCLOSE: outstanding now 0 at 70748905
PA: ReportStatusToApplication()
PlayAudioCallbackRoutine().
RTTSStatus(0000000d 00000000)
  .. TTSMessage 50 posting. [[:np]]
  .. TTSMessage 51 posting. [Paul. ..]
Process_TTS_Message #50 at 70751530
  .. TTSMessage processing.
Process_TTS_Message #51 at 70751530
  .. TTSMessage processing.
DoSync at 70751530
OpenWaveOutputDevice: waveOutOpen() {1}
ProcWOMOPEN: outstanding now 0 at 70751593
ProcWOMOPEN: PA_OWN_DEVICE is NOT set
SAP: state=1 QCount=3266 new=0 outstanding=0 at 70751593
SAP: runt start packet?
PA: ReportStatusToApplication()
PlayAudioCallbackRoutine().
RTTSStatus(0000000c 00000000)
SAP: 3266 samples to write at 70751593
WBTWOD size=32 at 00045180; out=0; waiting=0 qcount=3266 at 70751593
WBTWOD size=32 at 000451b8; out=1; waiting=32 qcount=3266 at 70751593
WBTWOD size=32 at 000451f0; out=2; waiting=64 qcount=3266 at 70751593
WBTWOD size=32 at 00045228; out=3; waiting=96 qcount=3266 at 70751593
WBTWOD size=32 at 00045260; out=4; waiting=128 qcount=3266 at 70751593
WBTWOD size=32 at 00045298; out=5; waiting=160 qcount=3266 at 70751593
WBTWOD size=32 at 00046360; out=6; waiting=192 qcount=3266 at 70751593
WBTWOD size=32 at 00046398; out=7; waiting=224 qcount=3266 at 70751593
SAP: exit at 70751593
ProcWOMDONE: 00045180; outst buffs now=7; samp waiting=224at 70751655
ProcWOMDONE: iQueueCount=19564
ProcWOMDONE: dwRemaining=19340
WBTWOD size=19340 at 00045180; out=7; waiting=224 qcount=19564 at 70751655
ProcWOMDONE: 000451b8; outst buffs now=7; samp waiting=16576at 70751702
ProcWOMDONE: iQueueCount=19532
ProcWOMDONE: dwRemaining=2956
WBTWOD size=2956 at 000451b8; out=7; waiting=16576 qcount=19532 at 70751702
ProcWOMDONE: 00046398; outst buffs now=7; samp waiting=19500at 70751702
ProcWOMDONE: iQueueCount=19500
ProcWOMDONE: dwRemaining=0
ProcWOMDONE: 00046360; outst buffs now=6; samp waiting=19468at 70751702
ProcWOMDONE: iQueueCount=19468
ProcWOMDONE: dwRemaining=0
ProcWOMDONE: 00045298; outst buffs now=5; samp waiting=19436at 70751702
ProcWOMDONE: iQueueCount=19436
ProcWOMDONE: dwRemaining=0
ProcWOMDONE: 00045260; outst buffs now=4; samp waiting=19404at 70751702
ProcWOMDONE: iQueueCount=19404
ProcWOMDONE: dwRemaining=0
ProcWOMDONE: 00045228; outst buffs now=3; samp waiting=19372at 70751718
ProcWOMDONE: iQueueCount=19372
ProcWOMDONE: dwRemaining=0
ProcWOMDONE: 000451f0; outst buffs now=2; samp waiting=19340at 70751718
ProcWOMDONE: iQueueCount=19340
ProcWOMDONE: dwRemaining=0
RTTSStatus(04379578 005a0070)
RTTSStatus(043795d2 00e10063)
  .. TTSMessage 52 posting. [[:nb]]
  .. TTSMessage 53 posting. [Betty. ..]
Process_TTS_Message #52 at 70751952
  .. TTSMessage processing.
Process_TTS_Message #53 at 70751952
  .. TTSMessage processing.
DoSync at 70751952
SAP: state=2 QCount=21470 new=0 outstanding=2 at 70751952
SAP: runt start packet?
SAP: 2130 samples to write at 70751952
SAP: header 0 (00045180) is busy at 70751952
SAP: header 1 (000451b8) is busy at 70751952
WBTWOD size=2130 at 000451f0; out=2; waiting=19340 qcount=21470 at 70751952
SAP: exit at 70751952
RTTSStatus(043796b4 0080006c)
RTTSStatus(04379735 01a9005f)
ProcWOMDONE: 00045180; outst buffs now=2; samp waiting=5086at 70752390
ProcWOMDONE: iQueueCount=23830
ProcWOMDONE: dwRemaining=18744
WBTWOD size=4686 at 00045180; out=2; waiting=5086 qcount=23830 at 70752390
ProcWOMDONE: header 0 (00045180) is busy at 70752390
ProcWOMDONE: header 1 (000451b8) is busy at 70752390
ProcWOMDONE: header 2 (000451f0) is busy at 70752390
ProcWOMDONE: dwRemaining=14058, uiWriteLength=4686, using header 3 (00045228) at 70752390
WBTWOD size=4686 at 00045228; out=3; waiting=9772 qcount=23830 at 70752390
ProcWOMDONE: dwRemaining=9372, uiWriteLength=4686, using header 4 (00045260) at 70752390
WBTWOD size=4686 at 00045260; out=4; waiting=14458 qcount=23830 at 70752390
ProcWOMDONE: dwRemaining=4686, uiWriteLength=4686, using header 5 (00045298) at 70752390
WBTWOD size=4686 at 00045298; out=5; waiting=19144 qcount=23830 at 70752390
RTTSStatus(043798f1 00530062)
ProcWOMDONE: 000451b8; outst buffs now=5; samp waiting=20874at 70752577
ProcWOMDONE: iQueueCount=20874
ProcWOMDONE: dwRemaining=0
RTTSStatus(04379946 00800045)
ProcWOMDONE: 000451f0; outst buffs now=4; samp waiting=18744at 70752640
ProcWOMDONE: iQueueCount=18744
ProcWOMDONE: dwRemaining=0
RTTSStatus(043799c7 00530074)
RTTSStatus(04379a1b 00ce0069)
ProcWOMDONE: 00045180; outst buffs now=3; samp waiting=14058at 70752890
ProcWOMDONE: iQueueCount=14058
ProcWOMDONE: dwRemaining=0
  .. TTSMessage 54 posting. [[:nh]]
  .. TTSMessage 55 posting. [Harry. ..]
Process_TTS_Message #54 at 70752937
  .. TTSMessage processing.
Process_TTS_Message #55 at 70752937
  .. TTSMessage processing.
DoSync at 70752937
SAP: state=2 QCount=16188 new=0 outstanding=3 at 70752937
SAP: runt start packet?
SAP: 2130 samples to write at 70752937
WBTWOD size=2130 at 00045180; out=3; waiting=14058 qcount=16188 at 70752937
SAP: exit at 70752937
RTTSStatus(04379ae8 01a9005f)
ProcWOMDONE: 00045228; outst buffs now=3; samp waiting=11502at 70753077
ProcWOMDONE: iQueueCount=30530
ProcWOMDONE: dwRemaining=19028
WBTWOD size=4756 at 00045228; out=3; waiting=11502 qcount=30530 at 70753077
ProcWOMDONE: header 0 (00045180) is busy at 70753077
ProcWOMDONE: dwRemaining=14272, uiWriteLength=4756, using header 1 (000451b8) at 70753077
WBTWOD size=4756 at 000451b8; out=4; waiting=16258 qcount=30530 at 70753077
ProcWOMDONE: dwRemaining=9516, uiWriteLength=4756, using header 2 (000451f0) at 70753077
WBTWOD size=4756 at 000451f0; out=5; waiting=21014 qcount=30530 at 70753077
ProcWOMDONE: header 3 (00045228) is busy at 70753077
ProcWOMDONE: header 4 (00045260) is busy at 70753077
ProcWOMDONE: header 5 (00045298) is busy at 70753077
ProcWOMDONE: dwRemaining=4760, uiWriteLength=4760, using header 6 (00046360) at 70753077
WBTWOD size=4760 at 00046360; out=6; waiting=25770 qcount=30530 at 70753077
ProcWOMDONE: 00045260; outst buffs now=6; samp waiting=25844at 70753265
ProcWOMDONE: iQueueCount=25844
ProcWOMDONE: dwRemaining=0
  .. TTSMessage 56 posting. [[:nb]]
  .. TTSMessage 57 posting. [Betty. ..]
Process_TTS_Message #56 at 70753343
  .. TTSMessage processing.
Process_TTS_Message #57 at 70753343
  .. TTSMessage processing.
DoSync at 70753343
SAP: state=2 QCount=27974 new=0 outstanding=6 at 70753343
SAP: runt start packet?
SAP: 2130 samples to write at 70753343
SAP: header 0 (00045180) is busy at 70753343
SAP: header 1 (000451b8) is busy at 70753343
SAP: header 2 (000451f0) is busy at 70753343
SAP: header 3 (00045228) is busy at 70753343
WBTWOD size=2130 at 00045260; out=6; waiting=25844 qcount=27974 at 70753343
SAP: exit at 70753343
RTTSStatus(04379ca6 005a0068)
ProcWOMDONE: 00045298; outst buffs now=6; samp waiting=23288at 70753515
ProcWOMDONE: iQueueCount=42032
ProcWOMDONE: dwRemaining=18744
WBTWOD size=18744 at 00045298; out=6; waiting=23288 qcount=42032 at 70753515
ProcWOMDONE: header 0 (00045180) is busy at 70753515
ProcWOMDONE: header 1 (000451b8) is busy at 70753515
ProcWOMDONE: header 2 (000451f0) is busy at 70753515
ProcWOMDONE: header 3 (00045228) is busy at 70753515
ProcWOMDONE: header 4 (00045260) is busy at 70753515
ProcWOMDONE: header 5 (00045298) is busy at 70753515
ProcWOMDONE: header 6 (00046360) is busy at 70753515
ProcWOMDONE: dwRemaining=2360, uiWriteLength=2360, using header 7 (00046398) at 70753515
WBTWOD size=2360 at 00046398; out=7; waiting=39672 qcount=42032 at 70753515
RTTSStatus(04379cff 00ee004b)
ProcWOMDONE: 00045180; outst buffs now=7; samp waiting=39902at 70753577
ProcWOMDONE: iQueueCount=39902
ProcWOMDONE: dwRemaining=0
RTTSStatus(04379dee 00ba0069)
ProcWOMDONE: 00045228; outst buffs now=6; samp waiting=35146at 70753827
ProcWOMDONE: iQueueCount=35146
ProcWOMDONE: dwRemaining=0
RTTSStatus(04379eaa 01a9005f)
ProcWOMDONE: 000451b8; outst buffs now=5; samp waiting=30390at 70754015
ProcWOMDONE: iQueueCount=30390
ProcWOMDONE: dwRemaining=0
ProcWOMDONE: 000451f0; outst buffs now=4; samp waiting=25634at 70754265
ProcWOMDONE: iQueueCount=25634
ProcWOMDONE: dwRemaining=0
RTTSStatus(0437a065 00530062)
ProcWOMDONE: 00046360; outst buffs now=3; samp waiting=20874at 70754452
ProcWOMDONE: iQueueCount=20874
ProcWOMDONE: dwRemaining=0
RTTSStatus(0437a0ba 00800045)
ProcWOMDONE: 00045260; outst buffs now=2; samp waiting=18744at 70754577
ProcWOMDONE: iQueueCount=18744
ProcWOMDONE: dwRemaining=0
RTTSStatus(0437a13b 00