TTSreset() at 260271453 (0). 
TTSreset: ->halting is set. 
vtmiont: EmptyVtmPipe at 260271453
WFTQTC() at 260271453.
  .. TTSMessage processing.
WFTQTC() exit 15 ms.
WFTQTC() at 260271468.
  .. TTSMessage processing.
WFTQTC() exit 16 ms.
WaitForEmptyPipes at 260271484
WaitForEmptyPipes exit at 260271484 (0) ms
TTSReset init threads at 260271484
WaitForEmptyPipes at 260271484
WaitForEmptyPipes: c:0 l:0 p:2 v:0 s:0 at 260271484
WaitForEmptyPipes exit at 260271500 (16) ms
TTSReset() exiting 3 at 260271500
WFTQTC() at 260271500.
WFTQTC() exit 0 ms.
WFTQTC() at 260271500.
  .. TTSMessage processing.
  .. TTSMessage processing.
WFTQTC() exit 15 ms.
WaitForEmptyPipes at 260271515
WaitForEmptyPipes exit at 260271515 (0) ms
WFTQTC() at 260304812.
WFTQTC() exit 0 ms.
WFTQTC() at 260304812.
  .. TTSMessage processing.
  .. TTSMessage processing.
SendBuffer().
 SB (!reset).
SB done.
SendBuffer().
 SB (!reset).
SB done.
SendBuffer().
 SB (!reset).
SB done.
WFTQTC() exit 16 ms.
WaitForEmptyPipes at 260304828
WaitForEmptyPipes exit at 260304828 (0) ms
TTSreset() at 260304828 (0). 
TTSreset: ->halting is set. 
vtmiont: EmptyVtmPipe at 260304828
WFTQTC() at 260304828.
  .. TTSMessage processing.
WFTQTC() exit 15 ms.
WFTQTC() at 260304843.
  .. TTSMessage processing.
WFTQTC() exit 16 ms.
WaitForEmptyPipes at 260304859
WaitForEmptyPipes exit at 260304859 (0) ms
TTSReset init threads at 260304859
WaitForEmptyPipes at 260304859
WaitForEmptyPipes: c:0 l:0 p:2 v:0 s:0 at 260304859
WaitForEmptyPipes exit at 260304875 (16) ms
TTSReset() exiting 3 at 260304875
