rule:	0
	index:	0
		operation:	digit
		lookahead to is disabled
		lookahead from is disabled
		digit range is on
		number of descriptors = 2
		descriptor 0 	value=2 continue=1 any=0
		descriptor 1 	value=40 continue=0 any=0
	index:	1
		operation:	exact
		string length=1
		the string is ':'
	index:	2
		operation:	digit
		lookahead to is disabled
		lookahead from is disabled
		digit range is on
		number of descriptors = 2
		descriptor 0 	value=0 continue=1 any=0
		descriptor 1 	value=32 continue=0 any=0
	index:	3
		operation:	optional
		end of match = 5
	index:	4
		operation:	exact
		string length=1
		the string is ':'
	index:	5
		operation:	digit
		lookahead to is disabled
		lookahead from is disabled
		digit range is on
		number of descriptors = 2
		descriptor 0 	value=4 continue=1 any=0
		descriptor 1 	value=12 continue=0 any=0
rule:	1
	index:	0
		operation:	after
		conditional replacement is set
		number of conditional replacements is 3
		r number 0	end is 3
		r number 1	end is 5
		r number 2	end is 6
		end of match = 1
		end of action =7
	index:	1
		operation:	digit
		lookahead to is disabled
		lookahead from is disabled
		number of descriptors = 1
		descriptor 0 	value=3 continue=0 any=0
	index:	2
		operation:	exact
		case insensitive is set
		string length=1
		the string is 't'
	index:	3
		operation:	exact
		string length=1
		the string is 'h'
	index:	4
		operation:	exact
		case insensitive is set
		string length=1
		the string is 's'
	index:	5
		operation:	exact
		string length=1
		the string is 't'
	index:	6
		operation:	exact
		case insensitive is set
		string length=2
		the string is 'nd'
	index:	7
		operation:	exact
		case insensitive is set
		string length=2
		the string is 'rd'
rule:	2
	index:	0
		operation:	alphabet
		lookahead to is disabled
		lookahead from is disabled
		number of descriptors = 2
		descriptor 0 	value=2 continue=1 any=0
		descriptor 1 	value=5 continue=0 any=0
	index:	1
		operation:	dictionary
		dictionary number 1
		miss action is FAIL
		end of match = 2
		end of hit action 6
		end of action =6
	index:	2
		operation:	digit
		lookahead to is disabled
		next type 7
		number of descriptors = 2
		descriptor 0 	value=2 continue=1 any=0
		descriptor 1 	value=5 continue=0 any=0
	index:	3
		operation:	copy
		end of match = 6
	index:	4
		operation:	replace
		end of match = 5
		end of action =6
	index:	5
		operation:	restore
		data restored from 7
	index:	6
		operation:	restore
		data restored from 9
	index:	7
		operation:	non alphabet
		lookahead from is disabled
		number of descriptors = 1
		descriptor 0 	value=1 continue=0 any=1
rule:	3
	index:	0
		operation:	character
		lookahead to is disabled
		next type 1
		number of descriptors = 2
		descriptor 0 	value=1 continue=1 any=0
		descriptor 1 	value=3 continue=0 any=0
	index:	1
		operation:	clause boundry
		lookahead from is disabled
		number of descriptors = 1
		descriptor 0 	value=0 continue=0 any=1
rule:	4
	index:	0
		operation:	replace
		end of match = 1
		end of action =2
	index:	1
		operation:	exact
		case insensitive is set
		string length=2
		the string is 'if'
	index:	2
		operation:	exact
		string length=5
		the string is 'while'
rule:	5
	index:	0
		operation:	after
		end of match = 7
		end of action =8
	index:	1
		operation:	digit
		lookahead to is disabled
		lookahead from is disabled
		digit range is on
		number of descriptors = 2
		descriptor 0 	value=2 continue=1 any=0
		descriptor 1 	value=50 continue=0 any=0
	index:	2
		operation:	delete
		end of match = 3
	index:	3
		operation:	exact
		string length=1
		the string is ':'
	index:	4
		operation:	replace
		end of match = 6
		end of action =7
	index:	5
		operation:	alphabet
		lookahead to is disabled
		next type 6
		number of descriptors = 1
		descriptor 0 	value=1 continue=0 any=1
	index:	6
		operation:	upper
		lookahead from is disabled
		number of descriptors = 1
		descriptor 0 	value=4 continue=0 any=0
	index:	7
		operation:	exact
		string length=2
		the string is 'me'
	index:	8
		operation:	exact
		string length=4
		the string is ' foo'
rule:	6
	index:	0
		operation:	after
		end of match = 1
		end of action =2
	index:	1
		operation:	digit
		lookahead to is disabled
		lookahead from is disabled
		number of descriptors = 4
		using large descriptors
		descriptor 0 	value=2 continue=1 any=0
		descriptor 1 	value=50 continue=0 any=0
		descriptor 2 	value=63 continue=1 any=0
		descriptor 3 	value=100 continue=0 any=0
	index:	2
		operation:	exact
		string length=4
		the string is ' foo'
rule:	7
	index:	0
		operation:	macro
		rule to macro = 4
	index:	1
		operation:	exact
		string length=1
		the string is '3'
	index:	2
		operation:	macro
		rule to macro = 5
rule:	8
	index:	0
		operation:	dictionary
		dictionary number 1
		miss action is FAIL
		end of match = 1
		end of hit action 5
		end of action =5
	index:	1
		operation:	digit
		lookahead to is disabled
		lookahead from is disabled
		number of descriptors = 2
		descriptor 0 	value=2 continue=1 any=0
		descriptor 1 	value=3 continue=0 any=0
	index:	2
		operation:	copy
		end of match = 5
	index:	3
		operation:	replace
		end of match = 4
		end of action =5
	index:	4
		operation:	alphanumeric
		lookahead to is disabled
		lookahead from is disabled
		number of descriptors = 2
		descriptor 0 	value=2 continue=1 any=0
		descriptor 1 	value=3 continue=0 any=0
	index:	5
		operation:	restore
		data restored from 9
	index:	6
		operation:	alphabet
		lookahead to is disabled
		lookahead from is disabled
		number of descriptors = 2
		descriptor 0 	value=2 continue=1 any=0
		descriptor 1 	value=3 continue=0 any=0
rule:	9
	index:	0
		operation:	delete
		end of match = 2
	index:	1
		operation:	save
		save location = 2
		end of match = 2
	index:	2
		operation:	non alphabet
		lookahead to is disabled
		lookahead from is disabled
		number of descriptors = 1
		compliment is on
		descriptor 0 	value=4 continue=0 any=0
	index:	3
		operation:	after
		end of match = 6
		end of action =8
	index:	4
		operation:	alphabet
		lookahead from is disabled
		number of descriptors = 2
		descriptor 0 	value=2 continue=1 any=0
		descriptor 1 	value=7 continue=0 any=0
	index:	5
		operation:	exact
		string length=1
		the string is '.'
	index:	6
		operation:	alphanumeric
		lookahead to is disabled
		lookahead from is disabled
		number of descriptors = 2
		descriptor 0 	value=0 continue=1 any=0
		descriptor 1 	value=3 continue=0 any=0
	index:	7
		operation:	exact
		string length=1
		the string is ' '
	index:	8
		operation:	restore
		data restored from 2
rule:	10
	index:	0
		operation:	alphanumeric
		lookahead to is disabled
		lookahead from is disabled
		number of descriptors = 1
		descriptor 0 	value=1 continue=0 any=0
	index:	1
		operation:	alphabet
		lookahead from is disabled
		number of descriptors = 1
		descriptor 0 	value=2 continue=0 any=0
	index:	2
		operation:	character
		next type 3
		number of descriptors = 2
		descriptor 0 	value=1 continue=1 any=0
		descriptor 1 	value=3 continue=0 any=0
	index:	3
		operation:	clause boundry
		lookahead from is disabled
		number of descriptors = 1
		descriptor 0 	value=0 continue=0 any=1
	index:	4
		operation:	consonant
		lookahead to is disabled
		next type 5
		number of descriptors = 1
		descriptor 0 	value=1 continue=0 any=1
	index:	5
		operation:	lower
		lookahead from is disabled
		number of descriptors = 2
		descriptor 0 	value=3 continue=1 any=0
		descriptor 1 	value=0 continue=0 any=1
	index:	6
		operation:	non alphabet
		lookahead to is disabled
		next type 7
		number of descriptors = 2
		descriptor 0 	value=3 continue=1 any=0
		descriptor 1 	value=1 continue=0 any=1
	index:	7
		operation:	number
		next type 8
		number of descriptors = 3
		descriptor 0 	value=2 continue=1 any=0
		descriptor 1 	value=4 continue=0 any=0
		descriptor 2 	value=0 continue=0 any=1
	index:	8
		operation:	punct_some
		lookahead from is disabled
		number of descriptors = 3
		using large descriptors
		descriptor 0 	value=3 continue=1 any=0
		descriptor 1 	value=76 continue=0 any=0
		descriptor 2 	value=1 continue=0 any=1
rule:	11
	index:	0
		operation:	punctuation
		lookahead to is disabled
		lookahead from is disabled
		number of descriptors = 4
		descriptor 0 	value=1 continue=1 any=0
		descriptor 1 	value=3 continue=0 any=0
		descriptor 2 	value=5 continue=1 any=0
		descriptor 3 	value=12 continue=0 any=0
	index:	1
		operation:	upper
		lookahead to is disabled
		next type 2
		number of descriptors = 4
		descriptor 0 	value=1 continue=1 any=0
		descriptor 1 	value=4 continue=0 any=0
		descriptor 2 	value=6 continue=1 any=0
		descriptor 3 	value=0 continue=0 any=1
	index:	2
		operation:	vowel
		next type 3
		number of descriptors = 4
		descriptor 0 	value=23 continue=1 any=0
		descriptor 1 	value=43 continue=0 any=0
		descriptor 2 	value=55 continue=1 any=0
		descriptor 3 	value=1 continue=0 any=1
	index:	3
		operation:	vowel non y
		lookahead from is disabled
		number of descriptors = 1
		descriptor 0 	value=3 continue=0 any=0
	index:	4
		operation:	whitespace
		lookahead to is disabled
		lookahead from is disabled
		number of descriptors = 1
		descriptor 0 	value=3 continue=0 any=0
	index:	5
		operation:	digit
		lookahead to is disabled
		lookahead from is disabled
		number of descriptors = 1
		descriptor 0 	value=4 continue=0 any=0
	index:	6
		operation:	digit
		lookahead from is disabled
		digit range is on
		number of descriptors = 2
		using large descriptors
		descriptor 0 	value=3 continue=1 any=0
		descriptor 1 	value=234 continue=0 any=0
rule:	12
	index:	0
		operation:	alphanumeric
		lookahead to is disabled
		lookahead from is disabled
		number of descriptors = 1
		descriptor 0 	value=1 continue=0 any=0
	index:	1
		operation:	alphabet
		lookahead from is disabled
		number of descriptors = 1
		descriptor 0 	value=2 continue=0 any=0
	index:	2
		operation:	character
		lookahead from is disabled
		number of descriptors = 2
		descriptor 0 	value=1 continue=1 any=0
		descriptor 1 	value=3 continue=0 any=0
	index:	3
		operation:	clause boundry
		lookahead from is disabled
		number of descriptors = 1
		descriptor 0 	value=0 continue=0 any=1
	index:	4
		operation:	consonant
		lookahead to is disabled
		lookahead from is disabled
		number of descriptors = 1
		descriptor 0 	value=1 continue=0 any=1
	index:	5
		operation:	lower
		lookahead from is disabled
		number of descriptors = 2
		descriptor 0 	value=3 continue=1 any=0
		descriptor 1 	value=0 continue=0 any=1
	index:	6
		operation:	non alphabet
		lookahead to is disabled
		lookahead from is disabled
		number of descriptors = 2
		descriptor 0 	value=3 continue=1 any=0
		descriptor 1 	value=1 continue=0 any=1
	index:	7
		operation:	number
		lookahead from is disabled
		number of descriptors = 3
		descriptor 0 	value=2 continue=1 any=0
		descriptor 1 	value=4 continue=0 any=0
		descriptor 2 	value=0 continue=0 any=1
	index:	8
		operation:	punct_some
		lookahead from is disabled
		number of descriptors = 3
		using large descriptors
		descriptor 0 	value=3 continue=1 any=0
		descriptor 1 	value=76 continue=0 any=0
		descriptor 2 	value=1 continue=0 any=1
rule:	13
	index:	0
		operation:	punctuation
		lookahead to is disabled
		lookahead from is disabled
		number of descriptors = 4
		descriptor 0 	value=1 continue=1 any=0
		descriptor 1 	value=3 continue=0 any=0
		descriptor 2 	value=5 continue=1 any=0
		descriptor 3 	value=12 continue=0 any=0
	index:	1
		operation:	upper
		lookahead to is disabled
		lookahead from is disabled
		number of descriptors = 4
		descriptor 0 	value=1 continue=1 any=0
		descriptor 1 	value=4 continue=0 any=0
		descriptor 2 	value=6 continue=1 any=0
		descriptor 3 	value=0 continue=0 any=1
	index:	2
		operation:	vowel
		lookahead from is disabled
		number of descriptors = 4
		descriptor 0 	value=23 continue=1 any=0
		descriptor 1 	value=43 continue=0 any=0
		descriptor 2 	value=55 continue=1 any=0
		descriptor 3 	value=1 continue=0 any=1
	index:	3
		operation:	vowel non y
		lookahead from is disabled
		number of descriptors = 1
		descriptor 0 	value=3 continue=0 any=0
	index:	4
		operation:	whitespace
		lookahead to is disabled
		lookahead from is disabled
		number of descriptors = 1
		descriptor 0 	value=3 continue=0 any=0
	index:	5
		operation:	digit
		lookahead to is disabled
		lookahead from is disabled
		number of descriptors = 1
		descriptor 0 	value=4 continue=0 any=0
	index:	6
		operation:	digit
		lookahead from is disabled
		digit range is on
		number of descriptors = 2
		using large descriptors
		descriptor 0 	value=3 continue=1 any=0
		descriptor 1 	value=234 continue=0 any=0
rule:	14
	index:	0
		operation:	alphanumeric
		lookahead to is disabled
		lookahead from is disabled
		number of descriptors = 1
		compliment is on
		descriptor 0 	value=1 continue=0 any=0
	index:	1
		operation:	alphabet
		lookahead from is disabled
		number of descriptors = 1
		compliment is on
		descriptor 0 	value=2 continue=0 any=0
	index:	2
		operation:	character
		lookahead to is disabled
		lookahead from is disabled
		number of descriptors = 2
		compliment is on
		descriptor 0 	value=1 continue=1 any=0
		descriptor 1 	value=3 continue=0 any=0
	index:	3
		operation:	clause boundry
		lookahead to is disabled
		next type 4
		number of descriptors = 1
		compliment is on
		descriptor 0 	value=0 continue=0 any=1
	index:	4
		operation:	consonant
		next type 5
		number of descriptors = 1
		compliment is on
		descriptor 0 	value=1 continue=0 any=1
	index:	5
		operation:	lower
		next type 6
		number of descriptors = 2
		compliment is on
		descriptor 0 	value=3 continue=1 any=0
		descriptor 1 	value=0 continue=0 any=1
	index:	6
		operation:	non alphabet
		next type 7
		number of descriptors = 2
		compliment is on
		descriptor 0 	value=3 continue=1 any=0
		descriptor 1 	value=1 continue=0 any=1
	index:	7
		operation:	number
		next type 8
		number of descriptors = 3
		compliment is on
		descriptor 0 	value=2 continue=1 any=0
		descriptor 1 	value=4 continue=0 any=0
		descriptor 2 	value=0 continue=0 any=1
	index:	8
		operation:	punct_some
		lookahead from is disabled
		number of descriptors = 3
		compliment is on
		using large descriptors
		descriptor 0 	value=3 continue=1 any=0
		descriptor 1 	value=76 continue=0 any=0
		descriptor 2 	value=1 continue=0 any=1
rule:	15
	index:	0
		operation:	punctuation
		lookahead to is disabled
		next type 1
		number of descriptors = 4
		compliment is on
		descriptor 0 	value=1 continue=1 any=0
		descriptor 1 	value=3 continue=0 any=0
		descriptor 2 	value=5 continue=1 any=0
		descriptor 3 	value=12 continue=0 any=0
	index:	1
		operation:	upper
		next type 2
		number of descriptors = 4
		compliment is on
		descriptor 0 	value=1 continue=1 any=0
		descriptor 1 	value=4 continue=0 any=0
		descriptor 2 	value=6 continue=1 any=0
		descriptor 3 	value=0 continue=0 any=1
	index:	2
		operation:	vowel
		next type 3
		number of descriptors = 4
		compliment is on
		descriptor 0 	value=23 continue=1 any=0
		descriptor 1 	value=43 continue=0 any=0
		descriptor 2 	value=55 continue=1 any=0
		descriptor 3 	value=1 continue=0 any=1
	index:	3
		operation:	vowel non y
		lookahead from is disabled
		number of descriptors = 1
		compliment is on
		descriptor 0 	value=3 continue=0 any=0
	index:	4
		operation:	whitespace
		lookahead from is disabled
		number of descriptors = 1
		compliment is on
		descriptor 0 	value=3 continue=0 any=0
	index:	5
		operation:	digit
		lookahead from is disabled
		number of descriptors = 1
		compliment is on
		descriptor 0 	value=4 continue=0 any=0
rule:	16
	index:	0
		operation:	alphanumeric
		lookahead to is disabled
		lookahead from is disabled
		number of descriptors = 1
		compliment is on
		descriptor 0 	value=1 continue=0 any=0
	index:	1
		operation:	alphabet
		lookahead from is disabled
		number of descriptors = 1
		compliment is on
		descriptor 0 	value=2 continue=0 any=0
	index:	2
		operation:	character
		lookahead to is disabled
		lookahead from is disabled
		number of descriptors = 2
		compliment is on
		descriptor 0 	value=1 continue=1 any=0
		descriptor 1 	value=3 continue=0 any=0
	index:	3
		operation:	clause boundry
		lookahead to is disabled
		lookahead from is disabled
		number of descriptors = 1
		compliment is on
		descriptor 0 	value=0 continue=0 any=1
	index:	4
		operation:	consonant
		lookahead from is disabled
		number of descriptors = 1
		compliment is on
		descriptor 0 	value=1 continue=0 any=1
	index:	5
		operation:	lower
		lookahead from is disabled
		number of descriptors = 2
		compliment is on
		descriptor 0 	value=3 continue=1 any=0
		descriptor 1 	value=0 continue=0 any=1
	index:	6
		operation:	non alphabet
		lookahead from is disabled
		number of descriptors = 2
		compliment is on
		descriptor 0 	value=3 continue=1 any=0
		descriptor 1 	value=1 continue=0 any=1
	index:	7
		operation:	number
		lookahead from is disabled
		number of descriptors = 3
		compliment is on
		descriptor 0 	value=2 continue=1 any=0
		descriptor 1 	value=4 continue=0 any=0
		descriptor 2 	value=0 continue=0 any=1
	index:	8
		operation:	punct_some
		lookahead from is disabled
		number of descriptors = 3
		compliment is on
		using large descriptors
		descriptor 0 	value=3 continue=1 any=0
		descriptor 1 	value=76 continue=0 any=0
		descriptor 2 	value=1 continue=0 any=1
rule:	17
	index:	0
		operation:	punctuation
		lookahead to is disabled
		lookahead from is disabled
		number of descriptors = 4
		compliment is on
		descriptor 0 	value=1 continue=1 any=0
		descriptor 1 	value=3 continue=0 any=0
		descriptor 2 	value=5 continue=1 any=0
		descriptor 3 	value=12 continue=0 any=0
	index:	1
		operation:	upper
		lookahead from is disabled
		number of descriptors = 4
		compliment is on
		descriptor 0 	value=1 continue=1 any=0
		descriptor 1 	value=4 continue=0 any=0
		descriptor 2 	value=6 continue=1 any=0
		descriptor 3 	value=0 continue=0 any=1
	index:	2
		operation:	vowel
		lookahead from is disabled
		number of descriptors = 4
		compliment is on
		descriptor 0 	value=23 continue=1 any=0
		descriptor 1 	value=43 continue=0 any=0
		descriptor 2 	value=55 continue=1 any=0
		descriptor 3 	value=1 continue=0 any=1
	index:	3
		operation:	vowel non y
		lookahead from is disabled
		number of descriptors = 1
		compliment is on
		descriptor 0 	value=3 continue=0 any=0
	index:	4
		operation:	whitespace
		lookahead from is disabled
		number of descriptors = 1
		compliment is on
		descriptor 0 	value=3 continue=0 any=0
	index:	5
		operation:	digit
		lookahead from is disabled
		number of descriptors = 1
		compliment is on
		descriptor 0 	value=4 continue=0 any=0
rule:	18
	index:	0
		operation:	copy
		end of match = 13
	index:	1
		operation:	delete
		end of match = 4
	index:	2
		operation:	optional
		end of match = 4
	index:	3
		operation:	save
		save location = 1
		end of match = 4
	index:	4
		operation:	macro
		rule to macro = 8
	index:	5
		operation:	after
		end of match = 12
		end of action =13
	index:	6
		operation:	before
		end of match = 11
		end of action =12
	index:	7
		operation:	insert
		end of match = 10
		end of action =11
	index:	8
		operation:	replace
		end of match = 9
		end of action =10
	index:	9
		operation:	alphabet
		lookahead to is disabled
		lookahead from is disabled
		number of descriptors = 2
		descriptor 0 	value=4 continue=1 any=0
		descriptor 1 	value=7 continue=0 any=0
	index:	10
		operation:	exact
		string length=7
		the string is 'flubber'
	index:	11
		operation:	exact
		string length=1
		the string is ' '
	index:	12
		operation:	restore
		data restored from 4
	index:	13
		operation:	exact
		string length=3
		the string is 'foo'
rule:	19
	index:	0
		operation:	sets
		number of sections 3
		set index 1
		set index 3
		set index 4
		number of descriptors = 1
		descriptor 0 	value=1 continue=0 any=0
	index:	1
		operation:	exact
		string length=4
		the string is 'this'
	index:	2
		operation:	alphabet
		lookahead to is disabled
		lookahead from is disabled
		number of descriptors = 1
		descriptor 0 	value=3 continue=0 any=0
	index:	3
		operation:	upper
		lookahead to is disabled
		lookahead from is disabled
		number of descriptors = 1
		descriptor 0 	value=4 continue=0 any=0
	index:	4
		operation:	exact
		case insensitive is set
		string length=4
		the string is 'help'
rule_number=12 length=32
0x00 0x00 0x0C 0x00 0xFF 0xFF 0xFF 0xFF 
0xFF 0xFF 0xFF 0xFF 0xEF 0x02 0x42 0x28 
0xD0 0x01 0x3A 0xEF 0x02 0x40 0x20 0x16 
0x1F 0xD0 0x01 0x3A 0xEF 0x02 0x44 0x0C 

rule_number=25 length=42
0x00 0x00 0x19 0x00 0xFF 0xFF 0xFF 0xFF 
0xFF 0xFF 0xFF 0xFF 0x9B 0x15 0x29 0x03 
0x1B 0x21 0x25 0xCF 0x01 0x03 0x30 0x01 
0x74 0x10 0x01 0x68 0x30 0x01 0x73 0x10 
0x01 0x74 0x30 0x02 0x6E 0x64 0x30 0x02 
0x72 0x64 

rule_number=37 length=38
0x00 0x00 0x25 0x00 0xFF 0xFF 0xFF 0xFF 
0xFF 0xFF 0xFF 0xFF 0xC2 0x02 0x42 0x05 
0x5D 0x01 0x19 0x22 0x22 0x8F 0x02 0x25 
0x42 0x05 0x14 0x22 0x19 0x20 0x22 0x92 
0x07 0x12 0x09 0x47 0x01 0x81 

rule_number=50 length=20
0x00 0x00 0x32 0x00 0xFF 0xFF 0xFF 0xFF 
0xFF 0xFF 0xFF 0xFF 0x83 0x02 0x13 0x41 
0x03 0x44 0x01 0x80 

rule_number=100 length=26
0x00 0x00 0x64 0x00 0xFF 0xFF 0xFF 0xFF 
0xFF 0xFF 0xFF 0xFF 0x19 0x12 0x19 0xB0 
0x02 0x69 0x66 0x10 0x05 0x77 0x68 0x69 
0x6C 0x65 

rule_number=200 length=44
0x00 0x00 0xC8 0x00 0xFF 0xFF 0xFF 0xFF 
0xFF 0xFF 0xFF 0xFF 0x1B 0x25 0x2B 0xEF 
0x02 0x42 0x32 0x15 0x17 0xD0 0x01 0x3A 
0x19 0x21 0x25 0x82 0x01 0x21 0x81 0x4B 
0x01 0x04 0x10 0x02 0x6D 0x65 0x10 0x04 
0x20 0x66 0x6F 0x6F 

rule_number=300 length=31
0x00 0x00 0x2C 0x01 0xFF 0xFF 0xFF 0xFF 
0xFF 0xFF 0xFF 0xFF 0x1B 0x18 0x1E 0xCF 
0x44 0x02 0x40 0x32 0x00 0x3F 0x40 0x64 
0x00 0x10 0x04 0x20 0x66 0x6F 0x6F 

rule_number=400 length=19
0x00 0x00 0x90 0x01 0xFF 0xFF 0xFF 0xFF 
0xFF 0xFF 0xFF 0xFF 0x18 0x04 0xD0 0x01 
0x33 0x18 0x05 

rule_number=500 length=36
0x00 0x00 0xF4 0x01 0xFF 0xFF 0xFF 0xFF 
0xFF 0xFF 0xFF 0xFF 0x5D 0x01 0x14 0x1F 
0x1F 0xCF 0x02 0x42 0x03 0x14 0x1F 0x19 
0x1D 0x1F 0xC1 0x02 0x42 0x03 0x12 0x09 
0xC2 0x02 0x42 0x03 

rule_number=600 length=39
0x00 0x00 0x58 0x02 0xFF 0xFF 0xFF 0xFF 
0xFF 0xFF 0xFF 0xFF 0x15 0x13 0x17 0x02 
0x13 0xC7 0x81 0x04 0x1B 0x21 0x26 0x42 
0x02 0x42 0x07 0xD0 0x01 0x2E 0xC1 0x02 
0x40 0x03 0x10 0x01 0x20 0x12 0x02 

rule_number=700 length=53
0x00 0x00 0xBC 0x02 0xFF 0xFF 0xFF 0xFF 
0xFF 0xFF 0xFF 0xFF 0xC1 0x01 0x01 0x42 
0x01 0x02 0x03 0x02 0x19 0x41 0x03 0x44 
0x01 0x80 0x85 0x01 0x21 0x81 0x46 0x02 
0x43 0x80 0x87 0x02 0x2C 0x43 0x81 0x08 
0x03 0x34 0x42 0x04 0x80 0x49 0x43 0x03 
0x40 0x4C 0x00 0x01 0x80 

rule_number=800 length=47
0x00 0x00 0x20 0x03 0xFF 0xFF 0xFF 0xFF 
0xFF 0xFF 0xFF 0xFF 0xCA 0x04 0x41 0x03 
0x45 0x0C 0x8B 0x04 0x1F 0x41 0x04 0x46 
0x80 0x0C 0x04 0x22 0x57 0x2B 0x77 0x81 
0x4D 0x01 0x03 0xCE 0x01 0x03 0xCF 0x01 
0x04 0x6F 0x42 0x03 0x40 0xEA 0x00 

rule_number=900 length=49
0x00 0x00 0x84 0x03 0xFF 0xFF 0xFF 0xFF 
0xFF 0xFF 0xFF 0xFF 0xC1 0x01 0x01 0x42 
0x01 0x02 0x43 0x02 0x41 0x03 0x44 0x01 
0x80 0xC5 0x01 0x81 0x46 0x02 0x43 0x80 
0xC7 0x02 0x43 0x81 0x48 0x03 0x42 0x04 
0x80 0x49 0x43 0x03 0x40 0x4C 0x00 0x01 
0x80 

rule_number=1000 length=45
0x00 0x00 0xE8 0x03 0xFF 0xFF 0xFF 0xFF 
0xFF 0xFF 0xFF 0xFF 0xCA 0x04 0x41 0x03 
0x45 0x0C 0xCB 0x04 0x41 0x04 0x46 0x80 
0x4C 0x04 0x57 0x2B 0x77 0x81 0x4D 0x01 
0x03 0xCE 0x01 0x03 0xCF 0x01 0x04 0x6F 
0x42 0x03 0x40 0xEA 0x00 

rule_number=1100 length=54
0x00 0x00 0x4C 0x04 0xFF 0xFF 0xFF 0xFF 
0xFF 0xFF 0xFF 0xFF 0xC1 0x81 0x01 0x42 
0x81 0x02 0xC3 0x82 0x41 0x03 0x84 0x81 
0x1D 0x80 0x05 0x81 0x22 0x81 0x06 0x82 
0x27 0x43 0x80 0x07 0x82 0x2D 0x43 0x81 
0x08 0x83 0x35 0x42 0x04 0x80 0x49 0xC3 
0x03 0x40 0x4C 0x00 0x01 0x80 

rule_number=1200 length=42
0x00 0x00 0xB0 0x04 0xFF 0xFF 0xFF 0xFF 
0xFF 0xFF 0xFF 0xFF 0x8A 0x84 0x19 0x41 
0x03 0x45 0x0C 0x0B 0x84 0x20 0x41 0x04 
0x46 0x80 0x0C 0x84 0x23 0x57 0x2B 0x77 
0x81 0x4D 0x81 0x03 0x4E 0x81 0x03 0x4F 
0x81 0x04 

rule_number=1300 length=49
0x00 0x00 0x14 0x05 0xFF 0xFF 0xFF 0xFF 
0xFF 0xFF 0xFF 0xFF 0xC1 0x81 0x01 0x42 
0x81 0x02 0xC3 0x82 0x41 0x03 0xC4 0x81 
0x80 0x45 0x81 0x81 0x46 0x82 0x43 0x80 
0x47 0x82 0x43 0x81 0x48 0x83 0x42 0x04 
0x80 0x49 0xC3 0x03 0x40 0x4C 0x00 0x01 
0x80 

rule_number=1400 length=39
0x00 0x00 0x78 0x05 0xFF 0xFF 0xFF 0xFF 
0xFF 0xFF 0xFF 0xFF 0xCA 0x84 0x41 0x03 
0x45 0x0C 0x4B 0x84 0x41 0x04 0x46 0x80 
0x4C 0x84 0x57 0x2B 0x77 0x81 0x4D 0x81 
0x03 0x4E 0x81 0x03 0x4F 0x81 0x04 

rule_number=1500 length=58
0x00 0x00 0xDC 0x05 0xFF 0xFF 0xFF 0xFF 
0xFF 0xFF 0xFF 0xFF 0x14 0x39 0x15 0x16 
0x16 0x16 0x17 0x01 0x16 0x18 0x08 0x1B 
0x34 0x39 0x1C 0x32 0x34 0x1A 0x2F 0x32 
0x19 0x26 0x2F 0xC2 0x02 0x44 0x07 0x10 
0x07 0x66 0x6C 0x75 0x62 0x62 0x65 0x72 
0x10 0x01 0x20 0x12 0x04 0x10 0x03 0x66 
0x6F 0x6F 

rule_number=1600 length=37
0x00 0x00 0x40 0x06 0xFF 0xFF 0xFF 0xFF 
0xFF 0xFF 0xFF 0xFF 0xD3 0x03 0x18 0x1E 
0x24 0x01 0x01 0xD0 0x04 0x74 0x68 0x69 
0x73 0xC2 0x01 0x03 0xCB 0x01 0x04 0xF0 
0x04 0x68 0x65 0x6C 0x70 

total_rule_length=848
total_dict_length=20
total data used = 926
the number of rules is 20 in 1 sections
the number of dictionary entries is 2 in 1 sections
