This file contains any messages produced by compilers while
running configure, to aid debugging if configure makes a mistake.

It was created by configure, which was
generated by GNU Autoconf 2.59.  Invocation command line was

  $ ./configure 

## --------- ##
## Platform. ##
## --------- ##

hostname = 42bcc52d36f0
uname -m = x86_64
uname -r = 4.19.128-microsoft-standard
uname -s = Linux
uname -v = #1 SMP Tue Jun 23 12:58:10 UTC 2020

/usr/bin/uname -p = unknown
/bin/uname -X     = unknown

/bin/arch              = x86_64
/usr/bin/arch -k       = unknown
/usr/convex/getsysinfo = unknown
hostinfo               = unknown
/bin/machine           = unknown
/usr/bin/oslevel       = unknown
/bin/universe          = unknown

PATH: /usr/local/sbin
PATH: /usr/local/bin
PATH: /usr/sbin
PATH: /usr/bin
PATH: /sbin
PATH: /bin


## ----------- ##
## Core tests. ##
## ----------- ##

configure:1282: checking build system type
configure:1300: result: x86_64-unknown-linux-gnu
configure:1308: checking host system type
configure:1322: result: x86_64-unknown-linux-gnu
configure:1330: checking target system type
configure:1344: result: x86_64-unknown-linux-gnu
configure:1405: checking for gcc
configure:1421: found /usr/bin/gcc
configure:1431: result: gcc
configure:1675: checking for C compiler version
configure:1678: gcc --version </dev/null >&5
gcc (GCC) 3.3.5 (Debian 1:3.3.5-13)
Copyright (C) 2003 Free Software Foundation, Inc.
This is free software; see the source for copying conditions.  There is NO
warranty; not even for MERCHANTABILITY or FITNESS FOR A PARTICULAR PURPOSE.

configure:1681: $? = 0
configure:1683: gcc -v </dev/null >&5
Reading specs from /usr/lib/gcc-lib/i486-linux/3.3.5/specs
Configured with: ../src/configure -v --enable-languages=c,c++,java,f77,pascal,objc,ada,treelang --prefix=/usr --mandir=/usr/share/man --infodir=/usr/share/info --with-gxx-include-dir=/usr/include/c++/3.3 --enable-shared --enable-__cxa_atexit --with-system-zlib --enable-nls --without-included-gettext --enable-clocale=gnu --enable-debug --enable-java-gc=boehm --enable-java-awt=xlib --enable-objc-gc i486-linux
Thread model: posix
gcc version 3.3.5 (Debian 1:3.3.5-13)
configure:1686: $? = 0
configure:1688: gcc -V </dev/null >&5
gcc: `-V' option must have argument
configure:1691: $? = 1
configure:1714: checking for C compiler default output file name
configure:1717: gcc    conftest.c  >&5
configure:1720: $? = 0
configure:1766: result: a.out
configure:1771: checking whether the C compiler works
configure:1777: ./a.out
configure:1780: $? = 0
configure:1797: result: yes
configure:1804: checking whether we are cross compiling
configure:1806: result: no
configure:1809: checking for suffix of executables
configure:1811: gcc -o conftest    conftest.c  >&5
configure:1814: $? = 0
configure:1839: result: 
configure:1845: checking for suffix of object files
configure:1866: gcc -c   conftest.c >&5
configure:1869: $? = 0
configure:1891: result: o
configure:1895: checking whether we are using the GNU C compiler
configure:1919: gcc -c   conftest.c >&5
configure:1925: $? = 0
configure:1928: test -z 			 || test ! -s conftest.err
configure:1931: $? = 0
configure:1934: test -s conftest.o
configure:1937: $? = 0
configure:1950: result: yes
configure:1956: checking whether gcc accepts -g
configure:1977: gcc -c -g  conftest.c >&5
configure:1983: $? = 0
configure:1986: test -z 			 || test ! -s conftest.err
configure:1989: $? = 0
configure:1992: test -s conftest.o
configure:1995: $? = 0
configure:2006: result: yes
configure:2023: checking for gcc option to accept ANSI C
configure:2093: gcc  -c -g -O2  conftest.c >&5
configure:2099: $? = 0
configure:2102: test -z 			 || test ! -s conftest.err
configure:2105: $? = 0
configure:2108: test -s conftest.o
configure:2111: $? = 0
configure:2129: result: none needed
configure:2147: gcc -c -g -O2  conftest.c >&5
conftest.c:2: error: syntax error before "me"
configure:2153: $? = 1
configure: failed program was:
| #ifndef __cplusplus
|   choke me
| #endif
configure:2289: checking whether gcc and cc understand -c and -o together
configure:2319: gcc -c conftest.c -o conftest.o >&5
configure:2322: $? = 0
configure:2324: gcc -c conftest.c -o conftest.o >&5
configure:2327: $? = 0
configure:2334: cc -c conftest.c >&5
configure:2337: $? = 0
configure:2340: cc -c conftest.c -o conftest.o >&5
configure:2343: $? = 0
configure:2345: cc -c conftest.c -o conftest.o >&5
configure:2348: $? = 0
configure:2366: result: yes
configure:2380: checking whether ln -s works
configure:2384: result: yes
configure:2433: checking for ranlib
configure:2449: found /usr/bin/ranlib
configure:2460: result: ranlib
configure:3021: creating ./config.status

## ---------------------- ##
## Running config.status. ##
## ---------------------- ##

This file was extended by config.status, which was
generated by GNU Autoconf 2.59.  Invocation command line was

  CONFIG_FILES    = 
  CONFIG_HEADERS  = 
  CONFIG_LINKS    = 
  CONFIG_COMMANDS = 
  $ ./config.status 

on 42bcc52d36f0

config.status:751: creating Makefile
config.status:751: creating Makefile.sub
config.status:751: creating dapi/src/Makefile
config.status:751: creating dapi/src/Makefile.sub
config.status:751: creating dapi/src/api/Makefile
config.status:751: creating dapi/src/cmd/Makefile
config.status:751: creating dapi/src/dic/Makefile
config.status:751: creating dapi/src/kernel/Makefile
config.status:751: creating dapi/src/lts/Makefile
config.status:751: creating dapi/src/nt/Makefile
config.status:751: creating dapi/src/osf/Makefile
config.status:751: creating dapi/src/ph/Makefile
config.status:751: creating dapi/src/vtm/Makefile
config.status:751: creating dapi/src/hlsyn/Makefile
config.status:751: creating dtalkml/src/Makefile
config.status:751: creating samplosf/src/speak/Makefile
config.status:751: creating samplosf/src/windict/Makefile
config.status:751: creating samplosf/src/dtsamples/Makefile
config.status:751: creating licunix/src/Makefile
config.status:751: creating udicunix/src/Makefile

## ---------------- ##
## Cache variables. ##
## ---------------- ##

ac_cv_build=x86_64-unknown-linux-gnu
ac_cv_build_alias=x86_64-unknown-linux-gnu
ac_cv_c_compiler_gnu=yes
ac_cv_env_CC_set=
ac_cv_env_CC_value=
ac_cv_env_CFLAGS_set=
ac_cv_env_CFLAGS_value=
ac_cv_env_CPPFLAGS_set=
ac_cv_env_CPPFLAGS_value=
ac_cv_env_LDFLAGS_set=
ac_cv_env_LDFLAGS_value=
ac_cv_env_build_alias_set=
ac_cv_env_build_alias_value=
ac_cv_env_host_alias_set=
ac_cv_env_host_alias_value=
ac_cv_env_target_alias_set=
ac_cv_env_target_alias_value=
ac_cv_exeext=
ac_cv_host=x86_64-unknown-linux-gnu
ac_cv_host_alias=x86_64-unknown-linux-gnu
ac_cv_objext=o
ac_cv_prog_ac_ct_CC=gcc
ac_cv_prog_ac_ct_RANLIB=ranlib
ac_cv_prog_cc_g=yes
ac_cv_prog_cc_gcc_c_o=yes
ac_cv_prog_cc_stdc=
ac_cv_target=x86_64-unknown-linux-gnu
ac_cv_target_alias=x86_64-unknown-linux-gnu

## ----------------- ##
## Output variables. ##
## ----------------- ##

ALIGN_OPT=''
ALL_LIB_OBJS='$(API_ALL_OBJ) $(API_MME_OBJ) $(CMD_OBJ) 	      $(LTS_OBJ) $(PH_OBJ) $(HL_OBJ) $(KERNEL_OBJ) $(NT_OBJ)               $(NT_MME_OBJ) $(OSF_OBJ) $(OSF_TTS_OBJ) $(VTM_OBJ)               $(LTS_NORM_OBJS) $(LTS_DEMO_OBJS)'
API_OBJ_IN='$(OUTPUT_DIR)/ttsapi_mme.o 			$(OUTPUT_DIR)/decstd97.o $(OUTPUT_DIR)/ttsapi_demo.o			$(OUTPUT_DIR)/init.o $(OUTPUT_DIR)/crypt2.o 			$(OUTPUT_DIR)/init_demo.o '
AR='ar cqls'
BUILD_DIR='/dectalk/dapi/build'
CC='gcc'
CFLAGS='-g -O2'
CPPFLAGS=''
DAPI_LD_SHARED='$(LD) -shared -Bsymbolic -soname 		libtts_$(LANG_CODE).so -o $@ $(DECTALK_TTS_OBJS) $(LIBS)'
DAPI_SRC_ALL='$(OUTPUT_DIR)/libtts_$(LANG_CODE).a 	$(OUTPUT_DIR)/libtts_$(LANG_CODE).so $(LIB_LN_S_A_DIR)/libtts_$(LANG_CODE).a	$(SHLIB)/libtts_$(LANG_CODE).so $(LIB_LN_S_A_DIR)/libtts_demo_$(LANG_CODE).a'
DEBUG_FLAGS=' -g'
DECTALK_DEMO_OBJS='$(API_ALL_OBJ) $(API_DEMO_OBJ) 	$(CMD_OBJ) $(LTS_OBJ) $(LTS_DEMO_OBJS) $(PH_OBJ) $(HL_OBJ) $(KERNEL_OBJ) 	$(NT_OBJ) $(NT_MME_OBJ) $(OSF_OBJ) $(VTM_OBJ)'
DECTALK_MME_OBJS='$(API_ALL_OBJ) $(API_MME_OBJ) $(CMD_OBJ) $(LTS_OBJ) 	$(LTS_NORM_OBJS) $(PH_OBJ) $(HL_OBJ) $(KERNEL_OBJ) $(NT_OBJ) 	$(NT_MME_OBJ) $(OSF_OBJ) $(VTM_OBJ)'
DECTALK_TTS_OBJS='$(API_ALL_OBJ) $(API_MME_OBJ) 	$(CMD_OBJ) $(LTS_OBJ) $(LTS_NORM_OBJS) $(PH_OBJ) $(HL_OBJ) $(KERNEL_OBJ) 	$(NT_OBJ) $(NT_MME_OBJ) $(OSF_OBJ) $(VTM_OBJ)'
DEFINES=' -D_REENTRANT -DNOMME -DLTSSIM -DTTSSIM -DANSI -DBLD_DECTALK_DLL -D$(LANGUAGE) -DACCESS32 -DTYPING_MODE'
DEFS='-DPACKAGE_NAME=\"\" -DPACKAGE_TARNAME=\"\" -DPACKAGE_VERSION=\"\" -DPACKAGE_STRING=\"\" -DPACKAGE_BUGREPORT=\"\" '
DIC_CC='gcc'
DTALK_ML='$(CC) -c $(CFLAGS) -o $@ $?'
DTALK_ML_MME=''
DTSAMPLE_ALL='$(OUTPUT_DIR)/say $(OUTPUT_DIR)/dtmemory 	$(OUTPUT_DIR)/say_demo_$(LANG_CODE) 	$(OUTPUT_DIR)/dtmemory_demo_$(LANG_CODE) $(OUTPUT_DIR)/aclock'
DT_SO_LIBS=' $(OUTPUT_DIR)/libtts_$(LANG_CODE).a -lpthread -lc'
ECHO_C=''
ECHO_N='-n'
ECHO_T=''
EXEEXT=''
GTK_DEFINES='`gtk-config --cflags`'
GTK_LIBS='`gtk-config --libs`'
INC_LN_S_DIR='/usr/include/dtk'
INIT_ML='$(CC) -c $(CFLAGS) $(DEFINES) -o $@ $?'
LD='ld'
LDFLAGS=''
LIBOBJS=''
LIBS=' -lpthread '
LIB_LN_S_A_DIR='/usr/local/lib'
LIB_LN_S_SO_DIR='/usr/local/lib'
LICENSE_ALL='$(OUTPUT_DIR)/licenin1 $(OUTPUT_DIR)/licenin3             $(OUTPUT_DIR)/licenin7 $(OUTPUT_DIR)/installer'
LICENSE_DEFINES=''
LINK_LINUX_AUDIO='$(OUTPUT_DIR_2)/linux_audio.o'
LINK_PORT_AUDIO=''
LINUX_AUDIO='$(OUTPUT_DIR)/linux_audio.o'
LN_S='ln -s'
LTLIBOBJS=''
ML_ALL='$(LIB_LN_S_A_DIR)/libtts.a $(SHLIB)/libtts.so'
ML_TTS_MME_SO=''
ML_TTS_SO='$(LD) -shared -Bsymbolic -soname libtts.so 	-o $@ ../build/$(OS_VERSION)/$(ML_OUT)/link/dtalk_ml.o 	../build/$(OS_VERSION)/$(ML_OUT)/link/init.o 	../build/$(OS_VERSION)/$(ML_OUT)/libtts.a  -ldl -lpthread -lc'
MMELIBS=' -lpthread'
MME_COMPILE_FLAGS=''
MME_DIR='.'
OBJEXT='o'
OPTO_FLAGS=' -O2'
OS_VERSION='4.19.128-microsoft-standard'
PACKAGE_BUGREPORT=''
PACKAGE_NAME=''
PACKAGE_STRING=''
PACKAGE_TARNAME=''
PACKAGE_VERSION=''
PATH_SEPARATOR=':'
PH_VTM_OPTO_FLAGS=' -O2'
PLATFORM_DEFS=''
RANLIB='ranlib'
SAMPLE_DTLIB=' -ltts'
SAMPLE_LINKFLAGS=' -ldl '
SHELL='/bin/sh'
SHLIB='/usr/local/lib'
SO_LOCATIONS=''
SPEAK_ALL='$(OUTPUT_DIR)/gspeak $(OUTPUT_DIR_2)/gspeak_$(LANG_CODE) 		$(OUTPUT_DIR_2)/gspeakdem_$(LANG_CODE)'
STD_INCLUDE='/usr/include/'
WARN_FLAGS=' -Wall'
WINDICT_ALL='$(OUTPUT_DIR)/windic'
ac_ct_CC='gcc'
ac_ct_RANLIB='ranlib'
bindir='${exec_prefix}/bin'
build='x86_64-unknown-linux-gnu'
build_alias=''
build_cpu='x86_64'
build_os='linux-gnu'
build_vendor='unknown'
datadir='${prefix}/share'
exec_prefix='${prefix}'
host='x86_64-unknown-linux-gnu'
host_alias=''
host_cpu='x86_64'
host_os='linux-gnu'
host_vendor='unknown'
includedir='${prefix}/include'
infodir='${prefix}/info'
libdir='${exec_prefix}/lib'
libexecdir='${exec_prefix}/libexec'
localstatedir='${prefix}/var'
mandir='${prefix}/man'
oldincludedir='/usr/include'
prefix='/usr/local'
program_transform_name='s,x,x,'
sbindir='${exec_prefix}/sbin'
sharedstatedir='${prefix}/com'
sysconfdir='${prefix}/etc'
target='x86_64-unknown-linux-gnu'
target_alias=''
target_cpu='x86_64'
target_os='linux-gnu'
target_vendor='unknown'

## ----------- ##
## confdefs.h. ##
## ----------- ##

#define PACKAGE_BUGREPORT ""
#define PACKAGE_NAME ""
#define PACKAGE_STRING ""
#define PACKAGE_TARNAME ""
#define PACKAGE_VERSION ""

configure: exit 0
