Conflict in state 44 between rule 15 and token '+' resolved as reduce.

Grammar
rule 1    STATEMENT -> RULE '\n'
rule 2    STATEMENT -> STATEMENT RULE '\n'
rule 3    RULE ->		/* empty */
rule 4    @1 ->		/* empty */
rule 5    RULE -> NAME '=' '>' @1 RIGHTSIDE
rule 6    RULE -> RIGHTSIDE
rule 7    RULE -> DECLARATION
rule 8    RULE -> COMMENTLINE
rule 9    RIGHTSIDE -> EXPRESSION
rule 10   @2 ->		/* empty */
rule 11   @3 ->		/* empty */
rule 12   RIGHTSIDE -> EXPRESSION @2 '|' @3 RIGHTSIDE
rule 13   @4 ->		/* empty */
rule 14   RIGHTSIDE -> '|' @4 RIGHTSIDE
rule 15   EXPRESSION -> EXPRESSION '+' EXPRESSION
rule 16   EXPRESSION -> REPEATED
rule 17   EXPRESSION -> NAME
rule 18   EXPRESSION -> MORPH
rule 19   EXPRESSION -> BOUND
rule 20   EXPRESSION -> OPERATOR
rule 21   EXPRESSION -> EMPTYNODE
rule 22   @5 ->		/* empty */
rule 23   REPEATED -> LBRAK @5 EXPRESSION RBRAK '[' INTEGER ',' INTEGER ']'
rule 24   @6 ->		/* empty */
rule 25   REPEATED -> NAME @6 '[' INTEGER ',' INTEGER ']'
rule 26   DECLARATION -> TRIE NAME '=' FILENAME
rule 27   DECLARATION -> RTRIE NAME '=' FILENAME
rule 28   DECLARATION -> LTRIE '.' INTEGER '.' NAME '=' FILENAME
rule 29   DECLARATION -> PROCESS NAME
rule 30   DECLARATION -> TRIEFILE '=' FILENAME
rule 31   DECLARATION -> ENDTRIE

Terminals, with rules where they appear

$ (-1)
'\n' (10) 1 2
'+' (43) 15
',' (44) 23 25
'.' (46) 28
'=' (61) 5 26 27 28 30
'>' (62) 5
'[' (91) 23 25
']' (93) 23 25
'|' (124) 12 14
error (256)
NAME (258) 5 17 25 26 27 28 29
COMMENTLINE (259) 8
LTRIE (260) 28
TRIE (261) 26
RTRIE (262) 27
PROCESS (263) 29
TRIEFILE (264) 30
ENDTRIE (265) 31
MORPH (266) 18
EMPTYNODE (267) 21
FILENAME (268) 26 27 28 30
BOUND (269) 19
OPERATOR (270) 20
INTEGER (271) 23 25 28
LBRAK (272) 23
RBRAK (273) 23

Nonterminals, with rules where they appear

STATEMENT (28)
    on left: 1 2, on right: 2
RULE (29)
    on left: 3 5 6 7 8, on right: 1 2
@1 (30)
    on left: 4, on right: 5
RIGHTSIDE (31)
    on left: 9 12 14, on right: 5 6 12 14
@2 (32)
    on left: 10, on right: 12
@3 (33)
    on left: 11, on right: 12
@4 (34)
    on left: 13, on right: 14
EXPRESSION (35)
    on left: 15 16 17 18 19 20 21, on right: 9 12 15 23
REPEATED (36)
    on left: 23 25, on right: 16
@5 (37)
    on left: 22, on right: 23
@6 (38)
    on left: 24, on right: 25
DECLARATION (39)
    on left: 26 27 28 29 30 31, on right: 7


state 0

    NAME	shift, and go to state 1
    COMMENTLINE	shift, and go to state 2
    LTRIE	shift, and go to state 3
    TRIE	shift, and go to state 4
    RTRIE	shift, and go to state 5
    PROCESS	shift, and go to state 6
    TRIEFILE	shift, and go to state 7
    ENDTRIE	shift, and go to state 8
    MORPH	shift, and go to state 9
    EMPTYNODE	shift, and go to state 10
    BOUND	shift, and go to state 11
    OPERATOR	shift, and go to state 12
    LBRAK	shift, and go to state 13
    '|' 	shift, and go to state 14

    $default	reduce using rule 3 (RULE)

    STATEMENT	go to state 15
    RULE	go to state 16
    RIGHTSIDE	go to state 17
    EXPRESSION	go to state 18
    REPEATED	go to state 19
    DECLARATION	go to state 20



state 1

    RULE  ->  NAME . '=' '>' @1 RIGHTSIDE   (rule 5)
    EXPRESSION  ->  NAME .   (rule 17)
    REPEATED  ->  NAME . @6 '[' INTEGER ',' INTEGER ']'   (rule 25)

    '=' 	shift, and go to state 21

    '[' 	reduce using rule 24 (@6)
    $default	reduce using rule 17 (EXPRESSION)

    @6  	go to state 22



state 2

    RULE  ->  COMMENTLINE .   (rule 8)

    $default	reduce using rule 8 (RULE)



state 3

    DECLARATION  ->  LTRIE . '.' INTEGER '.' NAME '=' FILENAME   (rule 28)

    '.' 	shift, and go to state 23



state 4

    DECLARATION  ->  TRIE . NAME '=' FILENAME   (rule 26)

    NAME	shift, and go to state 24



state 5

    DECLARATION  ->  RTRIE . NAME '=' FILENAME   (rule 27)

    NAME	shift, and go to state 25



state 6

    DECLARATION  ->  PROCESS . NAME   (rule 29)

    NAME	shift, and go to state 26



state 7

    DECLARATION  ->  TRIEFILE . '=' FILENAME   (rule 30)

    '=' 	shift, and go to state 27



state 8

    DECLARATION  ->  ENDTRIE .   (rule 31)

    $default	reduce using rule 31 (DECLARATION)



state 9

    EXPRESSION  ->  MORPH .   (rule 18)

    $default	reduce using rule 18 (EXPRESSION)



state 10

    EXPRESSION  ->  EMPTYNODE .   (rule 21)

    $default	reduce using rule 21 (EXPRESSION)



state 11

    EXPRESSION  ->  BOUND .   (rule 19)

    $default	reduce using rule 19 (EXPRESSION)



state 12

    EXPRESSION  ->  OPERATOR .   (rule 20)

    $default	reduce using rule 20 (EXPRESSION)



state 13

    REPEATED  ->  LBRAK . @5 EXPRESSION RBRAK '[' INTEGER ',' INTEGER ']'   (rule 23)

    $default	reduce using rule 22 (@5)

    @5  	go to state 28



state 14

    RIGHTSIDE  ->  '|' . @4 RIGHTSIDE   (rule 14)

    $default	reduce using rule 13 (@4)

    @4  	go to state 29



state 15

    STATEMENT  ->  STATEMENT . RULE '\n'   (rule 2)

    $   	go to state 66
    NAME	shift, and go to state 1
    COMMENTLINE	shift, and go to state 2
    LTRIE	shift, and go to state 3
    TRIE	shift, and go to state 4
    RTRIE	shift, and go to state 5
    PROCESS	shift, and go to state 6
    TRIEFILE	shift, and go to state 7
    ENDTRIE	shift, and go to state 8
    MORPH	shift, and go to state 9
    EMPTYNODE	shift, and go to state 10
    BOUND	shift, and go to state 11
    OPERATOR	shift, and go to state 12
    LBRAK	shift, and go to state 13
    '|' 	shift, and go to state 14

    $default	reduce using rule 3 (RULE)

    RULE	go to state 30
    RIGHTSIDE	go to state 17
    EXPRESSION	go to state 18
    REPEATED	go to state 19
    DECLARATION	go to state 20



state 16

    STATEMENT  ->  RULE . '\n'   (rule 1)

    '\n'	shift, and go to state 31



state 17

    RULE  ->  RIGHTSIDE .   (rule 6)

    $default	reduce using rule 6 (RULE)



state 18

    RIGHTSIDE  ->  EXPRESSION .   (rule 9)
    RIGHTSIDE  ->  EXPRESSION . @2 '|' @3 RIGHTSIDE   (rule 12)
    EXPRESSION  ->  EXPRESSION . '+' EXPRESSION   (rule 15)

    '+' 	shift, and go to state 32

    '|' 	reduce using rule 10 (@2)
    $default	reduce using rule 9 (RIGHTSIDE)

    @2  	go to state 33



state 19

    EXPRESSION  ->  REPEATED .   (rule 16)

    $default	reduce using rule 16 (EXPRESSION)



state 20

    RULE  ->  DECLARATION .   (rule 7)

    $default	reduce using rule 7 (RULE)



state 21

    RULE  ->  NAME '=' . '>' @1 RIGHTSIDE   (rule 5)

    '>' 	shift, and go to state 34



state 22

    REPEATED  ->  NAME @6 . '[' INTEGER ',' INTEGER ']'   (rule 25)

    '[' 	shift, and go to state 35



state 23

    DECLARATION  ->  LTRIE '.' . INTEGER '.' NAME '=' FILENAME   (rule 28)

    INTEGER	shift, and go to state 36



state 24

    DECLARATION  ->  TRIE NAME . '=' FILENAME   (rule 26)

    '=' 	shift, and go to state 37



state 25

    DECLARATION  ->  RTRIE NAME . '=' FILENAME   (rule 27)

    '=' 	shift, and go to state 38



state 26

    DECLARATION  ->  PROCESS NAME .   (rule 29)

    $default	reduce using rule 29 (DECLARATION)



state 27

    DECLARATION  ->  TRIEFILE '=' . FILENAME   (rule 30)

    FILENAME	shift, and go to state 39



state 28

    REPEATED  ->  LBRAK @5 . EXPRESSION RBRAK '[' INTEGER ',' INTEGER ']'   (rule 23)

    NAME	shift, and go to state 40
    MORPH	shift, and go to state 9
    EMPTYNODE	shift, and go to state 10
    BOUND	shift, and go to state 11
    OPERATOR	shift, and go to state 12
    LBRAK	shift, and go to state 13

    EXPRESSION	go to state 41
    REPEATED	go to state 19



state 29

    RIGHTSIDE  ->  '|' @4 . RIGHTSIDE   (rule 14)

    NAME	shift, and go to state 40
    MORPH	shift, and go to state 9
    EMPTYNODE	shift, and go to state 10
    BOUND	shift, and go to state 11
    OPERATOR	shift, and go to state 12
    LBRAK	shift, and go to state 13
    '|' 	shift, and go to state 14

    RIGHTSIDE	go to state 42
    EXPRESSION	go to state 18
    REPEATED	go to state 19



state 30

    STATEMENT  ->  STATEMENT RULE . '\n'   (rule 2)

    '\n'	shift, and go to state 43



state 31

    STATEMENT  ->  RULE '\n' .   (rule 1)

    $default	reduce using rule 1 (STATEMENT)



state 32

    EXPRESSION  ->  EXPRESSION '+' . EXPRESSION   (rule 15)

    NAME	shift, and go to state 40
    MORPH	shift, and go to state 9
    EMPTYNODE	shift, and go to state 10
    BOUND	shift, and go to state 11
    OPERATOR	shift, and go to state 12
    LBRAK	shift, and go to state 13

    EXPRESSION	go to state 44
    REPEATED	go to state 19



state 33

    RIGHTSIDE  ->  EXPRESSION @2 . '|' @3 RIGHTSIDE   (rule 12)

    '|' 	shift, and go to state 45



state 34

    RULE  ->  NAME '=' '>' . @1 RIGHTSIDE   (rule 5)

    $default	reduce using rule 4 (@1)

    @1  	go to state 46



state 35

    REPEATED  ->  NAME @6 '[' . INTEGER ',' INTEGER ']'   (rule 25)

    INTEGER	shift, and go to state 47



state 36

    DECLARATION  ->  LTRIE '.' INTEGER . '.' NAME '=' FILENAME   (rule 28)

    '.' 	shift, and go to state 48



state 37

    DECLARATION  ->  TRIE NAME '=' . FILENAME   (rule 26)

    FILENAME	shift, and go to state 49



state 38

    DECLARATION  ->  RTRIE NAME '=' . FILENAME   (rule 27)

    FILENAME	shift, and go to state 50



state 39

    DECLARATION  ->  TRIEFILE '=' FILENAME .   (rule 30)

    $default	reduce using rule 30 (DECLARATION)



state 40

    EXPRESSION  ->  NAME .   (rule 17)
    REPEATED  ->  NAME . @6 '[' INTEGER ',' INTEGER ']'   (rule 25)

    '[' 	reduce using rule 24 (@6)
    $default	reduce using rule 17 (EXPRESSION)

    @6  	go to state 22



state 41

    EXPRESSION  ->  EXPRESSION . '+' EXPRESSION   (rule 15)
    REPEATED  ->  LBRAK @5 EXPRESSION . RBRAK '[' INTEGER ',' INTEGER ']'   (rule 23)

    RBRAK	shift, and go to state 51
    '+' 	shift, and go to state 32



state 42

    RIGHTSIDE  ->  '|' @4 RIGHTSIDE .   (rule 14)

    $default	reduce using rule 14 (RIGHTSIDE)



state 43

    STATEMENT  ->  STATEMENT RULE '\n' .   (rule 2)

    $default	reduce using rule 2 (STATEMENT)



state 44

    EXPRESSION  ->  EXPRESSION . '+' EXPRESSION   (rule 15)
    EXPRESSION  ->  EXPRESSION '+' EXPRESSION .   (rule 15)


    $default	reduce using rule 15 (EXPRESSION)



state 45

    RIGHTSIDE  ->  EXPRESSION @2 '|' . @3 RIGHTSIDE   (rule 12)

    $default	reduce using rule 11 (@3)

    @3  	go to state 52



state 46

    RULE  ->  NAME '=' '>' @1 . RIGHTSIDE   (rule 5)

    NAME	shift, and go to state 40
    MORPH	shift, and go to state 9
    EMPTYNODE	shift, and go to state 10
    BOUND	shift, and go to state 11
    OPERATOR	shift, and go to state 12
    LBRAK	shift, and go to state 13
    '|' 	shift, and go to state 14

    RIGHTSIDE	go to state 53
    EXPRESSION	go to state 18
    REPEATED	go to state 19



state 47

    REPEATED  ->  NAME @6 '[' INTEGER . ',' INTEGER ']'   (rule 25)

    ',' 	shift, and go to state 54



state 48

    DECLARATION  ->  LTRIE '.' INTEGER '.' . NAME '=' FILENAME   (rule 28)

    NAME	shift, and go to state 55



state 49

    DECLARATION  ->  TRIE NAME '=' FILENAME .   (rule 26)

    $default	reduce using rule 26 (DECLARATION)



state 50

    DECLARATION  ->  RTRIE NAME '=' FILENAME .   (rule 27)

    $default	reduce using rule 27 (DECLARATION)



state 51

    REPEATED  ->  LBRAK @5 EXPRESSION RBRAK . '[' INTEGER ',' INTEGER ']'   (rule 23)

    '[' 	shift, and go to state 56



state 52

    RIGHTSIDE  ->  EXPRESSION @2 '|' @3 . RIGHTSIDE   (rule 12)

    NAME	shift, and go to state 40
    MORPH	shift, and go to state 9
    EMPTYNODE	shift, and go to state 10
    BOUND	shift, and go to state 11
    OPERATOR	shift, and go to state 12
    LBRAK	shift, and go to state 13
    '|' 	shift, and go to state 14

    RIGHTSIDE	go to state 57
    EXPRESSION	go to state 18
    REPEATED	go to state 19



state 53

    RULE  ->  NAME '=' '>' @1 RIGHTSIDE .   (rule 5)

    $default	reduce using rule 5 (RULE)



state 54

    REPEATED  ->  NAME @6 '[' INTEGER ',' . INTEGER ']'   (rule 25)

    INTEGER	shift, and go to state 58



state 55

    DECLARATION  ->  LTRIE '.' INTEGER '.' NAME . '=' FILENAME   (rule 28)

    '=' 	shift, and go to state 59



state 56

    REPEATED  ->  LBRAK @5 EXPRESSION RBRAK '[' . INTEGER ',' INTEGER ']'   (rule 23)

    INTEGER	shift, and go to state 60



state 57

    RIGHTSIDE  ->  EXPRESSION @2 '|' @3 RIGHTSIDE .   (rule 12)

    $default	reduce using rule 12 (RIGHTSIDE)



state 58

    REPEATED  ->  NAME @6 '[' INTEGER ',' INTEGER . ']'   (rule 25)

    ']' 	shift, and go to state 61



state 59

    DECLARATION  ->  LTRIE '.' INTEGER '.' NAME '=' . FILENAME   (rule 28)

    FILENAME	shift, and go to state 62



state 60

    REPEATED  ->  LBRAK @5 EXPRESSION RBRAK '[' INTEGER . ',' INTEGER ']'   (rule 23)

    ',' 	shift, and go to state 63



state 61

    REPEATED  ->  NAME @6 '[' INTEGER ',' INTEGER ']' .   (rule 25)

    $default	reduce using rule 25 (REPEATED)



state 62

    DECLARATION  ->  LTRIE '.' INTEGER '.' NAME '=' FILENAME .   (rule 28)

    $default	reduce using rule 28 (DECLARATION)



state 63

    REPEATED  ->  LBRAK @5 EXPRESSION RBRAK '[' INTEGER ',' . INTEGER ']'   (rule 23)

    INTEGER	shift, and go to state 64



state 64

    REPEATED  ->  LBRAK @5 EXPRESSION RBRAK '[' INTEGER ',' INTEGER . ']'   (rule 23)

    ']' 	shift, and go to state 65



state 65

    REPEATED  ->  LBRAK @5 EXPRESSION RBRAK '[' INTEGER ',' INTEGER ']' .   (rule 23)

    $default	reduce using rule 23 (REPEATED)



state 66

    $   	go to state 67



state 67

    $default	accept
