PA_CreatePlayHandle()
PA_: Wave device found.
PA_: Device ID OK
PA_: setting format in handle..
PA_: SetNewFormat {1}
ResetAudioQueue: at 1288108296
ResetAudioQueue: exit at 1288108296
PA_: device is WAVE_MAPPER
DetermineDeviceID()
PA_SetFormat()
Calling  SendPlayAudioMessage()
PA_SetFormat: SendPlayAudioMessage status=0 (00000000)
PA_: Successful exit.
TTSreset() at 1288108812. 
TTSreset: ->halting is set. 
PA_Reset: at 1288108812
ProcResetMsg: calling waveOutReset at 1288108812
ResetAudioQueue: at 1288108812
ResetAudioQueue: exit at 1288108812
  .. TTSMessage 3 posting. [..]
WFTQTC() at 1288108812.
PA_Reset: at 1288108812
Process_TTS_Message #3 at 1288108812
  .. TTSMessage processing.
ProcResetMsg: calling waveOutReset at 1288108812
ResetAudioQueue: at 1288108812
ResetAudioQueue: exit at 1288108812
WFTQTC() exit 31 ms.
  .. TTSMessage 4 posting. [..]
  .. TTSMessage 5 posting. [..]
  .. TTSMessage 6 posting. [..]
  .. TTSMessage 7 posting. [..]
WFTQTC() at 1288108843.
PA_Reset: at 1288108843
Process_TTS_Message #4 at 1288108843
  .. TTSMessage processing.
Process_TTS_Message #5 at 1288108843
  .. TTSMessage processing.
Process_TTS_Message #6 at 1288108843
  .. TTSMessage processing.
ProcResetMsg: calling waveOutReset at 1288108843
ResetAudioQueue: at 1288108843
ResetAudioQueue: exit at 1288108843
Process_TTS_Message #7 at 1288108843
  .. TTSMessage processing.
WFTQTC() exit 31 ms.
PA_Reset: at 1288108874
ProcResetMsg: calling waveOutReset at 1288108874
ResetAudioQueue: at 1288108874
ResetAudioQueue: exit at 1288108874
WaitForEmptyPipes reset(1) at 1288108874
Lockup set to 0
WaitForEmptyPipes exit at 1288108874 (0) ms
TTSReset init threads at 1288108874
PA_Reset: at 1288108874
ProcResetMsg: calling waveOutReset at 1288108874
ResetAudioQueue: at 1288108874
ResetAudioQueue: exit at 1288108874
WaitForEmptyPipes reset(1) at 1288108874
WaitForEmptyPipes: c:0 l:3 p:0 v:0 s:0 at 1288108874
Lockup set to 0
Lockup set to 0
WaitForEmptyPipes exit at 1288108937 (63) ms
TTSReset() exiting 3 at 1288108937
  .. TTSMessage 8 posting. [[:np]]
  .. TTSMessage 9 posting. [Paul. ..]
Process_TTS_Message #8 at 1288110171
  .. TTSMessage processing.
Process_TTS_Message #9 at 1288110171
  .. TTSMessage processing.
OpenWaveOutputDevice: waveOutOpen() {1}
ProcWOMOPEN: outstanding now 0 at 1288110249
ProcWOMOPEN: PA_OWN_DEVICE is NOT set
SAP: state=1 QCount=12922 new=0 outstanding=0 at 1288110249
SAP: runt start packet?
PA: ReportStatusToApplication()
PlayAudioCallbackRoutine().
RTTSStatus(0000000c 00000000)
SAP: 12922 samples to write at 1288110249
WBTWOD size=32 at 00045178; out=0; waiting=0 qcount=12922 at 1288110249
WBTWOD size=32 at 000451b0; out=1; waiting=32 qcount=12922 at 1288110249
WBTWOD size=32 at 000451e8; out=2; waiting=64 qcount=12922 at 1288110249
WBTWOD size=32 at 00045220; out=3; waiting=96 qcount=12922 at 1288110249
WBTWOD size=32 at 00045258; out=4; waiting=128 qcount=12922 at 1288110249
WBTWOD size=32 at 00045290; out=5; waiting=160 qcount=12922 at 1288110249
WBTWOD size=32 at 00046358; out=6; waiting=192 qcount=12922 at 1288110249
WBTWOD size=32 at 00046390; out=7; waiting=224 qcount=12922 at 1288110249
SAP: exit at 1288110249
RTTSStatus(4cc700a8 0006005f)
ProcWOMDONE: 00045178; outst buffs now=7; samp waiting=224at 1288110296
ProcWOMDONE: iQueueCount=20842
ProcWOMDONE: dwRemaining=20618
WBTWOD size=20618 at 00045178; out=7; waiting=224 qcount=20842 at 1288110296
ProcWOMDONE: 000451b0; outst buffs now=7; samp waiting=16576at 1288110358
ProcWOMDONE: iQueueCount=20810
ProcWOMDONE: dwRemaining=4234
WBTWOD size=4234 at 000451b0; out=7; waiting=16576 qcount=20810 at 1288110358
ProcWOMDONE: 00046390; outst buffs now=7; samp waiting=20778at 1288110358
ProcWOMDONE: iQueueCount=20778
ProcWOMDONE: dwRemaining=0
ProcWOMDONE: 00046358; outst buffs now=6; samp waiting=20746at 1288110358
ProcWOMDONE: iQueueCount=20746
ProcWOMDONE: dwRemaining=0
ProcWOMDONE: 00045290; outst buffs now=5; samp waiting=20714at 1288110358
ProcWOMDONE: iQueueCount=20714
ProcWOMDONE: dwRemaining=0
ProcWOMDONE: 00045258; outst buffs now=4; samp waiting=20682at 1288110358
ProcWOMDONE: iQueueCount=20682
ProcWOMDONE: dwRemaining=0
ProcWOMDONE: 00045220; outst buffs now=3; samp waiting=20650at 1288110374
ProcWOMDONE: iQueueCount=20650
ProcWOMDONE: dwRemaining=0
ProcWOMDONE: 000451e8; outst buffs now=2; samp waiting=20618at 1288110374
ProcWOMDONE: iQueueCount=20618
ProcWOMDONE: dwRemaining=0
RTTSStatus(4cc700b1 00600070)
RTTSStatus(4cc70112 00ee0063)
RTTSStatus(4cc70211 0087006c)
RTTSStatus(4cc70288 01cf005f)
ProcWOMDONE: 00045178; outst buffs now=1; samp waiting=4234at 1288111046
ProcWOMDONE: iQueueCount=4234
ProcWOMDONE: dwRemaining=0
ProcWOMDONE: 000451b0; outst buffs now=0; samp waiting=0at 1288111233
ProcWOMDONE: iQueueCount=0
ProcWOMDONE: Closing. iQueueCount=0
ProcWOMCLOSE: outstanding now 0 at 1288111312
PA: ReportStatusToApplication()
PlayAudioCallbackRoutine().
RTTSStatus(0000000d 00000000)
  .. TTSMessage 10 posting. [the number is 453 654 4562. ..]
Process_TTS_Message #10 at 1288120655
  .. TTSMessage processing.
OpenWaveOutputDevice: waveOutOpen() {1}
ProcWOMOPEN: outstanding now 0 at 1288120733
ProcWOMOPEN: PA_OWN_DEVICE is NOT set
SAP: state=1 QCount=12922 new=0 outstanding=0 at 1288120733
SAP: runt start packet?
PA: ReportStatusToApplication()
PlayAudioCallbackRoutine().
RTTSStatus(0000000c 00000000)
SAP: 12922 samples to write at 1288120733
WBTWOD size=32 at 00045178; out=0; waiting=0 qcount=12922 at 1288120733
WBTWOD size=32 at 000451b0; out=1; waiting=32 qcount=12922 at 1288120733
WBTWOD size=32 at 000451e8; out=2; waiting=64 qcount=12922 at 1288120733
WBTWOD size=32 at 00045220; out=3; waiting=96 qcount=12922 at 1288120733
WBTWOD size=32 at 00045258; out=4; waiting=128 qcount=12922 at 1288120733
WBTWOD size=32 at 00045290; out=5; waiting=160 qcount=12922 at 1288120733
WBTWOD size=32 at 00046358; out=6; waiting=192 qcount=12922 at 1288120733
WBTWOD size=32 at 00046390; out=7; waiting=224 qcount=12922 at 1288120733
SAP: exit at 1288120733
ProcWOMDONE: 00045178; outst buffs now=7; samp waiting=224at 1288120796
ProcWOMDONE: iQueueCount=89570
ProcWOMDONE: dwRemaining=89346
WBTWOD size=89346 at 00045178; out=7; waiting=224 qcount=89570 at 1288120796
ProcWOMDONE: 000451b0; outst buffs now=7; samp waiting=16576at 1288120858
ProcWOMDONE: iQueueCount=89538
ProcWOMDONE: dwRemaining=72962
WBTWOD size=72962 at 000451b0; out=7; waiting=16576 qcount=89538 at 1288120858
ProcWOMDONE: 00046390; outst buffs now=7; samp waiting=32928at 1288120858
ProcWOMDONE: iQueueCount=89506
ProcWOMDONE: dwRemaining=56578
WBTWOD size=56578 at 00046390; out=7; waiting=32928 qcount=89506 at 1288120858
ProcWOMDONE: 00046358; outst buffs now=7; samp waiting=49280at 1288120858
ProcWOMDONE: iQueueCount=89474
ProcWOMDONE: dwRemaining=40194
WBTWOD size=40194 at 00046358; out=7; waiting=49280 qcount=89474 at 1288120858
ProcWOMDONE: 00045290; outst buffs now=7; samp waiting=65632at 1288120858
ProcWOMDONE: iQueueCount=89442
ProcWOMDONE: dwRemaining=23810
WBTWOD size=23810 at 00045290; out=7; waiting=65632 qcount=89442 at 1288120858
ProcWOMDONE: 00045258; outst buffs now=7; samp waiting=81984at 1288120858
ProcWOMDONE: iQueueCount=89410
ProcWOMDONE: dwRemaining=7426
WBTWOD size=7426 at 00045258; out=7; waiting=81984 qcount=89410 at 1288120858
ProcWOMDONE: 00045220; outst buffs now=7; samp waiting=89378at 1288120858
ProcWOMDONE: iQueueCount=89378
ProcWOMDONE: dwRemaining=0
ProcWOMDONE: 000451e8; outst buffs now=6; samp waiting=89346at 1288120858
ProcWOMDONE: iQueueCount=89346
ProcWOMDONE: dwRemaining=0
RTTSStatus(4cc7299f 00330044)
RTTSStatus(4cc729d2 005a0078)
RTTSStatus(4cc72a2d 0060006e)
RTTSStatus(4cc72a8d 0073005e)
RTTSStatus(4cc72b22 0026006d)
RTTSStatus(4cc72b29 00330062)
RTTSStatus(4cc72b5c 007a0052)
RTTSStatus(4cc72bd6 00530049)
RTTSStatus(4cc72c2b 0046007a)
RTTSStatus(4cc72c91 00390066)
ProcWOMDONE: 00045178; outst buffs now=5; samp waiting=72962at 1288121530
ProcWOMDONE: iQueueCount=72962
ProcWOMDONE: dwRemaining=0
RTTSStatus(4cc72cac 005a004d)
RTTSStatus(4cc72d06 00600066)
RTTSStatus(4cc72d66 00e10041)
RTTSStatus(4cc72e48 00460076)
RTTSStatus(4cc72e90 00400054)
RTTSStatus(4cc72ed0 00390072)
RTTSStatus(4cc72f0a 00ce0069)
ProcWOMDONE: 000451b0; outst buffs now=4; samp waiting=56578at 1288122280
ProcWOMDONE: iQueueCount=56578
ProcWOMDONE: dwRemaining=0
RTTSStatus(4cc72fd8 004d005f)
RTTSStatus(4cc7302c 006d0073)
RTTSStatus(4cc730b9 007a0049)
RTTSStatus(4cc73124 0046006b)
RTTSStatus(4cc7315b 00530073)
RTTSStatus(4cc731af 00530066)
RTTSStatus(4cc73203 00fb0041)
ProcWOMDONE: 00046390; outst buffs now=3; samp waiting=40194at 1288123030
ProcWOMDONE: iQueueCount=40194
ProcWOMDONE: dwRemaining=0
RTTSStatus(4cc7330f 00460076)
RTTSStatus(4cc73345 00460066)
RTTSStatus(4cc733ac 00b4004d)
RTTSStatus(4cc73451 004d005f)
RTTSStatus(4cc734a5 00530066)
RTTSStatus(4cc734e9 0060004d)
RTTSStatus(4cc73549 00600066)
ProcWOMDONE: 00046358; outst buffs now=2; samp waiting=23810at 1288123780
ProcWOMDONE: iQueueCount=23810
ProcWOMDONE: dwRemaining=0
RTTSStatus(4cc735aa 00e10041)
RTTSStatus(4cc7368c 00460076)
RTTSStatus(4cc736d3 00530073)
RTTSStatus(4cc73726 00870049)
RTTSStatus(4cc737ce 0046006b)
RTTSStatus(4cc73805 00460073)
RTTSStatus(4cc7384c 00390074)
ProcWOMDONE: 00045290; outst buffs now=1; samp waiting=7426at 1288124530
ProcWOMDONE: iQueueCount=7426
ProcWOMDONE: dwRemaining=0
RTTSStatus(4cc73886 00ad0075)
RTTSStatus(4cc73924 004d005f)
ProcWOMDONE: 00045258; outst buffs now=0; samp waiting=0at 1288124843
ProcWOMDONE: iQueueCount=0
ProcWOMDONE: Closing. iQueueCount=0
ProcWOMCLOSE: outstanding now 0 at 1288124921
PA: ReportStatusToApplication()
PlayAudioCallbackRoutine().
RTTSStatus(0000000d 00000000)
  .. TTSMessage 11 posting. [[:debug 2002]the number is 453 654 4562. ..]
Process_TTS_Message #11 at 1288130749
  .. TTSMessage processing.
OpenWaveOutputDevice: waveOutOpen() {1}
ProcWOMOPEN: outstanding now 0 at 1288130983
ProcWOMOPEN: PA_OWN_DEVICE is NOT set
SAP: state=1 QCount=284 new=0 outstanding=0 at 1288130983
SAP: runt start packet?
PA: ReportStatusToApplication()
PlayAudioCallbackRoutine().
RTTSStatus(0000000c 00000000)
SAP: 284 samples to write at 1288130983
WBTWOD size=32 at 00045178; out=0; waiting=0 qcount=284 at 1288130983
WBTWOD size=252 at 000451b0; out=1; waiting=32 qcount=284 at 1288130983
SAP: exit at 1288130983
ProcWOMDONE: 00045178; outst buffs now=1; samp waiting=252at 1288131030
ProcWOMDONE: iQueueCount=252
ProcWOMDONE: dwRemaining=0
ProcWOMDONE: 000451b0; outst buffs now=0; samp waiting=0at 1288131108
ProcWOMDONE: iQueueCount=0
ProcWOMDONE: Closing. iQueueCount=0
ProcWOMCLOSE: outstanding now 0 at 1288131296
PA: ReportStatusToApplication()
PlayAudioCallbackRoutine().
RTTSStatus(0000000d 00000000)
OpenWaveOutputDevice: waveOutOpen() {1}
ProcWOMOPEN: outstanding now 0 at 1288131640
ProcWOMOPEN: PA_OWN_DEVICE is NOT set
SAP: state=1 QCount=284 new=0 outstanding=0 at 1288131640
SAP: runt start packet?
PA: ReportStatusToApplication()
PlayAudioCallbackRoutine().
RTTSStatus(0000000c 00000000)
SAP: 284 samples to write at 1288131640
WBTWOD size=32 at 00045178; out=0; waiting=0 qcount=284 at 1288131640
WBTWOD size=252 at 000451b0; out=1; waiting=32 qcount=284 at 1288131640
SAP: exit at 1288131640
ProcWOMDONE: 00045178; outst buffs now=1; samp waiting=252at 1288131687
ProcWOMDONE: iQueueCount=252
ProcWOMDONE: dwRemaining=0
ProcWOMDONE: 000451b0; outst buffs now=0; samp waiting=0at 1288131749
ProcWOMDONE: iQueueCount=89602
ProcWOMDONE: dwRemaining=89602
WBTWOD size=22400 at 000451b0; out=0; waiting=0 qcount=89602 at 1288131749
ProcWOMDONE: dwRemaining=73218, uiWriteLength=22400, using header 0 (00045178) at 1288131749
WBTWOD size=22400 at 00045178; out=1; waiting=16384 qcount=89602 at 1288131749
ProcWOMDONE: header 1 (000451b0) is busy at 1288131749
ProcWOMDONE: dwRemaining=56834, uiWriteLength=22400, using header 2 (000451e8) at 1288131749
WBTWOD size=22400 at 000451e8; out=2; waiting=32768 qcount=89602 at 1288131749
ProcWOMDONE: dwRemaining=40450, uiWriteLength=22400, using header 3 (00045220) at 1288131749
WBTWOD size=22400 at 00045220; out=3; waiting=49152 qcount=89602 at 1288131749
ProcWOMDONE: dwRemaining=24066, uiWriteLength=22400, using header 4 (00045258) at 1288131749
WBTWOD size=22400 at 00045258; out=4; waiting=65536 qcount=89602 at 1288131749
ProcWOMDONE: dwRemaining=7682, uiWriteLength=7682, using header 5 (00045290) at 1288131765
WBTWOD size=7682 at 00045290; out=5; waiting=81920 qcount=89602 at 1288131765
RTTSStatus(4cc75484 00330044)
RTTSStatus(4cc754b7 005a0078)
RTTSStatus(4cc75512 0060006e)
RTTSStatus(4cc75573 0073005e)
RTTSStatus(4cc755e6 0026006d)
RTTSStatus(4cc7560d 00330062)
RTTSStatus(4cc75641 007a0052)
RTTSStatus(4cc756bb 00530049)
RTTSStatus(4cc7572e 0046007a)
RTTSStatus(4cc75775 00390066)
ProcWOMDONE: 000451b0; outst buffs now=5; samp waiting=73218at 1288132499
ProcWOMDONE: iQueueCount=73218
ProcWOMDONE: dwRemaining=0
RTTSStatus(4cc7579f 005a004d)
RTTSStatus(4cc757eb 00600066)
RTTSStatus(4cc7586a 00e10041)
RTTSStatus(4cc7592d 00460076)
RTTSStatus(4cc75974 00400054)
RTTSStatus(4cc759b4 00390072)
RTTSStatus(4cc759ef 00ce0069)
ProcWOMDONE: 00045178; outst buffs now=4; samp waiting=56834at 1288133249
ProcWOMDONE: iQueueCount=56834
ProcWOMDONE: dwRemaining=0
RTTSStatus(4cc75adc 004d005f)
RTTSStatus(4cc75b10 006d0073)
RTTSStatus(4cc75b7f 007a0049)
RTTSStatus(4cc75c18 0046006b)
RTTSStatus(4cc75c5f 00530073)
RTTSStatus(4cc75c93 00530066)
RTTSStatus(4cc75d07 00fb0041)
ProcWOMDONE: 000451e8; outst buffs now=3; samp waiting=40450at 1288133999
ProcWOMDONE: iQueueCount=40450
ProcWOMDONE: dwRemaining=0
RTTSStatus(4cc75e02 00460076)
RTTSStatus(4cc75e3a 00460066)
RTTSStatus(4cc75e80 00b4004d)
RTTSStatus(4cc75f25 004d005f)
RTTSStatus(4cc75f79 00530066)
RTTSStatus(4cc75fcd 0060004d)
RTTSStatus(4cc7602e 00600066)
ProcWOMDONE: 00045220; outst buffs now=2; samp waiting=24066at 1288134749
ProcWOMDONE: iQueueCount=24066
ProcWOMDONE: dwRemaining=0
RTTSStatus(4cc760ad 00e10041)
RTTSStatus(4cc76170 00460076)
RTTSStatus(4cc761b8 00530073)
RTTSStatus(4cc7622a 00870049)
RTTSStatus(4cc762b1 0046006b)
RTTSStatus(4cc762f9 00460073)
ProcWOMDONE: 00045258; outst buffs now=1; samp waiting=7682at 1288135499
ProcWOMDONE: iQueueCount=7682
ProcWOMDONE: dwRemaining=0
RTTSStatus(4cc76321 00390074)
RTTSStatus(4cc7635b 00ad0075)
RTTSStatus(4cc76409 004d005f)
ProcWOMDONE: 00045290; outst buffs now=0; samp waiting=0at 1288135874
ProcWOMDONE: iQueueCount=0
ProcWOMDONE: Closing. iQueueCount=0
ProcWOMCLOSE: outstanding now 0 at 1288135952
PA: ReportStatusToApplication()
PlayAudioCallbackRoutine().
RTTSStatus(0000000d 00000000)
  .. TTSMessage 12 posting. [[:debug 2002]the number is 453 254 4522. ..]
Process_TTS_Message #12 at 1288145108
  .. TTSMessage processing.
OpenWaveOutputDevice: waveOutOpen() {1}
ProcWOMOPEN: outstanding now 0 at 1288145343
ProcWOMOPEN: PA_OWN_DEVICE is NOT set
SAP: state=1 QCount=284 new=0 outstanding=0 at 1288145343
SAP: runt start packet?
PA: ReportStatusToApplication()
PlayAudioCallbackRoutine().
RTTSStatus(0000000c 00000000)
SAP: 284 samples to write at 1288145343
WBTWOD size=32 at 00045178; out=0; waiting=0 qcount=284 at 1288145343
WBTWOD size=252 at 000451b0; out=1; waiting=32 qcount=284 at 1288145343
SAP: exit at 1288145343
ProcWOMDONE: 00045178; outst buffs now=1; samp waiting=252at 1288145405
ProcWOMDONE: iQueueCount=252
ProcWOMDONE: dwRemaining=0
ProcWOMDONE: 000451b0; outst buffs now=0; samp waiting=0at 1288145468
ProcWOMDONE: iQueueCount=284
ProcWOMDONE: dwRemaining=284
WBTWOD size=284 at 000451b0; out=0; waiting=0 qcount=284 at 1288145468
ProcWOMDONE: 000451b0; outst buffs now=0; samp waiting=0at 1288145593
ProcWOMDONE: iQueueCount=84206
ProcWOMDONE: dwRemaining=84206
WBTWOD size=21050 at 000451b0; out=0; waiting=0 qcount=84206 at 1288145593
ProcWOMDONE: dwRemaining=67822, uiWriteLength=21050, using header 0 (00045178) at 1288145593
WBTWOD size=21050 at 00045178; out=1; waiting=16384 qcount=84206 at 1288145593
ProcWOMDONE: header 1 (000451b0) is busy at 1288145593
ProcWOMDONE: dwRemaining=51438, uiWriteLength=21050, using header 2 (000451e8) at 1288145593
WBTWOD size=21050 at 000451e8; out=2; waiting=32768 qcount=84206 at 1288145593
ProcWOMDONE: dwRemaining=35054, uiWriteLength=21050, using header 3 (00045220) at 1288145593
WBTWOD size=21050 at 00045220; out=3; waiting=49152 qcount=84206 at 1288145593
ProcWOMDONE: dwRemaining=18670, uiWriteLength=18670, using header 4 (00045258) at 1288145593
WBTWOD size=18670 at 00045258; out=4; waiting=65536 qcount=84206 at 1288145593
ProcWOMDONE: dwRemaining=2286, uiWriteLength=2286, using header 5 (00045290) at 1288145593
WBTWOD size=2286 at 00045290; out=5; waiting=81920 qcount=84206 at 1288145593
RTTSStatus(4cc78a88 00330044)
RTTSStatus(4cc78abb 005a0078)
RTTSStatus(4cc78b16 0060006e)
RTTSStatus(4cc78b77 0073005e)
RTTSStatus(4cc78bea 0026006d)
RTTSStatus(4cc78c11 00330062)
RTTSStatus(4cc78c45 007a0052)
RTTSStatus(4cc78cbf 00530049)
RTTSStatus(4cc78d32 0046007a)
RTTSStatus(4cc78d7a 00390066)
ProcWOMDONE: 000451b0; outst buffs now=5; samp waiting=67822at 1288146327
ProcWOMDONE: iQueueCount=67822
ProcWOMDONE: dwRemaining=0
RTTSStatus(4cc78da3 005a004d)
RTTSStatus(4cc78def 00600066)
RTTSStatus(4cc78e6f 00e10041)
RTTSStatus(4cc78f31 00460076)
RTTSStatus(4cc78f78 00400054)
RTTSStatus(4cc78fb8 00390072)
RTTSStatus(4cc78ff3 00ce0069)
ProcWOMDONE: 00045178; outst buffs now=4; samp waiting=51438at 1288147077
ProcWOMDONE: iQueueCount=51438
ProcWOMDONE: dwRemaining=0
RTTSStatus(4cc790e1 004d005f)
RTTSStatus(4cc79114 00530074)
RTTSStatus(4cc79169 00670075)
RTTSStatus(4cc791d0 00670066)
RTTSStatus(4cc79257 011b0041)
ProcWOMDONE: 000451e8; outst buffs now=3; samp waiting=35054at 1288147827
ProcWOMDONE: iQueueCount=35054
ProcWOMDONE: dwRemaining=0
RTTSStatus(4cc79353 004d0076)
RTTSStatus(4cc793a0 00530066)
RTTSStatus(4cc793f4 00da004d)
RTTSStatus(4cc794d0 004d005f)
RTTSStatus(4cc79543 00530066)
RTTSStatus(4cc79596 005a004d)
RTTSStatus(4cc795d1 00600066)
RTTSStatus(4cc79632 00fb0041)
ProcWOMDONE: 00045220; outst buffs now=2; samp waiting=18670at 1288148577
ProcWOMDONE: iQueueCount=18670
ProcWOMDONE: dwRemaining=0
RTTSStatus(4cc7972e 00460076)
RTTSStatus(4cc79774 00390074)
RTTSStatus(4cc797af 006d0075)
RTTSStatus(4cc7981c 004d0074)
RTTSStatus(4cc79869 00ad0075)
RTTSStatus(4cc79917 004d005f)
ProcWOMDONE: 00045258; outst buffs now=1; samp waiting=2286at 1288149327
ProcWOMDONE: iQueueCount=2286
ProcWOMDONE: dwRemaining=0
ProcWOMDONE: 00045290; outst buffs now=0; samp waiting=0at 1288149452
ProcWOMDONE: iQueueCount=0
ProcWOMDONE: Closing. iQueueCount=0
ProcWOMCLOSE: outstanding now 0 at 1288149530
PA: ReportStatusToApplication()
PlayAudioCallbackRoutine().
RTTSStatus(0000000d 00000000)
  .. TTSMessage 13 posting. [[:debug 2002]the number is 453 224 4222. ..]
Process_TTS_Message #13 at 1288156015
  .. TTSMessage processing.
OpenWaveOutputDevice: waveOutOpen() {1}
ProcWOMOPEN: outstanding now 0 at 1288156249
ProcWOMOPEN: PA_OWN_DEVICE is NOT set
SAP: state=1 QCount=284 new=0 outstanding=0 at 1288156249
SAP: runt start packet?
PA: ReportStatusToApplication()
PlayAudioCallbackRoutine().
RTTSStatus(0000000c 00000000)
SAP: 284 samples to write at 1288156249
WBTWOD size=32 at 00045178; out=0; waiting=0 qcount=284 at 1288156249
WBTWOD size=252 at 000451b0; out=1; waiting=32 qcount=284 at 1288156249
SAP: exit at 1288156249
ProcWOMDONE: 00045178; outst buffs now=1; samp waiting=252at 1288156296
ProcWOMDONE: iQueueCount=252
ProcWOMDONE: dwRemaining=0
ProcWOMDONE: 000451b0; outst buffs now=0; samp waiting=0at 1288156358
ProcWOMDONE: iQueueCount=284
ProcWOMDONE: dwRemaining=284
WBTWOD size=284 at 000451b0; out=0; waiting=0 qcount=284 at 1288156358
ProcWOMDONE: 000451b0; outst buffs now=0; samp waiting=0at 1288156483
ProcWOMDONE: iQueueCount=73840
ProcWOMDONE: dwRemaining=73840
WBTWOD size=18460 at 000451b0; out=0; waiting=0 qcount=73840 at 1288156483
ProcWOMDONE: dwRemaining=57456, uiWriteLength=18460, using header 0 (00045178) at 1288156483
WBTWOD size=18460 at 00045178; out=1; waiting=16384 qcount=73840 at 1288156483
ProcWOMDONE: header 1 (000451b0) is busy at 1288156483
ProcWOMDONE: dwRemaining=41072, uiWriteLength=18460, using header 2 (000451e8) at 1288156483
WBTWOD size=18460 at 000451e8; out=2; waiting=32768 qcount=73840 at 1288156483
ProcWOMDONE: dwRemaining=24688, uiWriteLength=18460, using header 3 (00045220) at 1288156483
WBTWOD size=18460 at 00045220; out=3; waiting=49152 qcount=73840 at 1288156483
ProcWOMDONE: dwRemaining=83