 AP   F1   A2   A3   A4   A5   A6   AB  TILT  T0   AV   F2   F3    FZ   B1   B2   B3       
   0  349    0    0    0    0    0    0    4  344    0 1785 2252  290  300  210  280    0    1  290    0   30   36    0 
   0  354    0    0    0    0    0    0    9  343    0 1749 2267  290  300  210  280   49   13  290    0   30   36    0 
   0  367    0    0    0    0    0    0    9  336    0 1745 2258  290  287  203  280   49   13  290    0   30   36    0 
   0  379    0    0    0    0    0    0    9  330    0 1741 2249  290  275  197  280   49   13  290    0   30   36    0 
   0  392    0    0    0    0    0    0    9  326    0 1737 2240  290  262  191  280   49   13  290    0   30   36    0 
   0  404    0    0    0    0    0    0    9  322    0 1734 2231  290  250  185  280   49   13  290    0   30   36    0 
   0  417    0    0    0    0    0    0    9  320    0 1730 2222  290  237  178  280   49   13  290    0   30   36    0 
   0  429    0    0    0    0    0    0    9  318    0 1726 2212  290  225  172  280   49   13  290    0   30   36    0 
   0  442    0    0    0    0    0    0    9  317    0 1722 2203  290  212  166  280   49   13  290    0   30   36    0 
   0  454    0    0    0    0    0    0    9  316    0 1718 2194  290  200  160  280   49   13  290    0   30   36    0 
   0  467    0    0    0    0    0    0    9  315    0 1714 2185  290  200  160  280   49   13  290    0   30   36    0 
   0  479    0    0    0    0    0    0    9  314    0 1710 2176  290  200  160  280   49   13  290    0   30   36    0 
   0  492   42    0    0   45    0    0    9  312    0 1706 2167  290  181  145  263   49   13  290    0   30   36    0 
   0  504   31    0    0   34    0    0    9  310    0 1703 2158  290  163  130  246   49   13  290    0   30   36    0 
  55  518   29    0    0   32    0    0    2  307    0 1699 2150  290  590  120  229    9   34  290    0   30   36    0 
  55  529   19    0    0   21    0    0    2  305    0 1647 2176  290  590  120  221    9   34  290    0   30   36    0 
  55  540    9    0    0   10    0    0    2  301    0 1594 2203  290  590  120  213    9   34  290    0   30   36    0 
  55  551    0    0    0    0    0    0    2  299    0 1542 2229  290  590  120  204    9   34  290    0   30   36    0 
  55  561    0    0    0    0    0    0    2  297    0 1489 2256  290  590  120  196    9   34  290    0   30   36    0 
  55  572    0    0    0    0    0    0    2  296    0 1437 2282  290  590  120  188    9   34  290    0   30   36    0 
   0  583    0    0    0    0    0    0    2  294   64 1385 2309  290  108   70  180    9   34  290    0   30   36    0 
   0  594    0    0    0    0    0    0    2  294   64 1332 2335  290   99   70  180    9   34  290    0   30   36    0 
   0  594    0    0    0    0    0    0    2  293   64 1280 2362  290   90   70  180    9   34  290    0   30   36    0 
   0  594    0    0    0    0    0    0    2  298   64 1228 2388  290   90   70  180    9   34  290    0   30   38    0 
   0  593    0    0    0    0    0    0    2  303   64 1222 2417  290   90   70  180    9   34  290    0   30   40    0 
   0  593    0    0    0    0    0    0    2  306   64 1217 2446  290   90   70  180    9   34  290    0   30   42    0 
   0  593    0    0    0    0    0    0    2  309   64 1211 2475  290   90   70  180    9   34  290    0   30   32    0 
   0  593    0    0    0    0    0    0    2  312   64 1206 2504  290   90   70  180    9   34  290    0   30   34    0 
   0  592    0    0    0    0    0    0    2  314   64 1200 2532  290   90   70  180    9   34  290    0   30   36    0 
   0  592    0    0    0    0    0    0    2  316   64 1195 2535  290   90   70  180    9   34  290    0   30   38    0 
   0  592    0    0    0    0    0    0    2  318   64 1189 2537  290   90   70  180    9   34  290    0   30   40    0 
   0  592    0    0    0    0    0    0    2  320   64 1184 2540  290   90   70  180    9   34  290    0   30   42    0 
   0  591    0    0    0    0    0    0    2  322   64 1178 2542  290   90   70  180    9   34  290    0   30   32    0 
   0  591    0    0    0    0    0    0    2  322   64 1173 2544  290   96   70  180    9   34  290    0   30   34    0 
   0  591    0    0    0    0    0    0    2  323   64 1167 2547  290  102   70  180    9   34  290    0   30   36    0 
   0  591    0    0    0    0    0    0    2  323   64 1162 2549  290  108   70  180    9   34  290    0   30   38    0 
   0  591    0    0    0    0    0    0    2  323   64 1162 2549  296  115   70  180    9   34  290    0   30   40    0 
   0  591    0    0    0    0    0    0    2  323   64 1162 2549  302  121   70  180    9   34  290    0   30   42    0 
   0  591    0    0    0    0    0    0    2  323   64 1162 2549  308  127   70  180    9   34  290    0   30   32    0 
   0  591    0    0    0    0    0    0    2  322   64 1162 2549  314  133   70  180    9   34  290    0   30   34    0 
   0  591    0    0    0    0    0    0    2  322   64 1162 2549  320  140   70  180    9   34  290    0   30   36    0 
   0  591    0    0    0    0    0    0    2  322   64 1162 2549  326  146   70  180    9   34  290    0   30   38    0 
   0  591    0    0    0    0    0    0    2  321   64 1162 2549  332  152   70  180    9   34  290    0   30   40    0 
   0  591    0    0    0    0    0    0    3  321   64 1139 2549  339  158   70  180    9   34  290    0   30   42    0 
   0  591    0    0    0    0    0    0    3  321   64 1117 2549  345  165   70  180    9   34  290    0   30   32    0 
   0  564    0    0    0    0    0    0    3  320   64 1094 2549  351  171   70  180    9   34  290    0   30   34    0 
   0  537    0    0    0    0    0    0    3  320   64 1072 2482  357  177   70  180    9   34  290    0   30   36    0 
   0  510    0    0    0    0    0    0    3  320   64 1050 2415  363  183   70  180    9   34  290    0   30   38    0 
   0  358    0    0    0    0    0    0    3  321   58 1028 2349  400   90  350  250   31   15  290    0   30   40    0 
   0  358    0    0    0    0    0    0    2  323   58 1033 2362  400   90  350  250   31   15  290    0   30   40    0 
   0  358    0    0    0    0    0    0    2  326   58 1038 2376  400   90  350  250   31   15  290    0   30   40    0 
   0  358    0    0    0    0    0    0    2  329   58 1044 2389  400   90  350  250   31   15  290    0   30   40    0 
   0  358    0    0    0    0    0    0    2  333   57 1049 2402  400   90  350  250   31   15  290    0   30   40    0 
   0  358    0    0    0    0    0    0    2  337   56 1054 2416  400   90  350  250   31   15  290    0   30   40    0 
   0  358    0    0    0    0    0    0    2  341   56 1059 2429  400   90  350  250   31   15  290    0   30   40    0 
   0  358    0    0    0    0    0    0    2  346   55 1065 2443  400   90  350  250   31   15  290    0   30   40    0 
   0  358    0    0    0    0    0    0    2  349   54 1070 2456  400   90  350  250   31   15  290    0   30   40    0 
   0  358    0    0    0    0    0    0    2  353   54 1075 2469  400   90  350  250   31   15  290    0   30   40    0 
   0  358    0    0    0    0    0    0    2  358   53 1080 2483  400   90  350  250   31   15  290    0   30   40    0 
   0  358    0    0    0    0    0    0    1  361   53 1086 2496  400   90  350  250   31   15  290    0   30   40    0 
   0  358    0    0    0    0    0    0    1  364   52 1091 2509  400   90  350  250   31   15  290    0   30   40    0 
   0  358    0    0    0    0    0    0    1  368   51 1096 2523  400   90  350  250   31   15  290    0   30   40    0 
   0  358    0    0    0    0    0    0    1  371   51 1101 2536  400   90  350  250   31   15  290    0   30   40    0 
  51  357    0    0    0    0    0    0    1  373    0 1106 2550  369  159  350  250    0   12  290    0   30   40    0 
  46  357    0    0    0    0    0    0    1  375    0 1110 2550  362  153  350  250    0   12  290    0   30   40    0 
  42  357    0    0    0    0    0    0    1  376    0 1115 2550  356  147  350  250    0   12  290    0   30   40    0 
  38  357    0    0    0    0    0    0    1  377    0 1120 2550  349  141  350  250    0   12  290    0   30   40    0 
  34  358    0    0    0    0    0    0    1  374    0 1125 2551  343  136  350  250    0   12  290    0   30   40    0 
  29  358    0    0    0    0    0    0    1  371    0 1129 2551  336  142  356  250    0   12  290    0   30   40    0 
  25  358    0    0    0    0    0    0    1  368    0 1134 2551  329  149  362  250    0   12  290    0   30   40    0 
  21  358    0    0    0    0    0    0    1  364    0 1139 2551  323  156  368  250    0   12  290    0   30   40    0 
  17  359    0    0    0    0    0    0    1  361    0 1144 2552  316  163  375  250    0   12  290    0   30   40    0 
  12  359    0    0    0    0    0    0    1  358    0 1148 2552  309  169  381  250    0   12  290    0   30   40    0 
   8  359    0    0    0    0    0    0    1  355    0 1153 2552  303  176  387  250    0   12  290    0   30   40    0 
   4  359    0    0    0    0    0    0    2  352    0 1158 2552  296  183  393  250    0   12  290    0   30   40    0 
