 AP   F1   A2   A3   A4   A5   A6   AB  TILT  T0   AV   F2   F3    FZ   B1   B2   B3       
   0  349    0    0    0    0    0    0    4  344    0 1785 2252  290  300  210  280    0    1  290    0   30   36    0 
   0  354    0    0    0    0    0    0    9  342    0 1749 2267  290  300  210  280   49   13  290    0   30   36    0 
   0  367    0    0    0    0    0    0    9  333    0 1745 2258  290  287  203  280   49   13  290    0   30   36    0 
   0  379    0    0    0    0    0    0    9  326    0 1741 2249  290  275  197  280   49   13  290    0   30   36    0 
   0  392    0    0    0    0    0    0    9  320    0 1737 2240  290  262  191  280   49   13  290    0   30   36    0 
   0  404    0    0    0    0    0    0    9  314    0 1734 2231  290  250  185  280   49   13  290    0   30   36    0 
   0  417    0    0    0    0    0    0    9  310    0 1730 2222  290  237  178  280   49   13  290    0   30   36    0 
   0  429    0    0    0    0    0    0    9  306    0 1726 2212  290  225  172  280   49   13  290    0   30   36    0 
   0  442    0    0    0    0    0    0    9  303    0 1722 2203  290  212  166  280   49   13  290    0   30   36    0 
   0  454    0    0    0    0    0    0    9  300    0 1718 2194  290  200  160  280   49   13  290    0   30   36    0 
   0  467    0    0    0    0    0    0    9  297    0 1714 2185  290  200  160  280   49   13  290    0   30   36    0 
   0  479    0    0    0    0    0    0    9  294    0 1710 2176  290  200  160  280   49   13  290    0   30   36    0 
   0  492   42    0    0   45    0    0   10  290    0 1706 2167  290  181  145  263   49   13  290    0   30   36    0 
   0  504   31    0    0   34    0    0   10  285    0 1703 2158  290  163  130  246   49   13  290    0   30   36    0 
  55  518   29    0    0   32    0    0    3  280    0 1699 2150  290  590  120  229    9   29  290    0   30   36    0 
  55  529   19    0    0   21    0    0    3  275    0 1647 2176  290  590  120  221    9   29  290    0   30   36    0 
  55  540    9    0    0   10    0    0    3  270    0 1594 2203  290  590  120  213    9   29  290    0   30   36    0 
  55  551    0    0    0    0    0    0    4  265    0 1542 2229  290  590  120  204    9   29  290    0   30   36    0 
  55  561    0    0    0    0    0    0    4  261    0 1489 2256  290  590  120  196    9   29  290    0   30   36    0 
  55  572    0    0    0    0    0    0    4  256    0 1437 2282  290  590  120  188    9   29  290    0   30   36    0 
   0  583    0    0    0    0    0    0    4  252   64 1385 2309  290  108   70  180    9   29  290    0   30   36    0 
   0  594    0    0    0    0    0    0    4  249   64 1332 2335  290   99   70  180    9   29  290    0   30   36    0 
   0  593    0    0    0    0    0    0    5  246   64 1274 2364  290   90   70  180    9   29  290    0   30   36    0 
   0  593    0    0    0    0    0    0    5  247   64 1216 2393  290   90   70  180    9   29  290    0   30   38    0 
   0  593    0    0    0    0    0    0    5  247   64 1210 2422  290   90   70  180    9   29  290    0   30   40    0 
   0  593    0    0    0    0    0    0    5  247   64 1204 2452  290   90   70  180    9   29  290    0   30   42    0 
   0  592    0    0    0    0    0    0    5  247   64 1198 2481  290   90   70  180    9   29  290    0   30   32    0 
   0  592    0    0    0    0    0    0    5  247   64 1192 2510  290   90   70  180    9   29  290    0   30   34    0 
   0  592    0    0    0    0    0    0    5  248   64 1186 2539  290   96   70  180    9   29  290    0   30   36    0 
   0  592    0    0    0    0    0    0    5  252   64 1180 2542  290  102   70  180    9   29  290    0   30   38    0 
   0  591    0    0    0    0    0    0    5  257   64 1174 2544  290  108   70  180    9   29  290    0   30   40    0 
   0  591    0    0    0    0    0    0    5  263   64 1168 2547  296  115   70  180    9   29  290    0   30   42    0 
   0  591    0    0    0    0    0    0    4  270   64 1162 2549  302  121   70  180    9   29  290    0   30   32    0 
   0  591    0    0    0    0    0    0    4  277   64 1162 2549  308  127   70  180    9   29  290    0   30   34    0 
   0  591    0    0    0    0    0    0    4  286   64 1162 2549  314  133   70  180    9   29  290    0   30   36    0 
   0  591    0    0    0    0    0    0    3  294   64 1162 2549  320  140   70  180    9   29  290    0   30   38    0 
   0  591    0    0    0    0    0    0    3  304   64 1162 2549  326  146   70  180    9   29  290    0   30   40    0 
   0  591    0    0    0    0    0    0    3  314   64 1162 2549  332  152   70  180    9   29  290    0   30   42    0 
   0  591    0    0    0    0    0    0    2  324   64 1139 2549  339  158   70  180    9   29  290    0   30   32    0 
   0  591    0    0    0    0    0    0    2  334   64 1117 2549  345  165   70  180    9   29  290    0   30   34    0 
   0  564    0    0    0    0    0    0    2  344   64 1094 2549  351  171   70  180    9   29  290    0   30   36    0 
   0  537    0    0    0    0    0    0    1  354   64 1072 2482  357  177   70  180    9   29  290    0   30   38    0 
   0  510    0    0    0    0    0    0    1  364   64 1050 2415  363  183   70  180    9   29  290    0   30   40    0 
   0  357    0    0    0    0    0    0    1  374   58 1028 2349  400   90  350  250   31    9  290    0   30   42    0 
   0  357    0    0    0    0    0    0    1  384   58 1055 2372  400   90  350  250   31    9  290    0   30   42    0 
   0  357    0    0    0    0    0    0    1  393   58 1082 2394  400   90  350  250   31    9  290    0   30   42    0 
   0  357    0    0    0    0    0    0    0  402   58 1108 2416  400   90  350  250   31    9  290    0   30   42    0 
   0  357    0    0    0    0    0    0    0  409   58 1135 2438  400   90  350  250   31    9  290    0   30   42    0 
   0  357    0    0    0    0    0    0    0  417   58 1162 2461  400   90  350  250   31    9  290    0   30   42    0 
   0  357    0    0    0    0    0    0    0  423   58 1188 2483  400   90  350  250   31    9  290    0   30   42    0 
   0  357    0    0    0    0    0    0    0  429   58 1215 2505  400   90  350  250   31    9  290    0   30   42    0 
   0  357    0    0    0    0    0    0    0  800   53 1241 2527  400   90  350  250   31    9  290    0   30   42    0 
   0  338    0    0    0    0    0    0    0  800   44 1265 2550  369  270  180  300   53   19  290    0   30   42    0 
   0  335    0    0    0    0    0    0    0  800   45 1289 2550  363  265  180  300   53   19  290    0   30   42    0 
   0  332    0    0    0    0    0    0    0  800   46 1313 2550  357  261  180  300   53   19  290    0   30   42    0 
   0  328    0    0    0    0    0    0    0  728   47 1337 2550  351  256  180  300   53   19  290    0   30   42    0 
   0  325    0    0    0    0    0    0    0  651   48 1361 2550  345  252  180  300   53   19  290    0   30   42    0 
   0  322    0    0    0    0    0    0    0  587   49 1385 2550  339  248  180  300   53   19  290    0   30   42    0 
   0  322    0    0    0    0    0    0    0  534   50 1385 2550  332  243  180  300   53   19  290    0   30   42    0 
   0  322    0    0    0    0    0    0    0  490   50 1385 2550  326  239  180  300   53   19  290    0   30   42    0 
   0  322    0    0    0    0    0    0    0  457   50 1385 2550  320  235  180  300   53   19  290    0   30   42    0 
   0  322    0    0    0    0    0    0    0  458   50 1385 2550  314  230  180  300   53   19  290    0   30   42    0 
   0  322    0    0    0    0    0    0    0  459   50 1385 2550  308  226  180  300   53   19  290    0   30   42    0 
   0  322    0    0    0    0    0    0    0  459   50 1385 2550  302  221  180  300   53   19  290    0   30   42    0 
   0  322    0    0    0    0    0    0    0  495   50 1385 2550  296  222  180  300   53   19  290    0   30   42    0 
   0  322    0    0    0    0    0    0    0  542   50 1385 2550  290  223  180  300   53   19  290    0   30   42    0 
   0  322    0    0    0    0    0    0    0  600   49 1385 2550  290  223  180  300   53   19  290    0   30   42    0 
   0  322    0    0    0    0    0    0    0  672   48 1385 2550  290  224  180  300   53   19  290    0   30   42    0 
   0  321    0    0    0    0    0    0    0  763   47 1388 2550  290  225  180  300   53   19  290    0   30   42    0 
   0  321    0    0    0    0    0    0    0  800   46 1392 2550  290  230  180  300   53   19  290    0   30   42    0 
   0  321    0    0    0    0   24    0    0  800   46 1396 2550  290  235  180  300   53   19  290    0   30   42    0 
  47  322    0    0    0    0   48    0    7  800    0 1379 2534  290  200  180  300   41   22  290    0   30   42    0 
  40  322    0    0    0    0   50    0    7  800    0 1378 2531  290  200  180  300   41   22  290    0   30   42    0 
  33  322    0    0    0    0   52    0    7  800    0 1377 2528  290  200  180  300   41   22  290    0   30   42    0 
  27  322    0    0    0    0   54    0    7  773    0 1376 2525  290  200  180  300   41   22  290    0   30   42    0 
  20  322    0    0    0    0   56    0    7  668    0 1375 2522  290  200  180  300   41   22  290    0   30   42    0 
  13  322    0    0    0    0   58    0    7  589    0 1375 2520  290  200  180  300   41   22  290    0   30   42    0 
   6  322    0    0    0    0   58    0    7  529    0 1375 2520  290  200  180  300   41   22  290    0   30   42    0 
   0  322    0    0    0    0   58    0    7  480    0 1375 2520  290  200  180  300   41   22  290    0   30   42    0 
   0  322    0    0    0    0   58    0    7  445    0 1375 2520  290  200  180  300   41   22  290    0   30   42    0 
   0  322    0    0    0    0   58    0    7  443    0 1375 2520  290  200  180  300   41   22  290    0   30   42    0 
   0  322    0    0    0    0   58    0    7  442    0 1375 2520  290  200  180  300   41   22  290    0   30   42    0 
   0  322    0    0    0    0   58    0    7  441    0 1375 2520  290  200  180  300   41   22  290    0   30   42    0 
   0  322    0    0    0    0   58    0    7  440    0 1375 2520  290  200  180  300   41   22  290    0   30   42    0 
   0  322    0    0    0    0   58    0    7  440    0 1375 2520  290  200  180  300   41   22  290    0   30   42    0 
   0  322    0    0    0    0   58    0    7  440    0 1375 2520  290  200  180  300   41   22  290    0   30   42    0 
   0  322    0    0    0    0   58    0    7  440    0 1375 2520  290  200  180  300   41   22  290    0   30   42    0 
   0  322    0    0    0    0   58    0    7  440    0 1375 2520  290  200  180  300   41   22  290    0   30   42    0 
   0  322    0    0    0    0   58    0    7  440    0 1375 2520  290  200  180  300   41   22  290    0   30   42    0 
   0  322    0    0    0    0   58    0    7  441    0 1350 2486  290  200  180  300   41   22  290    0   30   42    0 
   0  322    0    0    0    0   58    0    7  441    0 1325 2453  290  200  180  300   41   22  290    0   30   42    0 
   0  325    0    0    0    0   58    0    7  442    0 1300 2419  290  200  180  280   41   22  290    0   30   42    0 
   0  329    0    0    0    0   58    0    7  443    0 1275 2386  290  200  180  260   41   22  290    0   30   42    0 
   0  334    0    0    0    0    0    0    7  444    0 1252 2347  290  200  180  239   45   13  290    0   30   42    0 
   0  335    0    0    0    0    0    0    7  445    0 1243 2334  290  200  180  219   45   13  290    0   30   42    0 
   0  336    0    0    0    0    0    0    7  447    0 1234 2321  290  200  180  199   45   13  290    0   30   42    0 
   0  337    0    0    0    0    0    0    7  449    0 1225 2308  290  200  180  180   45   13  290    0   30   42    0 
   0  338    0    0    0    0    0    0    7  451    0 1216 2295  290  200  180  180   45   13  290    0   30   42    0 
   0  339    0    0    0    0    0    0    7  453    0 1207 2282  290  200  180  180   45   13  290    0   30   42    0 
   0  340    0    0    0    0    0    0    7  455    0 1197 2268  290  212  186  180   45   13  290    0   30   42    0 
   0  341    0    0    0    0    0    0    7  457    0 1188 2255  290  225  192  180   45   13  290    0   30   42    0 
   0  342    0    0    0    0    0    0    7  460    0 1179 2242  290  237  198  180   45   13  290    0   30   42    0 
   0  343    0    0    0    0    0    0    7  462    0 1170 2229  290  250  205  180   45   13  290    0   30   42    0 
   0  344    0    0    0    0    0    0    7  465    0 1161 2216  290  262  211  180   45   13  290    0   30   42    0 
   0  345    0    0    0    0    0    0    7  469    0 1152 2203  290  275  217  180   45   13  290    0   30   42    0 
   0  346    0    0    0    0   42   59    7  472    0 1143 2190  290  287  223  180   45   13  290    0   30   42    0 
  52  345    0    0    0    0   30   46    0  474    0 1133 2175  290  700  230  180    0   66  290    0   30   42    0 
  52  346    0    0    0    0   27   42    0  473    0 1135 2175  290  700  230  180    0   66  290    0   30   42    0 
  52  347    0    0    0    0   24   38    0  471    0 1136 2176  290  700  230  180    0   66  290    0   30   42    0 
  52  348    0    0    0    0   22   34    0  467    0 1138 2176  290  700  230  180    0   66  290    0   30   42    0 
   0  350    0    0    0    0   19   29    0  461    0 1140 2177  290  250  205  180    0   66  290    0   30   42    0 
   0  351    0    0    0    0   16   25    0  454    0 1141 2177  290  237  198  180    0   66  290    0   30   42    0 
   0  352    0    0    0    0   13   21    0  445    0 1143 2178  290  225  192  180    0   66  290    0   30   42    0 
   0  353    0    0    0    0   11   17    0  441    0 1144 2178  290  212  186  180    0   66  290    0   30   42    0 
   0  354    0    0    0    0    8   12    0  436    0 1146 2179  290  200  180  180    0   66  290    0   30   42    0 
   0  355    0    0    0    0    5    8    0  430    0 1148 2179  290  200  180  180    0   66  290    0   30   42    0 
   0  356    0    0    0    0    2    4    0  423    0 1149 2180  290  200  180  180    0   66  290    0   30   42    0 
   0  357    0    0    0    0    0    0    0  417    0 1151 2180  290  200  180  180    0   66  290    0   30   42    0 
   0  359    0    0    0    0    0    0    0  410    0 1153 2181  290  200  180  180    0   66  290    0   30   42    0 
   0  360    0    0    0    0    0    0    0  404    0 1154 2181  290  200  180  180    0   66  290    0   30   42    0 
   0  361    0    0    0    0    0    0    0  398    0 1156 2182  290  200  180  180    0   66  290    0   30   42    0 
   0  362    0    0    0    0    0    0    0  393    0 1157 2182  290  200  180  180    0   66  290    0   30   42    0 
   0  363    0    0    0    0    0    0    0  387    0 1159 2183  290  200  180  180    0   66  290    0   30   42    0 
   0  364    0    0    0    0    0    0    1  383    0 1161 2183  290  200  180  180    0   66  290    0   30   42    0 
   0  365    0    0    0    0    0    0    1  379    0 1162 2184  290  200  180  180    0   66  290    0   30   42    0 
   0  366    0    0    0    0    0    0    1  375    0 1164 2184  290  200  180  180    0   66  290    0   30   42    0 
   0  368    0    0    0    0    0    0    1  372    0 1166 2185  290  200  180  180    0   66  290    0   30   42    0 
   0  368    0    0    0    0    0    0    1  369    0 1166 2185  290  200  180  180    0   66  290    0   30   42    0 
   0  368    0    0    0    0    0    0    1  366    0 1166 2185  290  200  180  180    0   66  290    0   30   42    0 
   0  368    0    0    0    0    0    0    1  363    0 1166 2185  290  200  180  180    0   66  290    0   30   42    0 
   0  368    0    0    0    0    0    0    1  361    0 1166 2185  290  200  180  180    0   66  290    0   30   42    0 
   0  368    0    0    0    0    0    0    1  360    0 1166 2185  290  200  180  180    0   66  290    0   30   42    0 
   0  368    0    0    0    0    0    0    1  358    0 1166 2185  290  200  180  180    0   66  290    0   30   42    0 
   0  368    0    0    0    0    0    0    1  356    0 1166 2185  290  200  180  180    0   66  290    0   30   42    0 
   0  368    0    0    0    0    0    0    1  354    0 1166 2185  290  200  180  180    0   66  290    0   30   42    0 
   0  368    0    0    0    0    0    0    1  353    0 1166 2185  290  200  180  180    0   66  290    0   30   42    0 
   0  368    0    0    0    0    0    0    1  352    0 1166 2185  290  200  180  180    0   66  290    0   30   42    0 
   0  368    0    0    0    0    0    0    1  351    0 1166 2185  290  200  180  180    0   66  290    0   30   42    0 
   0  368    0    0    0    0    0    0    1  350    0 1166 2185  290  200  180  180    0   66  290    0   30   42    0 
   0  368    0    0    0    0    0    0    1  349    0 1166 2185  290  200  180  180    0   66  290    0   30   42    0 
   0  368    0    0    0    0    0    0    1  348    0 1166 2185  290  200  180  180    0   66  290    0   30   42    0 
   0  368    0    0    0    0    0    0    2  348    0 1166 2185  290  200  180  180    0   66  290    0   30   42    0 
   0  368    0    0    0    0    0    0    2  347    0 1166 2185  290  200  180  180    0   66  290    0   30   42    0 
   0  368    0    0    0    0    0    0    2  346    0 1166 2185  290  200  180  180    0   66  290    0   30   42    0 
   0  368    0    0    0    0    0    0    2  346    0 1166 2185  290  200  180  180    0   66  290    0   30   42    0 
   0  368    0    0    0    0    0    0    2  346    0 1166 2185  290  200  180  180    0   66  290    0   30   42    0 
   0  368    0    0    0    0    0    0    2  345    0 1166 2185  290  200  180  180    0   66  290    0   30   42    0 
   0  368    0    0    0    0    0    0    2  345    0 1166 2185  290  200  180  180    0   66  290    0   30   42    0 
   0  368    0    0    0    0    0    0    2  344    0 1166 2185  290  200  180  180    0   66  290    0   30   42    0 
   0  368    0    0    0    0    0    0    2  344    0 1166 2185  290  200  180  180    0   66  290    0   30   42    0 
   0  368    0    0    0    0    0    0    2  344    0 1166 2185  290  200  180  180    0   66  290    0   30   42    0 
   0  368    0    0    0    0    0    0    2  344    0 1166 2185  290  200  180  180    0   66  290    0   30   42    0 
   0  368    0    0    0    0    0    0    2  343    0 1166 2185  290  200  180  180    0   66  290    0   30   42    0 
   0  368    0    0    0    0    0    0    2  343    0 1166 2185  290  200  180  180    0   66  290    0   30   42    0 
   0  368    0    0    0    0    0    0    2  343    0 1166 2185  290  200  180  180    0   66  290    0   30   42    0 
   0  368    0    0    0    0    0    0    2  343    0 1166 2185  290  200  180  180    0   66  290    0   30   42    0 
   0  368    0    0    0    0    0    0    2  343    0 1166 2185  290  200  180  180    0   66  290    0   30   42    0 
   0  368    0    0    0    0    0    0    2  343    0 1166 2185  290  200  180  180    0   66  290    0   30   42    0 
   0  368    0    0    0    0    0    0    2  343    0 1166 2185  290  200  180  180    0   66  290    0   30   42    0 
   0  368    0    0    0    0    0    0    2  343    0 1166 2185  290  200  180  180    0   66  290    0   30   42    0 
   0  368    0    0    0    0    0    0    2  343    0 1166 2185  290  200  180  180    0   66  290    0   30   42    0 
   0  368    0    0    0    0    0    0    2  343    0 1166 2185  290  200  180  180    0   66  290    0   30   42    0 
   0  368    0    0    0    0    0    0    2  342    0 1166 2185  290  200  180  180    0   66  290    0   30   42    0 
   0  368    0    0    0    0    0    0    2  342    0 1166 2185  290  200  180  180    0   66  290    0   30   42    0 
   0  368    0    0    0    0    0    0    2  342    0 1166 2185  290  200  180  180    0   66  290    0   30   42    0 
   0  368    0    0    0    0    0    0    2  342    0 1166 2185  290  212  186  180    0   66  290    0   30   42    0 
   0  368    0    0    0    0    0    0    2  342    0 1166 2185  290  225  192  180    0   66  290    0   30   42    0 
   0  368    0    0    0    0    0    0    2  342    0 1166 2185  290  237  198  180    0   66  290    0   30   42    0 
   0  368    0    0    0    0    0    0    2  342    0 1166 2185  290  250  205  180    0   66  290    0   30   42    0 
   0  368    0    0    0    0    0    0    2  342    0 1166 2185  290  262  211  180    0   66  290    0   30   42    0 
   0  368    0    0    0    0    0    0    2  342    0 1166 2185  290  275  217  180    0   66  290    0   30   42    0 
   0  368    0    0    0    0    0    0    2  342    0 1166 2185  290  287  223  180    0   66  290    0   30   42    0 
