 AP   F1   A2   A3   A4   A5   A6   AB  TILT  T0   AV   F2   F3    FZ   B1   B2   B3       
   0  210    0    0    0    0    0    0   13  342    0 1502 2600  290  190  150  240    0    1  290    0   30   40    0 
   0  218    0    0    0    0    0    0   31  338    0 1504 2600  290  190  150  240   48    2  290    0   50   40    0 
   0  248    0    0    0    0    0    0   31  334    0 1528 2600  290  153  137  242   48    2  290    0   50   40    0 
   0  281    0    0    0    0    0    0    9  330    0 1540 2569  290  145  125  245   47    2  290    0   50   40    0 
   0  354   26   30   42    0   43    0    9  325    0 1385 2204  290  140  120  207   47    2  290    0   50   40    0 
  55  427   19   23   32    0   36    0    3  321    0 1230 1839  290  570  130  169   26    6  290    0   50   40    0 
  55  414   13   15   21    0   24    0    3  317    0 1207 1780  290  570  130  165   26    6  290    0   50   40    0 
  55  402    6    7   10    0   12    0    3  306    0 1184 1722  290  570  130  161   26    6  290    0   50   40    0 
  55  390    0    0    0    0    0    0    3  297    0 1160 1663  290  570  130  157   26    6  290    0   50   40    0 
  55  396    0    0    0    0    0    0    3  290    0 1184 1670  290  570  130  153   26    6  290    0   50   40    0 
   0  401    0    0    0    0    0    0    3  284   64 1208 1677  290   77   93  148   26    6  290    0   50   40    0 
   0  408    0    0    0    0    0    0    3  279   64 1232 1681  290   70   90  145    3    4  290    0   50   40    0 
   0  452    0    0    0    0    0    0    4  274   64 1325 1862  310   95   92  158    3    4  290    0   50   40    0 
   0  450    0    0    0    0    0    0    4  270   64 1511 2077  330  120   95  172    3    4  290    0   50   40    0 
   0  449    0    0    0    0    0    0    4  270   64 1697 2292  350  145   97  186    3    4  290    0   50   40    0 
   0  417    0    0    0    0    0    0    4  269   50 1682 2407  400  130  360 1600   32    6  290    0   50   42    0 
   0  417    0    0    0    0    0    0    4  267   50 1658 2441  400  130  360 1600   32    6  290    0   50   42    0 
   0  417    0    0    0    0    0    0    4  265   50 1634 2475  400  130  360 1600   32    6  290    0   50   42    0 
   0  417    0    0    0    0    0    0    5  263   50 1610 2509  400  130  360 1600   32    6  290    0   50   42    0 
   0  417    0    0    0    0    0    0    5  261   47 1586 2543  400  130  360 1600   32    6  290    0   50   42    0 
   0  417    0    0    0    0    0    0    5  258   45 1562 2576  400  130  360 1600   32    6  290    0   50   42    0 
   0  360    0   42   42    0   42    0   31  256    0 1567 2586  370  140  230  250   55    2  290    0   50   42    0 
   0  369    0   35   35    0   35    0   31  364   24 1631 2642  330  137  185  260   55    2  290    0   50   42    0 
   0  379    0   28   28    0   28    0    6  383   52 1695 2698  290  135  139  270    5    5  290    0   50   42    0 
   0  399    0   19   19    0   19    0    6  355   55 1655 2672  305  167  133  274    5    5  290    0   50   32    0 
   0  420    0    9    9    0    9    0    6  333   57 1731 2646  321  200  127  278    5    5  290    0   50   34    0 
   0  440    0    0    0    0    0    0    6  313   60 1691 2620  337  233  121  282    5    5  290    0   50   36    0 
   0  467    0    0    0    0    0    0    6  247   63 1650 2585  353  266  110  286    5    5  290    0   50   38    0 
   0  430    0    0    0    0    0    0    6  247   50 1510 2451  400  130  360  460   32    6  290    0   50   40    0 
   0  430    0    0    0    0    0    0    6  248   50 1496 2469  400  130  360  460   32    6  290    0   50   40    0 
   0  430    0    0    0    0    0    0    6  248   50 1481 2486  400  130  360  460   32    6  290    0   50   40    0 
   0  430    0    0    0    0    0    0    6  249   50 1467 2504  400  130  360  460   32    6  290    0   50   40    0 
   0  430    0    0    0    0    0    0    6  250   47 1452 2521  400  130  360  460   32    6  290    0   50   40    0 
   0  430    0    0    0    0    0    0    6  251   45 1438 2539  400  130  360  460   32    6  290    0   50   40    0 
   0  328    0    0    0    0    0    0   31  252    0 1445 2548  370  160  160  240   48    1  290    0   50   40    0 
   0  221    0    0    0    0    0    0   31  253    0 1511 2593  290   90  100  240   48    2  290    0   50   40    0 
   0  255    0    0   41    0   45    0   31  254    0 1737 2576  290   82  100  220   48    2  290    0   50   40    0 
   0  290    0    0   30    0   38    0    6  255   58 1963 2559  290   74  100  199    1    3  290    0   50   40    0 
   0  300    0    0   20    0   38    0    6  255   58 1857 2472  290   76  106  209    1    3  290    0   50   42    0 
   0  309    0    0   10    0   39    0    7  255   58 1746 2511  290   78  113  219    1    3  290    0   50   32    0 
   0  318    0    0    0    0   41    0    9  255   58 1635 2550  290   80  120  230   42    2  290    0   50   34    0 
   0  322    0    0    0    0   39    0    9  255   58 1561 2550  290   85  125  240   42    2  290    0   50   34    0 
   0  326    0    0    0    0   38    0    8  256   59 1487 2550  290   90  130  250   19    4  290    0   50   34    0 
   0  343    0    0    0    0   28    0    7  256   59 1521 2678  290   88  121  235   19    4  290    0   50   36    0 
   0  388    0    0    0    0   19    0    6  256   61 1449 2511  290   87  112  220   19    4  290    0   50   38    0 
   0  434    0    0    0    0    9    0    5  256   61 1376 2344  290   86  103  205   19    4  290    0   50   40    0 
   0  479    0    0    0    0    0    0    5  256   62 1276 2149  290   84   94  189   11    6  290    0   50   42    0 
   0  489    0    0    0    0    0    0    5  256   62 1239 2206  290   83   93  186   11    6  290    0   50   32    0 
   0  488    0    0    0    0    0    0    5  257   62 1196 2256  290   81   91  183   11    6  290    0   50   34    0 
   0  472    0    0    0    0    0    0    5  258   61 1280 2325  290   79   89  179   11    6  290    0   50   36    0 
   0  457    0    0    0    0    0    0    5  259   61 1364 2394  290   78   87  176   11    6  290    0   50   38    0 
   0  441    0    0    0    0    0    0    5  260   61 1448 2462  290   76   86  172   11    6  290    0   50   40    0 
   0  415    0    0    0    0    0    0    5  262   61 1480 2409  290   74   85  169    1    3  290    0   50   42    0 
   0  393    0    0    0    0    0    0    5  263   62 1637 2439  290   84   99  186    1    3  290    0   50   32    0 
   0  358    0    0    0    0    0    0    5  264   63 1835 2590  290   94  114  203    1    3  290    0   50   34    0 
   0  323    0    0    0    0    0    0   12  265    0 2034 2742  290  130  130  220   49    2  290    0   50   36    0 
   0  367   36    0   21   31    0    0   12  266    0 1500 2453  290  130  122  202   49    2  290    0   50   38    0 
  55  411   29    0   14   24    0    0    5  266    0  966 2163  290  560  120  184   24    6  290    0   50   40    0 
  55  393   19    0    9   16    0    0    5  267    0  945 2185  290  560  120  177   24    6  290    0   50   42    0 
  55  375    9    0    4    8    0    0    4  265    0  925 2208  290  560  120  171   24    6  290    0   50   42    0 
  55  356    0    0    0    0    0    0    4  264    0  904 2230  290  560  120  164   24    6  290    0   50   42    0 
  55  341    0    0    0    0    0    0    4  264    0  880 2293  290  560  120  158   24    6  290    0   50   42    0 
   0  326    0    0    0    0    0    0    4  263   56  856 2357  290   78   85  151   24    6  290    0   50   42    0 
   0  311    0    0    0    0    0    0    4  263   56  852 2419  290   75   79  144   34    6  290    0   50   42    0 
   0  315    0    0    0    0    0    0    4  265   57  881 2471  290   78   85  162   34    6  290    0   50   42    0 
   0  318    0    0    0    0    0    0    4  267   57  911 2522  290   81   91  179   34    6  290    0   50   42    0 
   0  322    0    0    0    0   10    0    4  268   56  940 2574  290   84   97  197   34    6  290    0   50   42    0 
   0  325    0    0    0    0   20    0    5  270   55  970 2625  290   88  103  214   34    6  290    0   50   42    0 
   0  329    0    0    0    0   30    0    6  271   55 1000 2677  290   91  108  232   34    6  290    0   50   42    0 
   0  326    0    0    0    0   41    0    7  272   54 1024 2655  290   95  115  250   42    2  290    0   50   42    0 
   0  376    0    0    0    0   39    0    7  408   50 1216 2602  290   90  117  250   42    2  290    0   50   42    0 
   0  426    0    0    0    0   38    0    7  445   51 1408 2550  290   85  120  250    3    4  290    0   50   42    0 
   0  448    0    0    0    0   28    0    6  416   54 1475 2565  290   99  121  243    3    4  290    0   50   32    0 
   0  422    0    0    0    0   19    0    5  389   57 1633 2580  290  113  122  237    3    4  290    0   50   34    0 
   0  396    0    0    0    0    9    0    4  279   63 1791 2595  290  127  123  231    3    4  290    0   50   36    0 
   0  371    0    0    0    0    0    0   11  279    0 1950 2611  290  135  125  225   47    2  290    0   50   38    0 
   0  411    0    0    0    0    0    0   11  280    0 1657 2493  290  167  145  220   47    2  290    0   50   40    0 
   0  458    0    0    0    0    0    0   11  279    0 1384 2349  290  200  165  215   45    2  290    0   50   42    0 
   0  486   10   12   16    0   38   54   11  280    0 1242 2171  290  172  155  175   45    2  290    0   50   32    0 
  55  514    0    0    0    0   30   47    4  277    0 1100 1992  290  590  160  134   15    6  290    0   50   32    0 
  55  487    0    0    0    0   20   31    4  276    0 1152 2063  290  590  160  144   15    6  290    0   50   32    0 
  55  460    0    0    0    0   10   15    4  275    0 1210 2142  290  590  160  154   15    6  290    0   50   32    0 
  55  432    0    0    0    0   11    0    4  274    0 1267 2221  290  590  160  164   15    6  290    0   50   32    0 
   0  416    0    0    0    0   23    0    5  274   58 1325 2300  290  149  144  174   15    6  290    0   50   32    0 
   0  400    0    0    0    0   35    0    6  273   56 1332 2379  290  149  144  184   15    6  290    0   50   32    0 
  47  383    0    0    0    0   46    0    6  273    0 1340 2460  290  144  144  195   41    3  290    0   50   32    0 
  48  397    0    0    0    0   45    0    6  275    0 1351 2489  290  139  143  216   41    3  290    0   50   34    0 
  49  411    0    0    0    0   44    0    6  277    0 1361 2519  290  134  142  238   41    3  290    0   50   36    0 
   0  425    0    0    0    0   43    0    6  278   58 1371 2549  290  131  141  259    4    3  290    0   50   38    0 
   0  425    0    0    0    0   29    0    5  274   60 1471 2548  316  141  129  246    4    3  290    0   50   38    0 
   0  464    0    0    0    0   14    0    4  271   61 1459 2559  343  150  117  233    4    3  290    0   50   38    0 
   0  440    0    0    0    0    0    0    4  269   50 1346 2471  400  130  360  460   32    6  290    0   50   38    0 
   0  440    0    0    0    0    0    0    4  267   50 1370 2485  400  130  360  460   32    6  290    0   50   38    0 
   0  440    0    0    0    0    0    0    4  270   50 1394 2499  400  130  360  460   32    6  290    0   50   40    0 
   0  440    0    0    0    0    0    0    4  273   50 1418 2513  400  130  360  460   32    6  290    0   50   40    0 
   0  440    0    0    0    0    0    0    4  276   47 1442 2528  400  130  360  460   32    6  290    0   50   40    0 
   0  440    0    0    0    0    0    0    4  278   45 1466 2542  400  130  360  460   32    6  290    0   50   40    0 
   0  398    0    0    0    0    0    0   11  280    0 1480 2551  370  270  210  250   47    1  290    0   50   40    0 
   0  453    0    0    0    0    0    0   11  282    0 1579 2588  290  200  150  250   47    2  290    0   50   40    0 
   0  447   26   30   39    0   43    0   11  284    0 1569 2444  290  168  130  222   47    2  290    0   50   40    0 
  52  441   19   23   32    0   36    0    4  285    0 1560 2300  290  575  120  195   14    4  290    0   50   40    0 
  52  449   13   15   21    0   24    0    4  283    0 1584 2327  290  575  120  191   14    4  290    0   50   40    0 
   0  456    6    7   10    0   12    0    4  281   62 1520 2351  290   94   98  187   14    4  290    0   50   40    0 
   0  463    0    0    0    0    0    0    4  280   64 1456 2375  290   80   92  183   14    4  290    0   50   40    0 
   0  469    0    0    0    0    0    0    4  278   63 1393 2400  290   66   87  179    4    3  290    0   50   40    0 
   0  469    0    0    0    0    0   12    4  274   60 1455 2344  290   88   95  181    4    3  290    0   50   40    0 
   0  505    0    0    0    0    0   25    5  271   58 1408 2290  290  110  103  183    4    3  290    0   50   40    0 
  48  533    0    0    0    0    0   39    7  269    0 1361 2237  290  130  112  185   37    2  290    0   50   40    0 
  24  454    0    0    0    0    0   44    9  267    0 1371 2294  290  165  123  192   37    2  290    0   50   40    0 
   0  380    0    0    0    0    0    0   11  269    0 1395 2360  290  200  135  200   47    2  290    0   50   42    0 
   0  460    0    0   39    0   43   18   11  271    0 1571 2482  290  165  131  217   47    2  290    0   50   32    0 
  55  540    0    0   32    0   36    0    4  270    0 1747 2604  290  560  155  234    4    3  290    0   50   32    0 
   0  501    0    0   21    0   24    0    4  270   59 1727 2587  316  141  119  229    4    3  290    0   50   32    0 
   0  502    0    0   10    0   12    0    4  270   61 1587 2579  343  150  112  224    4    3  290    0   50   32    0 
   0  440    0    0    0    0    0    0    4  267   50 1346 2471  400  130  360  460   32    6  290    0   50   32    0 
   0  440    0    0    0    0    0    0    4  266   50 1325 2448  400  130  360  460   32    6  290    0   50   32    0 
   0  440    0    0    0    0    0    0    4  264   50 1304 2424  400  130  360  460   32    6  290    0   50   32    0 
   0  440    0    0    0    0    0    0    4  263   50 1282 2400  400  130  360  460   32    6  290    0   50   32    0 
   0  440    0    0    0    0    0    0    4  262   47 1261 2376  400  130  360  460   32    6  290    0   50   32    0 
   0  440    0    0    0    0    0    0    4  261   45 1240 2352  400  130  360  460   32    6  290    0   50   32    0 
   0  403    0    0    0    0    0    0   11  265    0 1239 2304  370  270  240  180   45    2  290    0   50   34    0 
   0  459    0    0    0    0   37   54   11  268    0 1169 2148  330  207  192  157   45    2  290    0   50   34    0 
  55  514    0    0    0    0   30   47    4  271    0 1100 1992  290  590  160  134   15    6  290    0   50   34    0 
  55  487    0    0    0    0   20   31    4  274    0 1152 2063  290  590  160  144   15    6  290    0   50   34    0 
  55  460    0    0    0    0   10   15    4  273    0 1209 2142  290  590  160  154   15    6  290    0   50   34    0 
  55  433    0    0    0    0   11    0    4  273    0 1266 2221  290  590  160  164   15    6  290    0   50   34    0 
   0  416    0    0    0    0   23    0    5  273   58 1323 2300  290  149  144  174   15    6  290    0   50   34    0 
   0  400    0    0    0    0   35    0    6  272   56 1331 2380  290  149  144  184   15    6  290    0   50   34    0 
  47  383    0    0    0    0   46    0    6  272    0 1340 2460  290  144  144  195   41    3  290    0   50   34    0 
  48  397    0    0    0    0   45    0    6  275    0 1351 2489  290  139  143  216   41    3  290    0   50   36    0 
  49  411    0    0    0    0   44    0    6  278    0 1361 2519  290  134  142  238   41    3  290    0   50   38    0 
   0  425    0    0    0    0   43    0    6  280   58 1371 2549  290  131  141  259    4    3  290    0   50   40    0 
   0  425    0    0    0    0   29    0    5  276   60 1471 2548  316  141  129  246    4    3  290    0   50   40    0 
   0  464    0    0    0    0   14    0    4  274   61 1459 2559  343  150  117  233    4    3  290    0   50   40    0 
   0  440    0    0    0    0    0    0    4  271   50 1346 2471  400  130  360  460   32    6  290    0   50   40    0 
   0  440    0    0    0    0    0    0    4  270   50 1370 2485  400  130  360  460   32    6  290    0   50   40    0 
   0  440    0    0    0    0    0    0    4  273   50 1394 2499  400  130  360  460   32    6  290    0   50   42    0 
   0  440    0    0    0    0    0    0    4  277   50 1418 2513  400  130  360  460   32    6  290    0   50   42    0 
   0  440    0    0    0    0    0    0    4  279   47 1442 2528  400  130  360  460   32    6  290    0   50   42    0 
   0  440    0    0    0    0    0    0    4  282   45 1466 2542  400  130  360  460   32    6  290    0   50   42    0 
   0  398    0    0    0    0    0    0   11  284    0 1480 2551  370  270  210  250   47    1  290    0   50   42    0 
   0  453    0    0    0    0    0    0   11  286    0 1579 2588  290  200  150  250   47    2  290    0   50   42    0 
   0  447   26   30   39    0   43    0   11  287    0 1569 2444  290  168  130  222   47    2  290    0   50   42    0 
  52  441   19   23   32    0   36    0    4  289    0 1560 2300  290  575  120  195   14    4  290    0   50   42    0 
  52  449   13   15   21    0   24    0    4  287    0 1584 2327  290  575  120  191   14    4  290    0   50   42    0 
   0  456    6    7   10    0   12    0    4  286   62 1520 2351  290   94   98  187   14    4  290    0   50   42    0 
   0  463    0    0    0    0    0    0    4  285   64 1456 2375  290   80   92  183   14    4  290    0   50   42    0 
   0  469    0    0    0    0    0    0    4  284   63 1393 2400  290   66   87  179    4    3  290    0   50   42    0 
   0  469    0    0    0    0    0   12    4  281   60 1455 2344  290   88   95  181    4    3  290    0   50   42    0 
   0  505    0    0    0    0    0   25    5  278   58 1408 2290  290  110  103  183    4    3  290    0   50   42    0 
  48  533    0    0    0    0    0   39    7  276    0 1361 2237  290  130  112  185   37    2  290    0   50   42    0 
  24  437    0    0    0    0   20   37    9  274    0 1325 2294  290  140  121  205   37    2  290    0   50   42    0 
   0  339    0    0    0    0   41   36   11  277   49 1305 2368  290  136  130  225   42    2  290    0   50   32    0 
   0  332    0    0    0    0   39   18    9  280   54 1379 2459  290  113  130  237   42    2  290    0   50   34    0 
   0  326    0    0    0    0   38    0    7  279   59 1453 2550  290   90  130  250   19    4  290    0   50   34    0 
   0  342    0    0    0    0   28    0    6  278   59 1494 2677  290   88  121  235   19    4  290    0   50   34    0 
   0  388    0    0    0    0   19    0    5  277   61 1431 2510  290   87  112  220   19    4  290    0   50   34    0 
   0  434    0    0    0    0    9    0    4  279   61 1367 2343  290   86  103  205   19    4  290    0   50   34    0 
   0  479    0    0    0    0    0    0    4  280   62 1276 2149  290   84   94  189   11    6  290    0   50   36    0 
   0  474    0    0    0    0    0    0    4  280   62 1301 2213  290   86   96  198   11    6  290    0   50   38    0 
   0  457    0    0    0    0    0    0    4  280   62 1306 2272  290   88   98  206   11    6  290    0   50   40    0 
   0  441    0    0    0    0   10    0    4  280   60 1312 2332  290   89   99  214   11    6  290    0   50   42    0 
   0  424    0    0    0    0   20    0    5  280   59 1317 2392  290   91  101  222   11    6  290    0   50   32    0 
   0  407    0    0    0    0   30    0    6  280   58 1323 2451  290   92  102  231   11    6  290    0   50   34    0 
   0  382    0    0    0    0   41    0    7  279   57 1277 2390  290   95  105  240   42    2  290    0   50   36    0 
   0  354    0    0    0    0   39    0    7  279   58 1296 2470  290   92  117  245   42    2  290    0   50   36    0 
   0  326    0    0    0    0   38    0    7  279   59 1315 2550  290   90  130  250   19    4  290    0   50   36    0 
   0  343    0    0    0    0   28    0    6  278   59 1391 2677  290   88  121  235   19    4  290    0   50   38    0 
   0  388    0    0    0    0   19    0    5  277   61 1362 2510  290   87  112  220   19    4  290    0   50   40    0 
   0  434    0    0    0    0    9    0    4  275   61 1333 2343  290   86  103  205   19    4  290    0   50   42    0 
   0  479    0    0    0    0    0    0    4  274   62 1276 2149  290   84   94  189   11    6  290    0   50   32    0 
   0  489    0    0    0    0    0    0    4  273   62 1239 2206  290   94   93  197   11    6  290    0   50   34    0 
   0  495    0    0    0    0    0    0    4  272   62 1185 2256  290  104   93  204   11    6  290    0   50   36    0 
   0  519    0    0    0    0    0    0    4  272   61 1201 2322  290  114   92  212   11    6  290    0   50   38    0 
   0  544    0    0    0    0    0    0    4  273   61 1216 2388  290  124   91  219   11    6  290    0   50   40    0 
   0  569    0    0    0    0    0    0    4  273   61 1231 2454  290  134   90  227   11    6  290    0   50   42    0 
   0  584    0    0    0    0    0    0    4  274   61 1194 2399  290  145   90  235    5    5  290    0   50   32    0 
   0  571    0    0    0    0    0    0    4  275   62 1253 2429  305  175   94  246    5    5  290    0   50   34    0 
   0  559    0    0    0    0    0    0    4  277   62 1503 2459  321  206   98  257    5    5  290    0   50   36    0 
   0  546    0    0    0    0    0    0    4  278   62 1562 2490  337  237  102  268    5    5  290    0   50   38    0 
   0  530    0    0    0    0    0    0    4  279   62 1621 2529  353  268  101  279    5    5  290    0   50   40    0 
   0  430    0    0    0    0    0    0    4  281   50 1510 2451  400  130  360  460   32    6  290    0   50   42    0 
   0  430    0    0    0    0    0    0    4  282   50 1496 2469  400  130  360  460   32    6  290    0   50   42    0 
   0  430    0    0    0    0    0    0    4  283   50 1481 2486  400  130  360  460   32    6  290    0   50   42    0 
   0  430    0    0    0    0    0    0    4  284   50 1467 2504  400  130  360  460   32    6  290    0   50   42    0 
   0  430    0    0    0    0    0    0    4  286   47 1452 2521  400  130  360  460   32    6  290    0   50   42    0 
   0  430    0    0    0    0    0    0    4  286   45 1438 2539  400  130  360  460   32    6  290    0   50   42    0 
   0  328    0    0    0    0    0    0   31  287    0 1445 2548  370  160  160  240   48    1  290    0   50   42    0 
   0  221    0    0    0    0    0    0   31  288    0 1511 2589  290   90  100  240   48    2  290    0   50   42    0 
   0  255    0    0   41    0   45    0   31  288    0 1737 2529  290   82  100  220   48    2  290    0   50   42    0 
   0  290    0    0   30    0   38    0    4  288   58 1963 2469  290   74  100  199    1    3  290    0   50   42    0 
   0  297    0    0   20    0   25    0    4  288   59 1708 2358  290   69   95  174    1    3  290    0   50   32    0 
   0  301    0    0   10    0   12    0    4  287   60 1411 2356  290   64   90  149    1    3  290    0   50   34    0 
   0  314    0    0    0    0    0    0    4  286   61 1083 2347  290   60   84  124   24    6  290    0   50   36    0 
   0  314    0    0    0    0    0    0    4  285   61 1025 2332  290   62   81  126   24    6  290    0   50   36    0 
   0  313    0    0    0    0    0    0    4  284   61  967 2317  290   64   79  127   24    6  290    0   50   36    0 
   0  313    0    0    0    0    0    0    4  282   60  909 2302  290   67   77  129   24    6  290    0   50   36    0 
   0  335    0    0    0    0    0    0    4  281   60  879 2297  290   69   74  131   24    6  290    0   50   36    0 
   0  357    0    0    0    0    0    0    4  280   60  848 2291  290   71   72  132   24    6  290    0   50   36    0 
   0  380    0    0    0    0    0    0    4  279   61  877 2297  290   75   70  135    9    3  290    0   50   36    0 
   0  411    0    0    0    0    0    0    4  279   62 1040 2370  316  113   89  150    9    3  290    0   50   38    0 
   0  453    0    0    0    0    0    0    4  279   63 1258 2466  343  151  109  165    9    3  290    0   50   40    0 
   0  436    0    0    0    0    0    0   30  279   53 1420 2539  400  130  300  460   32    6  290    0   50   42    0 
   0  436    0    0    0    0    0    0   30  280   53 1384 2530  400  130  300  460   32    6  290    0   50   42    0 
   0  436    0    0    0    0    0    0   30  281   53 1440 2514  400  130  300  460   32    6  290    0   50   42    0 
   0  436    0    0    0    0    0    0   30  282   53 1497 2498  400  130  300  460   32    6  290    0   50   42    0 
   0  436    0    0    0    0    0    0   30  284   53 1553 2482  400  130  300  460   32    6  290    0   50   42    0 
   0  436    0    0    0    0    0    0   30  435   48 1609 2466  400  130  300  460   32    6  290    0   50   42    0 
   0  428    0    0    0    0    0    0    4  475   58 1715 2559  369  129  100  160    1    3  290    0   50   42    0 
   0  401    0    0    0    0    0    0    4  440   59 1809 2544  343  121  109  179    1    3  290    0   50   32    0 
   0  361    0    0    0    0    0    0    4  288   64 1921 2643  316  112  119  199    1    3  290    0   50   34    0 
   0  323    0    0    0    0    0    0   11  288    0 2034 2742  290  130  130  220   49    2  290    0   50   36    0 
   0  367   36    0   21   31    0    0   11  288    0 1500 2453  290  130  122  202   49    2  290    0   50   38    0 
  55  411   29    0   14   24    0    0    4  287    0  966 2163  290  560  120  184   24    6  290    0   50   40    0 
  55  393   19    0    9   16    0    0    4  287    0  945 2185  290  560  120  177   24    6  290    0   50   42    0 
  55  375    9    0    4    8    0    0    4  284    0  925 2208  290  560  120  171   24    6  290    0   50   42    0 
  55  356    0    0    0    0    0    0    4  282    0  904 2230  290  560  120  164   24    6  290    0   50   42    0 
  55  341    0    0    0    0    0    0    4  280    0  880 2293  290  560  120  158   24    6  290    0   50   42    0 
   0  326    0    0    0    0    0    0    4  279   56  856 2357  290   78   85  151   24    6  290    0   50   42    0 
   0  311    0    0    0    0    0    0    4  278   56  852 2419  290   75   79  144   34    6  290    0   50   42    0 
   0  315    0    0    0    0    0    0    4  279   57  881 2471  290   78   85  162   34    6  290    0   50   42    0 
   0  318    0    0    0    0    0    0    4  281   57  911 2522  290   81   91  179   34    6  290    0   50   42    0 
   0  322    0    0    0    0   10    0    4  282   56  940 2574  290   84   97  197   34    6  290    0   50   42    0 
   0  325    0    0    0    0   21    0    5  283   55  970 2625  290   88  103  214   34    6  290    0   50   42    0 
   0  329    0    0    0    0   31    0    6  283   55 1000 2677  290   91  108  232   34    6  290    0   50   42    0 
   0  326    0    0    0    0   42    0    7  285   54 1024 2655  290   95  115  250   42    2  290    0   50   42    0 
   0  330    0    0    0    0   47    0    9  286   51 1250 2631  290  117  130  262   42    2  290    0   50   42    0 
   0  334    0    0    0    0    0    0   11  287    0 1459 2598  290  150  145  275   47    2  290    0   50   42    0 
   0  372   26   30   39    0   48    0   11  289    0 1232 2436  290  140  127  222   47    2  290    0   50   42    0 
  55  409   19   23   32    0   36    0    4  291    0 1005 2274  290  560  120  169   24    6  290    0   50   42    0 
  55  393   13   15   21    0   24    0    4  293    0  970 2274  290  560  120  167   24    6  290    0   50   42    0 
  55  377    6    7   10    0   12    0    4  289    0  934 2273  290  560  120  164   24    6  290    0   50   42    0 
  55  360    0    0    0    0    0    0    4  286    0  898 2272  290  560  120  162   24    6  290    0   50   42    0 
  55  365    0    0    0    0    0    0    3  284    0  921 2277  290  560  120  159   24    6  290    0   50   42    0 
   0  370    0    0    0    0    0    0    3  282   60  944 2282  290   66   90  157   24    6  290    0   50   42    0 
   0  376    0    0    0    0    0    0    3  280   60  962 2285  290   60   87  154    4    3  290    0   50   42    0 
   0  402    0    0    0    0    0    0    3  278   60 1040 2425  290   73   90  156    4    3  290    0   50   42    0 
   0  473    0    0    0    0    0    0    3  277   60 1012 2615  290   86   93  158    4    3  290    0   50   42    0 
   0  520    0    0    0    0    0    0    3  280   60 1016 2765  290   99   96  159   30    6  290    0   50   42    0 
   0  509    0    0    0    0    0    0    3  282   60  974 2785  290  102   98  151   30    6  290    0   50   32    0 
   0  498    0    0    0    0    0    0    3  284   60  932 2805  290  106   99  142   30    6  290    0   50   32    0 
   0  466    0    0    0    0    0    8    4  285   57  890 2825  290  109  100  134   30    6  290    0   50   32    0 
   0  433    0    0    0    0    0   16    5  286   56  849 2845  290  113  101  126   30    6  290    0   50   32    0 
   0  411    0    0    0    0    0   24    6  286   55  828 2837  290  116  103  118   30    6  290    0   50   32    0 
   0  390    0    0    0    0    0   33    7  286   54  807 2829  290  120  105  110   38    1  290    0   50   32    0 
   0  328    0    0    0    0    0    0   11  286    0 1101 2126  290  150  150  150   45    2  290    0   50   32    0 
   0  421    0    0    0    0   37   54   11  286    0 1100 2059  290  147  147  142   45    2  290    0   50   32    0 
  55  514    0    0    0    0   30   47    4  286    0 1100 1992  290  590  160  134   15    6  290    0   50   32    0 
  55  487    0    0    0    0   20   31    4  286    0 1151 2062  290  590  160  144   15    6  290    0   50   32    0 
  55  460    0    0    0    0   10   15    4  283    0 1208 2142  290  590  160  154   15    6  290    0   50   32    0 
  55  432    0    0    0    0   11    0    4  280    0 1265 2221  290  590  160  164   15    6  290    0   50   32    0 
   0  416    0    0    0    0   23    0    5  278   58 1322 2300  290  149  144  174   15    6  290    0   50   32    0 
   0  400    0    0    0    0   35    0    6  277   56 1331 2379  290  149  144  184   15    6  290    0   50   32    0 
  47  383    0    0    0    0   46    0    6  276    0 1340 2460  290  144  144  195   41    3  290    0   50   32    0 
  48  397    0    0    0    0   45    0    6  279    0 1351 2489  290  139  143  216   41    3  290    0   50   34    0 
  49  411    0    0    0    0   44    0    6  281    0 1361 2519  290  134  142  238   41    3  290    0   50   36    0 
   0  425    0    0    0    0   43    0    6  283   58 1371 2549  290  131  141  259    4    3  290    0   50   38    0 
   0  425    0    0    0    0   29    0    5  279   60 1471 2548  316  141  129  246    4    3  290    0   50   38    0 
   0  464    0    0    0    0   14    0    4  276   61 1459 2559  343  150  117  233    4    3  290    0   50   38    0 
   0  440    0    0    0    0    0    0    4  273   50 1346 2471  400  130  360  460   32    6  290    0   50   38    0 
   0  440    0    0    0    0    0    0    4  271   50 1370 2485  400  130  360  460   32    6  290    0   50   38    0 
   0  440    0    0    0    0    0    0    4  274   50 1394 2499  400  130  360  460   32    6  290    0   50   40    0 
   0  440    0    0    0    0    0    0    4  277   50 1418 2513  400  130  360  460   32    6  290    0   50   40    0 
   0  440    0    0    0    0    0    0    4  279   47 1442 2528  400  130  360  460   32    6  290    0   50   40    0 
   0  440    0    0    0    0    0    0    4  281   45 1466 2542  400  130  360  460   32    6  290    0   50   40    0 
   0  398    0    0    0    0    0    0   11  283    0 1480 2551  370  270  210  250   47    1  290    0   50   40    0 
   0  453    0    0    0    0    0    0   11  284    0 1579 2588  290  200  150  250   47    2  290    0   50   40    0 
   0  447   26   30   39    0   43    0   11  285    0 1569 2444  290  168  130  222   47    2  290    0   50   40    0 
  52  441   19   23   32    0   36    0    4  286    0 1560 2300  290  575  120  195   14    4  290    0   50   40    0 
  52  449   13   15   21    0   24    0    4  285    0 1584 2327  290  575  120  191   14    4  290    0   50   40    0 
   0  456    6    7   10    0   12    0    4  283   62 1520 2351  290   94   98  187   14    4  290    0   50   40    0 
   0  463    0    0    0    0    0    0    4  282   64 1456 2375  290   80   92  183   14    4  290    0   50   40    0 
   0  469    0    0    0    0    0    0    4  281   63 1393 2400  290   66   87  179    4    3  290    0   50   40    0 
   0  469    0    0    0    0    0   12    4  278   60 1455 2344  290   88   95  181    4    3  290    0   50   40    0 
   0  505    0    0    0    0    0   25    5  276   58 1408 2290  290  110  103  183    4    3  290    0   50   40    0 
  48  533    0    0    0    0    0   39    7  274    0 1361 2237  290  130  112  185   37    2  290    0   50   40    0 
  24  454    0    0    0    0    0   44    9  273    0 1371 2294  290  165  123  192   37    2  290    0   50   40    0 
   0  380    0    0    0    0    0    0   11  277    0 1395 2360  290  200  135  200   47    2  290    0   50   42    0 
   0  460    0    0   39    0   43   18   11  280    0 1571 2482  290  165  131  217   47    2  290    0   50   32    0 
  55  540    0    0   32    0   36    0    4  280    0 1747 2604  290  560  155  234    4    3  290    0   50   32    0 
   0  501    0    0   21    0   24    0    4  280   59 1727 2587  316  141  119  229    4    3  290    0   50   32    0 
   0  502    0    0   10    0   12    0    3  281   61 1587 2579  343  150  112  224    4    3  290    0   50   32    0 
   0  440    0    0    0    0    0    0    3  279   50 1346 2471  400  130  360  460   32    6  290    0   50   32    0 
   0  440    0    0    0    0    0    0    3  278   50 1325 2448  400  130  360  460   32    6  290    0   50   32    0 
   0  440    0    0    0    0    0    0    3  276   50 1304 2424  400  130  360  460   32    6  290    0   50   32    0 
   0  440    0    0    0    0    0    0    3  275   50 1282 2400  400  130  360  460   32    6  290    0   50   32    0 
   0  440    0    0    0    0    0    0    3  275   47 1261 2376  400  130  360  460   32    6  290    0   50   32    0 
   0  440    0    0    0    0    0    0    3  274   45 1240 2352  400  130  360  460   32    6  290    0   50   32    0 
   0  403    0    0    0    0    0    0   10  279    0 1239 2304  370  270  240  180   45    2  290    0   50   34    0 
   0  459    0    0    0    0   37   54   10  283    0 1169 2148  330  207  192  157   45    2  290    0   50   34    0 
  55  514    0    0    0    0   30   47    3  286    0 1100 1992  290  590  160  134   15    6  290    0   50   34    0 
  55  487    0    0    0    0   20   31    3  290    0 1152 2063  290  590  160  144   15    6  290    0   50   34    0 
  55  460    0    0    0    0   10   15    3  290    0 1209 2142  290  590  160  154   15    6  290    0   50   34    0 
  55  433    0    0    0    0   11    0    3  289    0 1266 2221  290  590  160  164   15    6  290    0   50   34    0 
   0  416    0    0    0    0   23    0    4  289   58 1323 2300  290  149  144  174   15    6  290    0   50   34    0 
   0  400    0    0    0    0   35    0    5  289   56 1331 2380  290  149  144  184   15    6  290    0   50   34    0 
  47  383    0    0    0    0   46    0    5  289    0 1340 2460  290  144  144  195   41    3  290    0   50   34    0 
  48  397    0    0    0    0   45    0    5  292    0 1351 2489  290  139  143  216   41    3  290    0   50   36    0 
  49  411    0    0    0    0   44    0    5  295    0 1361 2519  290  134  142  238   41    3  290    0   50   38    0 
   0  425    0    0    0    0   43    0    5  296   58 1371 2549  290  131  141  259    4    3  290    0   50   40    0 
   0  425    0    0    0    0   29    0    4  292   60 1471 2548  316  141  129  246    4    3  290    0   50   40    0 
   0  464    0    0    0    0   14    0    3  289   61 1459 2559  343  150  117  233    4    3  290    0   50   40    0 
   0  440    0    0    0    0    0    0    3  286   50 1346 2471  400  130  360  460   32    6  290    0   50   40    0 
   0  440    0    0    0    0    0    0    3  283   50 1370 2485  400  130  360  460   32    6  290    0   50   40    0 
   0  440    0    0    0    0    0    0    3  287   50 1394 2499  400  130  360  460   32    6  290    0   50   42    0 
   0  440    0    0    0    0    0    0    3  290   50 1418 2513  400  130  360  460   32    6  290    0   50   42    0 
   0  440    0    0    0    0    0    0    3  293   47 1442 2528  400  130  360  460   32    6  290    0   50   42    0 
   0  440    0    0    0    0    0    0    3  295   45 1466 2542  400  130  360  460   32    6  290    0   50   42    0 
   0  398    0    0    0    0    0    0   10  297    0 1480 2551  370  270  210  250   47    1  290    0   50   42    0 
   0  453    0    0    0    0    0    0   10  299    0 1579 2588  290  200  150  250   47    2  290    0   50   42    0 
   0  447   26   30   39    0   43    0   10  300    0 1569 2444  290  168  130  222   47    2  290    0   50   42    0 
  52  441   19   23   32    0   36    0    3  301    0 1560 2300  290  575  120  195   14    4  290    0   50   42    0 
  52  449   13   15   21    0   24    0    3  299    0 1584 2327  290  575  120  191   14    4  290    0   50   42    0 
   0  456    6    7   10    0   12    0    3  297   62 1520 2351  290   94   98  187   14    4  290    0   50   42    0 
   0  463    0    0    0    0    0    0    3  294   64 1456 2375  290   80   92  183   14    4  290    0   50   42    0 
   0  469    0    0    0    0    0    0    3  292   63 1393 2400  290   66   87  179    4    3  290    0   50   42    0 
   0  469    0    0    0    0    0   12    3  288   60 1455 2344  290   88   95  181    4    3  290    0   50   42    0 
   0  505    0    0    0    0    0   25    4  284   58 1408 2290  290  110  103  183    4    3  290    0   50   42    0 
  48  533    0    0    0    0    0   39    6  281    0 1361 2237  290  130  112  185   37    2  290    0   50   42    0 
  24  437    0    0    0    0   20   37    8  279    0 1325 2294  290  140  121  205   37    2  290    0   50   42    0 
   0  339    0    0    0    0   41   36   10  281   49 1305 2368  290  136  130  225   42    2  290    0   50   32    0 
   0  332    0    0    0    0   39   18    8  283   54 1379 2459  290  113  130  237   42    2  290    0   50   34    0 
   0  326    0    0    0    0   38    0    6  282   59 1453 2550  290   90  130  250   19    4  290    0   50   34    0 
   0  342    0    0    0    0   28    0    6  280   59 1494 2677  290   88  121  235   19    4  290    0   50   34    0 
   0  388    0    0    0    0   19    0    5  280   61 1431 2510  290   87  112  220   19    4  290    0   50   34    0 
   0  434    0    0    0    0    9    0    4  282   61 1367 2343  290   86  103  205   19    4  290    0   50   34    0 
   0  479    0    0    0    0    0    0    4  283   62 1276 2149  290   84   94  189   11    6  290    0   50   36    0 
   0  474    0    0    0    0    0    0    4  284   62 1301 2213  290   86   96  198   11    6  290    0   50   38    0 
   0  457    0    0    0    0    0    0    4  285   62 1306 2272  290   88   98  206   11    6  290    0   50   40    0 
   0  441    0    0    0    0   10    0    4  286   60 1312 2332  290   89   99  214   11    6  290    0   50   42    0 
   0  424    0    0    0    0   20    0    5  287   59 1317 2392  290   91  101  222   11    6  290    0   50   32    0 
   0  407    0    0    0    0   30    0    6  287   58 1323 2451  290   92  102  231   11    6  290    0   50   34    0 
   0  382    0    0    0    0   41    0    7  288   57 1277 2390  290   95  105  240   42    2  290    0   50   36    0 
   0  354    0    0    0    0   39    0    7  289   58 1296 2470  290   92  117  245   42    2  290    0   50   36    0 
   0  326    0    0    0    0   38    0    7  290   59 1315 2550  290   90  130  250   19    4  290    0   50   36    0 
   0  343    0    0    0    0   28    0    6  290   59 1391 2677  290   88  121  235   19    4  290    0   50   38    0 
   0  388    0    0    0    0   19    0    5  289   61 1362 2510  290   87  112  220   19    4  290    0   50   40    0 
   0  434    0    0    0    0    9    0    4  289   61 1333 2343  290   86  103  205   19    4  290    0   50   42    0 
   0  479    0    0    0    0    0    0    4  288   62 1276 2149  290   84   94  189   11    6  290    0   50   32    0 
   0  489    0    0    0    0    0    0    4  288   62 1239 2206  290   94   93  197   11    6  290    0   50   34    0 
   0  495    0    0    0    0    0    0    4  288   62 1185 2256  290  104   93  204   11    6  290    0   50   36    0 
   0  519    0    0    0    0    0    0    4  289   61 1201 2322  290  114   92  212   11    6  290    0   50   38    0 
   0  544    0    0    0    0    0    0    4  289   61 1216 2388  290  124   91  219   11    6  290    0   50   40    0 
   0  569    0    0    0    0    0    0    3  291   61 1231 2454  290  134   90  227   11    6  290    0   50   42    0 
   0  584    0    0    0    0    0    0    3  292   61 1194 2399  290  145   90  235    5    5  290    0   50   32    0 
   0  571    0    0    0    0    0    0    3  294   62 1253 2429  305  175   94  246    5    5  290    0   50   34    0 
   0  559    0    0    0    0    0    0    3  296   62 1503 2459  321  206   98  257    5    5  290    0   50   36    0 
   0  546    0    0    0    0    0    0    3  298   62 1562 2490  337  237  102  268    5    5  290    0   50   38    0 
   0  530    0    0    0    0    0    0    3  299   62 1621 2529  353  268  101  279    5    5  290    0   50   40    0 
   0  430    0    0    0    0    0    0    3  301   50 1510 2451  400  130  360  460   32    6  290    0   50   42    0 
   0  430    0    0    0    0    0    0    3  303   50 1496 2469  400  130  360  460   32    6  290    0   50   42    0 
   0  430    0    0    0    0    0    0    3  304   50 1481 2486  400  130  360  460   32    6  290    0   50   42    0 
   0  430    0    0    0    0    0    0    3  305   50 1467 2504  400  130  360  460   32    6  290    0   50   42    0 
   0  430    0    0    0    0    0    0    3  306   47 1452 2521  400  130  360  460   32    6  290    0   50   42    0 
   0  430    0    0    0    0    0    0    3  307   45 1438 2539  400  130  360  460   32    6  290    0   50   42    0 
   0  333    0    0    0    0    0    0   31  308    0 1463 2535  370 1000 1000 1500   48    1  290    0   50   42    0 
   0  296    0    0    0    0    0    0   10  309    0 1649 2422  290  145  130  260   49    2  290    0   50   42    0 
   0  404    0   35   44   37   26    0   10  309    0 1792 2430  290  140  130  250   49    2  290    0   50   42    0 
  52  512    0   28   37   30   19    0    3  309    0 1936 2439  290  570  150  240    3    4  290    0   50   42    0 
  52  544    0   19   25   20   13    0    3  310    0 1839 2450  290  570  150  232    3    4  290    0   50   42    0 
   0  536    0    9   12   10    6    0    3  304   62 1820 2470  290  103  116  225    3    4  290    0   50   42    0 
   0  528    0    0    0    0    0    0    3  299   64 1801 2489  290   84  109  217    3    4  290    0   50   42    0 
   0  520    0    0    0    0    0    0    3  295   64 1775 2509  290   65  102  210    4    2  290    0   50   42    0 
   0  494    0    0    0    0    0    0    3  292   62 1543 2644  290   82   99  185    4    2  290    0   50   42    0 
   0  524    0    0    0    0    0    0    3  289   60 1096 2835  290   99   96  159   30    6  290    0   50   42    0 
   0  513    0    0    0    0    0    0    3  286   60 1081 2856  290   99   96  154   30    6  290    0   50   42    0 
   0  503    0    0    0    0    0    0    3  283   60 1067 2878  290   99   96  149   30    6  290    0   50   42    0 
   0  492    0    0    0    0    0    0    3  286   59 1053 2900  290   99   95  144   30    6  290    0   50   32    0 
   0  482    0    0    0    0    0    0    3  288   59 1039 2922  290   99   95  139   30    6  290    0   50   34    0 
   0  466    0    0    0    0    0    0    3  446   54 1141 2874  290   99   94  134   30    6  290    0   50   34    0 
   0  450    0    0    0    0    0    0    3  487   55 1240 2826  290   99   94  130    1    3  290    0   50   34    0 
   0  417    0    0    0    0    0    0    3  451   57 1459 2737  290  101  106  159    1    3  290    0   50   36    0 
   0  369    0    0    0    0    0    0    3  292   63 1716 2739  290  102  118  189    1    3  290    0   50   38    0 
   0  323    0    0    0    0    0    0   10  292    0 1974 2742  290  130  130  220   49    2  290    0   50   40    0 
   0  367   36    0   21   31    0    0   10  291    0 1470 2453  290  130  122  202   49    2  290    0   50   42    0 
  55  411   29    0   14   24    0    0    3  290    0  966 2163  290  560  120  184   24    6  290    0   50   32    0 
  55  393   19    0    9   16    0    0    3  289    0  945 2185  290  560  120  177   24    6  290    0   50   34    0 
  55  375    9    0    4    8    0    0    4  286    0  924 2208  290  560  120  171   24    6  290    0   50   34    0 
  55  356    0    0    0    0    0    0    4  283    0  902 2230  290  560  120  164   24    6  290    0   50   34    0 
  55  341    0    0    0    0    0    0    4  281    0  878 2293  290  560  120  158   24    6  290    0   50   34    0 
   0  326    0    0    0    0    0    0    4  279   56  854 2357  290   78   85  151   24    6  290    0   50   34    0 
   0  311    0    0    0    0    0    0    4  277   56  848 2419  290   75   79  144   34    6  290    0   50   34    0 
   0  315    0    0    0    0    0    0    4  278   57  879 2471  290   78   85  162   34    6  290    0   50   34    0 
   0  318    0    0    0    0    0    0    4  279   57  909 2522  290   81   91  179   34    6  290    0   50   34    0 
   0  322    0    0    0    0   10    0    4  280   56  939 2574  290   84   97  197   34    6  290    0   50   34    0 
   0  325    0    0    0    0   20    0    5  280   55  969 2625  290   88  103  214   34    6  290    0   50   34    0 
   0  329    0    0    0    0   30    0    6  281   55 1000 2677  290   91  108  232   34    6  290    0   50   34    0 
   0  326    0    0    0    0   41    0    7  282   54 1024 2655  290   95  115  250   42    2  290    0   50   34    0 
   0  376    0    0    0    0   39    0    7  430   49 1216 2602  290   87  118  255   42    2  290    0   50   34    0 
   0  425    0    0    0    0   37    0    6  469   49 1408 2549  290   79  121  259    4    3  290    0   50   34    0 
   0  424    0    0    0    0   25    0    5  437   53 1498 2551  316  106  116  246    4    3  290    0   50   36    0 
   0  463    0    0    0    0   12    0    4  287   60 1478 2561  343  133  110  233    4    3  290    0   50   38    0 
   0  464    0    0    0    0    0    0   20  288   51 1357 2471  400  130  300  460   32    6  290    0   50   40    0 
   0  464    0    0    0    0    0    0   20  289   51 1359 2477  400  130  300  460   32    6  290    0   50   40    0 
   0  464    0    0    0    0    0    0   20  290   51 1364 2473  400  130  300  460   32    6  290    0   50   40    0 
   0  464    0    0    0    0    0    0   20  291   51 1369 2469  400  130  300  460   32    6  290    0   50   40    0 
   0  464    0    0    0    0    0    0   20  293   51 1373 2465  400  130  300  460   32    6  290    0   50   40    0 
   0  464    0    0    0    0    0    0   20  455   46 1378 2461  400  130  300  460   32    6  290    0   50   40    0 
   0  495    0    0    0    0    0    0    4  498   57 1475 2551  369  269  110  290    5    5  290    0   50   40    0 
   0  495    0    0    0    0    0    0    4  461   58 1473 2551  369  275  110  290    5    5  290    0   50   42    0 
   0  496    0    0    0    0    0    0    4  429   59 1616 2551  369  281  110  290    5    5  290    0   50   32    0 
   0  496    0    0    0    0    0    0    3  402   60 1614 2551  369  287  110  290    5    5  290    0   50   34    0 
   0  495    0    0    0    0    0    0    3  300   63 1612 2551  369  293  105  290    5    5  290    0   50   36    0 
   0  430    0    0    0    0    0    0    3  301   50 1510 2451  400  130  360  460   32    6  290    0   50   38    0 
   0  430    0    0    0    0    0    0    3  302   50 1496 2469  400  130  360  460   32    6  290    0   50   38    0 
   0  430    0    0    0    0    0    0    3  303   50 1481 2486  400  130  360  460   32    6  290    0   50   38    0 
   0  430    0    0    0    0    0    0    3  304   50 1467 2504  400  130  360  460   32    6  290    0   50   38    0 
   0  430    0    0    0    0    0    0    3  305   47 1452 2521  400  130  360  460   32    6  290    0   50   38    0 
   0  430    0    0    0    0    0    0    3  306   45 1438 2539  400  130  360  460   32    6  290    0   50   38    0 
   0  342    0    0   44    0   52    0   31  307    0 1458 2545  370  160  160  240   48    1  290    0   50   38    0 
   0  400    0    0   30    0   38    0    3  308   57 1712 2559  290   74  102  229    4    3  290    0   50   38    0 
   0  393    0    0   20    0   40    0    3  308   56 1662 2548  290   93  115  239    4    3  290    0   50   40    0 
   0  428    0    0   10    0   43    0    4  308   56 1499 2549  290  111  128  249    4    3  290    0   50   42    0 
  48  454    0    0    0    0   48    0    6  308    0 1336 2550  290  130  142  260   41    2  290    0   50   32    0 
  24  388    0    0    0    0   53    0    8  308    0 1460 2586  290  132  158  267   41    2  290    0   50   34    0 
   0  321    0   42   32    0   50    0   31  307    0 1600 2620  290  103  175  275   55    2  290    0   50   36    0 
   0  297    0   35   30    0   39    0   31  307   30 1718 2661  290   84  155  240   55    2  290    0   50   38    0 
   0  272    0   28   28    0   28    0    3  303   59 1836 2702  290   64  134  204    1    3  290    0   50   38    0 
   0  338    0   19   19    0   19    0    3  300   61 1791 2596  290   76  121  188    1    3  290    0   50   38    0 
   0  417    0    9    9    0    9    0    3  298   62 1720 2604  290   88  108  171    1    3  290    0   50   38    0 
   0  496    0    0    0    0    0    0    3  299   64 1650 2612  290  100   94  154   21    5  290    0   50   38    0 
   0  529    0    0    0    0    0    0    3  300   64 1560 2578  290  100   94  154   21    5  290    0   50   40    0 
   0  519    0    0    0    0    0    0    3  300   64 1570 2458  290  100   94  154   21    5  290    0   50   42    0 
   0  509    0    0    0    0    0    0    3  300   64 1581 2337  290  100   94  154   21    5  290    0   50   32    0 
   0  499    0    0    0    0    0    0    3  300   64 1592 2216  290  100   94  154   21    5  290    0   50   34    0 
   0  455    0    0    0    0    0    0    3  301   64 1693 2093  290   99   94  154    1    3  290    0   50   36    0 
   0  422    0    0    0    0    0    0    3  300   64 1792 2209  290  101  106  176    1    3  290    0   50   38    0 
   0  372    0    0    0    0    0    0    3  300   64 1913 2475  290  103  118  198    1    3  290    0   50   40    0 
   0  323    0    0    0    0    0    0   10  299    0 2034 2742  290  130  130  220   49    2  290    0   50   42    0 
   0  367   36    0   21   31    0    0   10  297    0 1500 2453  290  130  122  202   49    2  290    0   50   32    0 
  55  411   29    0   14   24    0    0    3  296    0  966 2163  290  560  120  184   24    6  290    0   50   34    0 
  55  393   19    0    9   16    0    0    3  294    0  945 2185  290  560  120  177   24    6  290    0   50   36    0 
  55  375    9    0    4    8    0    0    3  290    0  925 2208  290  560  120  171   24    6  290    0   50   36    0 
  55  356    0    0    0    0    0    0    3  287    0  904 2230  290  560  120  164   24    6  290    0   50   36    0 
  55  341    0    0    0    0    0    0    3  285    0  880 2293  290  560  120  158   24    6  290    0   50   36    0 
   0  326    0    0    0    0    0    0    4  282   56  856 2357  290   78   85  151   24    6  290    0   50   36    0 
   0  311    0    0    0    0    0    0    4  281   56  852 2419  290   75   79  144   34    6  290    0   50   36    0 
   0  315    0    0    0    0    0    0    4  282   57  881 2471  290   78   85  162   34    6  290    0   50   36    0 
   0  318    0    0    0    0    0    0    4  282   57  911 2522  290   81   91  179   34    6  290    0   50   36    0 
   0  322    0    0    0    0   10    0    4  283   56  940 2574  290   84   97  197   34    6  290    0   50   36    0 
   0  325    0    0    0    0   21    0    5  283   55  970 2625  290   88  103  214   34    6  290    0   50   36    0 
   0  329    0    0    0    0   31    0    6  283   55 1000 2677  290   91  108  232   34    6  290    0   50   36    0 
   0  326    0    0    0    0   42    0    7  284   54 1024 2655  290   95  115  250   42    2  290    0   50   36    0 
   0  384    0    0    0    0   40    0    7  285   53 1143 2557  290  100  115  230   42    2  290    0   50   36    0 
   0  442    0    0    0    0   38    0    7  287   53 1261 2459  290  104  114  209   10    6  290    0   50   36    0 
   0  470    0    0    0    0   31    0    6  290   55 1211 2467  290  108  110  192   10    6  290    0   50   38    0 
   0  498    0    0    0    0   23    0    5  292   56 1162 2582  290  111  106  176   10    6  290    0   50   40    0 
   0  509    0    0    0    0   15    0    4  294   56 1085 2634  290  114  102  159   10    6  290    0   50   42    0 
   0  520    0    0    0    0    7    0    3  297   57 1009 2686  290  117   98  142   10    6  290    0   50   32    0 
   0  531    0    0    0    0    0    0    3  300   59  932 2738  290  121   94  126   10    6  290    0   50   34    0 
   0  551    0    0    0    0    0    0    3  303   59 1011 2715  290  125   90  109   30    6  290    0   50   36    0 
   0  540    0    0    0    0    0    0    3  306   59  997 2759  290  132   91  123   30    6  290    0   50   36    0 
   0  530    0    0    0    0    0    0    3  309   59  984 2803  290  139   93  138   30    6  290    0   50   36    0 
   0  519    0    0    0    0    0    0    3  312   59  970 2847  290  147   94  152   30    6  290    0   50   36    0 
   0  509    0    0    0    0    0    0    3  315   59  957 2891  290  154   96  166   30    6  290    0   50   36    0 
   0  527    0    0    0    0    0    0    3  516   54 1004 2844  290  161   98  180   30    6  290    0   50   36    0 
   0  546    0    0    0    0    0    0    3  577   54 1049 2798  290  170  100  195    5    5  290    0   50   36    0 
   0  543    0    0    0    0    0    0    3  529   56 1115 2742  305  195  102  214    5    5  290    0   50   38    0 
   0  540    0    0    0    0    0    0    2  488   57 1368 2687  321  221  104  233    5    5  290    0   50   40    0 
   0  537    0    0    0    0    0    0    2  451   59 1434 2631  337  247  106  252    5    5  290    0   50   42    0 
   0  530    0    0    0    0    0    0    2  326   62 1500 2557  353  273  103  271    5    5  290    0   50   32    0 
   0  430    0    0    0    0    0    0    2  327   50 1397 2451  400  130  360  460   32    6  290    0   50   34    0 
   0  430    0    0    0    0    0    0    2  327   50 1403 2469  400  130  360  460   32    6  290    0   50   34    0 
   0  430    0    0    0    0    0    0    2  327   50 1408 2486  400  130  360  460   32    6  290    0   50   34    0 
   0  430    0    0    0    0    0    0    2  326   50 1414 2504  400  130  360  460   32    6  290    0   50   34    0 
   0  430    0    0    0    0    0    0    2  325   47 1419 2521  400  130  360  460   32    6  290    0   50   34    0 
   0  430    0    0    0    0    0    0    3  324   45 1425 2539  400  130  360  460   32    6  290    0   50   34    0 
   0  345    0    0   46    0   51    0   31  324    0 1416 2543  370  160  160  240   48    1  290    0   50   34    0 
   0  425    0    0   32    0   37    0    3  323   58 1503 2555  290  115   94  194   21    5  290    0   50   34    0 
   0  437    0    0   21    0   25    0    3  322   60 1462 2601  290  135  102  200   21    5  290    0   50   36    0 
   0  431    0    0   10    0   23    0    3  321   62 1436 2575  290  155  110  206   21    5  290    0   50   38    0 
   0  425    0    0    0    0   23    0    4  320   61 1409 2548  290  176  118  212   21    5  290    0   50   40    0 
   0  419    0    0    0    0   35    0    5  319   59 1383 2522  290  196  126  218   21    5  290    0   50   42    0 
  47  413    0    0    0    0   46    0    5  318    0 1357 2460  290  170  135  225   41    3  290    0   50   32    0 
  48  383    0    0    0    0   45    0    5  317    0 1393 2489  290  156  136  226   41    3  290    0   50   34    0 
  49  353    0    0    0    0   44    0    5  316    0 1428 2519  290  143  138  228   41    3  290    0   50   36    0 
   0  323    0    0    0    0   43    0    5  316   59 1464 2549  290  102  139  229    1    3  290    0   50   38    0 
   0  333    0    0    0    0   29    0    4  308   61 1654 2495  290   88  126  206    1    3  290    0   50   38    0 
   0  335    0    0    0    0   14    0    3  476   57 1877 2566  290   74  113  183    1    3  290    0   50   38    0 
   0  337    0    0    0    0    0    0    3  505   58 2100 2637  290   60  100  160    1    3  290    0   50   38    0 
   0  336    0    0    0    0    0    0    3  455   59 2088 2605  290   73  109  179    1    3  290    0   50   38    0 
   0  329    0    0    0    0    0    0    3  296   64 2061 2673  290   87  119  199    1    3  290    0   50   40    0 
   0  323    0    0    0    0    0    0   10  297    0 2034 2742  290  130  130  220   49    2  290    0   50   42    0 
   0  367   36    0   21   31    0    0   10  298    0 1500 2453  290  130  122  202   49    2  290    0   50   32    0 
  55  411   29    0   14   24    0    0    3  298    0  966 2163  290  560  120  184   24    6  290    0   50   34    0 
  55  393   19    0    9   16    0    0    3  298    0  945 2185  290  560  120  177   24    6  290    0   50   36    0 
  55  375    9    0    4    8    0    0    3  296    0  925 2208  290  560  120  171   24    6  290    0   50   36    0 
  55  356    0    0    0    0    0    0    3  294    0  904 2230  290  560  120  164   24    6  290    0   50   36    0 
  55  341    0    0    0    0    0    0    3  292    0  880 2293  290  560  120  158   24    6  290    0   50   36    0 
   0  326    0    0    0    0    0    0    3  291   56  856 2357  290   78   85  151   24    6  290    0   50   36    0 
   0  311    0    0    0    0    0    0    3  290   56  852 2419  290   75   79  144   34    6  290    0   50   36    0 
   0  315    0    0    0    0    0    0    3  292   57  881 2471  290   78   85  162   34    6  290    0   50   36    0 
   0  318    0    0    0    0    0    0    3  294   57  911 2522  290   81   91  179   34    6  290    0   50   36    0 
   0  322    0    0    0    0   10    0    3  295   56  940 2574  290   84   97  197   34    6  290    0   50   36    0 
   0  325    0    0    0    0   21    0    4  297   55  970 2625  290   88  103  214   34    6  290    0   50   36    0 
   0  329    0    0    0    0   31    0    5  298   55 1000 2677  290   91  108  232   34    6  290    0   50   36    0 
   0  326    0    0    0    0   42    0    6  299   54 1024 2655  290   95  115  250   42    2  290    0   50   36    0 
   0  296    0    0    0    0   47    0    8  300   51 1225 2631  290   95  117  260   42    2  290    0   50   36    0 
   0  267    0    0    0    0    0    0   31  302    0 1444 2604  290   95  120  270   48    2  290    0   50   36    0 
   0  278    0    0   37    0   50    0   31  305    0 1704 2582  290   85  110  235   48    2  290    0   50   36    0 
   0  290    0    0   30    0   38    0    3  306   58 1964 2559  290   74  100  199    1    3  290    0   50   36    0 
   0  340    0    0   20    0   25    0    3  306   59 1938 2505  290   69  100  196    1    3  290    0   50   38    0 
   0  402    0    0   10    0   12    0    3  306   61 1923 2571  290   64  101  193    1    3  290    0   50   40    0 
   0  464    0    0    0    0    0    0    3  305   63 1907 2637  290   60  102  190    4    3  290    0   50   42    0 
   0  465    0    0    0    0    0    0    3  305   63 1708 2499  316   93  103  200    4    3  290    0   50   32    0 
   0  502    0    0    0    0    0    0    3  304   63 1352 2364  343  126  104  210    4    3  290    0   50   34    0 
   0  381    0    0    0    0    0    0   19  304   58  996 2229  400   90  350  250   31    6  290    0   50   36    0 
   0  381    0    0    0    0    0    0   19  303   58 1032 2292  400   90  350  250   31    6  290    0   50   36    0 
   0  381    0    0    0    0    0    0   19  303   58 1039 2290  400   90  350  250   31    6  290    0   50   36    0 
   0  381    0    0    0    0    0    0   19  303   58 1047 2288  400   90  350  250   31    6  290    0   50   36    0 
   0  381    0    0    0    0    0    0   19  303   58 1054 2286  400   90  350  250   31    6  290    0   50   36    0 
   0  381    0    0    0    0    0    0   19  479   53 1062 2284  400   90  350  250   31    6  290    0   50   36    0 
   0  509    0    0    0    0    0    0    3  524   57 1011 2219  369  129  105  220    4    3  290    0   50   36    0 
   0  481    0    0    0    0    0    0    3  481   58 1228 2329  369  139  105  220    4    3  290    0   50   38    0 
   0  492    0    0    0    0    0    0    3  305   63 1343 2450  369  149  105  220    4    3  290    0   50   40    0 
   0  464    0    0    0    0    0    0   19  305   50 1357 2471  400  130  300  460   32    6  290    0   50   42    0 
   0  464    0    0    0    0    0    0   19  306   50 1359 2477  400  130  300  460   32    6  290    0   50   42    0 
   0  464    0    0    0    0    0    0   19  306   50 1364 2473  400  130  300  460   32    6  290    0   50   42    0 
   0  464    0    0    0    0    0    0   19  307   50 1369 2469  400  130  300  460   32    6  290    0   50   42    0 
   0  464    0    0    0    0    0    0   19  308   50 1373 2465  400  130  300  460   32    6  290    0   50   42    0 
   0  464    0    0    0    0    0    0   19  492   45 1378 2461  400  130  300  460   32    6  290    0   50   42    0 
   0  495    0    0    0    0    0    0    3  542   57 1475 2551  369  269  110  290    5    5  290    0   50   42    0 
   0  495    0    0    0    0    0    0    3  498   58 1473 2551  369  275  110  290    5    5  290    0   50   32    0 
   0  496    0    0    0    0    0    0    3  460   59 1616 2551  369  281  110  290    5    5  290    0   50   34    0 
   0  496    0    0    0    0    0    0    3  428   60 1614 2551  369  287  110  290    5    5  290    0   50   36    0 
   0  495    0    0    0    0    0    0    3  314   63 1612 2551  369  293  105  290    5    5  290    0   50   38    0 
   0  430    0    0    0    0    0    0    3  316   50 1510 2451  400  130  360  460   32    6  290    0   50   40    0 
   0  430    0    0    0    0    0    0    3  317   50 1496 2469  400  130  360  460   32    6  290    0   50   40    0 
   0  430    0    0    0    0    0    0    3  318   50 1481 2486  400  130  360  460   32    6  290    0   50   40    0 
   0  430    0    0    0    0    0    0    3  319   50 1467 2504  400  130  360  460   32    6  290    0   50   40    0 
   0  430    0    0    0    0    0    0    3  320   47 1452 2521  400  130  360  460   32    6  290    0   50   40    0 
   0  430    0    0    0    0    0    0    3  321   45 1438 2539  400  130  360  460   32    6  290    0   50   40    0 
   0  342    0    0   44    0   52    0   31  322    0 1458 2545  370  160  160  240   48    1  290    0   50   40    0 
   0  400    0    0   30    0   38    0    3  323   57 1712 2559  290   74  102  229    4    3  290    0   50   40    0 
   0  393    0    0   20    0   40    0    3  323   56 1662 2548  290   93  115  239    4    3  290    0   50   42    0 
   0  428    0    0   10    0   43    0    4  323   56 1499 2549  290  111  128  249    4    3  290    0   50   32    0 
  48  454    0    0    0    0   48    0    6  323    0 1336 2550  290  130  142  260   41    2  290    0   50   34    0 
  24  375    0    0    0    0   53    0    8  323    0 1401 2561  290  137  141  265   41    2  290    0   50   36    0 
   0  303    0    0    0    0    0    0   31  323    0 1460 2573  290  119  140  270   48    2  290    0   50   38    0 
   0  356    0    0   39    0   50    0   31  322    0 1474 2579  290  104  112  240   48    2  290    0   50   40    0 
   0  408    0    0   32    0   37    0    3  318   58 1487 2585  290   90   84  209    9    3  290    0   50   40    0 
   0  402    0    0   21    0   25    0    3  315   60 1341 2367  290   90   81  191    9    3  290    0   50   40    0 
   0  394    0    0   10    0   12    0    3  313   62 1156 2136  290   90   78  173    9    3  290    0   50   40    0 
   0  389    0    0    0    0    0    0   31  315    0 1010 1950  290   90   75  155   46    2  290    0   50   40    0 
   0  328    0    0    0    0   33   49   31  316    0  892 2205  290   90   80  160   46    2  290    0   50   42    0 
   0  266    0    0    0    0   26   42    3  317   53  773 2459  290   90   84  164   34    6  290    0   50   42    0 
   0  289    0    0    0    0   17   28    3  318   55  810 2489  290   86   94  178   34    6  290    0   50   42    0 
   0  312    0    0    0    0    8   14    3  318   57  846 2519  290   83  104  193   34    6  290    0   50   42    0 
   0  322    0    0    0    0    0    0    3  318   59 1064 2548  290   79  114  207   34    6  290    0   50   42    0 
   0  309    0    0    0    0    0    0    3  318   59 1282 2578  290   76  124  221   34    6  290    0   50   42    0 
   0  296    0    0    0    0    0    0    3  318   59 1500 2608  290   73  134  235   34    6  290    0   50   42    0 
   0  285    0    0    0    0    0    0    3  318   60 1733 2620  290   69  144  249   25    6  290    0   50   42    0 
   0  281    0    0    0    0    0    0    3  317   61 1794 2606  290   68  142  244   25    6  290    0   50   42    0 
   0  277    0    0    0    0    0    0    3  316   62 1856 2593  290   66  141  239   25    6  290    0   50   42    0 
   0  273    0    0    0    0    0    0    3  314   62 1918 2580  290   65  139  234   25    6  290    0   50   42    0 
   0  276    0    0    0    0    0    0    3  313   63 1932 2546  290   64  138  229   25    6  290    0   50   42    0 
   0  283    0    0    0    0    0    0    3  312   64 1885 2526  290   62  136  224   25    6  290    0   50   42    0 
   0  290    0    0    0    0    0    0    3  310   63 1842 2505  290   61  134  219   14    3  290    0   50   42    0 
   0  300    0    0    0    0    0    0    3  308   64 1847 2471  290   68  118  209   14    3  290    0   50   32    0 
   0  294    0    0    0    0    0    0    3  306   64 1688 2438  290   75  101  199   14    3  290    0   50   34    0 
   0  288    0    0    0    0    0    0   31  304    0 1530 2406  290   82   85  190   48    2  290    0   50   36    0 
   0  289    0    0   37    0   45    0   31  303    0 1609 2483  290   78   92  195   48    2  290    0   50   36    0 
   0  290    0    0   30    0   38    0    3  303   58 1688 2559  290   74  100  199    1    3  290    0   50   36    0 
   0  305    0    0   20    0   25    0    3  303   60 1806 2504  290   69  100  186    1    3  290    0   50   38    0 
   0  321    0    0   10    0   12    0    3  475   57 1953 2571  290   64  100  173    1    3  290    0   50   40    0 
   0  337    0    0    0    0    0    0    3  516   58 2100 2637  290   60  100  160    1    3  290    0   50   42    0 
   0  336    0    0    0    0    0    0    3  473   59 2088 2605  290   73  109  179    1    3  290    0   50   32    0 
   0  329    0    0    0    0    0    0    3  300   64 2061 2673  290   87  119  199    1    3  290    0   50   34    0 
   0  323    0    0    0    0    0    0   10  300    0 2034 2742  290  130  130  220   49    2  290    0   50   36    0 
   0  367   36    0   21   31    0    0   10  300    0 1500 2453  290  130  122  202   49    2  290    0   50   38    0 
  55  411   29    0   14   24    0    0    3  300    0  966 2163  290  560  120  184   24    6  290    0   50   40    0 
  55  393   19    0    9   16    0    0    3  300    0  945 2185  290  560  120  177   24    6  290    0   50   42    0 
  55  375    9    0    4    8    0    0    3  297    0  925 2208  290  560  120  171   24    6  290    0   50   42    0 
  55  356    0    0    0    0    0    0    3  296    0  904 2230  290  560  120  164   24    6  290    0   50   42    0 
  55  341    0    0    0    0    0    0    3  295    0  880 2293  290  560  120  158   24    6  290    0   50   42    0 
   0  326    0    0    0    0    0    0    3  294   56  856 2357  290   78   85  151   24    6  290    0   50   42    0 
   0  311    0    0    0    0    0    0    3  294   56  852 2419  290   75   79  144   34    6  290    0   50   42    0 
   0  315    0    0    0    0    0    0    3  297   57  881 2471  290   78   85  162   34    6  290    0   50   42    0 
   0  318    0    0    0    0    0    0    3  299   57  911 2522  290   81   91  179   34    6  290    0   50   42    0 
   0  322    0    0    0    0   10    0    3  301   56  940 2574  290   84   97  197   34    6  290    0   50   42    0 
   0  325    0    0    0    0   21    0    4  303   55  970 2625  290   88  103  214   34    6  290    0   50   42    0 
   0  329    0    0    0    0   31    0    5  305   55 1000 2677  290   91  108  232   34    6  290    0   50   42    0 
   0  326    0    0    0    0   42    0    6  307   54 1024 2655  290   95  115  250   42    2  290    0   50   42    0 
   0  296    0    0    0    0   47    0    8  310   51 1225 2631  290   95  117  260   42    2  290    0   50   42    0 
   0  278    0    0    0    0    0    0   31  312    0 1421 2609  290   95  120  270   48    2  290    0   50   42    0 
   0  377    0    0   39    0   49    0   31  315    0 1460 2615  290  100  120  257   48    2  290    0   50   42    0 
   0  476    0    0   32    0   37    0    3  319   58 1499 2621  290  105  120  245    6    5  290    0   50   42    0 
   0  482    0    0   21    0   25    0    2  322   60 1499 2650  290  125  124  246    6    5  290    0   50   32    0 
   0  491    0    0   10    0   12    0    2  326   62 1501 2637  290  146  129  247    6    5  290    0   50   34    0 
   0  499    0    0    0    0    0    0    2  329   64 1504 2625  290  167  134  248    6    5  290    0   50   36    0 
   0  508    0    0    0    0    0    0    2  333   64 1506 2612  290  188  139  249    6    5  290    0   50   38    0 
   0  517    0    0    0    0    0    0    9  336    0 1510 2600  290  160  145  250   47    2  290    0   50   40    0 
   0  517    0    0   35    0   39    0    9  339    0 1512 2600  290  152  130  232   47    2  290    0   50   42    0 
  49  518    0    0   28    0   32    0   22  342    0 1515 2600  290  590  130  215   17    4  290    0   50   32    0 
  49  522    0    0   19    0   21    0   20  345    0 1457 2600  290  590  130  206   17    4  290    0   50   34    0 
  49  531    0    0    9    0   10    0   19  343    0 1391 2600  290  590  130  197   17    4  290    0   50   34    0 
  49  540    0    0    0    0    0    0   18  342    0 1325 2600  290  590  130  188   17    4  290    0   50   34    0 
  52  550    0    0    0    0    0    0   20  341    0 1260 2600  290  260  130  180    0    1  290    0   50   34    0 
