 AP   F1   A2   A3   A4   A5   A6   AB  TILT  T0   AV   F2   F3    FZ   B1   B2   B3       
   0  295    0    0    0    0    0    0    3  344    0  724 2253  290  160  120   90    0    1  290    0   30   32    0 
   0  301    0    0    0    0    0    0    2  343   41  789 2263  290  160  120   90   24   12  290    0   30   32    0 
   0  302    0    0    0    0    0    0    2  343   44  784 2262  290  147  113   90   24   12  290    0   30   32    0 
   0  302    0    0    0    0    0    0    2  342   46  779 2261  290  135  107   90   24   12  290    0   30   32    0 
   0  302    0    0    0    0    0    0    2  341   49  773 2259  290  122  101   90   24   12  290    0   30   32    0 
   0  302    0    0    0    0    0    0    2  340   52  768 2258  290  110   95   90   24   12  290    0   30   32    0 
   0  303    0    0    0    0    0    0    2  339   54  763 2257  290   97   88   90   24   12  290    0   30   32    0 
   0  303    0    0    0    0    0    0    2  338   57  763 2257  290   85   82   90   24   12  290    0   30   32    0 
   0  303    0    0    0    0    0    0    2  337   60  763 2257  290   72   78   98   24   12  290    0   30   32    0 
   0  303    0    0    0    0    0    0    2  336   60  763 2257  290   60   74  106   24   12  290    0   30   32    0 
   0  311    0    0    0    0    0    0    2  335   60  813 2263  290   60   77  114   24   12  290    0   30   32    0 
   0  320    0    0    0    0    0    0    2  332   60  863 2269  290   60   79  123   24   12  290    0   30   32    0 
   0  329    0    0    0    0    0    0    2  328   60  913 2275  290   60   81  131   24   12  290    0   30   32    0 
   0  337    0    0    0    0    0    0    2  324   61  960 2277  290   60   85  139    2   23  290    0   30   32    0 
   0  352    0    0    0    0    0    0    2  320   62 1045 2286  290   60   87  148    2   23  290    0   30   34    0 
   0  367    0    0    0    0    0    0    2  316   63 1130 2296  290   60   90  156    2   23  290    0   30   36    0 
   0  383    0    0    0    0    0    0    3  312   63 1215 2305  290   60   92  164    2   23  290    0   30   38    0 
   0  398    0    0    0    0    0    0    3  307   64 1300 2314  290   60   95  173    2   23  290    0   30   40    0 
   0  413    0    0    0    0    0    0    3  304   65 1385 2324  290   60   97  181    2   23  290    0   30   42    0 
   0  428    0    0    0    0    0    0    3  300   65 1470 2333  290   60  100  190    2   23  290    0   30   32    0 
   0  444    0    0    0    0    0    0    3  297   65 1555 2343  290   60  100  190    2   23  290    0   30   34    0 
   0  444    0    0    0    0    0    0    3  295   65 1555 2343  290   66  100  190    2   23  290    0   30   36    0 
   0  450    0    0    0    0    0    0    3  292   65 1544 2344  290   72  100  190    2   23  290    0   30   38    0 
   0  456    0    0    0    0    0    0    3  290   65 1533 2346  290   78  100  190    2   23  290    0   30   40    0 
   0  462    0    0    0    0    0    0    3  288   65 1523 2347  296   85  100  190    2   23  290    0   30   42    0 
   0  469    0    0    0    0    0    0    3  287   65 1512 2349  302   91  100  190    2   23  290    0   30   32    0 
   0  475    0    0    0    0    0    0    4  285   65 1501 2351  308   97  100  190    2   23  290    0   30   34    0 
   0  481    0    0    0    0    0    0    4  286   65 1491 2352  314  103  100  190    2   23  290    0   30   36    0 
   0  487    0    0    0    0    0    0    4  287   65 1480 2354  320  110  100  190    2   23  290    0   30   38    0 
   0  494    0    0    0    0    0    0    3  289   65 1470 2356  326  116  100  190    2   23  290    0   30   40    0 
   0  500    0    0    0    0    0    0    3  291   65 1459 2377  332  122  100  190    2   23  290    0   30   42    0 
   0  506    0    0    0    0    0    0    3  294   65 1448 2399  339  128  100  190    2   23  290    0   30   32    0 
   0  499    0    0    0    0    0    0    3  298   65 1439 2420  345  135  100  190    2   23  290    0   30   34    0 
   0  491    0    0    0    0    0    0    3  302   65 1429 2442  351  141  100  190    2   23  290    0   30   36    0 
   0  484    0    0    0    0    0    0    3  306   65 1419 2463  357  147  100  190    2   23  290    0   30   38    0 
   0  477    0    0    0    0    0    0    3  310   65 1409 2485  363  153  100  190    2   23  290    0   30   40    0 
   0  421    0    0    0    0    0    0    2  314   50 1301 2407  400  130  360  460   32    7  290    0   30   42    0 
   0  421    0    0    0    0    0    0    2  318   50 1321 2429  400  130  360  460   32    7  290    0   30   42    0 
   0  421    0    0    0    0    0    0    2  323   50 1340 2450  400  130  360  460   32    7  290    0   30   42    0 
   0  421    0    0    0    0    0    0    2  327   50 1360 2471  400  130  360  460   32    7  290    0   30   42    0 
   0  421    0    0    0    0    0    0    2  332   50 1379 2493  400  130  360  460   32    7  290    0   30   42    0 
   0  421    0    0    0    0    0    0    2  337   47 1399 2514  400  130  360  460   32    7  290    0   30   42    0 
   0  421    0    0    0    0    0    0    2  341   45 1418 2536  400  130  360  460   32    7  290    0   30   42    0 
   0  335    0    0    0    0    0    0   31  346    0 1398 2540  370  160  160  240   48    8  290    0   30   42    0 
   0  339    0    0    0    0    0    0   31  349    0 1403 2543  360  151  152  240   48    8  290    0   30   42    0 
   0  344    0    0    0    0    0    0   31  353    0 1408 2547  350  142  145  240   48    8  290    0   30   42    0 
   0  349    0    0    0    0    0    0   31  356    0 1413 2551  340  133  135  235   48    8  290    0   30   42    0 
   0  354    0    0    0    0    0    0   31  358    0 1419 2555  330  125  125  230   48    8  290    0   30   42    0 
   0  359    0    0    0    0    0    0   31  361    0 1424 2558  320  116  115  225   48    8  290    0   30   42    0 
   0  364    0    0   56    0    0    0   31  363    0 1429 2562  310  107  105  220   48    8  290    0   30   42    0 
   0  369    0    0   45    0    0    0   31  365    0 1434 2566  300   98   95  215   48    8  290    0   30   42    0 
   0  373    0    0   43    0    0    0    1  366   55 1438 2569  290   90   84  209   11   40  290    0   30   42    0 
   0  396    0    0   29    0    0    0    1  366   57 1413 2564  290   90   81  204   11   40  290    0   30   32    0 
   0  419    0    0   14    0    0    0    1  364   59 1388 2559  290   90   79  199   11   40  290    0   30   34    0 
   0  442    0    0    0    0    0    0    1  361   61 1363 2554  290   90   77  194   11   40  290    0   30   36    0 
   0  465    0    0    0    0    0    0    2  359   61 1338 2549  290   90   74  189   11   40  290    0   30   38    0 
   0  488    0    0    0    0    0    0    2  355   61 1313 2544  290   90   72  184   11   40  290    0   30   40    0 
   0  511    0    0    0    0    0    0    2  353   61 1288 2538  290   90   70  180   11   40  290    0   30   42    0 
   0  511    0    0    0    0    0    0    2  350   61 1262 2533  290   90   70  180   11   40  290    0   30   32    0 
   0  511    0    0    0    0    0    0    2  347   61 1237 2528  290   90   70  180   11   40  290    0   30   34    0 
   0  509    0    0    0    0    0    0    2  345   61 1212 2519  290   90   70  180   11   40  290    0   30   36    0 
   0  507    0    0    0    0    0    0    2  343   61 1187 2509  290   90   70  180   11   40  290    0   30   38    0 
   0  505    0    0    0    0    0    0    2  341   61 1157 2500  290   90   70  180   11   40  290    0   30   40    0 
   0  504    0    0    0    0    0    0    2  339   61 1128 2491  290   90   70  180   11   40  290    0   30   42    0 
   0  502    0    0    0    0    0    0    2  337   61 1098 2481  290   90   70  180   11   40  290    0   30   32    0 
   0  500    0    0    0    0    0    0    2  336   61 1068 2477  290   90   70  180   11   40  290    0   30   34    0 
   0  498    0    0    0    0    0    0    2  335   61 1063 2473  290   90   70  180   11   40  290    0   30   36    0 
   0  497    0    0    0    0    0    0    2  334   61 1059 2469  290   90   70  180   11   40  290    0   30   38    0 
   0  495    0    0    0    0    0    0    2  334   61 1054 2464  290   90   70  180   11   40  290    0   30   40    0 
   0  493    0    0    0    0    0    0    2  335   61 1050 2460  290   90   70  180   11   40  290    0   30   42    0 
   0  491    0    0    0    0    0    0    2  337   61 1045 2456  290   90   70  180   11   40  290    0   30   32    0 
   0  490    0    0    0    0    0    0    2  340   61 1040 2452  290   90   70  180   11   40  290    0   30   34    0 
   0  488    0    0    0    0    0    0    2  343   61 1036 2447  290   90   70  180   11   40  290    0   30   36    0 
   0  486    0    0    0    0    0    0    2  346   61 1031 2443  290   90   70  180   11   40  290    0   30   38    0 
   0  484    0    0    0    0    0    0    2  349   61 1026 2439  290   90   70  180   11   40  290    0   30   40    0 
   0  483    0    0    0    0    0    0    2  353   61 1022 2435  290   90   70  180   11   40  290    0   30   42    0 
   0  481    0    0    0    0    0    0    1  355   61 1017 2430  290   90   70  180   11   40  290    0   30   32    0 
   0  479    0    0    0    0    0    0    1  356   61 1013 2426  290   90   70  180   11   40  290    0   30   34    0 
   0  477    0    0    0    0    0    0    1  356   61 1008 2422  290   90   70  180   11   40  290    0   30   36    0 
   0  476    0    0    0    0    0    0    2  355   61 1003 2418  290   90   70  180   11   40  290    0   30   38    0 
   0  474    0    0    0    0    0    0    2  353   61  999 2413  290   90   70  180   11   40  290    0   30   40    0 
   0  472    0    0    0    0    0    0    2  350   61  994 2409  290   90   70  180   11   40  290    0   30   42    0 
   0  472    0    0    0    0    0    0    2  347   61  985 2406  290   90   70  180   11   40  290    0   30   32    0 
   0  472    0    0    0    0    0    0    2  344   61  992 2404  290   90   70  180   11   40  290    0   30   34    0 
   0  472    0    0    0    0    0    0    2  341   61  999 2402  290   90   70  180   11   40  290    0   30   36    0 
   0  472    0    0    0    0    0    0    2  338   61 1006 2400  290   90   70  180   11   40  290    0   30   38    0 
   0  456    0    0    0    0    0    0    2  335   61 1014 2397  290   90   75  189   11   40  290    0   30   40    0 
   0  441    0    0    0    0    0    0    2  332   61 1021 2395  290   91   81  199   11   40  290    0   30   42    0 
   0  426    0    0    0    0   10    0    2  330   59 1028 2393  290   92   87  209   11   40  290    0   30   32    0 
   0  411    0    0    0    0   21    0    3  327   58 1035 2391  290   93   93  219   11   40  290    0   30   34    0 
   0  395    0    0    0    0   31    0    4  325   56 1043 2388  290   93   98  229   11   40  290    0   30   36    0 
   0  381    0    0    0    0   42    0    6  323   54 1052 2390  290   94  104  240   42   14  290    0   30   38    0 
   0  363    0    0    0    0   44    0    7  321   53 1113 2428  290   95  110  250   42   14  290    0   30   38    0 
   0  345    0    0    0    0   46    0    9  321   52 1173 2466  290   96  116  260   42   14  290    0   30   38    0 
   0  328    0    0    0    0   48    0   10  322   50 1234 2504  290   97  122  270   42   14  290    0   30   38    0 
   0  328    0    0    0    0   50    0   12  325   48 1294 2542  290   98  128  280   42   14  290    0   30   38    0 
   0  328    0    0    0    0   52    0   11  328   47 1355 2580  290   99  134  290   42   14  290    0   30   38    0 
   0  328    0    0    0    0   52    0   12  332   46 1355 2580  290  100  140  300   42   14  290    0   30   38    0 
   0  328    0    0    0    0   52    0   12  336   45 1355 2580  290  112  146  300   42   14  290    0   30   38    0 
   0  328    0    0    0    0   52    0   13  340   45 1355 2580  290  125  152  300   42   14  290    0   30   38    0 
   0  328    0    0    0    0   52    0   13  345   44 1355 2580  290  137  158  300   42   14  290    0   30   38    0 
   0  328    0    0    0    0   52    0   14  350   44 1355 2580  290  150  165  300   42   14  290    0   30   38    0 
   0  328    0    0    0    0   52    0   14  356   43 1355 2580  290  162  171  300   42   14  290    0   30   38    0 
   0  328    0    0    0    0   47    0   15  361   42 1355 2580  290  175  177  300   42   14  290    0   30   38    0 
   0  328    0    0    0    0   43    0   14  367   42 1355 2580  290  187  183  300   42   14  290    0   30   38    0 
   0  326    0    0    0    0   38    0   15  373    0 1354 2580  290  200  190  300    0   12  290    0   30   38    0 
   0  324    0    0    0    0   35    0   11  378    0 1361 2581  290  187  183  300    0   12  290    0   30   38    0 
   0  323    0    0    0    0   31    0    8  382    0 1367 2583  290  175  177  300    0   12  290    0   30   38    0 
   0  321    0    0    0    0   28    0    4  386    0 1374 2584  290  162  171  300    0   12  290    0   30   38    0 
   0  320    0    0    0    0   24    0    1  386    0 1381 2586  290  150  165  300    0   12  290    0   30   38    0 
   0  318    0    0    0    0   21    0    1  386    0 1387 2587  290  150  165  300    0   12  290    0   30   38    0 
   0  316    0    0    0    0   17    0    1  384    0 1394 2589  290  150  165  300    0   12  290    0   30   38    0 
   0  315    0    0    0    0   14    0    1  382    0 1400 2590  290  150  165  300    0   12  290    0   30   38    0 
   0  313    0    0    0    0   10    0    1  379    0 1407 2592  290  150  165  300    0   12  290    0   30   38    0 
   0  311    0    0    0    0    7    0    1  376    0 1414 2593  290  162  171  300    0   12  290    0   30   38    0 
   0  310    0    0    0    0    3    0    1  373    0 1420 2595  290  175  177  300    0   12  290    0   30   38    0 
   0  308    0    0    0    0    0    0    1  370    0 1427 2596  290  187  183  300    0   12  290    0   30   38    0 
