 AP   F1   A2   A3   A4   A5   A6   AB  TILT  T0   AV   F2   F3    FZ   B1   B2   B3       
   0  597    0    0    0    0    0    0    3  344    0 1716 2500  290  160  155  220    0    1  290    0   30   32    0 
   0  586    0    0    0    0    0    0    2  343   44 1699 2502  290  160  155  220    4   18  290    0   30   32    0 
   0  588    0    0    0    0    0    0    2  343   47 1701 2502  290  147  148  220    4   18  290    0   30   34    0 
   0  589    0    0    0    0    0    0    2  342   49 1704 2501  290  135  142  220    4   18  290    0   30   36    0 
   0  591    0    0    0    0    0    0    2  341   52 1706 2501  290  128  136  220    4   18  290    0   30   38    0 
   0  592    0    0    0    0    0    0    2  338   55 1708 2501  290  122  130  220    4   18  290    0   30   40    0 
   0  594    0    0    0    0    0    0    2  334   57 1711 2500  290  116  123  220    4   18  290    0   30   42    0 
   0  595    0    0    0    0    0    0    2  328   60 1713 2500  296  110  117  220    4   18  290    0   30   32    0 
   0  606    0    0    0    0    0    0    2  322   63 1716 2500  302  103  111  220    4   18  290    0   30   34    0 
   0  616    0    0    0    0    0    0    3  315   63 1716 2500  308   97  105  220    4   18  290    0   30   36    0 
   0  625    0    0    0    0    0    0    3  308   63 1684 2500  314  103  105  220    4   18  290    0   30   38    0 
   0  635    0    0    0    0    0    0    3  301   63 1653 2500  320  110  105  220    4   18  290    0   30   40    0 
   0  645    0    0    0    0    0    0    3  295   63 1622 2504  326  116  105  220    4   18  290    0   30   42    0 
   0  654    0    0    0    0    0    0    4  289   63 1591 2515  332  122  105  220    4   18  290    0   30   32    0 
   0  652    0    0    0    0    0    0    4  283   63 1559 2525  339  128  105  220    4   18  290    0   30   34    0 
   0  620    0    0    0    0    0    0    4  278   63 1524 2536  345  135  105  220    4   18  290    0   30   36    0 
   0  588    0    0    0    0    0    0    4  273   63 1489 2547  351  141  105  220    4   18  290    0   30   38    0 
   0  556    0    0    0    0    0    0    5  269   63 1454 2558  357  147  105  220    4   18  290    0   30   40    0 
   0  524    0    0    0    0    0    0    5  265   63 1450 2564  363  153  105  220    4   18  290    0   30   42    0 
   0  429    0    0    0    0    0    0    5  261   50 1346 2471  400  130  360  460   32    7  290    0   30   32    0 
   0  429    0    0    0    0    0    0    5  257   50 1359 2483  400  130  360  460   32    7  290    0   30   32    0 
   0  429    0    0    0    0    0    0    5  254   50 1372 2495  400  130  360  460   32    7  290    0   30   32    0 
   0  429    0    0    0    0    0    0    6  253   50 1385 2507  400  130  360  460   32    7  290    0   30   32    0 
   0  429    0    0    0    0    0    0    6  252   50 1398 2519  400  130  360  460   32    7  290    0   30   32    0 
   0  429    0    0    0    0    0    0    6  253   47 1411 2530  400  130  360  460   32    7  290    0   30   32    0 
   0  429    0    0    0    0    0    0    6  254   45 1424 2542  400  130  360  460   32    7  290    0   30   32    0 
   0  331    0    0    0    0    0    0   31  256   13 1436 2550  369 1000 1000 1500   48    5  290    0   30   32    0 
   0  322    0    0    0    0    0    0   31  259   13 1457 2559  353 1000 1000 1500   48    5  290    0   30   32    0 
   0  313    0    0    0    0    0    0   31  261   13 1479 2568  337 1000 1000 1500   48    5  290    0   30   32    0 
   0  304    0    0    0    0    0    0   31  264    0 1500 2577  321 1000 1000 1500   48    5  290    0   30   32    0 
   0  295    0    0    0    0    0    0   31  266    0 1522 2586  305 1000 1000 1500   48    5  290    0   30   32    0 
   0  289    0    0    0    0    0    0   12  268    0 1531 2563  290  144  124  244   47    9  290    0   30   32    0 
   0  304    0    0    0    0    0    0   12  271    0 1497 2483  290  163  133  246   47    9  290    0   30   32    0 
   0  319    0    0    0    0    0    0   12  273    0 1464 2402  290  181  141  248   47    9  290    0   30   32    0 
   0  335    0    0    0    0    0    0   12  276    0 1431 2322  290  200  150  250   47    9  290    0   30   32    0 
   0  350    0    0    0    0    0    0   11  273    0 1397 2241  290  200  150  250   47    9  290    0   30   32    0 
   0  365    0    0    0    0    0    0   11  270    0 1364 2161  290  200  150  250   47    9  290    0   30   32    0 
   0  381    0    0    0    0    0    0   11  268    0 1330 2080  290  200  150  250   47    9  290    0   30   32    0 
   0  396   32   36   45    0   49    0   11  267    0 1297 2000  290  178  138  223   47    9  290    0   30   32    0 
   0  412   21   25   34    0   38    0   11  267    0 1264 1919  290  156  126  196   47    9  290    0   30   32    0 
  58  427   19   23   32    0   36    0    4  267    0 1230 1839  290  570  130  169   26   10  290    0   30   32    0 
  58  412   13   15   21    0   24    0    4  267    0 1214 1803  290  570  130  156   26   10  290    0   30   32    0 
  58  398    6    7   10    0   12    0    4  267    0 1199 1767  290  570  130  143   26   10  290    0   30   32    0 
  58  384    0    0    0    0    0    0    4  267    0 1183 1730  290  570  130  129   26   10  290    0   30   32    0 
  58  369    0    0    0    0    0    0    4  268    0 1167 1694  290  570  130  116   26   10  290    0   30   32    0 
  58  355    0    0    0    0    0    0    4  268    0 1151 1657  290  570  130  107   26   10  290    0   30   32    0 
  58  341    0    0    0    0    0    0    4  268    0 1135 1621  290  570  130   98   26   10  290    0   30   32    0 
  58  341    0    0    0    0    0    0    4  269    0 1119 1585  290  570  130  102   26   10  290    0   30   32    0 
  58  342    0    0    0    0    0    0    3  269    0 1124 1599  290  570  130  106   26   10  290    0   30   32    0 
   0  344    0    0    0    0    0    0    3  275   64 1129 1612  290   71   75  110   26   10  290    0   30   32    0 
   0  346    0    0    0    0    0    0    3  279   63 1138 1622  290   72   74  114   14   28  290    0   30   32    0 
   0  349    0    0    0    0    0    0    3  283   64 1157 1663  290   72   73  118   14   28  290    0   30   34    0 
   0  352    0    0    0    0    0    0    3  285   64 1175 1703  290   73   73  123   14   28  290    0   30   36    0 
   0  355    0    0    0    0    0    0    3  286   64 1194 1744  290   73   72  127   14   28  290    0   30   38    0 
   0  358    0    0    0    0    0    0    3  288   64 1212 1784  290   74   71  131   14   28  290    0   30   40    0 
   0  360    0    0    0    0    0    0    3  288   65 1219 1829  290   74   70  135   14   28  290    0   30   42    0 
   0  361    0    0    0    0    0    0    3  289   65 1226 1875  290   75   70  140   14   28  290    0   30   32    0 
   0  363    0    0    0    0    0    0    3  288   65 1232 1920  290   75   70  140   14   28  290    0   30   34    0 
   0  362    0    0    0    0    0    0    3  287   65 1239 1965  290   75   70  140   14   28  290    0   30   36    0 
   0  360    0    0    0    0    0    0    3  286   65 1246 2011  290   75   70  140   14   28  290    0   30   38    0 
   0  359    0    0    0    0    0    0    3  284   65 1253 2056  290   75   70  140   14   28  290    0   30   40    0 
   0  358    0    0    0    0    0    0    4  282   65 1259 2102  290   75   70  140   14   28  290    0   30   42    0 
   0  357    0    0    0    0    0    0    4  280   65 1248 2107  290   75   70  140   14   28  290    0   30   32    0 
   0  355    0    0    0    0    0    0    4  278   65 1236 2112  290   75   70  140   14   28  290    0   30   34    0 
   0  354    0    0    0    0    0    0    4  275   65 1224 2117  290   75   70  140   14   28  290    0   30   36    0 
   0  353    0    0    0    0    0    0    4  273   65 1212 2122  290   75   70  140   14   28  290    0   30   38    0 
   0  352    0    0    0    0    0    0    4  271   65 1201 2127  290   75   70  140   14   28  290    0   30   40    0 
   0  350    0    0    0    0    0    0    4  270   65 1189 2132  290   75   70  140   14   28  290    0   30   42    0 
   0  349    0    0    0    0    0    0    4  268   65 1177 2137  290   75   70  140   14   28  290    0   30   32    0 
   0  348    0    0    0    0    0    0    4  266   65 1165 2155  290   75   70  140   14   28  290    0   30   34    0 
   0  347    0    0    0    0    0    0    4  265   65 1161 2173  290   75   70  140   14   28  290    0   30   36    0 
   0  345    0    0    0    0    0    0    4  264   65 1156 2191  290   80   70  140   14   28  290    0   30   38    0 
   0  344    0    0    0    0    0    0    4  262   65 1151 2209  290   86   70  140   14   28  290    0   30   40    0 
   0  340    0    0    0    0    0    0    5  261   65 1146 2227  290   91   79  153   14   28  290    0   30   42    0 
   0  335    0    0    0    0    0    0    5  261   65 1142 2245  290   97   88  166   14   28  290    0   30   32    0 
   0  331    0    0    0    0   11    0    5  261   65 1137 2263  290  103   97  179   14   28  290    0   30   34    0 
   0  327    0    0    0    0   23    0    5  262   62 1144 2276  290  108  106  193   14   28  290    0   30   36    0 
   0  323    0    0    0    0   35    0    6  263   60 1151 2289  290  114  115  206   14   28  290    0   30   38    0 
  47  321    0    0    0    0   47    0    7  265    0 1160 2304  290  137  124  219   41   17  290    0   30   40    0 
  40  335    0    0    0    0   49    0    8  266    0 1213 2349  290  158  143  246   41   17  290    0   30   42    0 
  33  349    0    0    0    0   51    0    9  268    0 1265 2394  290  179  161  273   41   17  290    0   30   32    0 
  27  363    0    0    0    0   53    0   10  270    0 1318 2439  290  200  180  300   41   17  290    0   30   34    0 
  20  363    0    0    0    0   55    0   11  267    0 1370 2484  290  200  180  300   41   17  290    0   30   34    0 
  13  363    0    0    0    0   57    0   11  265    0 1423 2529  290  200  180  300   41   17  290    0   30   34    0 
   6  363    0    0    0    0   57    0   11  264    0 1423 2529  290  200  180  300   41   17  290    0   30   34    0 
   0  363    0    0    0    0   57    0   11  264    0 1423 2529  290  200  180  300   41   17  290    0   30   34    0 
   0  363    0    0    0    0   57    0   11  264    0 1423 2529  290  200  180  300   41   17  290    0   30   34    0 
   0  363    0    0    0    0   57    0   11  264    0 1423 2529  290  200  180  300   41   17  290    0   30   34    0 
   0  363    0    0    0    0   57    0   11  265    0 1423 2529  290  200  180  300   41   17  290    0   30   34    0 
   0  363    0    0    0    0   57    0   11  265    0 1423 2529  290  200  180  300   41   17  290    0   30   34    0 
   8  363    0    0    0    0   57    0   11  266    0 1423 2529  290  200  180  300   41   17  290    0   30   34    0 
  17  363    0    0    0    0   57    0   10  267    0 1431 2533  290  200  180  300   41   17  290    0   30   34    0 
  25  363    0    0    0    0   57    0    9  268    0 1440 2537  290  200  180  300   41   17  290    0   30   34    0 
  34  365    0    0    0    0   52    0    8  269    0 1449 2541  290  176  166  281   41   17  290    0   30   34    0 
  43  367    0    0    0    0   48    0    7  270    0 1458 2545  290  153  153  263   41   17  290    0   30   34    0 
   0  369    0    0    0    0   43    0    6  271   60 1467 2548  290  116  139  244    2   16  290    0   30   34    0 
   0  383    0    0    0    0   35    0    5  271   62 1510 2545  290  109  133  235    2   16  290    0   30   34    0 
   0  396    0    0    0    0   26    0    4  272   63 1554 2543  290  102  126  226    2   16  290    0   30   34    0 
   0  409    0    0    0    0   17    0    3  273   65 1597 2540  290   95  119  217    2   16  290    0   30   34    0 
   0  423    0    0    0    0    8    0    3  273   65 1640 2537  290   88  113  208    2   16  290    0   30   34    0 
   0  436    0    0    0    0    0    0    3  278   65 1684 2534  290   81  106  199    2   16  290    0   30   36    0 
   0  457    0    0    0    0    0    0    3  282   65 1711 2529  290   74  100  190    2   16  290    0   30   38    0 
   0  464    0    0    0    0    0    0    3  284   65 1738 2523  290   67  100  190    2   16  290    0   30   40    0 
   0  471    0    0    0    0    0    0    3  286   65 1721 2518  290   60  100  190    2   16  290    0   30   42    0 
   0  479    0    0    0    0    0    0    3  287   65 1705 2512  290   67  100  190    2   16  290    0   30   32    0 
   0  466    0    0    0    0    0    0    3  287   65 1734 2499  290   74  100  190    2   16  290    0   30   34    0 
   0  454    0    0    0    0    0    0    3  287   65 1762 2489  290   81  104  197    2   16  290    0   30   36    0 
   0  442    0    0    0    0    0    0    3  287   65 1791 2479  290   88  109  204    2   16  290    0   30   38    0 
   0  430    0    0    0    0    0    0    3  287   65 1819 2469  290   95  114  212    2   16  290    0   30   40    0 
   0  418    0    0    0    0    0    0    3  286   65 1848 2458  290  102  119  219    2   16  290    0   30   42    0 
   0  406    0    0    0    0    0    0    4  285   65 1876 2448  290  109  124  226    2   16  290    0   30   32    0 
   0  394    0    0    0    0    0    0   11  285    0 1905 2438  290  129  130  235   49   11  290    0   30   34    0 
   0  398    0    0    0    0    0    0   11  284    0 1875 2435  290  153  140  250   49   11  290    0   30   36    0 
   0  402    0    0    0    0    0    0   11  283    0 1846 2432  290  176  150  265   49   11  290    0   30   38    0 
   0  406    0    0    0    0    0    0   11  282    0 1816 2429  290  200  160  280   49   11  290    0   30   40    0 
   0  411    0    0    0    0    0    0   11  279    0 1787 2427  290  200  160  280   49   11  290    0   30   40    0 
   0  415    0    0    0    0    0    0   11  277    0 1758 2424  290  200  160  280   49   11  290    0   30   40    0 
   0  419    0    0    0    0    0    0   11  277    0 1728 2421  290  200  160  280   49   11  290    0   30   40    0 
   0  423    0    0    0    0    0    0   11  276    0 1699 2418  290  200  160  280   49   11  290    0   30   40    0 
   0  428    0    0    0    0    0    0   11  277    0 1670 2415  290  200  160  280   49   11  290    0   30   40    0 
   0  432    0    0    0    0    0    0   11  278    0 1640 2412  290  200  163  283   49   11  290    0   30   40    0 
   0  436   41    0   26   36   24    0   11  279    0 1611 2409  290  200  166  286   49   11  290    0   30   40    0 
   0  442   29    0   14   24   48    0   10  280    0 1597 2411  290  200  169  289   41    9  290    0   30   40    0 
   0  403   23    0   11   19   50    0   10  282    0 1574 2436  290  200  173  293   41    9  290    0   30   40    0 
   0  364   17    0    8   14   52    0   10  283    0 1550 2460  290  200  176  296   41    9  290    0   30   40    0 
   0  325   11    0    5    9   54    0   10  285    0 1526 2485  290  200  180  300   41    9  290    0   30   40    0 
   0  325    5    0    2    4   56    0   10  286    0 1502 2509  290  200  180  300   41    9  290    0   30   40    0 
   0  325    0    0    0    0   58    0   10  287    0 1489 2539  290  200  180  300   41    9  290    0   30   40    0 
   0  325    0    0    0    0   58    0   10  288    0 1500 2545  290  200  180  300   41    9  290    0   30   40    0 
   0  328    0    0    0    0   58    0   10  289    0 1511 2551  290  200  175  291   41    9  290    0   30   40    0 
   0  332    0    0    0    0   58    0   10  290    0 1522 2557  290  200  170  283   41    9  290    0   30   40    0 
   0  336    0    0    0    0    0    0   10  291    0 1563 2560  290  200  164  274   47    8  290    0   30   40    0 
   0  347    0    0    0    0    0    0   10  291    0 1617 2565  290  200  159  266   47    8  290    0   30   40    0 
   0  359    0    0    0    0    0    0   10  292    0 1671 2571  290  200  154  258   47    8  290    0   30   40    0 
   0  371    0    0    0    0    0    0   10  293    0 1726 2576  290  200  150  250   47    8  290    0   30   40    0 
   0  383    0    0    0    0    0    0   10  294    0 1780 2582  290  200  150  250   47    8  290    0   30   40    0 
   0  394    0    0    0    0    0    0   10  294    0 1834 2588  290  200  150  250   47    8  290    0   30   40    0 
   0  406    0    0   45    0   49    0   10  295    0 1889 2593  290  176  141  235   47    8  290    0   30   40    0 
   0  418    0    0   34    0   38    0   10  295    0 1943 2599  290  153  133  220   47    8  290    0   30   40    0 
  52  429    0    0   32    0   36    0    3  296    0 1997 2604  290  560  150  204    1   10  290    0   30   40    0 
  52  412    0    0   21    0   24    0    3  297    0 2005 2590  290  560  150  196    1   10  290    0   30   40    0 
   0  394    0    0   10    0   12    0    3  298   58 2007 2599  290   92  116  189    1   10  290    0   30   40    0 
   0  376    0    0    0    0    0    0    3  298   60 2009 2607  290   92  112  182    1   10  290    0   30   40    0 
   0  358    0    0    0    0    0    0    3  299   60 2010 2616  290   92  108  174    1   10  290    0   30   40    0 
   0  340    0    0    0    0    0    0    3  299   60 2012 2624  290   92  105  166    1   10  290    0   30   40    0 
   0  338    0    0    0    0    0    0    3  300   60 2003 2633  290   92  103  158    1   10  290    0   30   40    0 
   0  333    0    0    0    0    0    9    3  303   60 1987 2545  290   92  104  157    1   10  290    0   30   42    0 
   0  328    0    0    0    0    0   19    4  306   57 1972 2471  290   92  106  156    1   10  290    0   30   32    0 
   0  323    0    0    0    0    0   29    5  307   55 1956 2397  290   97  108  155    1   10  290    0   30   34    0 
  47  318    0    0    0    0    0   39    6  308    0 1940 2323  290  129  109  154   37   15  290    0   30   36    0 
  40  340    0    0    0    0    0   41    7  310    0 1775 2283  290  153  113  153   37   15  290    0   30   38    0 
  33  362    0    0    0    0    0   43    8  310    0 1610 2243  290  176  116  151   37   15  290    0   30   40    0 
  27  384    0    0    0    0    0   45    9  311    0 1445 2202  290  200  120  150   37   15  290    0   30   42    0 
  20  384    0    0    0    0    0   47   10  305    0 1280 2162  290  200  120  150   37   15  290    0   30   42    0 
  13  384    0    0    0    0    0   49   10  301    0 1115 2122  290  200  120  150   37   15  290    0   30   42    0 
   6  384    0    0    0    0    0   49   10  297    0 1122 2122  290  200  120  150   37   15  290    0   30   42    0 
   0  384    0    0    0    0    0   49   10  295    0 1129 2122  290  200  120  150   37   15  290    0   30   42    0 
   0  384    0    0    0    0    0   49   10  293    0 1136 2122  290  200  120  150   37   15  290    0   30   42    0 
   0  384    0    0    0    0    0   49   10  292    0 1143 2122  290  200  120  150   37   15  290    0   30   42    0 
   8  384    0    0    0    0    0   49   10  291    0 1149 2122  290  200  120  150   37   15  290    0   30   42    0 
  17  384    0    0    0    0    0   49   10  290    0 1084 2143  290  200  120  150   37   15  290    0   30   42    0 
  25  384    0    0    0    0    0   49    9  289    0 1018 2165  290  200  120  150   37   15  290    0   30   42    0 
  34  400    0    0    0    0    0   44    8  289    0  953 2186  290  183  113  148   37   15  290    0   30   42    0 
  43  417    0    0    0    0    0   40    7  289    0  887 2208  290  166  106  146   37   15  290    0   30   42    0 
   0  434    0    0    0    0    0   35    6  289   60  821 2229  290  162   99  144   22   30  290    0   30   42    0 
   0  449    0    0    0    0    0   28    5  289   62  839 2238  290  154   96  143   22   30  290    0   30   42    0 
   0  465    0    0    0    0    0   21    4  289   63  858 2247  290  146   93  143   22   30  290    0   30   42    0 
   0  481    0    0    0    0    0   14    2  289   65  876 2255  290  138   89  142   22   30  290    0   30   42    0 
   0  497    0    0    0    0    0    7    2  290   65  894 2264  290  131   86  141   22   30  290    0   30   42    0 
   0  497    0    0    0    0    0    0    2  296   65  912 2273  290  123   83  140   22   30  290    0   30   32    0 
   0  497    0    0    0    0    0    0    2  301   65  909 2282  290  115   80  140   22   30  290    0   30   34    0 
   0  497    0    0    0    0    0    0    2  306   65  906 2282  290  107   80  140   22   30  290    0   30   36    0 
   0  497    0    0    0    0    0    0    2  309   65  902 2282  290  100   80  140   22   30  290    0   30   38    0 
   0  497    0    0    0    0    0    0    2  311   65  899 2282  290  100   80  140   22   30  290    0   30   40    0 
   0  497    0    0    0    0    0    0    2  312   65  896 2282  290  100   80  140   22   30  290    0   30   42    0 
   0  494    0    0    0    0    0    0    2  313   65  896 2227  290  100   80  140   22   30  290    0   30   32    0 
   0  492    0    0    0    0    0    0    2  314   65  928 2173  290  100   80  140   22   30  290    0   30   34    0 
   0  489    0    0    0    0    0    0    3  313   65  960 2119  290  100   80  140   22   30  290    0   30   36    0 
   0  487    0    0    0    0    0    0    3  313   65  993 2065  290  100   80  140   22   30  290    0   30   38    0 
   0  484    0    0    0    0    0    0    3  313   65 1025 2011  290  100   80  140   22   30  290    0   30   40    0 
   0  482    0    0    0    0    0    0    3  312   65 1057 1957  290  100   80  140   22   30  290    0   30   42    0 
   0  479    0    0    0    0    0    0    3  312   65 1090 1903  290  100   80  140   22   30  290    0   30   32    0 
   0  477    0    0    0    0    0    0    3  311   65 1122 1849  290  100   80  140   22   30  290    0   30   34    0 
   0  474    0    0    0    0    0    0    3  310   65 1155 1794  290  100   80  140   22   30  290    0   30   36    0 
   0  472    0    0    0    0    0    0    3  310   65 1187 1740  290  100   80  140   22   30  290    0   30   38    0 
   0  469    0    0    0    0    0    0    3  309   65 1219 1686  290  100   80  140   22   30  290    0   30   40    0 
   0  467    0    0    0    0    0    0    3  308   65 1252 1632  290  100   80  140   22   30  290    0   30   42    0 
   0  467    0    0    0    0    0    0    3  308   65 1284 1709  290  100   80  140   22   30  290    0   30   32    0 
   0  467    0    0    0    0    0    0    3  308   65 1284 1787  290  100   80  140   22   30  290    0   30   34    0 
   0  443    0    0    0    0    0    0    3  308   65 1371 1865  290   95   89  153   22   30  290    0   30   36    0 
   0  420    0    0    0    0    0    0    3  309   65 1459 1943  290   91   99  166   22   30  290    0   30   38    0 
   0  396    0    0    0    0    0    0    3  310   64 1547 2021  290   87  109  179   22   30  290    0   30   40    0 
   0  373    0    0    0    0    0    0    3  311   64 1635 2099  290   83  119  193   22   30  290    0   30   42    0 
   0  349    0    0    0    0    0    0    3  312   64 1723 2177  290   78  129  206   22   30  290    0   30   32    0 
   0  322    0    0    0    0    0    0    3  313   64 1816 2281  290   74  140  219   25   19  290    0   30   34    0 
   0  315    0    0    0    0    0    0    3  314   64 1841 2313  290   70  150  233   25   19  290    0   30   34    0 
   0  308    0    0    0    0    0    0    3  314   64 1867 2346  290   66  160  246   25   19  290    0   30   34    0 
   0  302    0    0    0    0    0    0    3  314   64 1892 2378  290   62  170  259   25   19  290    0   30   34    0 
   0  295    0    0    0    0    0    0    3  314   64 1917 2410  290   58  180  273   25   19  290    0   30   34    0 
   0  288    0    0    0    0    0    0    3  314   64 1943 2443  290   54  190  286   25   19  290    0   30   34    0 
   0  281    0    0    0    0    0    0    3  313   64 1968 2475  290   50  200  300   25   19  290    0   30   34    0 
   0  275    0    0    0    0    0    0    3  313   64 1994 2508  290   50  200  300   25   19  290    0   30   34    0 
   0  275    0    0    0    0    0    0    3  312   64 1994 2508  290   50  200  300   25   19  290    0   30   34    0 
   0  275    0    0    0    0    0    0    3  312   64 1994 2508  290   50  200  300   25   19  290    0   30   34    0 
   0  275    0    0    0    0    0    0    3  311   64 1994 2508  290   50  200  300   25   19  290    0   30   34    0 
   0  275    0    0    0    0    0    0    3  311   64 1994 2508  290   50  200  300   25   19  290    0   30   34    0 
   0  275    0    0    0    0    0    0    3  311   64 1994 2508  290   50  200  300   25   19  290    0   30   34    0 
   0  275    0    0    0    0    0    0    3  311   64 1994 2508  290   50  200  300   25   19  290    0   30   34    0 
   0  275    0    0    0    0    0    0    3  310   64 1994 2508  290   51  189  286   25   19  290    0   30   34    0 
   0  275    0    0    0    0    0    0    3  310   64 1994 2508  290   53  178  273   25   19  290    0   30   34    0 
   0  280    0    0    0    0    0    0    3  310   64 1957 2496  290   55  167  259   25   19  290    0   30   34    0 
   0  285    0    0    0    0    0    0    3  309   64 1921 2484  290   57  156  246   25   19  290    0   30   34    0 
   0  290    0    0    0    0    0    0    3  308   64 1885 2472  290   59  145  233   25   19  290    0   30   34    0 
   0  295    0    0    0    0    0    0    3  308   63 1853 2460  290   61  134  219   14   23  290    0   30   34    0 
   0  304    0    0    0    0    0    0    3  307   64 1793 2440  290   63  123  206   14   23  290    0   30   36    0 
   0  313    0    0    0    0    0    0    3  305   64 1733 2420  290   66  113  193   14   23  290    0   30   38    0 
   0  322    0    0    0    0    0    0    3  303   64 1655 2400  290   68  102  179   14   23  290    0   30   40    0 
   0  330    0    0    0    0    0    0    3  302   64 1577 2380  290   70   91  166   14   23  290    0   30   42    0 
   0  339    0    0    0    0    0    0    3  300   65 1499 2359  290   72   80  153   14   23  290    0   30   32    0 
   0  347    0    0    0    0    0    0    3  299   65 1420 2339  290   75   70  140   14   23  290    0   30   34    0 
   0  356    0    0    0    0    0    0    3  297   65 1342 2319  290   75   70  140   14   23  290    0   30   36    0 
   0  355    0    0    0    0    0    0    3  297   65 1324 2319  290   81   70  140   14   23  290    0   30   38    0 
   0  354    0    0    0    0    0    0    3  296   65 1306 2319  290   87   70  140   14   23  290    0   30   40    0 
   0  354    0    0    0    0    0    0    3  295   65 1293 2318  290   93   70  140   14   23  290    0   30   42    0 
   0  353    0    0    0    0    0    0    3  294   65 1281 2317  296  100   70  140   14   23  290    0   30   32    0 
   0  352    0    0    0    0    0    0    3  294   65 1282 2316  302  106   70  140   14   23  290    0   30   34    0 
   0  351    0    0    0    0    0    0    3  294   65 1283 2315  308  112   70  140   14   23  290    0   30   36    0 
   0  351    0    0    0    0    0    0    3  294   65 1284 2314  314  118   70  140   14   23  290    0   30   38    0 
   0  350    0    0    0    0    0    0    3  296   65 1285 2313  320  125   76  140   14   23  290    0   30   40    0 
   0  349    0    0    0    0    0    0    3  298   65 1286 2312  326  131   83  140   14   23  290    0   30   42    0 
   0  348    0    0    0    0    0    0    3  301   65 1287 2311  332  137   89  140   14   23  290    0   30   32    0 
   0  348    0    0    0    0    0    0    3  304   65 1288 2310  339  143   96  140   14   23  290    0   30   34    0 
   0  347    0    0    0    0    0    0    2  307   65 1289 2309  345  150  103  140   14   23  290    0   30   36    0 
   0  366    0    0    0    0    0    0    2  310   65 1290 2308  351  156  109  140   14   23  290    0   30   38    0 
   0  385    0    0    0    0    0    0    2  314   65 1291 2307  357  162  116  140   14   23  290    0   30   40    0 
   0  405    0    0    0    0    0    0    2  317   65 1310 2305  363  168  123  140   14   23  290    0   30   42    0 
   0  426    0    0    0    0    0    0   18  321   50 1332 2307  400  130  300  460   32    7  290    0   30   32    0 
   0  426    0    0    0    0    0    0   18  326   50 1316 2337  400  130  300  460   32    7  290    0   30   32    0 
   0  426    0    0    0    0    0    0   18  331   50 1331 2363  400  130  300  460   32    7  290    0   30   32    0 
   0  426    0    0    0    0    0    0   18  337   50 1345 2390  400  130  300  460   32    7  290    0   30   32    0 
   0  426    0    0    0    0    0    0   17  342   50 1360 2417  400  130  300  460   32    7  290    0   30   32    0 
   0  426    0    0    0    0    0    0   17  348   50 1375 2444  400  130  300  460   32    7  290    0   30   32    0 
   0  426    0    0    0    0    0    0   17  354   50 1390 2470  400  130  300  460   32    7  290    0   30   32    0 
   0  451    0    0    0    0    0    0    1  360   59 1475 2567  369  129  100  200   18   12  290    0   30   32    0 
   0  452    0    0    0    0    0    0    1  364   59 1491 2560  362  123  100  200   18   12  290    0   30   34    0 
   0  453    0    0    0    0    0    0    1  369   59 1506 2552  356  117  100  200   18   12  290    0   30   36    0 
   0  453    0    0    0    0    0    0    1  373   59 1527 2542  349  111  100  200   18   12  290    0   30   38    0 
   0  453    0    0    0    0    0    0    1  377   59 1547 2532  343  106  100  200   18   12  290    0   30   40    0 
   0  453    0    0    0    0    0    0    1  380   59 1568 2522  336  107  100  200   18   12  290    0   30   42    0 
   0  440    0    0    0    0    0    0    1  383   59 1621 2504  329  108  100  200   18   12  290    0   30   32    0 
   0  427    0    0    0    0    0    0    1  386   59 1674 2486  323  110  104  206   18   12  290    0   30   34    0 
   0  415    0    0    0    0    0    0    0  389   59 1726 2475  316  111  109  213   18   12  290    0   30   36    0 
   0  402    0    0    0    0    0    0    0  392   59 1779 2464  309  112  114  219   18   12  290    0   30   38    0 
   0  389    0    0    0    0    0    0    0  394   59 1832 2454  303  114  119  226   18   12  290    0   30   40    0 
   0  377    0    0    0    0    0    0    0  397   59 1879 2446  296  115  124  233   18   12  290    0   30   42    0 
   0  364    0    0    0    0    0    0    7  399    0 1927 2437  290  129  130  239   49   13  290    0   30   32    0 
   0  370    0    0    0    0    0    0    7  402    0 1901 2435  290  153  140  253   49   13  290    0   30   34    0 
   0  376    0    0    0    0    0    0    7  403    0 1875 2432  290  176  150  266   49   13  290    0   30   36    0 
   0  381    0    0    0    0    0    0    7  405    0 1849 2430  290  200  160  280   49   13  290    0   30   38    0 
   0  387    0    0    0    0    0    0    7  401    0 1823 2427  290  200  160  280   49   13  290    0   30   38    0 
   0  392    0    0    0    0    0    0    7  398    0 1797 2425  290  200  160  280   49   13  290    0   30   38    0 
   0  398    0    0    0    0    0    0    7  396    0 1771 2422  290  200  160  280   49   13  290    0   30   38    0 
   0  404    0    0    0    0    0    0    7  395    0 1745 2420  290  200  160  280   49   13  290    0   30   38    0 
   0  409    0    0    0    0    0    0    7  394    0 1719 2417  290  200  160  280   49   13  290    0   30   38    0 
   0  415    0    0    0    0    0    0    7  395    0 1693 2415  290  200  160  280   49   13  290    0   30   38    0 
   0  421    0    0    0    0    0    0    7  395    0 1667 2412  290  200  160  280   49   13  290    0   30   38    0 
   0  426    0    0    0    0    0    0    7  395    0 1641 2410  290  200  163  283   49   13  290    0   30   38    0 
   0  432   41    0   26   36   24    0    7  396    0 1615 2407  290  200  166  286   49   13  290    0   30   38    0 
   0  437   29    0   14   24   48    0    7  396    0 1593 2410  290  200  169  289   41   19  290    0   30   38    0 
   0  399   23    0   11   19   50    0    7  398    0 1566 2434  290  200  173  293   41   19  290    0   30   38    0 
   0  360   17    0    8   14   52    0    7  398    0 1539 2458  290  200  176  296   41   19  290    0   30   38    0 
   0  322   11    0    5    9   54    0    7  399    0 1512 2482  290  200  180  300   41   19  290    0   30   38    0 
   0  322    5    0    2    4   56    0    7  400    0 1485 2506  290  200  180  300   41   19  290    0   30   38    0 
   0  322    0    0    0    0   58    0    7  401    0 1458 2530  290  200  180  300   41   19  290    0   30   38    0 
   0  322    0    0    0    0   58    0    7  401    0 1458 2530  290  200  180  300   41   19  290    0   30   38    0 
   0  322    0    0    0    0   58    0    7  402    0 1458 2530  290  200  180  300   41   19  290    0   30   38    0 
   0  322    0    0    0    0   58    0    7  402    0 1458 2530  290  200  180  300   41   19  290    0   30   38    0 
   0  322    0    0    0    0   58    0    7  402    0 1458 2530  290  200  180  300   41   19  290    0   30   38    0 
   0  322    0    0    0    0   58    0    7  402    0 1458 2530  290  200  180  300   41   19  290    0   30   38    0 
   0  322    0    0    0    0   58    0    7  403    0 1458 2530  290  200  180  300   41   19  290    0   30   38    0 
   0  322    0    0    0    0   58    0    7  404    0 1458 2530  290  212  186  300   41   19  290    0   30   38    0 
   0  322    0    0    0    0   58    0    7  404    0 1458 2530  290  225  192  300   41   19  290    0   30   38    0 
   0  322    0    0    0    0   58    0    7  405    0 1458 2530  290  237  198  300   41   19  290    0   30   38    0 
   0  322    0    0    0    0   58    0    7  406    0 1458 2530  290  250  205  300   41   19  290    0   30   38    0 
   0  322    0    0    0    0   58    0    7  407    0 1458 2530  290  262  211  300   41   19  290    0   30   38    0 
   0  322    0    0    0    0   53    0    7  408    0 1458 2530  290  275  217  300   41   19  290    0   30   38    0 
   0  322    0    0    0    0   49    0    7  409    0 1458 2530  290  287  223  300   41   19  290    0   30   38    0 
   0  321    0    0    0    0   44    0    7  410    0 1457 2529  290  300  230  300    0   66  290    0   30   38    0 
   0  322    0    0    0    0   40    0    5  411    0 1456 2530  290  287  223  300    0   66  290    0   30   38    0 
   0  323    0    0    0    0   36    0    3  411    0 1456 2531  290  275  217  300    0   66  290    0   30   38    0 
   0  324    0    0    0    0   32    0    1  411    0 1455 2532  290  262  211  300    0   66  290    0   30   38    0 
   0  325    0    0    0    0   28    0    0  411    0 1455 2534  290  250  205  300    0   66  290    0   30   38    0 
   0  326    0    0    0    0   24    0    0  415    0 1454 2535  290  237  198  300    0   66  290    0   30   38    0 
   0  327    0    0    0    0   20    0    0  417    0 1454 2536  290  225  192  300    0   66  290    0   30   38    0 
   0  328    0    0    0    0   16    0    0  419    0 1453 2537  290  212  186  300    0   66  290    0   30   38    0 
   0  329    0    0    0    0   12    0    0  420    0 1453 2538  290  200  180  300    0   66  290    0   30   38    0 
   0  330    0    0    0    0    8    0    0  419    0 1452 2539  290  200  180  300    0   66  290    0   30   38    0 
   0  331    0    0    0    0    4    0    0  418    0 1452 2540  290  200  180  300    0   66  290    0   30   38    0 
   0  332    0    0    0    0    0    0    0  417    0 1451 2541  290  200  180  300    0   66  290    0   30   38    0 
   0  333    0    0    0    0    0    0    0  414    0 1451 2543  290  200  180  300    0   66  290    0   30   38    0 
   0  334    0    0    0    0    0    0    0  412    0 1450 2544  290  200  180  300    0   66  290    0   30   38    0 
   0  335    0    0    0    0    0    0    0  409    0 1450 2545  290  200  180  300    0   66  290    0   30   38    0 
   0  336    0    0    0    0    0    0    0  406    0 1449 2546  290  200  180  300    0   66  290    0   30   38    0 
   0  337    0    0    0    0    0    0    0  402    0 1449 2547  290  200  180  300    0   66  290    0   30   38    0 
   0  338    0    0    0    0    0    0    0  398    0 1448 2548  290  200  180  300    0   66  290    0   30   38    0 
   0  339    0    0    0    0    0    0    0  394    0 1448 2549  290  200  180  300    0   66  290    0   30   38    0 
   0  340    0    0    0    0    0    0    0  391    0 1447 2550  290  200  180  300    0   66  290    0   30   38    0 
   0  341    0    0    0    0    0    0    0  387    0 1447 2552  290  200  180  300    0   66  290    0   30   38    0 
   0  341    0    0    0    0    0    0    1  383    0 1447 2552  290  200  180  300    0   66  290    0   30   38    0 
   0  341    0    0    0    0    0    0    1  380    0 1447 2552  290  200  180  300    0   66  290    0   30   38    0 
   0  341    0    0    0    0    0    0    1  377    0 1447 2552  290  200  180  300    0   66  290    0   30   38    0 
   0  341    0    0    0    0    0    0    1  374    0 1447 2552  290  200  180  300    0   66  290    0   30   38    0 
   0  341    0    0    0    0    0    0    1  371    0 1447 2552  290  200  180  300    0   66  290    0   30   38    0 
   0  341    0    0    0    0    0    0    1  369    0 1447 2552  290  200  180  300    0   66  290    0   30   38    0 
   0  341    0    0    0    0    0    0    1  366    0 1447 2552  290  200  180  300    0   66  290    0   30   38    0 
   0  341    0    0    0    0    0    0    1  364    0 1447 2552  290  200  180  300    0   66  290    0   30   38    0 
   0  341    0    0    0    0    0    0    1  362    0 1447 2552  290  200  180  300    0   66  290    0   30   38    0 
   0  341    0    0    0    0    0    0    1  361    0 1447 2552  290  200  180  300    0   66  290    0   30   38    0 
   0  341    0    0    0    0    0    0    1  359    0 1447 2552  290  200  180  300    0   66  290    0   30   38    0 
   0  341    0    0    0    0    0    0    1  357    0 1447 2552  290  200  180  300    0   66  290    0   30   38    0 
   0  341    0    0    0    0    0    0    1  356    0 1447 2552  290  200  180  300    0   66  290    0   30   38    0 
   0  341    0    0    0    0    0    0    1  355    0 1447 2552  290  200  180  300    0   66  290    0   30   38    0 
   0  341    0    0    0    0    0    0    1  353    0 1447 2552  290  200  180  300    0   66  290    0   30   38    0 
   0  341    0    0    0    0    0    0    1  353    0 1447 2552  290  200  180  300    0   66  290    0   30   38    0 
   0  341    0    0    0    0    0    0    1  352    0 1447 2552  290  200  180  300    0   66  290    0   30   38    0 
   0  341    0    0    0    0    0    0    1  351    0 1447 2552  290  200  180  300    0   66  290    0   30   38    0 
   0  341    0    0    0    0    0    0    1  350    0 1447 2552  290  200  180  300    0   66  290    0   30   38    0 
   0  341    0    0    0    0    0    0    1  349    0 1447 2552  290  200  180  300    0   66  290    0   30   38    0 
   0  341    0    0    0    0    0    0    1  349    0 1447 2552  290  200  180  300    0   66  290    0   30   38    0 
   0  341    0    0    0    0    0    0    1  348    0 1447 2552  290  200  180  300    0   66  290    0   30   38    0 
   0  341    0    0    0    0    0    0    1  348    0 1447 2552  290  200  180  300    0   66  290    0   30   38    0 
   0  341    0    0    0    0    0    0    2  348    0 1447 2552  290  200  180  300    0   66  290    0   30   38    0 
   0  341    0    0    0    0    0    0    2  347    0 1447 2552  290  200  180  300    0   66  290    0   30   38    0 
   0  341    0    0    0    0    0    0    2  347    0 1447 2552  290  200  180  300    0   66  290    0   30   38    0 
   0  341    0    0    0    0    0    0    2  346    0 1447 2552  290  200  180  300    0   66  290    0   30   38    0 
   0  341    0    0    0    0    0    0    2  346    0 1447 2552  290  200  180  300    0   66  290    0   30   38    0 
   0  341    0    0    0    0    0    0    2  346    0 1447 2552  290  200  180  300    0   66  290    0   30   38    0 
   0  341    0    0    0    0    0    0    2  346    0 1447 2552  290  200  180  300    0   66  290    0   30   38    0 
   0  341    0    0    0    0    0    0    2  346    0 1447 2552  290  200  180  300    0   66  290    0   30   38    0 
   0  341    0    0    0    0    0    0    2  345    0 1447 2552  290  200  180  300    0   66  290    0   30   38    0 
   0  341    0    0    0    0    0    0    2  345    0 1447 2552  290  200  180  300    0   66  290    0   30   38    0 
   0  341    0    0    0    0    0    0    2  345    0 1447 2552  290  200  180  300    0   66  290    0   30   38    0 
   0  341    0    0    0    0    0    0    2  345    0 1447 2552  290  200  180  300    0   66  290    0   30   38    0 
   0  341    0    0    0    0    0    0    2  345    0 1447 2552  290  200  180  300    0   66  290    0   30   38    0 
   0  341    0    0    0    0    0    0    2  345    0 1447 2552  290  200  180  300    0   66  290    0   30   38    0 
   0  341    0    0    0    0    0    0    2  345    0 1447 2552  290  200  180  300    0   66  290    0   30   38    0 
   0  341    0    0    0    0    0    0    2  345    0 1447 2552  290  212  186  300    0   66  290    0   30   38    0 
   0  341    0    0    0    0    0    0    2  344    0 1447 2552  290  225  192  300    0   66  290    0   30   38    0 
   0  341    0    0    0    0    0    0    2  344    0 1447 2552  290  237  198  300    0   66  290    0   30   38    0 
   0  341    0    0    0    0    0    0    2  344    0 1447 2552  290  250  205  300    0   66  290    0   30   38    0 
   0  341    0    0    0    0    0    0    2  344    0 1447 2552  290  262  211  300    0   66  290    0   30   38    0 
   0  341    0    0    0    0    0    0    2  344    0 1447 2552  290  275  217  300    0   66  290    0   30   38    0 
   0  341    0    0    0    0    0    0    2  344    0 1447 2552  290  287  223  300    0   66  290    0   30   38    0 
