 AP   F1   A2   A3   A4   A5   A6   AB  TILT  T0   AV   F2   F3    FZ   B1   B2   B3       
   0  295    0    0    0    0    0    0    4  345    0  717 2252  290  160  120   90    0    1  290    0   30   36    0 
   0  297    0    0    0    0    0    0    2  344   37  845 2277  290  160  120   90   24    9  290    0   30   36    0 
   0  298    0    0    0    0    0    0    2  342   40  849 2278  290  147  113   90   24    9  290    0   30   36    0 
   0  298    0    0    0    0    0    0    2  341   42  852 2279  290  135  107   90   24    9  290    0   30   36    0 
   0  298    0    0    0    0    0    0    2  339   45  855 2279  290  122  101   90   24    9  290    0   30   36    0 
   0  298    0    0    0    0    0    0    2  338   48  858 2280  290  111   99   99   24    9  290    0   30   36    0 
   0  299    0    0    0    0    0    0    2  336   50  862 2281  290  100   97  108   24    9  290    0   30   36    0 
   0  299    0    0    0    0    0    0    2  335   53  862 2281  290   89   94  117   24    9  290    0   30   36    0 
   0  302    0    0    0    0    0    0    2  334   56  935 2308  290   79   92  126   24    9  290    0   30   36    0 
   0  306    0    0    0    0    0    0    2  333   56 1009 2336  290   68   90  135   24    9  290    0   30   36    0 
   0  309    0    0    0    0    0    0    2  332   57 1083 2360  290   69   94  144   19   28  290    0   30   36    0 
   0  314    0    0    0    0    0    0    2  332   58 1178 2394  290   71   98  153   19   28  290    0   30   38    0 
   0  319    0    0    0    0    0    0    2  331   59 1274 2428  290   73  103  163   19   28  290    0   30   40    0 
   0  324    0    0    0    0    0    0    2  331   59 1369 2462  290   74  107  172   19   28  290    0   30   42    0 
   0  329    0    0    0    0    0    0    2  330   60 1464 2496  290   76  111  181   19   28  290    0   30   32    0 
   0  334    0    0    0    0    0    0    2  330   61 1560 2530  290   78  115  190   19   28  290    0   30   34    0 
   0  339    0    0    0    0    0    0    2  329   61 1655 2564  290   80  120  200   19   28  290    0   30   36    0 
   0  344    0    0    0    0    0    0    2  328   61 1751 2598  290   80  120  200   19   28  290    0   30   38    0 
   0  344    0    0    0    0    0    0    2  328   61 1751 2533  290   80  120  200   19   28  290    0   30   40    0 
   0  344    0    0    0    0    0    0    2  327   61 1751 2468  290   80  120  200   19   28  290    0   30   42    0 
   0  344    0    0    0    0    0    0    2  327   61 1751 2403  290   80  120  200   19   28  290    0   30   32    0 
   0  344    0    0    0    0    0    0    2  326   61 1751 2338  290   80  120  200   19   28  290    0   30   34    0 
   0  344    0    0    0    0    0    0    2  326   61 1751 2273  290   80  120  200   19   28  290    0   30   36    0 
   0  349    0    0    0    0    0    0    2  325   61 1729 2208  290   80  120  200   19   28  290    0   30   38    0 
   0  354    0    0    0    0    0    0    2  325   61 1708 2143  290   80  120  200   19   28  290    0   30   40    0 
   0  360    0    0    0    0    0    0    2  324   61 1694 2079  290   80  120  200   19   28  290    0   30   42    0 
   0  365    0    0    0    0    0    0    2  324   61 1681 2059  290   80  120  200   19   28  290    0   30   32    0 
   0  370    0    0    0    0    0    0    2  323   61 1667 2039  290   80  120  200   19   28  290    0   30   34    0 
   0  376    0    0    0    0    0    0    3  323   61 1654 2019  290   80  120  200   19   28  290    0   30   36    0 
   0  381    0    0    0    0    0    0    3  322   61 1641 2000  290   80  120  200   19   28  290    0   30   38    0 
   0  387    0    0    0    0    0    0    3  322   61 1627 1980  290   80  120  200   19   28  290    0   30   40    0 
   0  392    0    0    0    0    0    0    3  321   61 1614 2021  290   80  120  200   19   28  290    0   30   42    0 
   0  397    0    0    0    0    0    0    3  321   61 1601 2063  290   80  120  200   19   28  290    0   30   32    0 
   0  384    0    0    0    0    0    0    3  320   61 1604 2104  290   80  118  203   19   28  290    0   30   34    0 
   0  371    0    0    0    0    0    0    3  320   61 1608 2146  290   81  116  206   19   28  290    0   30   36    0 
   0  358    0    0    0    0    0    0    3  320   61 1611 2188  290   82  114  209   19   28  290    0   30   38    0 
   0  346    0    0    0    0    0    0    3  320   61 1615 2230  290   83  113  213   19   28  290    0   30   40    0 
   0  333    0    0    0    0    0    0    3  320   61 1619 2271  290   83  111  216   19   28  290    0   30   42    0 
   0  321    0    0    0    0    0    0   31  312    0 1622 2314  290   84  109  219   48   18  290    0   50   32    0 
   0  325    0    0    0    0    0    0   31  305    0 1627 2328  290   85  108  223   48   18  290    0   50   32    0 
   0  329    0    0    0    0    0    0   31  298    0 1632 2341  290   86  106  226   48   18  290    0   50   32    0 
   0  334    0    0    0    0    0    0   31  291    0 1637 2355  290   87  104  229   48   18  290    0   50   32    0 
   0  338    0    0    0    0    0    0   31  285    0 1642 2368  290   88  103  233   48   18  290    0   50   32    0 
   0  342    0    0    0    0    0    0   31  279    0 1647 2382  290   89  101  236   48   18  290    0   50   32    0 
   0  346    0    0    0    0    0    0   31  273    0 1652 2395  290   90  100  240   48   18  290    0   50   32    0 
   0  351    0    0    0    0    0    0   31  268    0 1657 2409  290   90  100  240   48   18  290    0   50   32    0 
   0  355    0    0    0    0    0    0   31  263    0 1662 2422  290   90  100  240   48   18  290    0   50   32    0 
   0  359    0    0    0    0    0    0   31  258    0 1667 2436  290   90  100  240   48   18  290    0   50   32    0 
   0  363    0    0    0    0    0    0   31  253    0 1672 2449  290   90  100  240   48   18  290    0   50   32    0 
   0  368    0    0    0    0    0    0   31  248    0 1677 2463  290   90  100  240   48   18  290    0   50   32    0 
   0  372    0    0    0    0    0    0   31  243    0 1682 2476  290   90  100  240   48   18  290    0   50   32    0 
   0  376    0    0    0    0    0    0   31  239    0 1687 2490  290   87  100  238   48   18  290    0   50   32    0 
   0  380    0    0    0    0    0    0   31  235    0 1692 2503  290   85  100  236   48   18  290    0   50   32    0 
   0  385    0    0    0    0    0    0   31  231    0 1697 2517  290   82  100  234   48   18  290    0   50   32    0 
   0  389    0    0   43    0   51    0   31  227    0 1702 2530  290   80  101  233   48   18  290    0   50   32    0 
   0  393    0    0   32    0   40    0   31  223    0 1707 2544  290   77  101  231   48   18  290    0   50   32    0 
   0  399    0    0   30    0   38    0    7  225   57 1712 2559  290   74  102  229    4   23  290    0   50   32    0 
   0  432    0    0   20    0   25    0    7  227   59 1710 2551  290   71  102  228    4   23  290    0   50   34    0 
   0  465    0    0   10    0   12    0    7  229   61 1707 2543  290   69  103  226    4   23  290    0   50   36    0 
   0  497    0    0    0    0    0    0    7  231   63 1704 2536  290   67  103  224    4   23  290    0   50   38    0 
   0  530    0    0    0    0    0    0    7  233   63 1701 2528  290   64  104  223    4   23  290    0   50   40    0 
   0  563    0    0    0    0    0    0    7  235   63 1699 2520  290   62  104  221    4   23  290    0   50   42    0 
   0  563    0    0    0    0    0    0    6  238   63 1699 2512  290   60  105  220    4   23  290    0   50   32    0 
   0  563    0    0    0    0    0    0    6  240   63 1699 2505  290   60  105  220    4   23  290    0   50   34    0 
   0  563    0    0    0    0    0    0    6  242   63 1699 2505  290   60  105  220    4   23  290    0   50   36    0 
   0  573    0    0    0    0    0    0    6  245   63 1699 2505  290   60  105  220    4   23  290    0   50   38    0 
   0  584    0    0    0    0    0    0    6  247   63 1699 2505  290   60  105  220    4   23  290    0   50   40    0 
   0  594    0    0    0    0    0    0    6  249   63 1699 2505  290   60  105  220    4   23  290    0   50   42    0 
   0  605    0    0    0    0    0    0    6  252   63 1678 2505  290   60  105  220    4   23  290    0   50   32    0 
   0  615    0    0    0    0    0    0    5  254   63 1657 2505  290   60  105  220    4   23  290    0   50   34    0 
   0  626    0    0    0    0    0    0    5  257   63 1636 2504  290   60  105  220    4   23  290    0   50   36    0 
   0  636    0    0    0    0    0    0    5  260   63 1615 2504  290   60  105  220    4   23  290    0   50   38    0 
   0  647    0    0    0    0    0    0    5  262   63 1594 2503  290   68  105  220    4   23  290    0   50   40    0 
   0  616    0    0    0    0    0    0    5  265   63 1626 2495  290   77  105  220    4   23  290    0   50   42    0 
   0  586    0    0    0    0    0    0    5  268   63 1659 2487  290   86  109  224    4   23  290    0   50   32    0 
   0  555    0    0    0    0    0    0    5  271   63 1692 2479  290   95  113  229    4   23  290    0   50   34    0 
   0  525    0    0    0    0    0    0    4  274   63 1725 2472  290  103  118  234    4   23  290    0   50   36    0 
   0  495    0    0    0    0    0    0    4  277   63 1779 2464  290  112  122  239    4   23  290    0   50   38    0 
   0  464    0    0    0    0    0    0    4  279   63 1833 2456  290  121  126  244    4   23  290    0   50   40    0 
   0  435    0    0    0    0    0    0   11  279    0 1887 2451  290  129  131  250   49   16  290    0   50   42    0 
   0  436    0    0    0    0    0    0   11  279    0 1873 2449  290  153  141  260   49   16  290    0   50   32    0 
   0  438    0    0    0    0    0    0   11  279    0 1860 2448  290  176  150  270   49   16  290    0   50   34    0 
   0  439    0    0    0    0    0    0   11  279    0 1846 2447  290  200  160  280   49   16  290    0   50   36    0 
   0  441    0    0    0    0    0    0   11  279    0 1833 2446  290  200  160  280   49   16  290    0   50   36    0 
   0  443    0    0    0    0    0    0   11  278    0 1819 2444  290  200  160  280   49   16  290    0   50   36    0 
   0  444    0    0    0    0    0    0   11  278    0 1806 2443  290  200  160  280   49   16  290    0   50   36    0 
   0  446    0    0    0    0    0    0   11  278    0 1792 2442  290  200  160  280   49   16  290    0   50   36    0 
   0  448    0    0    0    0    0    0   11  278    0 1779 2441  290  200  160  280   49   16  290    0   50   36    0 
   0  449    0    0    0    0    0    0   11  278    0 1765 2439  290  200  160  280   49   16  290    0   50   36    0 
   0  451    0    0    0    0    0    0   11  278    0 1752 2438  290  200  160  280   49   16  290    0   50   36    0 
   0  452    0    0    0    0    0    0   11  277    0 1738 2437  290  200  160  280   49   16  290    0   50   36    0 
   0  454    0    0    0    0    0    0   11  277    0 1725 2436  290  200  160  280   49   16  290    0   50   36    0 
   0  456    0    0    0    0    0    0   11  277    0 1711 2434  290  200  160  280   49   16  290    0   50   36    0 
   0  457    0    0    0    0    0    0   11  277    0 1698 2433  290  200  158  275   49   16  290    0   50   36    0 
   0  459    0    0    0    0    0    0   11  277    0 1684 2432  290  200  156  270   49   16  290    0   50   36    0 
   0  470    0    0    0    0    0    0   11  281    0 1629 2430  290  200  154  264   47   13  290    0   50   36    0 
   0  477    0    0    0    0    0    0   11  284    0 1611 2420  290  200  153  259   47   13  290    0   50   36    0 
   0  483    0    0    0    0    0    0   11  288    0 1592 2410  290  200  151  254   47   13  290    0   50   36    0 
   0  490    0    0    0    0    0    0   11  292    0 1574 2400  290  200  150  250   47   13  290    0   50   36    0 
   0  497    0    0    0    0    0    0   11  296    0 1556 2390  290  200  150  250   47   13  290    0   50   36    0 
   0  503    0    0    0    0    0    0   10  300    0 1537 2380  290  200  150  250   47   13  290    0   50   36    0 
   0  510    0    0    0    0    0    0   10  304    0 1519 2370  290  200  150  250   47   13  290    0   50   36    0 
   0  516    0    0    0    0    0    0   10  308    0 1500 2360  290  200  150  250   47   13  290    0   50   36    0 
   0  523    0    0    0    0    0    0   10  312    0 1482 2349  290  200  150  250   47   13  290    0   50   36    0 
   0  530    0    0    0    0    0    0   10  316    0 1464 2339  290  200  150  250   47   13  290    0   50   36    0 
   0  536    0    0    0    0    0    0   10  321    0 1445 2329  290  200  150  250   47   13  290    0   50   36    0 
   0  543   32   36   45    0   49    0    9  325    0 1427 2319  290  185  140  228   47   13  290    0   50   36    0 
   0  550   21   25   34    0   38    0    9  330    0 1409 2309  290  170  130  206   47   13  290    0   50   36    0 
  52  556   19   23   32    0   36    0    2  332    0 1391 2299  290  610  140  184   10   18  290    0   50   36    0 
  52  566   13   15   21    0   24    0    2  334    0 1362 2313  290  610  140  173   10   18  290    0   50   36    0 
  52  575    6    7   10    0   12    0    2  335    0 1334 2309  290  610  140  163   10   18  290    0   50   36    0 
  52  584    0    0    0    0    0    0    2  337    0 1305 2304  290  610  140  152   10   18  290    0   50   36    0 
   0  594    0    0    0    0    0    0    2  339   60 1276 2300  290  148   99  141   10   18  290    0   50   36    0 
   0  603    0    0    0    0    0    0    2  341   60 1247 2295  290  138   94  130   10   18  290    0   50   36    0 
   0  613    0    0    0    0    0    0    2  343   60 1219 2291  290  129   90  120   10   18  290    0   50   36    0 
   0  613    0    0    0    0    0    0    2  344   60 1190 2276  290  119   90  120   10   18  290    0   50   38    0 
   0  613    0    0    0    0    0    0    2  346   60 1161 2261  290  110   90  120   10   18  290    0   50   40    0 
   0  617    0    0    0    0    0    0    2  348   60 1165 2246  290  110   90  120   10   18  290    0   50   42    0 
   0  622    0    0    0    0    0    0    2  350   60 1170 2232  290  110   90  120   10   18  290    0   50   32    0 
   0  626    0    0    0    0    0    0    2  352   60 1174 2217  290  119   90  120   10   18  290    0   50   34    0 
   0  631    0    0    0    0    0    0    2  354   60 1179 2202  290  129   90  120   10   18  290    0   50   36    0 
   0  599    0    0    0    0    0    0    1  356   60 1183 2187  290  138   95  133   10   18  290    0   50   38    0 
   0  567    0    0    0    0    0    0    1  358   60 1187 2173  290  148  101  146   10   18  290    0   50   40    0 
   0  535    0    0    0    0    0    0    1  360   60 1220 2143  290  157  107  159   10   18  290    0   50   42    0 
   0  503    0    0    0    0    0    0    1  362   60 1254 2114  290  167  113  173   10   18  290    0   50   32    0 
   0  470    0    0    0    0    0    0    1  363   60 1287 2085  290  176  118  186   10   18  290    0   50   34    0 
   0  444    0    0    0    0    0    0    8  365    0 1434 2056  290  155  124  199   49   15  290    0   50   36    0 
   0  447    0    0    0    0    0    0    8  368    0 1453 2062  290  170  136  226   49   15  290    0   50   38    0 
   0  451    0    0    0    0    0    0    8  370    0 1472 2068  290  185  148  253   49   15  290    0   50   40    0 
   0  454    0    0    0    0    0    0    8  372    0 1490 2074  290  200  160  280   49   15  290    0   50   42    0 
   0  457    0    0    0    0    0    0    8  375    0 1509 2081  290  200  160  280   49   15  290    0   50   42    0 
   0  461    0    0    0    0    0    0    8  377    0 1528 2087  290  200  160  280   49   15  290    0   50   42    0 
   0  464    0    0    0    0    0    0    8  380    0 1546 2093  290  200  160  280   49   15  290    0   50   42    0 
   0  467    0    0    0    0    0    0    8  382    0 1564 2099  290  200  160  280   49   15  290    0   50   42    0 
   0  471    0    0    0    0    0    0    8  384    0 1583 2106  290  200  160  280   49   15  290    0   50   42    0 
   0  474    0    0    0    0    0    0    8  387    0 1601 2112  290  200  160  280   49   15  290    0   50   42    0 
   0  478    0    0    0    0    0    0    8  390    0 1619 2118  290  200  160  280   49   15  290    0   50   42    0 
   0  481    0    0    0    0    0    0    8  392    0 1638 2124  290  200  160  280   49   15  290    0   50   42    0 
   0  484    0    0    0    0    0    0    7  395    0 1656 2131  290  200  160  280   49   15  290    0   50   42    0 
   0  488   42    0    0   45    0    0    7  398    0 1675 2137  290  181  146  263   49   15  290    0   50   42    0 
   0  491   31    0    0   34    0    0    7  400    0 1693 2143  290  163  133  246   49   15  290    0   50   42    0 
  52  494   29    0    0   32    0    0    0  397    0 1713 2149  290  590  130  229   17    5  290    0   50   42    0 
  52  502   19    0    0   21    0    0    2  395    0 1630 2233  290  590  130  219   17    5  290    0   50   42    0 
  52  514    9    0    0   10    0    0    6  392    0 1537 2324  290  590  130  209   17    5  290    0   50   42    0 
  52  526    0    0    0    0    0    0    9  390    0 1445 2416  290  590  130  199   17    5  290    0   50   42    0 
  41  538    0    0    0    0    0    0   12  388   52 1352 2508  290  182  127  189   17    5  290    0   50   42    0 
  51  550    0    0    0    0    0    0   13  388    0 1260 2600  290  190  130  180    0   12  290    0   50   42    0 
  46  550    0    0    0    0    0    0   10  388    0 1265 2600  290  177  123  180    0   12  290    0   50   42    0 
  42  550    0    0    0    0    0    0    7  388    0 1270 2600  290  165  117  180    0   12  290    0   50   32    0 
  38  551    0    0    0    0    0    0    4  388    0 1275 2600  290  152  111  180    0   12  290    0   50   34    0 
  34  551    0    0    0    0    0    0    1  388    0 1281 2600  290  140  105  180    0   12  290    0   50   34    0 
  29  551    0    0    0    0    0    0    1  388    0 1286 2600  290  140  105  180    0   12  290    0   50   34    0 
  25  552    0    0    0    0    0    0    1  388    0 1291 2600  290  140  105  180    0   12  290    0   50   34    0 
  21  552    0    0    0    0    0    0    1  388    0 1296 2600  290  140  105  180    0   12  290    0   50   34    0 
  17  553    0    0    0    0    0    0    1  388    0 1302 2600  290  140  105  180    0   12  290    0   50   34    0 
  12  553    0    0    0    0    0    0    1  388    0 1302 2600  290  152  111  180    0   12  290    0   50   34    0 
   8  553    0    0    0    0    0    0    1  388    0 1302 2600  290  165  117  180    0   12  290    0   50   34    0 
   4  553    0    0    0    0    0    0    1  388    0 1302 2600  290  177  123  180    0   12  290    0   50   34    0 
