 AP   F1   A2   A3   A4   A5   A6   AB  TILT  T0   AV   F2   F3    FZ   B1   B2   B3       
   0  598    0    0    0    0    0    0    4  344    0 1713 2500  290  160  155  220    0    1  290    0   30   34    0 
   0  589    0    0    0    0    0    0    2  341   45 1680 2500  290  159  154  220    4    3  290    0   30   34    0 
   0  541    0    0    0    0    0    0    2  337   51 1688 2515  316  159  138  220    4    3  290    0   30   36    0 
   0  522    0    0    0    0    0    0    2  332   57 1573 2543  343  159  121  220    4    3  290    0   30   38    0 
   0  464    0    0    0    0    0    0   18  325   50 1357 2471  400  130  300  460   32    6  290    0   30   40    0 
   0  464    0    0    0    0    0    0   19  318   50 1359 2477  400  130  300  460   32    6  290    0   30   40    0 
   0  464    0    0    0    0    0    0   19  311   50 1364 2473  400  130  300  460   32    6  290    0   30   40    0 
   0  464    0    0    0    0    0    0   19  305   50 1369 2469  400  130  300  460   32    6  290    0   30   40    0 
   0  464    0    0    0    0    0    0   19  298   50 1373 2465  400  130  300  460   32    6  290    0   30   40    0 
   0  464    0    0    0    0    0    0   20  449   46 1378 2461  400  130  300  460   32    6  290    0   30   40    0 
   0  495    0    0    0    0    0    0    4  472   57 1475 2551  369  269  110  290    5    5  290    0   30   40    0 
   0  495    0    0    0    0    0    0    4  425   58 1473 2551  369  275  110  290    5    5  290    0   30   42    0 
   0  496    0    0    0    0    0    0    4  389   59 1616 2551  369  281  110  290    5    5  290    0   30   32    0 
   0  496    0    0    0    0    0    0    4  359   60 1614 2551  369  287  110  290    5    5  290    0   30   34    0 
   0  495    0    0    0    0    0    0    5  273   63 1612 2551  369  293  105  290    5    5  290    0   30   36    0 
   0  430    0    0    0    0    0    0    5  271   50 1510 2451  400  130  360  460   32    6  290    0   30   38    0 
   0  430    0    0    0    0    0    0    5  270   50 1496 2469  400  130  360  460   32    6  290    0   30   38    0 
   0  430    0    0    0    0    0    0    5  269   50 1481 2486  400  130  360  460   32    6  290    0   30   38    0 
   0  430    0    0    0    0    0    0    5  268   50 1467 2504  400  130  360  460   32    6  290    0   30   38    0 
   0  430    0    0    0    0    0    0    5  267   47 1452 2521  400  130  360  460   32    6  290    0   30   38    0 
   0  430    0    0    0    0    0    0    5  267   45 1438 2539  400  130  360  460   32    6  290    0   30   38    0 
   0  332    0    0   55    0    0    0   31  267    0 1439 2547  370 1000 1000 1500   48    1  290    0   30   38    0 
   0  279    0    0   42    0   48    0   12  266    0 1448 2546  290  145  140  270   41    2  290    0   30   38    0 
  26  331    0    0   21    0   46    0   10  266    0 1383 2503  290  145  142  232   41    2  290    0   30   38    0 
   0  383    0    0    0    0   44    0    7  265   60 1318 2459  290  148  144  194   15    3  290    0   30   38    0 
   0  393    0    0    0    0   29    0    6  265   62 1416 2391  290  148  161  186   15    3  290    0   30   38    0 
   0  404    0    0    0    0   14    0    5  261   63 1529 2333  290  148  178  178   15    3  290    0   30   38    0 
   0  414    0    0    0    0    0    0   12  257    0 1643 2276  290  144  194  169   54    3  290    0   30   38    0 
   0  371    0    0    0    0    0    0   12  254    0 1627 2387  290  144  193  194   54    3  290    0   30   38    0 
   0  328    0    0    0    0    0    0   12  256    0 1610 2498  290  144  191  219   54    3  290    0   30   40    0 
   0  297    0    0    0    0    0    0   31  257    0 1582 2611  290  120  190  245   48    2  290    0   30   42    0 
   0  387    0   15   45    0   45    0   31  256    0 1541 2616  290  112  155  245   48    2  290    0   30   42    0 
   0  477    0    0   32    0   37    0    5  255   58 1499 2621  290  105  119  244    6    3  290    0   30   42    0 
   0  493    0    0   21    0   25    0    5  254   60 1424 2613  290  139  119  233    6    3  290    0   30   42    0 
   0  512    0    0   10    0   12    0    5  254   62 1340 2549  290  174  119  221    6    3  290    0   30   42    0 
   0  538    0    0    0    0    0    0   12  257   56 1281 2488  290  105  120  210   56    1  290    0   30   42    0 
   0  460    0    0    0    0    0    0    5  260   55 1516 2413  290  130  102  194    4    3  290    0   30   32    0 
   0  430    0    0    0    0    0    0    5  263   58 1698 2420  290  130  111  213    4    3  290    0   30   34    0 
   0  437    0    0    0    0    0    0    5  265   60 1792 2435  290  130  121  231    4    3  290    0   30   36    0 
   0  435    0    0    0    0    0    0   12  267    0 1888 2451  290  130  132  250   49    2  290    0   30   36    0 
   0  440   36    0   21   31   23    0   12  269    0 1733 2429  290  165  151  270   49    2  290    0   30   36    0 
   0  447   30    0   15   25   47    0   12  271    0 1624 2408  290  200  170  290   41    2  290    0   30   38    0 
  26  385   15    0    7   12   45    0    9  405    0 1604 2479  290  165  155  260   41    2  290    0   30   40    0 
   0  323    0    0    0    0   43    0    6  433   53 1583 2549  290  101  139  229    1    3  290    0   30   40    0 
   0  327    0    0    0    0   29    0    5  399   56 1725 2539  290  101  136  226    1    3  290    0   30   40    0 
   0  325    0    0    0    0   14    0    4  269   62 1879 2640  290  101  133  223    1    3  290    0   30   40    0 
   0  323    0    0    0    0    0    0   11  268    0 2034 2742  290  130  130  220   49    2  290    0   30   40    0 
   0  367   36    0   21   31    0    0   11  267    0 1500 2453  290  130  122  202   49    2  290    0   30   40    0 
  55  411   29    0   14   24    0    0    4  266    0  966 2163  290  560  120  184   24    6  290    0   30   40    0 
  55  393   19    0    9   16    0    0    4  267    0  945 2185  290  560  120  177   24    6  290    0   30   42    0 
  55  375    9    0    4    8    0    0    4  266    0  925 2208  290  560  120  171   24    6  290    0   30   42    0 
  55  356    0    0    0    0    0    0    4  265    0  904 2230  290  560  120  164   24    6  290    0   30   42    0 
  55  341    0    0    0    0    0    0    4  264    0  880 2293  290  560  120  158   24    6  290    0   30   42    0 
   0  326    0    0    0    0    0    0    4  264   56  856 2357  290   78   85  151   24    6  290    0   30   42    0 
   0  311    0    0    0    0    0    0    4  263   56  852 2419  290   75   79  144   34    6  290    0   30   42    0 
   0  315    0    0    0    0    0    0    4  265   57  881 2471  290   78   85  162   34    6  290    0   30   42    0 
   0  318    0    0    0    0    0    0    4  266   57  911 2522  290   81   91  179   34    6  290    0   30   42    0 
   0  322    0    0    0    0   10    0    4  267   56  940 2574  290   84   97  197   34    6  290    0   30   42    0 
   0  325    0    0    0    0   21    0    5  268   55  970 2625  290   88  103  214   34    6  290    0   30   42    0 
   0  329    0    0    0    0   31    0    6  268   55 1000 2677  290   91  108  232   34    6  290    0   30   42    0 
   0  326    0    0    0    0   42    0    7  269   54 1024 2655  290   95  115  250   42    2  290    0   30   42    0 
   0  323    0    0    0    0   40   20    9  271   47 1172 2611  290  117  115  237   42    2  290    0   30   42    0 
   0  324    0    0    0    0   39   40   11  272    0 1319 2543  290  150  115  225   39    2  290    0   30   42    0 
  26  344    0    0    0    0   19   38    9  274    0 1310 2570  290  147  107  172   39    2  290    0   30   42    0 
   0  363    0    0    0    0    0   36    6  276   60 1300 2597  290  148   99  119   15    3  290    0   30   42    0 
   0  374    0    0    0    0    0   24    5  277   62 1304 2390  290  148  101  123   15    3  290    0   30   42    0 
   0  382    0    0    0    0    0   12    4  273   63 1308 2174  290  148  103  126   15    3  290    0   30   42    0 
   0  391    0    0    0    0    0    0   11  270   57 1362 1974  290   90  105  130   56    1  290    0   30   42    0 
   0  323    0    0    0    0    0    0    4  268   53 1720 2373  290  101  100  164    1    6  290    0   30   42    0 
   0  326    0    0    0    0    0    0    4  270   55 1723 2378  290  101  104  171    1    6  290    0   30   32    0 
   0  326    0    0    0    0    0    0    4  272   56 1729 2440  290  101  108  177    1    6  290    0   30   34    0 
   0  325    0    0    0    0    0    0    4  274   57 1747 2502  290  101  112  184    1    6  290    0   30   34    0 
   0  324    0    0    0    0    0    0    4  275   58 1765 2563  290  101  116  191    1    6  290    0   30   34    0 
   0  324    0    0    0    0    0    0    4  276   60 1784 2625  290  101  120  197    1    6  290    0   30   36    0 
   0  324    0    0    0    0    0    0   11  276    0 1803 2688  290  130  125  205   47    2  290    0   30   38    0 
   0  382   26   30   39    0   43    0   11  276    0 1740 2494  290  133  117  200   47    2  290    0   30   40    0 
  52  441   19   23   32    0   36    0    4  277    0 1678 2300  290  575  120  195   14    4  290    0   30   42    0 
  52  456   13   15   21    0   24    0    4  277    0 1654 2325  290  575  120  200   14    4  290    0   30   32    0 
   0  474    6    7   10    0   12    0    4  272   62 1536 2346  290  129  100  205   14    4  290    0   30   32    0 
   0  491    0    0    0    0    0    0    4  268   64 1417 2367  290  133   95  210   14    4  290    0   30   32    0 
   0  509    0    0    0    0    0    0    4  265   63 1299 2389  290  136   90  215    5    5  290    0   30   32    0 
   0  511    0    0    0    0    0    0    4  262   63 1336 2421  305  169   94  230    5    5  290    0   30   32    0 
   0  514    0    0    0    0    0    0    4  261   63 1546 2453  321  201   98  245    5    5  290    0   30   32    0 
   0  517    0    0    0    0    0    0    4  259   63 1583 2486  337  234  102  260    5    5  290    0   30   32    0 
   0  523    0    0    0    0    0    0    4  258   63 1621 2528  353  266  101  275    5    5  290    0   30   32    0 
   0  430    0    0    0    0    0    0    4  262   50 1510 2451  400  130  360  460   32    6  290    0   30   34    0 
   0  430    0    0    0    0    0    0    4  265   50 1496 2469  400  130  360  460   32    6  290    0   30   36    0 
   0  430    0    0    0    0    0    0    4  267   50 1481 2486  400  130  360  460   32    6  290    0   30   36    0 
   0  430    0    0    0    0    0    0    4  270   50 1467 2504  400  130  360  460   32    6  290    0   30   36    0 
   0  430    0    0    0    0    0    0    4  272   47 1452 2521  400  130  360  460   32    6  290    0   30   36    0 
   0  430    0    0    0    0    0    0    4  273   45 1438 2539  400  130  360  460   32    6  290    0   30   36    0 
   0  332    0    0   55    0    0    0   31  275    0 1439 2547  370 1000 1000 1500   48    1  290    0   30   36    0 
   0  279    0    0   42    0   48    0   11  276    0 1448 2546  290  145  140  270   41    2  290    0   30   36    0 
  26  331    0    0   21    0   46    0    9  277    0 1383 2503  290  145  142  232   41    2  290    0   30   36    0 
   0  383    0    0    0    0   44    0    6  277   60 1318 2459  290  148  144  194   15    3  290    0   30   36    0 
   0  393    0    0    0    0   29    0    5  278   62 1416 2391  290  148  161  186   15    3  290    0   30   36    0 
   0  404    0    0    0    0   14    0    4  273   63 1529 2333  290  148  178  178   15    3  290    0   30   36    0 
   0  414    0    0    0    0    0    0   11  270    0 1643 2276  290  144  194  169   54    3  290    0   30   36    0 
   0  371    0    0    0    0    0    0   11  266    0 1627 2387  290  144  193  194   54    3  290    0   30   36    0 
   0  328    0    0    0    0    0    0   11  268    0 1610 2498  290  144  191  219   54    3  290    0   30   38    0 
   0  297    0    0    0    0    0    0   31  270    0 1582 2611  290  120  190  245   48    2  290    0   30   40    0 
   0  387    0   15   45    0   45    0   31  268    0 1541 2616  290  112  155  245   48    2  290    0   30   40    0 
   0  476    0    0   32    0   37    0    4  267   58 1499 2621  290  105  120  245    6    5  290    0   30   40    0 
   0  485    0    0   21    0   25    0    4  266   60 1497 2650  290  107  120  238    6    5  290    0   30   40    0 
   0  493    0    0   10    0   12    0    4  266   62 1498 2637  290  109  120  231    6    5  290    0   30   40    0 
   0  501    0    0    0    0    0    0    4  269   64 1498 2625  290  111  120  224    6    5  290    0   30   40    0 
   0  508    0    0    0    0    0    0    4  404   59 1499 2612  290  113  120  217    6    5  290    0   30   42    0 
   0  517    0    0    0    0    0    0   31  441    0 1500 2600  290  115  120  210   52    2  290    0   30   32    0 
   0  413    0    0    0    0    0    0   31  415    0 1253 2437  290  100  102  170   52    2  290    0   30   32    0 
   0  309    0    0   43    0    0    0    4  452   48 1005 2274  290   84   84  129   24    6  290    0   30   32    0 
   0  310    0    0   29    0    0    0    4  421   51  965 2275  290   86   84  134   24    6  290    0   30   32    0 
   0  311    0    0   14    0    0    0    4  393   54  926 2276  290   88   84  139   24    6  290    0   30   32    0 
   0  311    0    0    0    0    0    0    4  367   57  887 2277  290   89   84  144   24    6  290    0   30   32    0 
   0  343    0    0    0    0    0    0    4  345   58  879 2296  290   91   84  149   24    6  290    0   30   32    0 
   0  375    0    0    0    0    0    0    4  279   60  872 2316  290   92   84  154   24    6  290    0   30   32    0 
   0  407    0    0    0    0    0    0    4  279   61  865 2332  290   95   85  160    7    5  290    0   30   32    0 
   0  477    0    0    0    0    0    0    4  279   62  937 2371  290  101   88  167    7    5  290    0   30   34    0 
   0  567    0    0    0    0    0    0    4  279   62 1215 2364  290   91   91  174    7    5  290    0   30   36    0 
   0  547    0    0    0    0    0    0    4  280   63 1492 2356  290   81   94  181    7    5  290    0   30   38    0 
   0  526    0    0    0    0    0    0    4  281   63 1770 2349  290   71   97  188    7    5  290    0   30   40    0 
   0  435    0    0    0    0    0    0    4  282   64 1975 2391  290   61  100  194    1    3  290    0   30   42    0 
   0  408    0    0    0    0    0    0    4  283   64 1997 2426  290   76  109  203    1    3  290    0   30   32    0 
   0  365    0    0    0    0    0    0    4  283   64 2015 2584  290   90  119  211    1    3  290    0   30   34    0 
   0  323    0    0    0    0    0    0   11  283    0 2034 2742  290  130  130  220   49    2  290    0   30   36    0 
   0  367   36    0   21   31    0    0   11  283    0 1500 2453  290  130  122  202   49    2  290    0   30   38    0 
  55  411   29    0   14   24    0    0    4  282    0  966 2163  290  560  120  184   24    6  290    0   30   40    0 
  55  393   19    0    9   16    0    0    4  281    0  945 2185  290  560  120  177   24    6  290    0   30   42    0 
  55  375    9    0    4    8    0    0    4  278    0  925 2208  290  560  120  171   24    6  290    0   30   42    0 
  55  356    0    0    0    0    0    0    4  276    0  904 2230  290  560  120  164   24    6  290    0   30   42    0 
  55  341    0    0    0    0    0    0    4  274    0  880 2293  290  560  120  158   24    6  290    0   30   42    0 
   0  326    0    0    0    0    0    0    4  272   56  856 2357  290   78   85  151   24    6  290    0   30   42    0 
   0  311    0    0    0    0    0    0    4  271   56  852 2419  290   75   79  144   34    6  290    0   30   42    0 
   0  315    0    0    0    0    0    0    4  272   57  881 2471  290   78   85  162   34    6  290    0   30   42    0 
   0  318    0    0    0    0    0    0    4  273   57  911 2522  290   81   91  179   34    6  290    0   30   42    0 
   0  322    0    0    0    0   10    0    4  274   56  940 2574  290   84   97  197   34    6  290    0   30   42    0 
   0  325    0    0    0    0   21    0    5  275   55  970 2625  290   88  103  214   34    6  290    0   30   42    0 
   0  329    0    0    0    0   31    0    6  275   55 1000 2677  290   91  108  232   34    6  290    0   30   42    0 
   0  326    0    0    0    0   42    0    7  276   54 1024 2655  290   95  115  250   42    2  290    0   30   42    0 
   0  330    0    0    0    0   47    0    9  277   51 1250 2631  290  117  130  262   42    2  290    0   30   42    0 
   0  334    0    0    0    0    0    0   11  279    0 1459 2598  290  150  145  275   47    2  290    0   30   42    0 
   0  372   26   30   39    0   48    0   11  280    0 1232 2436  290  140  127  222   47    2  290    0   30   42    0 
  55  409   19   23   32    0   36    0    4  283    0 1005 2274  290  560  120  169   24    6  290    0   30   42    0 
  55  393   13   15   21    0   24    0    4  285    0  970 2274  290  560  120  167   24    6  290    0   30   42    0 
  55  377    6    7   10    0   12    0    4  281    0  934 2273  290  560  120  164   24    6  290    0   30   42    0 
  55  360    0    0    0    0    0    0    4  278    0  898 2272  290  560  120  162   24    6  290    0   30   42    0 
  55  365    0    0    0    0    0    0    4  277    0  921 2277  290  560  120  159   24    6  290    0   30   42    0 
   0  370    0    0    0    0    0    0    4  275   60  944 2282  290   66   90  157   24    6  290    0   30   42    0 
   0  376    0    0    0    0    0    0    4  274   60  962 2285  290   60   87  154    4    3  290    0   30   42    0 
   0  402    0    0    0    0    0    0    4  272   60 1040 2425  290   73   90  156    4    3  290    0   30   42    0 
   0  473    0    0    0    0    0    0    4  271   60 1012 2615  290   86   93  158    4    3  290    0   30   42    0 
   0  520    0    0    0    0    0    0    4  274   60 1016 2765  290   99   96  159   30    6  290    0   30   42    0 
   0  509    0    0    0    0    0    0    4  276   60  974 2785  290  102   98  151   30    6  290    0   30   32    0 
   0  498    0    0    0    0    0    0    4  278   60  932 2805  290  106   99  142   30    6  290    0   30   32    0 
   0  466    0    0    0    0    0    8    4  280   57  890 2825  290  109  100  134   30    6  290    0   30   32    0 
   0  433    0    0    0    0    0   17    5  281   56  849 2845  290  113  101  126   30    6  290    0   30   32    0 
   0  411    0    0    0    0    0   26    6  281   55  828 2837  290  116  103  118   30    6  290    0   30   32    0 
   0  390    0    0    0    0    0   35    7  281   54  807 2829  290  120  105  110   38    2  290    0   30   32    0 
   0  452    0    0    0    0    0   33    7  426   49  949 2653  290  117  107  142   38    2  290    0   30   32    0 
   0  515    0    0    0    0    0   31    7  461   49 1091 2476  290  115  109  175    7    5  290    0   30   32    0 
   0  558    0    0    0    0    0   25    6  427   52 1111 2507  290  118  104  177    7    5  290    0   30   34    0 
   0  626    0    0    0    0    0   19    5  398   55 1207 2451  290  106   99  179    7    5  290    0   30   36    0 
   0  582    0    0    0    0    0   12    4  373   57 1303 2395  290   94   94  181    7    5  290    0   30   38    0 
   0  537    0    0    0    0    0    6    4  284   62 1399 2339  290   81   89  183    7    5  290    0   30   40    0 
   0  448    0    0    0    0    0    0    4  285   63 1495 2373  290   69   84  184   14    3  290    0   30   42    0 
   0  456    0    0    0    0    0    0    4  285   64 1401 2320  316  104   79  169   14    3  290    0   30   32    0 
   0  442    0    0    0    0    0    0    4  285   64 1134 2272  343  139   74  154   14    3  290    0   30   34    0 
   0  340    0    0    0    0    0    0    4  284   58  866 2224  400   90  350  250   31    6  290    0   30   36    0 
   0  340    0    0    0    0    0    0    4  284   58  900 2292  400   90  350  250   31    6  290    0   30   36    0 
   0  340    0    0    0    0    0    0    4  284   58  895 2409  400   90  350  250   31    6  290    0   30   36    0 
   0  340    0    0    0    0    0    0    4  284   58  891 2526  400   90  350  250   31    6  290    0   30   36    0 
   0  340    0    0    0    0    0    0    4  284   58  886 2643  400   90  350  250   31    6  290    0   30   36    0 
   0  340    0    0    0    0    0    0    4  284   58  882 2760  400   90  350  250   31    6  290    0   30   36    0 
   0  428    0    0    0    0    0    0    4  284   59  845 2809  369  139   65  120   27    6  290    0   30   36    0 
   0  412    0    0    0    0    0    0    4  285   59  853 2839  356  132   65  122   27    6  290    0   30   36    0 
   0  397    0    0    0    0    0    0    4  285   59  862 2868  343  124   66  124   27    6  290    0   30   36    0 
   0  382    0    0    0    0    0    0    4  285   59  870 2898  329  117   67  127   27    6  290    0   30   36    0 
   0  392    0    0    0    0    0    0    4  285   59  902 2879  316  109   68  129   27    6  290    0   30   36    0 
   0  418    0    0    0    0    0    0    4  285   59  926 2860  303  102   68  131   27    6  290    0   30   36    0 
   0  523    0    0    0    0    0    0    4  285   58  950 2841  290   94   69  135    8    6  290    0   30   36    0 
   0  535    0    0    0    0    0    0    4  285   59 1069 2765  290  112   76  145    8    6  290    0   30   38    0 
   0  517    0    0    0    0    0    0    4  286   59 1133 2665  290  130   83  156    8    6  290    0   30   40    0 
   0  500    0    0    0    0    0    0    4  287   59 1197 2565  290  143   90  167    8    6  290    0   30   42    0 
   0  482    0    0    0    0    0    0    4  289   59 1262 2466  290  157   97  178    8    6  290    0   30   32    0 
   0  465    0    0    0    0    0    0    4  291   60 1326 2366  290  170  104  188    8    6  290    0   30   34    0 
   0  418    0    0    0    0    0    0   11  293    0 1348 2300  290  150  112  200   47    2  290    0   30   36    0 
   0  437    0    0    0    0    0    0   11  295    0 1498 2362  290  175  133  232   47    2  290    0   30   38    0 
   0  467    0    0    0    0    0    0   10  297    0 1641 2428  290  200  155  265   49    2  290    0   30   40    0 
   0  519   36   12   16   39   18    0   10  299    0 1672 2289  290  180  152  265   49    2  290    0   30   42    0 
  55  571   29    0    0   32    0    0    3  298    0 1704 2150  290  620  190  265    6    4  290    0   30   42    0 
  55  613   19    0    0   21    0    0    3  298    0 1585 2220  290  620  190  252    6    4  290    0   30   42    0 
   0  589    9    0    0   10    0    0    3  297   62 1445 2286  290  212  155  240    6    4  290    0   30   42    0 
   0  566    0    0    0    0    0    0    3  297   64 1305 2352  290  212  157  227    6    4  290    0   30   42    0 
   0  543    0    0    0    0    0    0   10  296    0 1166 2418  290  160  160  215   45    2  290    0   30   42    0 
   0  496    0    0    0    0   37   54   10  293    0 1238 2384  290  150  155  202   45    2  290    0   30   42    0 
  52  449    0    0    0    0   30   47    3  290    0 1309 2350  290  580  170  189   19    6  290    0   30   42    0 
  52  417    0    0    0    0   20   31    3  287    0 1407 2415  290  580  170  193   19    6  290    0   30   42    0 
  52  404    0    0    0    0   10   15    3  285    0 1448 2315  290  580  170  197   19    6  290    0   30   42    0 
  52  422    0    0    0    0    0    0    3  288    0 1458 2303  290  580  170  201   19    6  290    0   30   32    0 
   0  473    0    0    0    0    0    0    3  288   60 1468 2292  290  111  122  206   19    6  290    0   30   32    0 
   0  524    0    0    0    0    0    0    3  288   60 1424 2281  290  107  116  210   19    6  290    0   30   32    0 
   0  575    0    0    0    0    0    0    3  287   60 1352 2242  290  104  109  215    7    6  290    0   30   32    0 
   0  584    0    0    0    0    0    0    3  290   60 1291 2304  290  123  108  212    7    6  290    0   30   34    0 
   0  613    0    0    0    0    0    0    3  292   60 1343 2314  290  128  106  210    7    6  290    0   30   36    0 
   0  568    0    0    0    0    0    0    3  294   60 1395 2325  290  134  104  207    7    6  290    0   30   38    0 
   0  523    0    0    0    0    0    0    3  295   60 1447 2336  290  140  103  205    7    6  290    0   30   40    0 
   0  478    0    0    0    0    0    0    3  297   60 1500 2346  290  145  101  202    7    6  290    0   30   42    0 
   0  415    0    0    0    0    0    0   10  298   54 1568 2381  290   77  100  200   56    1  290    0   30   32    0 
   0  421    0    0    0    0    0    0    3  300   57 1209 2403  290  154   85  175   11    4  290    0   30   34    0 
   0  421    0    0    0    0   12    0    3  301   59 1236 2433  290  154   95  191   11    4  290    0   30   36    0 
   0  408    0    0    0    0   24    0    4  302   58 1237 2440  290  154  105  207   11    4  290    0   30   38    0 
   0  395    0    0    0    0   36    0    5  302   58 1237 2447  290  154  115  223   11    4  290    0   30   38    0 
  47  381    0    0    0    0   47    0    5  303    0 1147 2390  290  144  124  240   41    3  290    0   30   38    0 
  48  382    0    0    0    0   46    0    5  302    0 1196 2413  290  144  131  225   41    3  290    0   30   40    0 
  49  383    0    0    0    0   45    0    5  301    0 1244 2436  290  144  138  210   41    3  290    0   30   42    0 
   0  384    0    0    0    0   44    0    5  300   60 1293 2459  290  149  144  194   15    3  290    0   30   32    0 
   0  382    0    0    0    0   29    0    4  294   62 1339 2309  290  149  141  191   15    3  290    0   30   32    0 
   0  380    0    0    0    0   14    0    3  288   63 1405 2146  290  149  138  188   15    3  290    0   30   32    0 
   0  378    0    0    0    0    0    0   10  284    0 1471 1984  290  145  135  185   49    2  290    0   30   32    0 
   0  436   36    0    0   39    0    0   10  280    0 1594 2067  290  145  127  207   49    2  290    0   30   32    0 
  52  494   29    0    0   32    0    0    3  282    0 1716 2149  290  590  130  229   17    6  290    0   30   34    0 
  52  500   19    0    0   21    0    0    3  284    0 1624 2218  303  590  130  221   17    6  290    0   30   36    0 
  52  506    9    0    0   10    0    0    3  282    0 1520 2293  316  590  130  213   17    6  290    0   30   36    0 
  52  497    0    0    0    0    0    0    3  281    0 1417 2369  329  590  130  204   17    6  290    0   30   36    0 
   0  488    0    0    0    0    0    0    3  281   58 1314 2376  343  178   93  196   17    6  290    0   30   36    0 
   0  479    0    0    0    0    0    0    3  280   58 1210 2382  356  184   86  188   17    6  290    0   30   36    0 
   0  354    0    0    0    0    0    0    3  280   58 1108 2389  400   90  350  250   31    6  290    0   30   36    0 
   0  354    0    0    0    0    0    6    4  282   58 1108 2382  400   90  350  250   31    6  290    0   30   38    0 
   0  354    0    0    0    0    0   12    4  284   58 1109 2375  400   90  350  250   31    6  290    0   30   38    0 
   0  354    0    0    0    0    0   19    4  286   58 1109 2367  400   90  350  250   31    6  290    0   30   38    0 
   0  354    0    0    0    0    0   25    4  287   55 1110 2360  400   90  350  250   31    6  290    0   30   38    0 
   0  354    0    0    0    0    0   31    4  288   53 1110 2353  400   90  350  250   31    6  290    0   30   38    0 
  48  347    0    0    0    0    0   39   11  290    0 1091 2348  370  270  120  150   37    2  290    0   30   38    0 
  50  339    0    0    0    0    0   37    9  291    0  925 2572  330  202  106  142   37    2  290    0   30   38    0 
   0  332    0    0    0    0    0   35    7  293   54  759 2796  290  113   91  134   27    6  290    0   30   38    0 
   0  338    0    0    0    0    0   28    6  294   56  791 2806  290  105   90  140   27    6  290    0   30   38    0 
   0  345    0    0    0    0    0   21    5  293   57  823 2817  290   97   89  146   27    6  290    0   30   38    0 
   0  352    0    0    0    0    0   14    3  292   59  855 2827  290   89   87  151   27    6  290    0   30   38    0 
   0  376    0    0    0    0    0    7    3  291   59  930 2810  290   81   86  157   27    6  290    0   30   38    0 
   0  394    0    0    0    0    0    0    3  294   59 1004 2793  290   72   85  163   27    6  290    0   30   38    0 
   0  492    0    0    0    0    0    0    3  296   59 1041 2776  290   64   84  169    4    6  290    0   30   38    0 
   0  475    0    0    0    0    0    0    3  299   59 1208 2720  290   75   92  183    4    6  290    0   30   40    0 
   0  475    0    0    0    0    0    0    3  301   59 1376 2663  290   86  100  196    4    6  290    0   30   42    0 
   0  476    0    0    0    0    0    0    3  303   59 1511 2606  290   97  108  209    4    6  290    0   30   32    0 
   0  477    0    0    0    0    0    0    3  305   59 1646 2538  290  108  115  222    4    6  290    0   30   34    0 
   0  477    0    0    0    0    0    0    3  307   59 1781 2470  290  119  123  236    4    6  290    0   30   36    0 
   0  435    0    0    0    0    0    0   10  309    0 1843 2451  290  130  132  250   49    2  290    0   30   38    0 
   0  440   36    0   21   31   24    0   10  311    0 1702 2429  290  165  151  270   49    2  290    0   30   40    0 
   0  442   30    0   15   25   48    0   10  313    0 1571 2412  290  200  170  290   41    2  290    0   30   42    0 
   0  354   15    0    7   12   53    0   10  315    0 1525 2487  290  172  155  280   41    2  290    0   30   32    0 
   0  279    0    0    0    0    0    0   31  312    0 1473 2567  290  120  140  270   48    2  290    0   30   32    0 
   0  378    0    0   39    0   50    0   31  311    0 1486 2594  290  112  130  257   48    2  290    0   30   32    0 
   0  477    0    0   32    0   37    0    3  309   58 1500 2621  290  105  120  245    6    4  290    0   30   32    0 
   0  484    0    0   21    0   25    0    3  308   60 1497 2647  290  131  126  246    6    4  290    0   30   32    0 
   0  495    0    0   10    0   12    0    3  306   62 1498 2631  290  157  132  247    6    4  290    0   30   32    0 
   0  506    0    0    0    0    0    0    3  304   64 1499 2615  290  183  138  248    6    4  290    0   30   32    0 
   0  517    0    0    0    0    0    0   10  306    0 1500 2600  290  160  145  250   47    2  290    0   30   32    0 
   0  491    0    0    0    0    0    0   10  306    0 1586 2515  290  180  150  257   47    2  290    0   30   34    0 
   0  469    0    0    0    0    0    0   10  306    0 1660 2428  290  200  155  265   49    2  290    0   30   36    0 
   0  480   36   12   28   31   18    0   10  306    0 1514 2272  290  172  135  247   49    2  290    0   30   38    0 
  55  492   29    0   14   24    0    0    3  302    0 1368 2116  290  590  120  229   11    3  290    0   30   38    0 
   0  499   19    0    9   16    0    0    3  299   60 1285 2370  290  141  103  199   11    3  290    0   30   38    0 
   0  490    9    0    4    8    0    0    3  297   61 1112 2614  290  128   91  169   11    3  290    0   30   38    0 
   0  486    0    0    0    0    0    0    3  294   61  888 2782  290  114   79  139   30    6  290    0   30   38    0 
   0  485    0    0    0    0    0    0    3  293   61  891 2815  290  114   80  139   30    6  290    0   30   38    0 
   0  485    0    0    0    0    0    0    3  288   60  894 2848  290  114   81  139   30    6  290    0   30   38    0 
   0  485    0    0    0    0    0    0    3  284   59  897 2881  290  114   82  139   30    6  290    0   30   38    0 
   0  485    0    0    0    0    0    0    3  281   58  901 2915  290  114   83  139   30    6  290    0   30   38    0 
   0  492    0    0    0    0    0    0    3  278   58  941 2879  290  114   83  139   30    6  290    0   30   38    0 
   0  498    0    0    0    0    0    0    3  281   58  980 2843  290  114   84  139   17    6  290    0   30   40    0 
   0  507    0    0    0    0    0    0    3  284   58 1048 2802  303  127   93  146   17    6  290    0   30   40    0 
   0  515    0    0    0    0    0    0    3  286   58 1124 2753  316  139  102  153   17    6  290    0   30   42    0 
   0  506    0    0    0    0    0    0    3  287   58 1200 2704  329  152  111  159   17    6  290    0   30   32    0 
   0  497    0    0    0    0    0    0    3  289   58 1275 2655  343  164  121  166   17    6  290    0   30   34    0 
   0  488    0    0    0    0    0    0    3  289   58 1351 2606  356  177  130  173   17    6  290    0   30   36    0 
   0  429    0    0    0    0    0    0    3  290   50 1379 2599  400  130  360  460   32    6  290    0   30   38    0 
   0  429    0    0    0    0    7    0    4  291   50 1377 2584  400  130  360  460   32    6  290    0   30   38    0 
   0  429    0    0    0    0   15    0    3  292   50 1375 2569  400  130  360  460   32    6  290    0   30   38    0 
   0  429    0    0    0    0   23    0    3  294   50 1373 2554  400  130  360  460   32    6  290    0   30   38    0 
   0  429    0    0    0    0   31    0    3  296   47 1371 2539  400  130  360  460   32    6  290    0   30   38    0 
   0  429    0    0    0    0   38    0    3  298   45 1369 2524  400  130  360  460   32    6  290    0   30   38    0 
  48  384    0    0    0    0   47    0   10  300    0 1385 2527  370  270  240  300   41    2  290    0   30   38    0 
  50  405    0    0    0    0   45    0    8  303    0 1408 2538  330  200  191  280   41    2  290    0   30   38    0 
   0  426    0    0    0    0   43    0    5  305   58 1431 2549  290  130  141  259    4    3  290    0   30   38    0 
   0  439    0    0    0    0   29    0    4  306   60 1375 2433  316  140  129  246    4    3  290    0   30   38    0 
   0  489    0    0    0    0   14    0    3  301   61 1193 2331  343  150  117  233    4    3  290    0   30   38    0 
   0  362    0    0    0    0    0    0   29  296   61 1012 2229  400   90  350  250   31    6  290    0   30   38    0 
   0  362    0    0    0    0    0    0   29  293   61 1039 2292  400   90  350  250   31    6  290    0   30   38    0 
   0  362    0    0    0    0    0    0   29  295   61 1059 2290  400   90  350  250   31    6  290    0   30   40    0 
   0  362    0    0    0    0    0    0   29  296   61 1078 2288  400   90  350  250   31    6  290    0   30   40    0 
   0  362    0    0    0    0    0    0   29  298   61 1098 2286  400   90  350  250   31    6  290    0   30   40    0 
   0  362    0    0    0    0    0    0   29  299   61 1118 2284  400   90  350  250   31    6  290    0   30   40    0 
   0  433    0    0    0    0    0    0    3  299   60 1052 2219  369  129  100  160    1    6  290    0   30   40    0 
   0  409    0    0    0    0    0    0    3  299   60 1275 2269  356  125  104  169    1    6  290    0   30   42    0 
   0  383    0    0    0    0    0    0    3  299   60 1551 2364  343  120  109  179    1    6  290    0   30   32    0 
   0  357    0    0    0    0    0    0    3  299   60 1827 2458  329  116  114  189    1    6  290    0   30   34    0 
   0  331    0    0    0    0    0    0    3  298   60 1841 2552  316  111  119  199    1    6  290    0   30   36    0 
   0  327    0    0    0    0    0    0    3  297   60 1854 2647  303  107  124  209    1    6  290    0   30   38    0 
   0  323    0    0    0    0    0    0   10  296    0 1869 2742  290  130  130  220   49    2  290    0   30   40    0 
   0  407   36    0   21   31    0    0   10  295    0 1706 2429  290  137  122  225   49    2  290    0   30   42    0 
  52  492   29    0   14   24    0    0    3  294    0 1542 2115  290  590  120  229   11    6  290    0   30   32    0 
  52  497   19    0    9   16    0    0    3  295    0 1471 2175  290  590  120  214   11    6  290    0   30   34    0 
  52  495    9    0    4    8    0    0    3  293    0 1365 2312  290  590  120  199   11    6  290    0   30   34    0 
  52  492    0    0    0    0    0    0    3  292    0 1259 2448  290  590  120  184   11    6  290    0   30   34    0 
   0  488    0    0    0    0    0    0    3  292   60 1152 2584  290  128   91  169   11    6  290    0   30   34    0 
   0  485    0    0    0    0    0    0    3  292   60 1046 2721  290  121   85  154   11    6  290    0   30   34    0 
   0  486    0    0    0    0    0    0    3  293   59  888 2782  290  114   79  139   30    6  290    0   30   34    0 
   0  485    0    0    0    0    0    0    3  297   59  891 2815  290  114   80  139   30    6  290    0   30   36    0 
   0  485    0    0    0    0    0    0    3  301   59  894 2848  290  114   81  139   30    6  290    0   30   36    0 
   0  485    0    0    0    0    0    0    3  305   58  897 2881  290  114   82  139   30    6  290    0   30   36    0 
   0  485    0    0    0    0    0    0    3  308   58  901 2915  290  114   83  139   30    6  290    0   30   36    0 
   0  492    0    0    0    0    0    0    3  311   58  941 2879  290  114   83  139   30    6  290    0   30   36    0 
   0  498    0    0    0    0    0    0    3  314   58  980 2843  290  114   84  139   17    6  290    0   30   36    0 
   0  507    0    0    0    0    0    0    3  317   58 1048 2802  303  127   93  146   17    6  290    0   30   38    0 
   0  515    0    0    0    0    0    0    2  320   58 1124 2753  316  139  102  153   17    6  290    0   30   40    0 
   0  506    0    0    0    0    0    0    2  322   58 1200 2704  329  152  111  159   17    6  290    0   30   42    0 
   0  497    0    0    0    0    0    0    2  324   58 1275 2655  343  164  121  166   17    6  290    0   30   32    0 
   0  488    0    0    0    0    0    0    2  326   58 1351 2606  356  177  130  173   17    6  290    0   30   34    0 
   0  432    0    0    0    0    0    0    2  327   50 1379 2599  400  130  360  460   32    6  290    0   30   36    0 
   0  432    0    0    0    0    0    0    2  329   50 1411 2559  400  130  360  460   32    6  290    0   30   36    0 
   0  432    0    0    0    0    0    0    2  331   50 1442 2519  400  130  360  460   32    6  290    0   30   36    0 
   0  432    0    0    0    0    0    0    2  333   50 1474 2478  400  130  360  460   32    6  290    0   30   36    0 
   0  432    0    0    0    0    0    0    2  334   47 1506 2438  400  130  360  460   32    6  290    0   30   36    0 
   0  432    0    0    0    0    0    0    2  336   45 1537 2398  400  130  360  460   32    6  290    0   30   36    0 
   0  392    0    0    0    0    0    0    9  337    0 1553 2392  370  270  220  280   49    2  290    0   30   36    0 
   0  409   36    0   21   31    0    0    9  338    0 1292 2477  330  202  166  240   49    2  290    0   30   36    0 
  55  425   29    0   14   24    0    0    2  339    0 1031 2562  290  570  115  199   27    6  290    0   30   36    0 
  55  413   19    0    9   16    0    0    2  340    0 1002 2617  290  570  115  191   27    6  290    0   30   36    0 
  55  400    9    0    4    8    0    0    2  332    0  973 2673  290  570  115  182   27    6  290    0   30   36    0 
  55  387    0    0    0    0    0    0    2  326    0  944 2728  290  570  115  174   27    6  290    0   30   36    0 
  55  389    0    0    0    0    0    0    2  322    0  930 2753  290  570  115  166   27    6  290    0   30   36    0 
   0  390    0    0    0    0    0    0    2  317   63  915 2778  290   85   74  157   27    6  290    0   30   36    0 
   0  471    0    0    0    0    0    0    2  314   63  901 2803  290   79   67  150   11    3  290    0   30   36    0 
   0  457    0    0    0    0   13    0    2  311   61 1043 2728  290   84   79  179   11    3  290    0   30   36    0 
   0  419    0    0    0    0   27    0    3  309   58 1169 2591  290   89   92  209   11    3  290    0   30   36    0 
   0  382    0    0    0    0   41    0    5  313   57 1205 2390  290   95  105  240   42    2  290    0   30   36    0 
   0  419    0    0    0    0   39    0    5  510   51 1226 2470  290  122  115  267   42    2  290    0   30   38    0 
   0  456    0    0    0    0   37    0    4  568   49 1247 2549  290  149  124  294    5    3  290    0   30   38    0 
   0  468    0    0    0    0   25    0    3  522   53 1482 2536  316  199  119  293    5    3  290    0   30   40    0 
   0  480    0    0    0    0   12    0    2  322   60 1717 2523  343  249  114  291    5    3  290    0   30   42    0 
   0  430    0    0    0    0    0    0    2  322   56 2124 2452  400  130  550  400   33    6  290    0   30   32    0 
   0  430    0    0    0    0    0    0    2  323   56 2038 2410  400  130  550  400   33    6  290    0   30   32    0 
   0  430    0    0    0    0    0    0    2  323   56 1951 2367  400  130  550  400   33    6  290    0   30   32    0 
   0  430    0    0    0    0    0    0    2  323   56 1865 2324  400  130  550  400   33    6  290    0   30   32    0 
   0  430    0    0    0    0    0    0    2  323   53 1778 2281  400  130  550  400   33    6  290    0   30   32    0 
   0  430    0    0    0    0    0    0    2  323   51 1692 2239  400  130  550  400   33    6  290    0   30   32    0 
   0  333   38    0   23   33    0    0   31  323    0 1640 2291  370  160  120  180   50    2  290    0   30   32    0 
   0  325   36    0   21   31    0    0   31  323    0 1336 2371  330  125  112  185   50    2  290    0   30   32    0 
   0  317   24    0    9   19    0    0    3  322   53 1032 2450  290   90  104  189   34    6  290    0   30   32    0 
   0  319   16    0    6   13    0    0    3  321   55 1032 2459  290   96  107  197   34    6  290    0   30   32    0 
   0  321    8    0    3    6    0    0    3  319   57 1032 2469  290  103  111  206   34    6  290    0   30   32    0 
   0  323    0    0    0    0    0    0    3  318   59 1032 2478  290  110  114  214   34    6  290    0   30   32    0 
   0  325    0    0    0    0    0    0    3  316   59 1031 2487  290  117  117  223   34    6  290    0   30   32    0 
   0  327    0    0    0    0    0    0    3  315   59 1031 2496  290  124  121  231   34    6  290    0   30   32    0 
   0  329    0    0    0    0    0    0   10  313    0 1032 2506  290  145  125  240   49    2  290    0   30   32    0 
   0  370   36    0   21   31    0    0   10  313    0  999 2335  290  137  120  212   49    2  290    0   30   32    0 
  58  411   29    0   14   24    0    0    3  313    0  966 2163  290  560  120  184   24    6  290    0   30   32    0 
  58  394   19    0    9   16    0    0    3  313    0  934 2178  290  560  120  176   24    6  290    0   30   32    0 
  58  377    9    0    4    8    0    0    3  307    0  902 2194  290  560  120  167   24    6  290    0   30   32    0 
  58  360    0    0    0    0    0    0    3  302    0  870 2209  290  560  120  159   24    6  290    0   30   32    0 
  58  360    0    0    0    0    0    0    3  299    0  858 2231  290  560  120  151   24    6  290    0   30   32    0 
   0  359    0    0    0    0    0    0    3  296   60  847 2253  290   78   77  142   24    6  290    0   30   32    0 
   0  360    0    0    0    0    0    0    3  294   62  836 2271  290   75   70  135   11    4  290    0   30   32    0 
   0  381    0    0    0    0    0    0    3  293   62 1007 2293  290   81   73  145   11    4  290    0   30   32    0 
   0  385    0    0    0    0    0    0    3  291   63 1175 2295  290   87   77  155   11    4  290    0   30   32    0 
   0  389    0    0    0    0    0    0    3  459   59 1343 2297  290   93   81  165   11    4  290    0   30   32    0 
   0  393    0    0    0    0    0    0   31  508    0 1422 2235  290  100   85  175   52    2  290    0   30   34    0 
   0  346    0    0    0    0    0    0   31  473    0 1516 2435  290   95  105  192   52    2  290    0   30   34    0 
   0  299    0    0   30    0   38    0    3  521   53 1611 2635  290   90  125  210   16    4  290    0   30   34    0 
   0  310    0    0   20    0   25    0    3  479   55 1723 2665  290   87  132  226   16    4  290    0   30   36    0 
   0  358    0    0   10    0   12    0    3  440   57 1540 2696  290   85  113  242   16    4  290    0   30   38    0 
   0  406    0    0    0    0    0    0    3  301   62 1357 2608  290   82   94  218   16    4  290    0   30   40    0 
   0  454    0    0    0    0    0    0    3  298   60 1129 2400  290   79   74  154   17    6  290    0   30   42    0 
   0  447    0    0    0    0    0    0    3  296   60 1225 2363  290   92   82  167   17    6  290    0   30   32    0 
   0  440    0    0    0    0    0    0    3  295   59 1336 2327  290  104   89  179   17    6  290    0   30   34    0 
   0  432    0    0    0    0    0    0    3  293   59 1447 2291  290  117   97  192   17    6  290    0   30   36    0 
   0  425    0    0    0    0    0    0    3  292   58 1558 2254  290  130  104  204   17    6  290    0   30   38    0 
   0  417    0    0    0    0    0    0    3  291   58 1669 2218  290  142  112  217   17    6  290    0   30   40    0 
   0  395    0    0    0    0    0    0   10  290    0 1760 2150  290  145  120  230   49    2  290    0   30   42    0 
   0  399    0   35   44   37   26    0   11  289    0 1819 2341  290  140  137  247   49    2  290    0   30   32    0 
  55  404    0   28   37   30   19    0    4  288    0 1878 2532  290  570  200  265   16    4  290    0   30   34    0 
  55  370    0   19   25   20   13    0    4  287    0 1963 2556  290  570  200  266   16    4  290    0   30   36    0 
   0  359    0    9   12   10    6    0    4  281   63 1823 2580  290   97  133  267   16    4  290    0   30   36    0 
   0  348    0    0    0    0    0    0    4  415   60 1684 2495  290   93  109  228   16    4  290    0   30   36    0 
   0  337    0    0    0    0    0    0   31  438    0 1500 2300  290   90   85  150   52    2  290    0   30   36    0 
   0  323    0    0    0    0    0    0   31  400    0 1253 2287  290   87   85  140   52    2  290    0   30   36    0 
   0  309    0    0   43    0    0    0    4  424   44 1005 2274  290   84   84  129   24    6  290    0   30   36    0 
   0  310    0    0   29    0    0    0    4  390   47  980 2276  290   83   81  130   24    6  290    0   30   36    0 
   0  311    0    0   14    0    0    0    4  361   50  956 2277  290   81   79  131   24    6  290    0   30   36    0 
   0  311    0    0    0    0    0    0    4  344   53  931 2278  290   79   77  132   24    6  290    0   30   38    0 
   0  335    0    0    0    0    0    0    4  328   54  929 2288  290   77   74  132   24    6  290    0   30   38    0 
   0  358    0    0    0    0    0    0    4  270   56  928 2298  290   76   72  133   24    6  290    0   30   38    0 
   0  381    0    0    0    0    0    0    4  272   57  926 2304  290   75   70  135    9    6  290    0   30   38    0 
   0  423    0    0    0    0    0    0    4  273   58  997 2342  303   94   79  142    9    6  290    0   30   40    0 
   0  468    0    0    0    0    0    0    4  274   58 1084 2387  316  113   89  150    9    6  290    0   30   42    0 
   0  484    0    0    0    0    0    0    4  276   59 1171 2432  329  132   99  157    9    6  290    0   30   32    0 
   0  500    0    0    0    0    0    0    4  277   59 1257 2477  343  151  109  165    9    6  290    0   30   34    0 
   0  512    0    0    0    0    0    0    4  278   60 1328 2514  356  170  119  172    9    6  290    0   30   36    0 
   0  436    0    0    0    0    0    0    4  280   50 1357 2539  400  130  360  460   32    6  290    0   30   38    0 
   0  436    0    0    0    0    0    0    4  283   50 1392 2509  400  130  360  460   32    6  290    0   30   38    0 
   0  436    0    0    0    0    0    0    4  286   50 1426 2479  400  130  360  460   32    6  290    0   30   38    0 
   0  436    0    0    0    0    0    0    4  290   50 1461 2449  400  130  360  460   32    6  290    0   30   38    0 
   0  436    0    0    0    0    0    0    4  294   47 1496 2418  400  130  360  460   32    6  290    0   30   38    0 
   0  436    0    0    0    0    0    0    3  297   45 1530 2388  400  130  360  460   32    6  290    0   30   38    0 
   0  393    0    0    0    0    0    0   10  301    0 1546 2367  370  270  220  280   49    2  290    0   30   38    0 
   0  402   36    0   21   31    0    0   10  305    0 1256 2265  330  200  167  232   49    2  290    0   30   38    0 
  58  411   29    0   14   24    0    0    3  309    0  966 2164  290  560  120  184   24    6  290    0   30   38    0 
  58  394   19    0    9   16    0    0    3  313    0  932 2177  290  560  120  172   24    6  290    0   30   38    0 
  58  377    9    0    4    8    0    0    3  309    0  899 2191  290  560  120  161   24    6  290    0   30   38    0 
  58  359    0    0    0    0    0    0    3  307    0  866 2204  290  560  120  149   24    6  290    0   30   38    0 
  58  357    0    0    0    0    0    0    3  305    0  840 2210  290  560  120  138   24    6  290    0   30   38    0 
   0  355    0    0    0    0    0    0    3  303   60  814 2216  290   82   81  126   24    6  290    0   30   38    0 
   0  352    0    0    0    0    0    0    3  302   62  788 2218  290   79   74  114   22    3  290    0   30   38    0 
   0  370    0    0    0    0    0    0    2  300   63  827 2324  290  106   79  128   22    3  290    0   30   38    0 
   0  379    0    0    0    0    0    0    2  298   64 1041 2087  290  133   84  141   22    3  290    0   30   38    0 
   0  394    0    0    0    0    0    0    9  302   57 1255 1808  290   95   90  155   56    1  290    0   30   38    0 
   0  397    0    0    0    0    0    0    3  305   54 1305 1924  290  148  104  129   15    6  290    0   30   40    0 
   0  411    0    0    0    0    0    0    3  306   56 1306 1880  290  138  102  130   15    6  290    0   30   42    0 
   0  428    0    0    0    0    0    0    3  307   57 1302 1843  290  129   99  131   15    6  290    0   30   32    0 
   0  451    0    0    0    0    0    0    3  309   58 1271 1896  290  119   97  132   15    6  290    0   30   32    0 
   0  473    0    0    0    0    0    0    3  309   59 1240 1949  290  109   94  132   15    6  290    0   30   32    0 
   0  495    0    0    0    0    0    0    3  310   61 1209 2001  290   99   92  133   15    6  290    0   30   34    0 
   0  518    0    0    0    0    0    0    3  310   63 1179 2055  290   90   90  135   11    4  290    0   30   36    0 
   0  501    0    0    0    0    0    0    3  310   63 1253 2135  290  106   95  155   11    4  290    0   30   38    0 
   0  465    0    0    0    0    0    0    3  310   64 1308 2215  290  123  100  175   11    4  290    0   30   40    0 
   0  429    0    0    0    0    0    0    3  311   64 1363 2295  290  140  105  195   11    4  290    0   30   42    0 
   0  393    0    0    0    0    0    0   10  311    0 1328 2310  290  145  110  215   47    2  290    0   30   32    0 
   0  436    0    0   39    0   43    0   10  311    0 1413 2460  290  137  117  217   47    2  290    0   30   34    0 
  55  479    0    0   32    0   36    0    3  312    0 1497 2610  290  560  150  219    2    3  290    0   30   36    0 
   0  455    0    0   21    0   24    0    3  312   60 1431 2677  290  110  114  194    2    3  290    0   30   38    0 
   0  477    0    0   10    0   12    0    3  306   61 1221 2764  290  105  104  169    2    3  290    0   30   38    0 
   0  491    0    0    0    0    0    0    3  302   61 1120 2821  290   99   94  144   30    6  290    0   30   38    0 
   0  486    0    0    0    0    0    0    3  299   61 1101 2842  290  102   94  142   30    6  290    0   30   38    0 
   0  482    0    0    0    0    0    0    3  297   60 1082 2863  290  104   94  141   30    6  290    0   30   38    0 
   0  478    0    0    0    0    0    0    3  295   60 1063 2884  290  107   94  139   30    6  290    0   30   38    0 
   0  464    0    0    0    0    0    0    3  294   59 1109 2860  290  109   94  137   30    6  290    0   30   38    0 
   0  455    0    0    0    0    0    0    2  293   59 1174 2815  290  112   94  136   30    6  290    0   30   38    0 
   0  424    0    0    0    0    0    0    9  298   26 1383 2639  290  115   95  135   51    1  290    0   30   40    0 
   0  452    0    0    0    0    0    0    2  303   53 1513 2473  290   90   89  174   17    6  290    0   30   40    0 
   0  444    0    0    0    0    0    0    2  307   55 1474 2496  290  100   96  185   17    6  290    0   30   40    0 
   0  437    0    0    0    0    0    0    2  310   56 1429 2523  290  111  103  196   17    6  290    0   30   42    0 
   0  429    0    0    0    0   12    0    2  313   58 1383 2549  290  122  109  207   17    6  290    0   30   32    0 
   0  421    0    0    0    0   24    0    3  315   55 1338 2576  290  133  116  217   17    6  290    0   30   34    0 
   0  413    0    0    0    0   36    0    4  317   53 1293 2602  290  144  122  228   17    6  290    0   30   36    0 
  48  406    0    0    0    0   48    0    5  319    0 1248 2630  290  145  130  240   41    2  290    0   30   38    0 
  50  364    0    0    0    0   46    0    5  321    0 1136 2667  290  140  126  225   41    2  290    0   30   40    0 
   0  322    0    0    0    0   44    0    5  323   58 1023 2704  290  113  121  209   27    6  290    0   30   42    0 
   0  328    0    0    0    0   35    0    4  325   60  996 2738  290  117  115  208   27    6  290    0   30   32    0 
   0  334    0    0    0    0   26    0    3  319   61  968 2772  290  120  109  207   27    6  290    0   30   32    0 
   0  340    0    0    0    0   17    0    2  315   63  940 2805  290  124  104  207   27    6  290    0   30   32    0 
   0  369    0    0    0    0    8    0    2  313   63  952 2807  290  127   98  206   27    6  290    0   30   32    0 
   0  399    0    0    0    0    0    0    2  318   63  964 2808  290  131   92  205   27    6  290    0   30   32    0 
   0  509    0    0    0    0    0    0    2  323   63  972 2810  290  135   87  205    5    4  290    0   30   32    0 
   0  484    0    8   10    0    6    0    2  327   63 1108 2755  290  171  110  227    5    4  290    0   30   34    0 
   0  460    0   16   20    0   13    0    3  330   60 1245 2701  290  207  133  250    5    4  290    0   30   36    0 
   0  435    0   24   30    0   19    0    4  333   58 1457 2629  290  243  151  272    5    4  290    0   30   38    0 
  48  410    0   33   40    0   26    0    5  336    0 1746 2558  290  200  170  295   43    2  290    0   30   40    0 
  24  383    0   38   45    0   31    0    7  338    0 1681 2564  290  200  182  285   43    2  290    0   30   42    0 
   0  363    0    0    0    0    0    0    9  339    0 1618 2570  290  200  195  275   47    2  290    0   30   32    0 
   0  451    0   15   45    0   44    0    9  340    0 1683 2587  290  165  161  255   47    2  290    0   30   34    0 
  55  540    0    0   32    0   36    0    2  336    0 1747 2604  290  560  155  234    4    3  290    0   30   34    0 
   0  490    0    0   21    0   39    0    2  333   56 1688 2579  290  131  131  243    4    3  290    0   30   34    0 
   0  476    0    0   10    0   43    0    3  330   56 1512 2564  290  131  136  251    4    3  290    0   30   34    0 
  48  454    0    0    0    0   48    0    5  324    0 1336 2550  290  130  142  260   41    2  290    0   30   34    0 
  24  410    0    0    0    0   53    0    7  322    0 1426 2561  290  165  153  267   41    2  290    0   30   34    0 
   0  373    0    0    0    0    0    0    9  323    0 1493 2574  290  200  165  275   47    2  290    0   30   34    0 
   0  445    0    0   35    0   47    0    9  325    0 1508 2587  290  172  140  245   47    2  290    0   30   34    0 
  49  518    0    0   28    0   32    0   21  660    0 1524 2600  290  590  130  215   17    4  290    0   30   34    0 
  49  521    0    0   19    0   21    0   19  671    0 1464 2599  290  590  130  206   17    4  290    0   30   34    0 
  49  530    0    0    9    0   10    0   18  700    0 1396 2599  290  590  130  197   17    4  290    0   30   36    0 
  49  540    0    0    0    0    0    0   17  722    0 1328 2599  290  590  130  188   17    4  290    0   30   36    0 
  52  550    0    0    0    0    0    0   17  744    0 1260 2600  290  260  130  180    0    1  290    0   30   36    0 
