 AP   F1   A2   A3   A4   A5   A6   AB  TILT  T0   AV   F2   F3    FZ   B1   B2   B3       
   0  320    0    0    0    0    0    0    4  335    0 1416 2550  290  300  230  300    0    1  290    0   30   38    0 
   0  321    0    0    0    0   48    0    9  331    0 1393 2539  290  300  230  300   41   14  290    0   30   38    0 
   0  321    0    0    0    0   50    0    9  325    0 1395 2537  290  287  223  300   41   14  290    0   30   38    0 
   0  321    0    0    0    0   52    0    9  315    0 1397 2535  290  275  217  300   41   14  290    0   30   38    0 
   0  321    0    0    0    0   54    0    9  312    0 1398 2533  290  262  211  300   41   14  290    0   30   38    0 
   0  321    0    0    0    0   56    0    9  306    0 1400 2531  290  250  205  300   41   14  290    0   30   38    0 
   0  321    0    0    0    0   58    0    9  305    0 1402 2530  290  237  198  300   41   14  290    0   30   38    0 
   0  321    0    0    0    0   58    0    9  300    0 1402 2530  290  225  192  300   41   14  290    0   30   38    0 
   0  321    0    0    0    0   58    0    9  300    0 1402 2530  290  212  186  300   41   14  290    0   30   38    0 
   0  321    0    0    0    0   58    0    9  296    0 1402 2530  290  200  180  300   41   14  290    0   30   38    0 
   0  321    0    0    0    0   58    0    9  296    0 1402 2530  290  200  180  300   41   14  290    0   30   38    0 
   0  321    0    0    0    0   58    0    9  293    0 1374 2495  290  200  180  300   41   14  290    0   30   38    0 
   0  321    0    0    0    0   58    0    9  294    0 1347 2461  290  200  180  300   41   14  290    0   30   38    0 
   0  325    0    0    0    0   58    0    9  292    0 1320 2426  290  200  180  280   41   14  290    0   30   38    0 
   0  329    0    0    0    0   58    0    9  292    0 1293 2392  290  200  180  260   41   14  290    0   30   38    0 
   0  332    0    0    0    0    0    0    9  292    0 1281 2357  290  200  180  239   45   11  290    0   30   38    0 
   0  343    0    0    0    0    0    0    9  291    0 1310 2350  290  200  180  219   45   11  290    0   30   38    0 
   0  353    0    0    0    0    0    0    9  292    0 1338 2342  290  200  180  199   45   11  290    0   30   38    0 
   0  364    0    0    0    0    0    0    9  290    0 1366 2335  290  200  180  180   45   11  290    0   30   38    0 
   0  374    0    0    0    0    0    0    9  292    0 1394 2327  290  200  180  180   45   11  290    0   30   38    0 
   0  384    0    0    0    0    0    0    9  290    0 1423 2319  290  200  180  180   45   11  290    0   30   38    0 
   0  395    0    0    0    0    0    0    9  293    0 1451 2312  290  200  180  180   45   11  290    0   30   38    0 
   0  405    0    0    0    0    0    0    9  290    0 1479 2304  290  200  180  180   45   11  290    0   30   38    0 
   0  415    0    0    0    0    0    0    9  294    0 1507 2296  290  200  180  180   45   11  290    0   30   38    0 
   0  426    0    0    0    0    0    0    9  291    0 1536 2289  290  176  166  176   45   11  290    0   30   38    0 
   0  436    0    0    0    0   42   59    9  295    0 1564 2281  290  153  153  173   45   11  290    0   30   38    0 
  55  447    0    0    0    0   30   47    2  292    0 1594 2274  290  560  150  169    1   23  290    0   30   38    0 
  55  413    0    0    0    0   20   31    2  295    0 1697 2302  290  560  150  168    1   23  290    0   30   38    0 
   0  379    0    0    0    0   10   15    2  291   62 1800 2329  290   92  126  166    1   23  290    0   30   38    0 
   0  345    0    0    0    0    0    0    2  292   64 1903 2357  290   86  119  164    1   23  290    0   30   38    0 
   0  345    0    0    0    0    0    0    2  289   64 2006 2385  290   81  113  163    1   23  290    0   30   38    0 
   0  345    0    0    0    0    0    0    2  287   64 2006 2412  290   76  106  161    1   23  290    0   30   38    0 
   0  344    0    0    0    0    0    0    2  281   64 2009 2454  290   70  100  160    1   23  290    0   30   38    0 
   0  343    0    0    0    0    0    0    2  275   64 2012 2496  290   65  100  160    1   23  290    0   30   38    0 
   0  342    0    0    0    0    0    0    3  268   64 2016 2510  290   60  100  160    1   23  290    0   30   38    0 
   0  341    0    0    0    0    0    0    3  265   64 2019 2525  290   60  100  160    1   23  290    0   30   40    0 
   0  340    0    0    0    0    0    0    3  263   64 2022 2539  290   60  100  160    1   23  290    0   30   42    0 
   0  339    0    0    0    0    0    0    4  257   64 2026 2553  290   60  100  160    1   23  290    0   30   32    0 
   0  338    0    0    0    0    0    0    4  253   64 2029 2567  290   60  100  160    1   23  290    0   30   34    0 
   0  338    0    0    0    0    0    0    4  246   64 2033 2582  290   60  100  160    1   23  290    0   30   36    0 
   0  337    0    0    0    0    0    0    4  243   64 2036 2596  290   60  100  160    1   23  290    0   30   38    0 
   0  336    0    0    0    0    0    0    5  236   64 2039 2610  290   60  100  160    1   23  290    0   30   40    0 
   0  335    0    0    0    0    0    0    5  233   64 2043 2624  290   65  100  160    1   23  290    0   30   42    0 
   0  333    0    0    0    0    0    0    5  227   64 2046 2641  290   70  100  160    1   23  290    0   30   32    0 
   0  331    0    0    0    0    0    0    6  224   64 2049 2657  290   76  104  169    1   23  290    0   30   34    0 
   0  329    0    0    0    0    0    0    6  219   64 2046 2674  290   81  109  179    1   23  290    0   30   36    0 
   0  326    0    0    0    0    0    0    6  217   64 2042 2690  290   86  114  189    1   23  290    0   30   38    0 
   0  324    0    0    0    0    0    0    6  213   64 2039 2707  290   92  119  199    1   23  290    0   30   40    0 
   0  322    0    0    0    0    0    0    6  212   64 2035 2723  290   97  124  209    1   23  290    0   30   42    0 
   0  322    0    0    0    0    0    0   13  211    0 2032 2741  290  129  130  220   49   11  290    0   30   32    0 
   0  330    0    0    0    0    0    0   13  212    0 1935 2689  290  153  140  240   49   11  290    0   30   34    0 
   0  338    0    0    0    0    0    0   13  214    0 1839 2636  290  176  150  260   49   11  290    0   30   36    0 
   0  346    0    0    0    0    0    0   13  216    0 1742 2584  290  200  160  280   49   11  290    0   30   38    0 
   0  354    0    0    0    0    0    0   13  216    0 1645 2531  290  200  160  280   49   11  290    0   30   38    0 
   0  362    0    0    0    0    0    0   13  218    0 1548 2479  290  200  160  280   49   11  290    0   30   38    0 
   0  370    0    0    0    0    0    0   13  220    0 1451 2426  290  200  160  280   49   11  290    0   30   38    0 
   0  378    0    0    0    0    0    0   12  222    0 1354 2374  290  200  160  280   49   11  290    0   30   38    0 
   0  387    0    0    0    0    0    0   12  225    0 1257 2321  290  200  160  280   49   11  290    0   30   38    0 
   0  395   42    0   27   37    0    0   12  228    0 1160 2269  290  176  145  248   49   11  290    0   30   38    0 
   0  403   31    0   16   26    0    0   12  231    0 1064 2216  290  153  130  216   49   11  290    0   30   38    0 
  52  411   29    0   14   24    0    0    5  234    0  966 2163  290  560  120  184   24    6  290    0   30   38    0 
  52  394   19    0    9   16    0    0    5  238    0  961 2179  290  560  120  177   24    6  290    0   30   38    0 
  52  378    9    0    4    8    0    0    4  241    0  957 2196  290  560  120  169   24    6  290    0   30   38    0 
  52  361    0    0    0    0    0    0    4  244    0  953 2212  290  560  120  162   24    6  290    0   30   38    0 
  52  355    0    0    0    0    0    0    4  248    0  997 2236  290  560  120  154   24    6  290    0   30   38    0 
   0  349    0    0    0    0    0    0    4  250   56 1040 2260  290   66   89  147   24    6  290    0   30   38    0 
   0  343    0    0    0    0    0    0    4  253   57 1078 2281  290   60   85  139    2   11  290    0   30   38    0 
   0  360    0    0    0    0    0    0    4  258   58 1148 2291  290   60   87  148    2   11  290    0   30   38    0 
   0  377    0    0    0    0    0    0    4  263   59 1217 2302  290   60   90  156    2   11  290    0   30   40    0 
   0  403    0    0    0    0    0    0    4  267   59 1266 2315  290   60   92  164    2   11  290    0   30   42    0 
   0  430    0    0    0    0    0    0    3  271   60 1315 2328  290   66   95  173    2   11  290    0   30   32    0 
   0  432    0    0    0    0    0    0    3  273   61 1369 2389  290   73   97  181    2   11  290    0   30   34    0 
   0  434    0    0    0    0    0    0    3  277   61 1424 2449  290   80   99  186    2   11  290    0   30   36    0 
   0  419    0    0    0    0    0    0    3  280   61 1408 2499  290   87   98  183    2   11  290    0   30   38    0 
   0  404    0    0    0    0    0   10    3  282   61 1393 2549  290   94   97  179    2   11  290    0   30   40    0 
   0  389    0    0    0    0    0   20    4  285   58 1377 2599  290  101   96  176    2   11  290    0   30   42    0 
   0  374    0    0    0    0    0   30    5  286   56 1362 2649  290  108   95  173    2   11  290    0   30   32    0 
  47  360    0    0    0    0   30   30    6  289    0 1346 2699  290  129   94  169   39   14  290    0   30   34    0 
  40  371    0    0    0    0   30   30    7  290    0 1333 2662  290  153   93  163   39   14  290    0   30   36    0 
  33  381    0    0    0    0   30   30    8  293    0 1320 2624  290  176   91  156   39   14  290    0   30   38    0 
  27  392    0    0    0    0   30   30    9  292    0 1307 2586  290  200   90  150   39   14  290    0   30   40    0 
  20  392    0    0    0    0   30   30   10  292    0 1294 2548  290  200   90  150   39   14  290    0   30   40    0 
  13  392    0    0    0    0   30   30   10  289    0 1281 2511  290  200   90  150   39   14  290    0   30   40    0 
   6  392    0    0    0    0   30   30   10  290    0 1283 2511  290  200   90  150   39   14  290    0   30   40    0 
   0  392    0    0    0    0   30   30   10  287    0 1285 2511  290  200   90  150   39   14  290    0   30   40    0 
   0  392    0    0    0    0   30   30   10  327    0 1287 2511  290  200   90  150   39   14  290    0   30   40    0 
   8  392    0    0    0    0   30   30   10  349    0 1289 2511  290  200   90  150   39   14  290    0   30   40    0 
  17  392    0    0    0    0   30   30   10  382    0 1289 2549  290  200   90  150   39   14  290    0   30   40    0 
  25  392    0    0    0    0   30   30    9  413    0 1288 2587  290  200   90  150   39   14  290    0   30   40    0 
  34  387    0    0    0    0    0   45    8  459    0 1287 2625  290  181   86  154   39   14  290    0   30   40    0 
  43  382    0    0    0    0    0   31    7  508    0 1286 2663  290  163   83  159   39   14  290    0   30   40    0 
   0  376    0    0    0    0    0   36    5  576   53 1285 2702  290  164   79  165    9   29  290    0   30   40    0 
   0  408    0    0    0    0    0   29    4  510   56 1272 2682  290  154   78  167    9   29  290    0   30   40    0 
   0  439    0    0    0    0    0   22    4  455   58 1260 2663  290  145   76  170    9   29  290    0   30   40    0 
   0  471    0    0    0    0    0   14    3  413   61 1247 2643  290  136   74  172    9   29  290    0   30   40    0 
   0  502    0    0    0    0    0    7    3  373   62 1234 2624  290  127   73  175    9   29  290    0   30   40    0 
   0  534    0    0    0    0    0    0    3  349   63 1221 2604  290  117   71  177    9   29  290    0   30   42    0 
   0  565    0    0    0    0    0    0    3  322   64 1208 2585  290  108   70  180    9   29  290    0   30   32    0 
   0  597    0    0    0    0    0    0    3  304   64 1195 2565  290   99   70  180    9   29  290    0   30   34    0 
   0  596    0    0    0    0    0    0    3  284   64 1183 2546  290   90   70  180    9   29  290    0   30   36    0 
   0  596    0    0    0    0    0    0    3  290   64 1184 2546  290   90   70  180    9   29  290    0   30   38    0 
   0  595    0    0    0    0    0    0    3  291   64 1184 2546  290   90   70  180    9   29  290    0   30   40    0 
   0  595    0    0    0    0    0    0    3  300   64 1185 2547  290   90   70  180    9   29  290    0   30   42    0 
   0  595    0    0    0    0    0    0    2  304   64 1186 2547  290   90   70  180    9   29  290    0   30   32    0 
   0  594    0    0    0    0    0    0    2  316   64 1187 2547  290   90   70  180    9   29  290    0   30   34    0 
   0  594    0    0    0    0    0    0    2  322   64 1188 2547  290   90   70  180    9   29  290    0   30   36    0 
   0  594    0    0    0    0    0    0    2  335   64 1190 2548  290   90   70  180    9   29  290    0   30   38    0 
   0  593    0    0    0    0    0    0    1  343   64 1191 2548  290   90   70  180    9   29  290    0   30   40    0 
   0  593    0    0    0    0    0    0    1  358   64 1192 2548  290   90   70  180    9   29  290    0   30   42    0 
   0  592    0    0    0    0    0    0    1  367   64 1193 2548  290   90   70  180    9   29  290    0   30   32    0 
   0  592    0    0    0    0    0    0    1  382   64 1193 2548  290   90   70  180    9   29  290    0   30   34    0 
   0  592    0    0    0    0    0    0    0  394   64 1193 2555  290   90   70  180    9   29  290    0   30   36    0 
   0  592    0    0    0    0    0    0    0  407   64 1193 2563  290   90   70  180    9   29  290    0   30   38    0 
   0  592    0    0    0    0    0    0    0  421   64 1193 2571  290   99   70  180    9   29  290    0   30   40    0 
   0  592    0    0    0    0    0    0    0  432   64 1195 2579  290  108   70  180    9   29  290    0   30   42    0 
   0  565    0    0    0    0    0    0    0  449   64 1198 2587  290  117   79  189    9   29  290    0   30   32    0 
   0  538    0    0    0    0    0    0    0  457   64 1200 2595  290  127   88  199    9   29  290    0   30   34    0 
   0  511    0    0    0    0   11    0    0  476   64 1203 2603  290  136   97  209    9   29  290    0   30   36    0 
   0  485    0    0    0    0   23    0    1  481   61 1205 2611  290  145  106  219    9   29  290    0   30   38    0 
   0  458    0    0    0    0   35    0    2  500   59 1208 2618  290  154  115  229    9   29  290    0   30   40    0 
  47  433    0    0    0    0   47    0    3  503    0 1211 2629  290  144  124  240   41   22  290    0   30   42    0 
  40  413    0    0    0    0   49    0    4  520    0 1247 2613  290  163  143  260   41   22  290    0   30   32    0 
  33  393    0    0    0    0   51    0    5  520    0 1283 2597  290  181  161  280   41   22  290    0   30   34    0 
  27  374    0    0    0    0   53    0    6  535    0 1319 2581  290  200  180  300   41   22  290    0   30   36    0 
  20  374    0    0    0    0   55    0    7  523    0 1355 2565  290  200  180  300   41   22  290    0   30   36    0 
  13  374    0    0    0    0   57    0    7  524    0 1391 2550  290  200  180  300   41   22  290    0   30   36    0 
   6  374    0    0    0    0   57    0    7  519    0 1391 2550  290  200  180  300   41   22  290    0   30   36    0 
   0  374    0    0    0    0   57    0    7  518    0 1391 2550  290  200  180  300   41   22  290    0   30   36    0 
   0  374    0    0    0    0   57    0    7  516    0 1391 2550  290  200  180  300   41   22  290    0   30   36    0 
   0  374    0    0    0    0   57    0    7  516    0 1391 2550  290  200  180  300   41   22  290    0   30   36    0 
   0  374    0    0    0    0   57    0    7  514    0 1391 2550  290  200  180  300   41   22  290    0   30   36    0 
   0  374    0    0    0    0   57    0    7  514    0 1391 2550  290  200  180  300   41   22  290    0   30   36    0 
   0  374    0    0    0    0   57    0    7  514    0 1391 2550  290  200  180  300   41   22  290    0   30   36    0 
   0  374    0    0    0    0   57    0    7  514    0 1391 2550  290  200  180  300   41   22  290    0   30   36    0 
   0  374    0    0    0    0   57    0    7  516    0 1391 2550  290  200  180  300   41   22  290    0   30   36    0 
   0  374    0    0    0    0   57    0    7  517    0 1391 2550  290  212  186  300   41   22  290    0   30   36    0 
   0  374    0    0    0    0   57    0    7  520    0 1391 2550  290  225  192  300   41   22  290    0   30   36    0 
   0  374    0    0    0    0   57    0    7  520    0 1391 2550  290  237  198  300   41   22  290    0   30   36    0 
   0  374    0    0    0    0   57    0    7  524    0 1391 2550  290  250  205  300   41   22  290    0   30   36    0 
   0  374    0    0    0    0   57    0    7  526    0 1391 2550  290  262  211  300   41   22  290    0   30   36    0 
   0  374    0    0    0    0   52    0    7  529    0 1391 2550  290  275  217  300   41   22  290    0   30   36    0 
   0  374    0    0    0    0   48    0    7  534    0 1391 2550  290  287  223  300   41   22  290    0   30   36    0 
   0  372    0    0    0    0   42    0    7  534    0 1390 2548  290  300  230  300    0   66  290    0   30   36    0 
   0  371    0    0    0    0   38    0    5  533    0 1392 2548  290  287  223  300    0   66  290    0   30   36    0 
   0  369    0    0    0    0   34    0    3  526    0 1395 2548  290  275  217  300    0   66  290    0   30   36    0 
   0  368    0    0    0    0   31    0    1  520    0 1397 2548  290  262  211  300    0   66  290    0   30   36    0 
   0  367    0    0    0    0   27    0    0  510    0 1400 2549  290  250  205  300    0   66  290    0   30   36    0 
   0  365    0    0    0    0   23    0    0  506    0 1402 2549  290  237  198  300    0   66  290    0   30   36    0 
   0  364    0    0    0    0   19    0    0  500    0 1404 2549  290  225  192  300    0   66  290    0   30   36    0 
   0  362    0    0    0    0   15    0    0  492    0 1407 2549  290  212  186  300    0   66  290    0   30   36    0 
   0  361    0    0    0    0   11    0    0  481    0 1409 2550  290  200  180  300    0   66  290    0   30   36    0 
   0  360    0    0    0    0    7    0    0  470    0 1411 2550  290  200  180  300    0   66  290    0   30   36    0 
   0  358    0    0    0    0    3    0    0  460    0 1414 2550  290  200  180  300    0   66  290    0   30   36    0 
   0  357    0    0    0    0    0    0    0  446    0 1416 2550  290  200  180  300    0   66  290    0   30   36    0 
   0  356    0    0    0    0    0    0    0  437    0 1419 2551  290  200  180  300    0   66  290    0   30   36    0 
   0  354    0    0    0    0    0    0    0  425    0 1421 2551  290  200  180  300    0   66  290    0   30   36    0 
   0  353    0    0    0    0    0    0    0  419    0 1423 2551  290  200  180  300    0   66  290    0   30   36    0 
   0  351    0    0    0    0    0    0    0  407    0 1426 2551  290  200  180  300    0   66  290    0   30   36    0 
   0  350    0    0    0    0    0    0    0  402    0 1428 2552  290  200  180  300    0   66  290    0   30   36    0 
   0  349    0    0    0    0    0    0    0  391    0 1430 2552  290  200  180  300    0   66  290    0   30   36    0 
   0  347    0    0    0    0    0    0    0  389    0 1433 2552  290  200  180  300    0   66  290    0   30   36    0 
   0  346    0    0    0    0    0    0    1  378    0 1435 2552  290  200  180  300    0   66  290    0   30   36    0 
   0  345    0    0    0    0    0    0    1  377    0 1438 2553  290  200  180  300    0   66  290    0   30   36    0 
   0  345    0    0    0    0    0    0    1  368    0 1438 2553  290  200  180  300    0   66  290    0   30   36    0 
   0  345    0    0    0    0    0    0    1  367    0 1438 2553  290  200  180  300    0   66  290    0   30   36    0 
   0  345    0    0    0    0    0    0    1  360    0 1438 2553  290  200  180  300    0   66  290    0   30   36    0 
   0  345    0    0    0    0    0    0    1  359    0 1438 2553  290  200  180  300    0   66  290    0   30   36    0 
   0  345    0    0    0    0    0    0    1  353    0 1438 2553  290  200  180  300    0   66  290    0   30   36    0 
   0  345    0    0    0    0    0    0    1  352    0 1438 2553  290  200  180  300    0   66  290    0   30   36    0 
   0  345    0    0    0    0    0    0    1  349    0 1438 2553  290  200  180  300    0   66  290    0   30   36    0 
   0  345    0    0    0    0    0    0    1  346    0 1438 2553  290  200  180  300    0   66  290    0   30   36    0 
   0  345    0    0    0    0    0    0    1  345    0 1438 2553  290  200  180  300    0   66  290    0   30   36    0 
   0  345    0    0    0    0    0    0    1  341    0 1438 2553  290  200  180  300    0   66  290    0   30   36    0 
   0  345    0    0    0    0    0    0    1  342    0 1438 2553  290  200  180  300    0   66  290    0   30   36    0 
   0  345    0    0    0    0    0    0    1  337    0 1438 2553  290  200  180  300    0   66  290    0   30   36    0 
   0  345    0    0    0    0    0    0    1  339    0 1438 2553  290  200  180  300    0   66  290    0   30   36    0 
   0  345    0    0    0    0    0    0    2  334    0 1438 2553  290  200  180  300    0   66  290    0   30   36    0 
   0  345    0    0    0    0    0    0    2  337    0 1438 2553  290  200  180  300    0   66  290    0   30   36    0 
   0  345    0    0    0    0    0    0    2  332    0 1438 2553  290  200  180  300    0   66  290    0   30   36    0 
   0  345    0    0    0    0    0    0    2  336    0 1438 2553  290  200  180  300    0   66  290    0   30   36    0 
   0  345    0    0    0    0    0    0    2  330    0 1438 2553  290  200  180  300    0   66  290    0   30   36    0 
   0  345    0    0    0    0    0    0    2  334    0 1438 2553  290  200  180  300    0   66  290    0   30   36    0 
   0  345    0    0    0    0    0    0    2  330    0 1438 2553  290  200  180  300    0   66  290    0   30   36    0 
   0  345    0    0    0    0    0    0    2  333    0 1438 2553  290  200  180  300    0   66  290    0   30   36    0 
   0  345    0    0    0    0    0    0    2  328    0 1438 2553  290  200  180  300    0   66  290    0   30   36    0 
   0  345    0    0    0    0    0    0    2  331    0 1438 2553  290  200  180  300    0   66  290    0   30   36    0 
   0  345    0    0    0    0    0    0    2  328    0 1438 2553  290  200  180  300    0   66  290    0   30   36    0 
   0  345    0    0    0    0    0    0    2  330    0 1438 2553  290  200  180  300    0   66  290    0   30   36    0 
   0  345    0    0    0    0    0    0    2  328    0 1438 2553  290  200  180  300    0   66  290    0   30   36    0 
   0  345    0    0    0    0    0    0    2  328    0 1438 2553  290  200  180  300    0   66  290    0   30   36    0 
   0  345    0    0    0    0    0    0    2  328    0 1438 2553  290  200  180  300    0   66  290    0   30   36    0 
   0  345    0    0    0    0    0    0    2  327    0 1438 2553  290  200  180  300    0   66  290    0   30   36    0 
   0  345    0    0    0    0    0    0    2  328    0 1438 2553  290  200  180  300    0   66  290    0   30   36    0 
   0  345    0    0    0    0    0    0    2  326    0 1438 2553  290  200  180  300    0   66  290    0   30   36    0 
   0  345    0    0    0    0    0    0    2  328    0 1438 2553  290  200  180  300    0   66  290    0   30   36    0 
   0  345    0    0    0    0    0    0    2  326    0 1438 2553  290  200  180  300    0   66  290    0   30   36    0 
   0  345    0    0    0    0    0    0    2  328    0 1438 2553  290  200  180  300    0   66  290    0   30   36    0 
   0  345    0    0    0    0    0    0    2  325    0 1438 2553  290  200  180  300    0   66  290    0   30   36    0 
   0  345    0    0    0    0    0    0    2  328    0 1438 2553  290  200  180  300    0   66  290    0   30   36    0 
   0  345    0    0    0    0    0    0    2  325    0 1438 2553  290  200  180  300    0   66  290    0   30   36    0 
   0  345    0    0    0    0    0    0    2  328    0 1438 2553  290  200  180  300    0   66  290    0   30   36    0 
   0  345    0    0    0    0    0    0    2  325    0 1438 2553  290  212  186  300    0   66  290    0   30   36    0 
   0  345    0    0    0    0    0    0    2  328    0 1438 2553  290  225  192  300    0   66  290    0   30   36    0 
   0  345    0    0    0    0    0    0    2  325    0 1438 2553  290  237  198  300    0   66  290    0   30   36    0 
   0  345    0    0    0    0    0    0    2  327    0 1438 2553  290  250  205  300    0   66  290    0   30   36    0 
   0  345    0    0    0    0    0    0    2  326    0 1438 2553  290  262  211  300    0   66  290    0   30   36    0 
   0  345    0    0    0    0    0    0    2  326    0 1438 2553  290  275  217  300    0   66  290    0   30   36    0 
   0  345    0    0    0    0    0    0    2  326    0 1438 2553  290  287  223  300    0   66  290    0   30   36    0 
