 AP   F1   A2   A3   A4   A5   A6   AB  TILT  T0   AV   F2   F3    FZ   B1   B2   B3       
   0  295    0    0    0    0    0    0    4  343    0  717 2252  290  160  120   90    0    1  290    0   30   42    0 
   0  306    0    0    0    0    0    0    2  342   41  750 2260  290  160  120   90   24   12  290    0   30   42    0 
   0  307    0    0    0    0    0    0    2  342   44  747 2260  290  147  113   90   24   12  290    0   30   42    0 
   0  308    0    0    0    0    0    0    2  341   46  744 2259  290  135  107   90   24   12  290    0   30   42    0 
   0  309    0    0    0    0    0    0    2  341   49  741 2259  290  122  101   90   24   12  290    0   30   42    0 
   0  310    0    0    0    0    0    0    2  340   52  738 2258  290  110   95   90   24   12  290    0   30   42    0 
   0  311    0    0    0    0    0    0    2  339   54  735 2258  290   97   88   90   24   12  290    0   30   42    0 
   0  311    0    0    0    0    0    0    2  338   57  735 2258  290   85   82   90   24   12  290    0   30   42    0 
   0  311    0    0    0    0    0    0    2  337   60  735 2258  290   74   76   97   24   12  290    0   30   42    0 
   0  311    0    0    0    0    0    0    2  336   60  735 2258  290   64   70  104   24   12  290    0   30   42    0 
   0  328    0    0    0    0    0    0    2  335   60  759 2265  290   67   70  112   24   12  290    0   30   42    0 
   0  345    0    0    0    0    0    0    2  332   60  783 2273  290   69   70  119   24   12  290    0   30   42    0 
   0  362    0    0    0    0    0    0    2  328   60  807 2281  290   71   70  126   24   12  290    0   30   42    0 
   0  380    0    0    0    0    0    0    2  324   61  832 2286  290   75   70  135    9   28  290    0   30   42    0 
   0  406    0    0    0    0    0    0    2  320   62  868 2296  290   77   70  142    9   28  290    0   30   32    0 
   0  432    0    0    0    0    0    0    2  316   62  905 2307  290   80   70  150    9   28  290    0   30   34    0 
   0  458    0    0    0    0    0    0    3  313   63  942 2317  290   82   70  157    9   28  290    0   30   36    0 
   0  484    0    0    0    0    0    0    3  310   63  979 2328  290   85   70  165    9   28  290    0   30   38    0 
   0  510    0    0    0    0    0    0    3  306   64 1015 2338  290   87   70  172    9   28  290    0   30   40    0 
   0  536    0    0    0    0    0    0    3  304   64 1052 2349  290   90   70  180    9   28  290    0   30   42    0 
   0  562    0    0    0    0    0    0    3  302   64 1089 2359  290   90   70  180    9   28  290    0   30   32    0 
   0  589    0    0    0    0    0    0    3  299   64 1134 2373  290   90   70  180    9   28  290    0   30   34    0 
   0  589    0    0    0    0    0    0    3  298   64 1143 2376  290   90   70  180    9   28  290    0   30   36    0 
   0  590    0    0    0    0    0    0    3  297   64 1151 2380  290   90   70  180    9   28  290    0   30   38    0 
   0  590    0    0    0    0    0    0    3  295   64 1160 2383  290   90   70  180    9   28  290    0   30   40    0 
   0  590    0    0    0    0    0    0    3  294   64 1168 2386  290   90   70  180    9   28  290    0   30   42    0 
   0  591    0    0    0    0    0    0    3  294   64 1177 2390  290   90   70  180    9   28  290    0   30   32    0 
   0  591    0    0    0    0    0    0    3  295   64 1185 2393  290   90   70  180    9   28  290    0   30   34    0 
   0  592    0    0    0    0    0    0    3  297   64 1194 2397  290   90   70  180    9   28  290    0   30   36    0 
   0  592    0    0    0    0    0    0    3  300   64 1202 2400  290   90   70  180    9   28  290    0   30   38    0 
   0  592    0    0    0    0    0    0    3  304   64 1211 2403  290   90   70  180    9   28  290    0   30   40    0 
   0  592    0    0    0    0    0    0    3  308   64 1235 2403  290   90   70  180    9   28  290    0   30   42    0 
   0  592    0    0    0    0    0    0    3  313   64 1260 2403  290   90   70  180    9   28  290    0   30   32    0 
   0  592    0    0    0    0    0    0    3  318   64 1286 2403  290   90   70  180    9   28  290    0   30   34    0 
   0  592    0    0    0    0    0    0    2  323   64 1311 2403  290   99   70  180    9   28  290    0   30   36    0 
   0  571    0    0    0    0    0    0    2  329   64 1337 2430  290  108   70  180    9   28  290    0   30   38    0 
   0  550    0    0    0    0    0    0    2  334   64 1362 2458  290  117   76  185    9   28  290    0   30   40    0 
   0  530    0    0    0    0    0    0    2  340   64 1387 2486  290  126   83  191    9   28  290    0   30   42    0 
   0  509    0    0    0    0    0    0    2  345   64 1413 2514  290  135   89  197    9   28  290    0   30   32    0 
   0  488    0    0    0    0    0    0    2  350   64 1438 2542  290  144   96  203    9   28  290    0   30   34    0 
   0  468    0    0    0    0    0    0    2  354   64 1463 2570  290  153  103  208    9   28  290    0   30   36    0 
   0  447    0    0    0    0    0    0    8  359    0 1490 2598  290  144  109  214   47   12  290    0   30   38    0 
   0  453    0    0    0    0    0    0    8  362    0 1493 2598  290  163  123  226   47   12  290    0   30   40    0 
   0  459    0    0    0    0    0    0    8  366    0 1497 2598  290  181  136  238   47   12  290    0   30   42    0 
   0  464    0    0    0    0    0    0    8  369    0 1499 2598  290  200  150  250   47   12  290    0   30   32    0 
   0  470    0    0    0    0    0    0    8  367    0 1501 2598  290  200  150  250   47   12  290    0   30   32    0 
   0  476    0    0    0    0    0    0    8  366    0 1503 2598  290  200  150  250   47   12  290    0   30   32    0 
   0  482    0    0    0    0    0    0    8  366    0 1505 2598  290  200  150  250   47   12  290    0   30   32    0 
   0  487    0    0    0    0    0    0    8  365    0 1507 2598  290  200  150  250   47   12  290    0   30   32    0 
   0  493    0    0    0    0    0    0    8  365    0 1509 2598  290  200  150  250   47   12  290    0   30   32    0 
   0  499    0    0    0    0    0    0    8  366    0 1511 2598  290  200  150  250   47   12  290    0   30   32    0 
   0  505    0    0   41    0   45    0    8  366    0 1513 2598  290  181  138  238   47   12  290    0   30   32    0 
   0  510    0    0   30    0   34    0    8  367    0 1515 2598  290  163  126  226   47   12  290    0   30   32    0 
  49  518    0    0   28    0   32    0   21  368    0 1520 2600  290  590  130  215   17    4  290    0   30   32    0 
  49  521    0    0   19    0   21    0   19  369    0 1461 2599  290  590  130  206   17    4  290    0   30   32    0 
  49  531    0    0    9    0   10    0   18  370    0 1394 2599  290  590  130  197   17    4  290    0   30   32    0 
  49  540    0    0    0    0    0    0   16  371    0 1327 2599  290  590  130  188   17    4  290    0   30   32    0 
  50  548    0    0    0    0    0    0   16  372    0 1259 2600  290  260  130  180    0   66  290    0   30   32    0 
  46  548    0    0    0    0    0    0   12  374    0 1261 2600  290  238  123  180    0   66  290    0   30   32    0 
  42  548    0    0    0    0    0    0    8  375    0 1263 2600  290  217  117  180    0   66  290    0   30   32    0 
  38  548    0    0    0    0    0    0    4  382    0 1265 2600  290  196  111  180    0   66  290    0   30   34    0 
  34  549    0    0    0    0    0    0    0  386    0 1268 2600  290  175  105  180    0   66  290    0   30   34    0 
  31  549    0    0    0    0    0    0    0  389    0 1270 2600  290  153   98  180    0   66  290    0   30   34    0 
  27  549    0    0    0    0    0    0    0  393    0 1272 2600  290  132   92  180    0   66  290    0   30   34    0 
  23  549    0    0    0    0    0    0    0  396    0 1274 2600  290  111   86  180    0   66  290    0   30   34    0 
  19  550    0    0    0    0    0    0    0  399    0 1276 2600  290   90   80  180    0   66  290    0   30   34    0 
  15  550    0    0    0    0    0    0    0  402    0 1278 2600  290   90   80  180    0   66  290    0   30   34    0 
  11  550    0    0    0    0    0    0    0  405    0 1280 2600  290   90   80  180    0   66  290    0   30   34    0 
   7  550    0    0    0    0    0    0    0  407    0 1282 2600  290   90   80  180    0   66  290    0   30   34    0 
   3  551    0    0    0    0    0    0    0  409    0 1285 2600  290   90   80  180    0   66  290    0   30   34    0 
   0  551    0    0    0    0    0    0    0  411    0 1287 2600  290   90   80  180    0   66  290    0   30   34    0 
   0  551    0    0    0    0    0    0    0  413    0 1289 2600  290   90   80  180    0   66  290    0   30   34    0 
   0  551    0    0    0    0    0    0    0  414    0 1291 2600  290   90   80  180    0   66  290    0   30   34    0 
   0  552    0    0    0    0    0    0    0  416    0 1293 2600  290   90   80  180    0   66  290    0   30   34    0 
   0  552    0    0    0    0    0    0    0  417    0 1295 2600  290   90   80  180    0   66  290    0   30   34    0 
   0  552    0    0    0    0    0    0    0  418    0 1297 2600  290   90   80  180    0   66  290    0   30   34    0 
   0  552    0    0    0    0    0    0    0  419    0 1299 2600  290   90   80  180    0   66  290    0   30   34    0 
   0  553    0    0    0    0    0    0    0  420    0 1302 2600  290   90   80  180    0   66  290    0   30   34    0 
   0  553    0    0    0    0    0    0    0  421    0 1302 2600  290   90   80  180    0   66  290    0   30   34    0 
   0  553    0    0    0    0    0    0    0  421    0 1302 2600  290   90   80  180    0   66  290    0   30   34    0 
   0  553    0    0    0    0    0    0    0  423    0 1302 2600  290   90   80  180    0   66  290    0   30   34    0 
   0  553    0    0    0    0    0    0    0  423    0 1302 2600  290   90   80  180    0   66  290    0   30   34    0 
   0  553    0    0    0    0    0    0    0  424    0 1302 2600  290   90   80  180    0   66  290    0   30   34    0 
   0  553    0    0    0    0    0    0    0  424    0 1302 2600  290   90   80  180    0   66  290    0   30   34    0 
   0  553    0    0    0    0    0    0    0  425    0 1302 2600  290   90   80  180    0   66  290    0   30   34    0 
   0  553    0    0    0    0    0    0    0  425    0 1302 2600  290   90   80  180    0   66  290    0   30   34    0 
   0  553    0    0    0    0    0    0    0  425    0 1302 2600  290   90   80  180    0   66  290    0   30   34    0 
   0  553    0    0    0    0    0    0    0  426    0 1302 2600  290   90   80  180    0   66  290    0   30   34    0 
   0  553    0    0    0    0    0    0    0  426    0 1302 2600  290   90   80  180    0   66  290    0   30   34    0 
   0  553    0    0    0    0    0    0    0  426    0 1302 2600  290   90   80  180    0   66  290    0   30   34    0 
   0  553    0    0    0    0    0    0    0  427    0 1302 2600  290   90   80  180    0   66  290    0   30   34    0 
   0  553    0    0    0    0    0    0    0  427    0 1302 2600  290   90   80  180    0   66  290    0   30   34    0 
   0  553    0    0    0    0    0    0    0  427    0 1302 2600  290   90   80  180    0   66  290    0   30   34    0 
   0  553    0    0    0    0    0    0    0  427    0 1302 2600  290   90   80  180    0   66  290    0   30   34    0 
   0  553    0    0    0    0    0    0    0  427    0 1302 2600  290   90   80  180    0   66  290    0   30   34    0 
   0  553    0    0    0    0    0    0    0  428    0 1302 2600  290   90   80  180    0   66  290    0   30   34    0 
   0  553    0    0    0    0    0    0    0  428    0 1302 2600  290   90   80  180    0   66  290    0   30   34    0 
   0  553    0    0    0    0    0    0    0  428    0 1302 2600  290   90   80  180    0   66  290    0   30   34    0 
   0  553    0    0    0    0    0    0    0  428    0 1302 2600  290   90   80  180    0   66  290    0   30   34    0 
   0  553    0    0    0    0    0    0    0  428    0 1302 2600  290   90   80  180    0   66  290    0   30   34    0 
   0  553    0    0    0    0    0    0    0  428    0 1302 2600  290   90   80  180    0   66  290    0   30   34    0 
   0  553    0    0    0    0    0    0    0  428    0 1302 2600  290   90   80  180    0   66  290    0   30   34    0 
   0  553    0    0    0    0    0    0    0  428    0 1302 2600  290   90   80  180    0   66  290    0   30   34    0 
   0  553    0    0    0    0    0    0    0  428    0 1302 2600  290   90   80  180    0   66  290    0   30   34    0 
   0  553    0    0    0    0    0    0    0  428    0 1302 2600  290   90   80  180    0   66  290    0   30   34    0 
   0  553    0    0    0    0    0    0    0  428    0 1302 2600  290   90   80  180    0   66  290    0   30   34    0 
   0  553    0    0    0    0    0    0    0  429    0 1302 2600  290   90   80  180    0   66  290    0   30   34    0 
   0  553    0    0    0    0    0    0    0  429    0 1302 2600  290   90   80  180    0   66  290    0   30   34    0 
   0  553    0    0    0    0    0    0    0  429    0 1302 2600  290   90   80  180    0   66  290    0   30   34    0 
   0  553    0    0    0    0    0    0    0  429    0 1302 2600  290   90   80  180    0   66  290    0   30   34    0 
   0  553    0    0    0    0    0    0    0  429    0 1302 2600  290   90   80  180    0   66  290    0   30   34    0 
   0  553    0    0    0    0    0    0    0  429    0 1302 2600  290   90   80  180    0   66  290    0   30   34    0 
   0  553    0    0    0    0    0    0    0  429    0 1302 2600  290   90   80  180    0   66  290    0   30   34    0 
   0  553    0    0    0    0    0    0    0  429    0 1302 2600  290   90   80  180    0   66  290    0   30   34    0 
   0  553    0    0    0    0    0    0    0  429    0 1302 2600  290   90   80  180    0   66  290    0   30   34    0 
   0  553    0    0    0    0    0    0    0  429    0 1302 2600  290   90   80  180    0   66  290    0   30   34    0 
   0  553    0    0    0    0    0    0    0  429    0 1302 2600  290  102   86  180    0   66  290    0   30   34    0 
   0  553    0    0    0    0    0    0    0  429    0 1302 2600  290  115   92  180    0   66  290    0   30   34    0 
   0  553    0    0    0    0    0    0    0  429    0 1302 2600  290  127   98  180    0   66  290    0   30   34    0 
   0  553    0    0    0    0    0    0    0  429    0 1302 2600  290  140  105  180    0   66  290    0   30   34    0 
   0  553    0    0    0    0    0    0    0  429    0 1302 2600  290  152  111  180    0   66  290    0   30   34    0 
   0  553    0    0    0    0    0    0    0  429    0 1302 2600  290  165  117  180    0   66  290    0   30   34    0 
   0  553    0    0    0    0    0    0    0  429    0 1302 2600  290  177  123  180    0   66  290    0   30   34    0 
