 AP   F1   A2   A3   A4   A5   A6   AB  TILT  T0   AV   F2   F3    FZ   B1   B2   B3       
   0  349    0    0    0    0    0    0    4  315    0 1785 2252  290  300  210  280    0    1  290    0   30   40    0 
   0  355    0    0    0    0    0    0    9  310    0 1750 2268  290  300  210  280   49   16  290    0   30   40    0 
   0  365    0    0    0    0    0    0    9  306    0 1746 2260  290  287  203  280   49   16  290    0   30   40    0 
   0  375    0    0    0    0    0    0    9  297    0 1743 2253  290  275  197  280   49   16  290    0   30   40    0 
   0  385    0    0    0    0    0    0    9  295    0 1740 2245  290  262  191  280   49   16  290    0   30   40    0 
   0  396    0    0    0    0    0    0    9  289    0 1737 2238  290  250  185  280   49   16  290    0   30   40    0 
   0  406    0    0    0    0    0    0    9  288    0 1734 2231  290  237  178  280   49   16  290    0   30   40    0 
   0  416    0    0    0    0    0    0    9  283    0 1731 2223  290  225  172  280   49   16  290    0   30   40    0 
   0  426    0    0    0    0    0    0    9  283    0 1728 2216  290  212  166  280   49   16  290    0   30   40    0 
   0  437    0    0    0    0    0    0    9  280    0 1725 2209  290  200  160  280   49   16  290    0   30   40    0 
   0  447    0    0    0    0    0    0    9  279    0 1721 2201  290  200  160  280   49   16  290    0   30   40    0 
   0  457    0    0    0    0    0    0    9  278    0 1718 2194  290  200  160  280   49   16  290    0   30   40    0 
   0  467    0    0    0    0    0    0    9  277    0 1715 2186  290  200  160  280   49   16  290    0   30   40    0 
   0  478    0    0    0    0    0    0    9  277    0 1712 2179  290  200  160  280   49   16  290    0   30   40    0 
   0  488    0    0    0    0    0    0    9  275    0 1709 2172  290  200  160  280   49   16  290    0   30   40    0 
   0  498   42    0    0   45    0    0    9  276    0 1706 2164  290  181  145  263   49   16  290    0   30   40    0 
   0  508   31    0    0   34    0    0    9  274    0 1703 2157  290  163  130  246   49   16  290    0   30   40    0 
  55  518   29    0    0   32    0    0    2  276    0 1699 2150  290  590  120  229    9   43  290    0   30   40    0 
  55  529   19    0    0   21    0    0    2  273    0 1647 2176  290  590  120  221    9   43  290    0   30   40    0 
  55  540    9    0    0   10    0    0    2  273    0 1594 2203  290  590  120  213    9   43  290    0   30   40    0 
  55  551    0    0    0    0    0    0    3  267    0 1542 2229  290  590  120  204    9   43  290    0   30   40    0 
  55  561    0    0    0    0    0    0    3  266    0 1489 2256  290  590  120  196    9   43  290    0   30   40    0 
  55  572    0    0    0    0    0    0    3  259    0 1437 2282  290  590  120  188    9   43  290    0   30   40    0 
   0  583    0    0    0    0    0    0    3  257   64 1385 2309  290  108   70  180    9   43  290    0   30   40    0 
   0  594    0    0    0    0    0    0    3  251   64 1332 2335  290   99   70  180    9   43  290    0   30   40    0 
   0  594    0    0    0    0    0    0    3  247   64 1280 2362  290   90   70  180    9   43  290    0   30   40    0 
   0  594    0    0    0    0    0    0    4  248   64 1228 2388  290   90   70  180    9   43  290    0   30   42    0 
   0  594    0    0    0    0    0    0    4  248   64 1228 2415  290   90   70  180    9   43  290    0   30   32    0 
   0  594    0    0    0    0    0    0    4  247   64 1228 2441  290   90   70  180    9   43  290    0   30   34    0 
   0  594    0    0    0    0    0    0    4  247   64 1228 2468  290   90   70  180    9   43  290    0   30   36    0 
   0  594    0    0    0    0    0    0    4  246   64 1228 2494  290   90   70  180    9   43  290    0   30   38    0 
   0  593    0    0    0    0    0    0    4  244   64 1223 2523  290   90   70  180    9   43  290    0   30   40    0 
   0  593    0    0    0    0    0    0    5  243   64 1218 2525  290   90   70  180    9   43  290    0   30   42    0 
   0  593    0    0    0    0    0    0    5  242   64 1213 2527  290   90   70  180    9   43  290    0   30   32    0 
   0  593    0    0    0    0    0    0    5  241   64 1208 2529  290   90   70  180    9   43  290    0   30   34    0 
   0  592    0    0    0    0    0    0    5  240   64 1203 2531  290   90   70  180    9   43  290    0   30   36    0 
   0  592    0    0    0    0    0    0    5  242   64 1198 2533  290   90   70  180    9   43  290    0   30   38    0 
   0  592    0    0    0    0    0    0    5  244   64 1193 2535  290   90   70  180    9   43  290    0   30   40    0 
   0  592    0    0    0    0    0    0    5  247   64 1188 2538  290   90   70  180    9   43  290    0   30   42    0 
   0  591    0    0    0    0    0    0    4  251   64 1183 2540  290   90   70  180    9   43  290    0   30   32    0 
   0  591    0    0    0    0    0    0    4  255   64 1178 2542  290   90   70  180    9   43  290    0   30   34    0 
   0  591    0    0    0    0    0    0    4  259   64 1173 2544  290   90   70  180    9   43  290    0   30   36    0 
   0  591    0    0    0    0    0    0    4  263   64 1168 2546  290   90   70  180    9   43  290    0   30   38    0 
   0  590    0    0    0    0    0    0    4  268   64 1163 2548  290   90   70  180    9   43  290    0   30   40    0 
   0  590    0    0    0    0    0    0    4  273   64 1163 2548  290   90   70  180    9   43  290    0   30   42    0 
   0  590    0    0    0    0    0    0    3  278   64 1163 2548  290   96   70  180    9   43  290    0   30   32    0 
   0  590    0    0    0    0    0    0    3  283   64 1163 2548  290  102   70  180    9   43  290    0   30   34    0 
   0  590    0    0    0    0    0    0    3  288   64 1163 2548  290  108   70  180    9   43  290    0   30   36    0 
   0  590    0    0    0    0    0    0    3  292   64 1163 2548  296  115   70  180    9   43  290    0   30   38    0 
   0  590    0    0    0    0    0    0    3  297   64 1163 2548  302  121   70  180    9   43  290    0   30   40    0 
   0  590    0    0    0    0    0    0    3  302   64 1163 2548  308  127   70  180    9   43  290    0   30   42    0 
   0  590    0    0    0    0    0    0    3  306   64 1163 2548  314  133   70  180    9   43  290    0   30   32    0 
   0  590    0    0    0    0    0    0    2  311   64 1163 2548  320  140   70  180    9   43  290    0   30   34    0 
   0  590    0    0    0    0    0    0    2  314   64 1163 2548  326  146   70  180    9   43  290    0   30   36    0 
   0  590    0    0    0    0    0    0    2  319   64 1163 2548  332  152   70  180    9   43  290    0   30   38    0 
   0  590    0    0    0    0    0    0    2  322   64 1140 2548  339  158   70  180    9   43  290    0   30   40    0 
   0  590    0    0    0    0    0    0    2  327   64 1118 2548  345  165   70  180    9   43  290    0   30   42    0 
   0  563    0    0    0    0    0    0    2  328   64 1095 2548  351  171   70  180    9   43  290    0   30   32    0 
   0  536    0    0    0    0    0    0    2  334   64 1073 2481  357  177   70  180    9   43  290    0   30   34    0 
   0  509    0    0    0    0    0    0    2  334   64 1051 2414  363  183   70  180    9   43  290    0   30   36    0 
   0  358    0    0    0    0    0    0    2  339   58 1028 2349  400   90  350  250   31   18  290    0   30   38    0 
   0  358    0    0    0    0    0    0    2  338   58 1032 2360  400   90  350  250   31   18  290    0   30   38    0 
   0  358    0    0    0    0    0    0    2  343   58 1037 2372  400   90  350  250   31   18  290    0   30   38    0 
   0  358    0    0    0    0    0    0    2  341   58 1041 2383  400   90  350  250   31   18  290    0   30   38    0 
   0  358    0    0    0    0    0    0    2  344   58 1045 2394  400   90  350  250   31   18  290    0   30   38    0 
   0  358    0    0    0    0    0    0    2  343   58 1050 2405  400   90  350  250   31   18  290    0   30   38    0 
   0  358    0    0    0    0    0    0    2  345   58 1054 2416  400   90  350  250   31   18  290    0   30   38    0 
   0  358    0    0    0    0    0    0    2  344   57 1058 2427  400   90  350  250   31   18  290    0   30   38    0 
   0  358    0    0    0    0    0    0    2  346   56 1063 2438  400   90  350  250   31   18  290    0   30   38    0 
   0  358    0    0    0    0    0    0    2  347   56 1067 2449  400   90  350  250   31   18  290    0   30   38    0 
   0  358    0    0    0    0    0    0    2  347   55 1072 2461  400   90  350  250   31   18  290    0   30   38    0 
   0  358    0    0    0    0    0    0    2  350   54 1076 2472  400   90  350  250   31   18  290    0   30   38    0 
   0  358    0    0    0    0    0    0    2  349   54 1080 2483  400   90  350  250   31   18  290    0   30   38    0 
   0  358    0    0    0    0    0    0    2  354   53 1085 2494  400   90  350  250   31   18  290    0   30   38    0 
   0  358    0    0    0    0    0    0    1  354   53 1089 2505  400   90  350  250   31   18  290    0   30   38    0 
   0  358    0    0    0    0    0    0    1  361   52 1093 2516  400   90  350  250   31   18  290    0   30   38    0 
   0  358    0    0    0    0    0    0    1  359   51 1098 2527  400   90  350  250   31   18  290    0   30   38    0 
   0  358    0    0    0    0    0    0    1  367   51 1102 2538  400   90  350  250   31   18  290    0   30   38    0 
  50  357    0    0    0    0    0    0    1  365    0 1105 2548  369  160  350  250    0   66  290    0   30   38    0 
  46  357    0    0    0    0    0    0    1  372    0 1108 2548  363  155  350  250    0   66  290    0   30   38    0 
  42  357    0    0    0    0    0    0    1  369    0 1111 2548  357  151  350  250    0   66  290    0   30   38    0 
  38  357    0    0    0    0    0    0    1  375    0 1114 2548  351  146  350  250    0   66  290    0   30   38    0 
  34  358    0    0    0    0    0    0    1  367    0 1117 2549  345  142  350  250    0   66  290    0   30   38    0 
  31  358    0    0    0    0    0    0    1  369    0 1119 2549  339  138  350  250    0   66  290    0   30   38    0 
  27  358    0    0    0    0    0    0    1  362    0 1122 2549  332  133  350  250    0   66  290    0   30   38    0 
  23  358    0    0    0    0    0    0    1  362    0 1125 2549  326  129  350  250    0   66  290    0   30   38    0 
  19  358    0    0    0    0    0    0    1  356    0 1128 2550  320  125  350  250    0   66  290    0   30   38    0 
  15  358    0    0    0    0    0    0    1  354    0 1131 2550  314  120  350  250    0   66  290    0   30   38    0 
  11  358    0    0    0    0    0    0    1  351    0 1134 2550  308  116  350  250    0   66  290    0   30   38    0 
   7  358    0    0    0    0    0    0    1  348    0 1137 2550  302  111  350  250    0   66  290    0   30   38    0 
   3  359    0    0    0    0    0    0    1  346    0 1140 2551  296  107  350  250    0   66  290    0   30   38    0 
   0  359    0    0    0    0    0    0    1  342    0 1142 2551  290  103  350  250    0   66  290    0   30   38    0 
   0  359    0    0    0    0    0    0    2  342    0 1145 2551  290   98  350  250    0   66  290    0   30   38    0 
   0  359    0    0    0    0    0    0    2  337    0 1148 2551  290   94  350  250    0   66  290    0   30   38    0 
   0  359    0    0    0    0    0    0    2  338    0 1151 2552  290   90  350  250    0   66  290    0   30   38    0 
   0  359    0    0    0    0    0    0    2  333    0 1154 2552  290   90  350  250    0   66  290    0   30   38    0 
   0  359    0    0    0    0    0    0    2  335    0 1157 2552  290   90  350  250    0   66  290    0   30   38    0 
   0  359    0    0    0    0    0    0    2  330    0 1160 2552  290   90  350  250    0   66  290    0   30   38    0 
   0  360    0    0    0    0    0    0    2  332    0 1163 2553  290   90  350  250    0   66  290    0   30   38    0 
   0  360    0    0    0    0    0    0    2  328    0 1163 2553  290   90  350  250    0   66  290    0   30   38    0 
   0  360    0    0    0    0    0    0    2  330    0 1163 2553  290   90  350  250    0   66  290    0   30   38    0 
   0  360    0    0    0    0    0    0    2  326    0 1163 2553  290   90  350  250    0   66  290    0   30   38    0 
   0  360    0    0    0    0    0    0    2  328    0 1163 2553  290   90  350  250    0   66  290    0   30   38    0 
   0  360    0    0    0    0    0    0    2  325    0 1163 2553  290   90  350  250    0   66  290    0   30   38    0 
   0  360    0    0    0    0    0    0    2  325    0 1163 2553  290   90  350  250    0   66  290    0   30   38    0 
   0  360    0    0    0    0    0    0    2  324    0 1163 2553  290   90  350  250    0   66  290    0   30   38    0 
   0  360    0    0    0    0    0    0    2  324    0 1163 2553  290   90  350  250    0   66  290    0   30   38    0 
   0  360    0    0    0    0    0    0    2  323    0 1163 2553  290   90  350  250    0   66  290    0   30   38    0 
   0  360    0    0    0    0    0    0    2  322    0 1163 2553  290   90  350  250    0   66  290    0   30   38    0 
   0  360    0    0    0    0    0    0    2  322    0 1163 2553  290   90  350  250    0   66  290    0   30   38    0 
   0  360    0    0    0    0    0    0    2  322    0 1163 2553  290   90  350  250    0   66  290    0   30   38    0 
   0  360    0    0    0    0    0    0    2  322    0 1163 2553  290   90  350  250    0   66  290    0   30   38    0 
   0  360    0    0    0    0    0    0    2  321    0 1163 2553  290   90  350  250    0   66  290    0   30   38    0 
   0  360    0    0    0    0    0    0    2  322    0 1163 2553  290   90  350  250    0   66  290    0   30   38    0 
   0  360    0    0    0    0    0    0    2  321    0 1163 2553  290   90  350  250    0   66  290    0   30   38    0 
   0  360    0    0    0    0    0    0    2  321    0 1163 2553  290   90  350  250    0   66  290    0   30   38    0 
   0  360    0    0    0    0    0    0    2  321    0 1163 2553  290   90  350  250    0   66  290    0   30   38    0 
   0  360    0    0    0    0    0    0    2  321    0 1163 2553  290   90  350  250    0   66  290    0   30   38    0 
   0  360    0    0    0    0    0    0    2  320    0 1163 2553  290   90  350  250    0   66  290    0   30   38    0 
   0  360    0    0    0    0    0    0    2  320    0 1163 2553  290   90  350  250    0   66  290    0   30   38    0 
   0  360    0    0    0    0    0    0    2  320    0 1163 2553  290   90  350  250    0   66  290    0   30   38    0 
   0  360    0    0    0    0    0    0    2  320    0 1163 2553  290   90  350  250    0   66  290    0   30   38    0 
   0  360    0    0    0    0    0    0    2  320    0 1163 2553  290   90  350  250    0   66  290    0   30   38    0 
   0  360    0    0    0    0    0    0    2  320    0 1163 2553  290   90  350  250    0   66  290    0   30   38    0 
   0  360    0    0    0    0    0    0    2  320    0 1163 2553  290   90  350  250    0   66  290    0   30   38    0 
   0  360    0    0    0    0    0    0    2  319    0 1163 2553  290   90  350  250    0   66  290    0   30   38    0 
   0  360    0    0    0    0    0    0    2  320    0 1163 2553  290   90  350  250    0   66  290    0   30   38    0 
   0  360    0    0    0    0    0    0    2  319    0 1163 2553  290   90  350  250    0   66  290    0   30   38    0 
   0  360    0    0    0    0    0    0    2  319    0 1163 2553  290   90  350  250    0   66  290    0   30   38    0 
   0  360    0    0    0    0    0    0    2  320    0 1163 2553  290   90  350  250    0   66  290    0   30   38    0 
   0  360    0    0    0    0    0    0    2  319    0 1163 2553  290   90  350  250    0   66  290    0   30   38    0 
   0  360    0    0    0    0    0    0    2  320    0 1163 2553  290   90  350  250    0   66  290    0   30   38    0 
   0  360    0    0    0    0    0    0    2  318    0 1163 2553  290   90  350  250    0   66  290    0   30   38    0 
   0  360    0    0    0    0    0    0    2  320    0 1163 2553  290   90  350  250    0   66  290    0   30   38    0 
   0  360    0    0    0    0    0    0    2  318    0 1163 2553  290   90  350  250    0   66  290    0   30   38    0 
   0  360    0    0    0    0    0    0    2  320    0 1163 2553  290   90  350  250    0   66  290    0   30   38    0 
   0  360    0    0    0    0    0    0    2  318    0 1163 2553  290   90  350  250    0   66  290    0   30   38    0 
   0  360    0    0    0    0    0    0    2  321    0 1163 2553  290  102  356  250    0   66  290    0   30   38    0 
   0  360    0    0    0    0    0    0    2  318    0 1163 2553  290  115  362  250    0   66  290    0   30   38    0 
   0  360    0    0    0    0    0    0    2  321    0 1163 2553  290  127  368  250    0   66  290    0   30   38    0 
   0  360    0    0    0    0    0    0    2  318    0 1163 2553  290  140  375  250    0   66  290    0   30   38    0 
   0  360    0    0    0    0    0    0    2  320    0 1163 2553  290  152  381  250    0   66  290    0   30   38    0 
   0  360    0    0    0    0    0    0    2  318    0 1163 2553  290  165  387  250    0   66  290    0   30   38    0 
   0  360    0    0    0    0    0    0    2  320    0 1163 2553  290  177  393  250    0   66  290    0   30   38    0 
