 AP   F1   A2   A3   A4   A5   A6   AB  TILT  T0   AV   F2   F3    FZ   B1   B2   B3       
   0  349    0    0    0    0    0    0    4  334    0 1785 2252  290  300  210  280    0    1  290    0   30   40    0 
   0  354    0    0    0    0    0    0    9  332    0 1749 2267  290  300  210  280   49   13  290    0   30   40    0 
   0  367    0    0    0    0    0    0    9  324    0 1745 2258  290  287  203  280   49   13  290    0   30   40    0 
   0  379    0    0    0    0    0    0    9  316    0 1741 2249  290  275  197  280   49   13  290    0   30   40    0 
   0  392    0    0    0    0    0    0    9  312    0 1737 2240  290  262  191  280   49   13  290    0   30   40    0 
   0  404    0    0    0    0    0    0    9  307    0 1734 2231  290  250  185  280   49   13  290    0   30   40    0 
   0  417    0    0    0    0    0    0    9  306    0 1730 2222  290  237  178  280   49   13  290    0   30   40    0 
   0  429    0    0    0    0    0    0    9  301    0 1726 2212  290  225  172  280   49   13  290    0   30   40    0 
   0  442    0    0    0    0    0    0    9  303    0 1722 2203  290  212  166  280   49   13  290    0   30   40    0 
   0  454    0    0    0    0    0    0    9  298    0 1718 2194  290  200  160  280   49   13  290    0   30   40    0 
   0  467    0    0    0    0    0    0    9  301    0 1714 2185  290  200  160  280   49   13  290    0   30   40    0 
   0  479    0    0    0    0    0    0    9  297    0 1710 2176  290  200  160  280   49   13  290    0   30   40    0 
   0  492   42    0    0   45    0    0    9  300    0 1706 2167  290  181  145  263   49   13  290    0   30   40    0 
   0  504   31    0    0   34    0    0    9  298    0 1703 2158  290  163  130  246   49   13  290    0   30   40    0 
  52  518   29    0    0   32    0    0    2  300    0 1699 2150  290  590  120  229    9   18  290    0   30   40    0 
  52  529   19    0    0   21    0    0    2  297    0 1647 2176  290  590  120  221    9   18  290    0   30   40    0 
  52  540    9    0    0   10    0    0    2  298    0 1594 2203  290  590  120  213    9   18  290    0   30   40    0 
  52  551    0    0    0    0    0    0    2  295    0 1542 2229  290  590  120  204    9   18  290    0   30   40    0 
   0  561    0    0    0    0    0    0    2  293   64 1481 2259  290  139   84  196    9   18  290    0   30   40    0 
   0  572    0    0    0    0    0    0    2  288   64 1421 2289  290  136   77  188    9   18  290    0   30   40    0 
   0  582    0    0    0    0    0    0    2  282   64 1360 2319  296  133   70  180    9   18  290    0   30   40    0 
   0  593    0    0    0    0    0    0    2  277   64 1300 2350  302  130   70  180    9   18  290    0   30   40    0 
   0  592    0    0    0    0    0    0    3  269   64 1239 2380  308  127   70  180    9   18  290    0   30   40    0 
   0  592    0    0    0    0    0    0    3  270   64 1179 2410  314  133   70  180    9   18  290    0   30   42    0 
   0  592    0    0    0    0    0    0    3  266   64 1171 2440  320  140   70  180    9   18  290    0   30   32    0 
   0  592    0    0    0    0    0    0    3  265   64 1163 2470  326  146   70  180    9   18  290    0   30   34    0 
   0  592    0    0    0    0    0    0    4  259   64 1163 2497  332  152   70  180    9   18  290    0   30   36    0 
   0  592    0    0    0    0    0    0    4  258   64 1140 2523  339  158   70  180    9   18  290    0   30   38    0 
   0  592    0    0    0    0    0    0    4  252   64 1118 2550  345  165   70  180    9   18  290    0   30   40    0 
   0  565    0    0    0    0    0    0    4  250   64 1095 2550  351  171   70  180    9   18  290    0   30   42    0 
   0  538    0    0    0    0    0    0    5  244   64 1073 2483  357  177   70  180    9   18  290    0   30   32    0 
   0  511    0    0    0    0    0    0    5  243   64 1051 2416  363  183   70  180    9   18  290    0   30   34    0 
   0  357    0    0    0    0    0    0    5  237   58 1028 2350  400   90  350  250   31   10  290    0   30   36    0 
   0  357    0    0    0    0    0    0    5  235   58 1052 2370  400   90  350  250   31   10  290    0   30   36    0 
   0  357    0    0    0    0    0    0    5  231   58 1076 2390  400   90  350  250   31   10  290    0   30   36    0 
   0  357    0    0    0    0    0    0    6  231   58 1100 2410  400   90  350  250   31   10  290    0   30   36    0 
   0  357    0    0    0    0    0    0    6  230   58 1124 2430  400   90  350  250   31   10  290    0   30   36    0 
   0  357    0    0    0    0    7    0    6  231   58 1148 2450  400   90  350  250   31   10  290    0   30   36    0 
   0  357    0    0    0    0   15    0    6  232   58 1172 2470  400   90  350  250   31   10  290    0   30   36    0 
   0  357    0    0    0    0   23    0    5  234   58 1196 2490  400   90  350  250   31   10  290    0   30   36    0 
   0  357    0    0    0    0   31    0    5  237   55 1220 2510  400   90  350  250   31   10  290    0   30   36    0 
   0  357    0    0    0    0   39    0    5  239   53 1244 2530  400   90  350  250   31   10  290    0   30   36    0 
  47  339    0    0    0    0   48    0   12  243    0 1267 2539  369  268  180  300   41   14  290    0   30   36    0 
  40  334    0    0    0    0   50    0   12  245    0 1292 2537  363  263  180  300   41   14  290    0   30   36    0 
  33  328    0    0    0    0   52    0   12  249    0 1316 2535  357  258  180  300   41   14  290    0   30   36    0 
  27  323    0    0    0    0   54    0   12  251    0 1341 2533  351  253  180  300   41   14  290    0   30   36    0 
  20  323    0    0    0    0   56    0   12  250    0 1365 2531  345  248  180  300   41   14  290    0   30   36    0 
  13  323    0    0    0    0   58    0   11  247    0 1390 2530  339  243  180  300   41   14  290    0   30   36    0 
   6  323    0    0    0    0   58    0   11  247    0 1390 2530  332  239  180  300   41   14  290    0   30   36    0 
   0  323    0    0    0    0   58    0   11  245    0 1390 2530  326  234  180  300   41   14  290    0   30   36    0 
   0  323    0    0    0    0   58    0   11  246    0 1390 2530  320  229  180  300   41   14  290    0   30   36    0 
   0  323    0    0    0    0   58    0   11  244    0 1390 2530  314  224  180  300   41   14  290    0   30   36    0 
   0  323    0    0    0    0   58    0   11  245    0 1363 2495  308  219  180  300   41   14  290    0   30   36    0 
   0  323    0    0    0    0   58    0   11  245    0 1337 2461  302  214  180  300   41   14  290    0   30   36    0 
   0  326    0    0    0    0   58    0   11  246    0 1311 2426  296  209  180  280   41   14  290    0   30   36    0 
   0  330    0    0    0    0   58    0   11  246    0 1285 2392  290  204  180  260   41   14  290    0   30   36    0 
   0  334    0    0    0    0    0    0   11  247    0 1276 2357  290  200  180  239   45   11  290    0   30   36    0 
   0  344    0    0    0    0    0    0   11  247    0 1305 2350  290  200  180  219   45   11  290    0   30   36    0 
   0  354    0    0    0    0    0    0   11  248    0 1334 2342  290  200  180  199   45   11  290    0   30   36    0 
   0  365    0    0    0    0    0    0   11  249    0 1363 2335  290  200  180  180   45   11  290    0   30   36    0 
   0  375    0    0    0    0    0    0   10  249    0 1391 2327  290  200  180  180   45   11  290    0   30   36    0 
   0  385    0    0    0    0    0    0   10  250    0 1420 2319  290  200  180  180   45   11  290    0   30   36    0 
   0  395    0    0    0    0    0    0   10  251    0 1449 2312  290  200  180  180   45   11  290    0   30   36    0 
   0  406    0    0    0    0    0    0   10  252    0 1478 2304  290  200  180  180   45   11  290    0   30   36    0 
   0  416    0    0    0    0    0    0   10  253    0 1506 2296  290  200  180  180   45   11  290    0   30   36    0 
   0  426    0    0    0    0    0    0   10  253    0 1535 2289  290  176  166  176   45   11  290    0   30   36    0 
   0  436    0    0    0    0   42   59   10  255    0 1564 2281  290  153  153  173   45   11  290    0   30   36    0 
  55  447    0    0    0    0   30   47    3  255    0 1594 2274  290  560  150  169    1   23  290    0   30   36    0 
  55  413    0    0    0    0   20   31    3  257    0 1697 2302  290  560  150  168    1   23  290    0   30   36    0 
   0  379    0    0    0    0   10   15    3  257   62 1800 2329  290   92  126  166    1   23  290    0   30   36    0 
   0  345    0    0    0    0    0    0    3  259   64 1903 2357  290   86  119  164    1   23  290    0   30   36    0 
   0  345    0    0    0    0    0    0    3  259   64 2006 2385  290   81  113  163    1   23  290    0   30   36    0 
   0  345    0    0    0    0    0    0    3  259   64 2006 2412  290   76  106  161    1   23  290    0   30   36    0 
   0  344    0    0    0    0    0    0    3  258   64 2009 2454  290   70  100  160    1   23  290    0   30   36    0 
   0  343    0    0    0    0    0    0    3  257   64 2012 2496  290   65  100  160    1   23  290    0   30   36    0 
   0  342    0    0    0    0    0    0    3  254   64 2016 2510  290   60  100  160    1   23  290    0   30   36    0 
   0  341    0    0    0    0    0    0    3  257   64 2019 2525  290   60  100  160    1   23  290    0   30   38    0 
   0  340    0    0    0    0    0    0    3  258   64 2022 2539  290   60  100  160    1   23  290    0   30   40    0 
   0  339    0    0    0    0    0    0    3  259   64 2026 2553  290   60  100  160    1   23  290    0   30   42    0 
   0  338    0    0    0    0    0    0    4  258   64 2029 2567  290   60  100  160    1   23  290    0   30   32    0 
   0  338    0    0    0    0    0    0    4  257   64 2033 2582  290   60  100  160    1   23  290    0   30   34    0 
   0  337    0    0    0    0    0    0    4  256   64 2036 2596  290   60  100  160    1   23  290    0   30   36    0 
   0  336    0    0    0    0    0    0    4  253   64 2039 2610  290   60  100  160    1   23  290    0   30   38    0 
   0  335    0    0    0    0    0    0    4  252   64 2043 2624  290   65  100  160    1   23  290    0   30   40    0 
   0  333    0    0    0    0    0    0    4  249   64 2046 2641  290   70  100  160    1   23  290    0   30   42    0 
   0  331    0    0    0    0    0    0    4  249   64 2049 2657  290   76  104  169    1   23  290    0   30   32    0 
   0  329    0    0    0    0    0    0    4  245   64 2046 2674  290   81  109  179    1   23  290    0   30   34    0 
   0  326    0    0    0    0    0    0    5  245   64 2042 2690  290   86  114  189    1   23  290    0   30   36    0 
   0  324    0    0    0    0    0    0    5  242   64 2039 2707  290   92  119  199    1   23  290    0   30   38    0 
   0  322    0    0    0    0    0    0    5  243   64 2035 2723  290   97  124  209    1   23  290    0   30   40    0 
   0  322    0    0    0    0    0    0   12  241    0 2032 2741  290  129  130  220   49   11  290    0   30   42    0 
   0  330    0    0    0    0    0    0   12  244    0 1935 2689  290  153  140  240   49   11  290    0   30   32    0 
   0  338    0    0    0    0    0    0   12  244    0 1839 2636  290  176  150  260   49   11  290    0   30   34    0 
   0  346    0    0    0    0    0    0   11  247    0 1742 2584  290  200  160  280   49   11  290    0   30   36    0 
   0  354    0    0    0    0    0    0   11  245    0 1645 2531  290  200  160  280   49   11  290    0   30   36    0 
   0  362    0    0    0    0    0    0   11  246    0 1548 2479  290  200  160  280   49   11  290    0   30   36    0 
   0  370    0    0    0    0    0    0   11  247    0 1451 2426  290  200  160  280   49   11  290    0   30   36    0 
   0  378    0    0    0    0    0    0   11  248    0 1354 2374  290  200  160  280   49   11  290    0   30   36    0 
   0  387    0    0    0    0    0    0   11  250    0 1257 2321  290  200  160  280   49   11  290    0   30   36    0 
   0  395   42    0   27   37    0    0   11  252    0 1160 2269  290  176  145  248   49   11  290    0   30   36    0 
   0  403   31    0   16   26    0    0   11  254    0 1064 2216  290  153  130  216   49   11  290    0   30   36    0 
  52  411   29    0   14   24    0    0    4  256    0  966 2163  290  560  120  184   24    6  290    0   30   36    0 
  52  394   19    0    9   16    0    0    4  259    0  961 2179  290  560  120  177   24    6  290    0   30   36    0 
  52  378    9    0    4    8    0    0    3  260    0  957 2196  290  560  120  169   24    6  290    0   30   36    0 
  52  361    0    0    0    0    0    0    3  264    0  953 2212  290  560  120  162   24    6  290    0   30   36    0 
  52  355    0    0    0    0    0    0    3  264    0  997 2236  290  560  120  154   24    6  290    0   30   36    0 
   0  349    0    0    0    0    0    0    3  268   56 1040 2260  290   66   89  147   24    6  290    0   30   36    0 
   0  343    0    0    0    0    0    0    3  268   57 1078 2281  290   60   85  139    2   11  290    0   30   36    0 
   0  360    0    0    0    0    0    0    3  275   58 1148 2291  290   60   87  148    2   11  290    0   30   36    0 
   0  377    0    0    0    0    0    0    3  277   59 1217 2302  290   60   90  156    2   11  290    0   30   38    0 
   0  403    0    0    0    0    0    0    3  282   59 1266 2315  290   60   92  164    2   11  290    0   30   40    0 
   0  430    0    0    0    0    0    0    3  283   60 1315 2328  290   66   95  173    2   11  290    0   30   42    0 
   0  432    0    0    0    0    0    0    3  288   61 1369 2389  290   73   97  181    2   11  290    0   30   32    0 
   0  434    0    0    0    0    0    0    3  289   61 1424 2449  290   80   99  186    2   11  290    0   30   34    0 
   0  419    0    0    0    0    0    0    3  292   61 1408 2499  290   87   98  183    2   11  290    0   30   36    0 
   0  404    0    0    0    0    0   10    3  293   61 1393 2549  290   94   97  179    2   11  290    0   30   38    0 
   0  389    0    0    0    0    0   20    4  296   58 1377 2599  290  101   96  176    2   11  290    0   30   40    0 
   0  374    0    0    0    0    0   30    5  297   56 1362 2649  290  108   95  173    2   11  290    0   30   42    0 
  47  360    0    0    0    0   30   30    6  299    0 1346 2699  290  129   94  169   39   14  290    0   30   32    0 
  40  371    0    0    0    0   30   30    7  301    0 1333 2662  290  153   93  163   39   14  290    0   30   34    0 
  33  381    0    0    0    0   30   30    8  301    0 1320 2624  290  176   91  156   39   14  290    0   30   36    0 
  27  392    0    0    0    0   30   30    9  303    0 1307 2586  290  200   90  150   39   14  290    0   30   38    0 
  20  392    0    0    0    0   30   30    9  299    0 1294 2548  290  200   90  150   39   14  290    0   30   38    0 
  13  392    0    0    0    0   30   30    9  299    0 1281 2511  290  200   90  150   39   14  290    0   30   38    0 
   6  392    0    0    0    0   30   30    9  296    0 1283 2511  290  200   90  150   39   14  290    0   30   38    0 
   0  392    0    0    0    0   30   30    9  297    0 1285 2511  290  200   90  150   39   14  290    0   30   38    0 
   0  392    0    0    0    0   30   30    9  334    0 1287 2511  290  200   90  150   39   14  290    0   30   38    0 
   8  392    0    0    0    0   30   30    9  363    0 1289 2511  290  200   90  150   39   14  290    0   30   38    0 
  17  392    0    0    0    0   30   30    9  391    0 1289 2549  290  200   90  150   39   14  290    0   30   38    0 
  25  392    0    0    0    0   30   30    8  430    0 1288 2587  290  200   90  150   39   14  290    0   30   38    0 
  34  387    0    0    0    0    0   45    7  472    0 1287 2625  290  181   86  154   39   14  290    0   30   38    0 
  43  382    0    0    0    0    0   31    6  530    0 1286 2663  290  163   83  159   39   14  290    0   30   38    0 
   0  376    0    0    0    0    0   36    5  597   53 1285 2702  290  164   79  165    9   29  290    0   30   38    0 
   0  408    0    0    0    0    0   29    4  528   56 1272 2682  290  154   78  167    9   29  290    0   30   38    0 
   0  439    0    0    0    0    0   22    3  470   58 1260 2663  290  145   76  170    9   29  290    0   30   38    0 
   0  471    0    0    0    0    0   14    2  424   61 1247 2643  290  136   74  172    9   29  290    0   30   38    0 
   0  502    0    0    0    0    0    7    2  384   62 1234 2624  290  127   73  175    9   29  290    0   30   38    0 
   0  534    0    0    0    0    0    0    2  357   63 1221 2604  290  117   71  177    9   29  290    0   30   40    0 
   0  565    0    0    0    0    0    0    3  333   64 1208 2585  290  108   70  180    9   29  290    0   30   42    0 
   0  597    0    0    0    0    0    0    3  310   64 1195 2565  290   99   70  180    9   29  290    0   30   32    0 
   0  596    0    0    0    0    0    0    3  293   64 1183 2546  290   90   70  180    9   29  290    0   30   34    0 
   0  596    0    0    0    0    0    0    3  296   64 1184 2546  290   90   70  180    9   29  290    0   30   36    0 
   0  595    0    0    0    0    0    0    3  300   64 1184 2546  290   90   70  180    9   29  290    0   30   38    0 
   0  595    0    0    0    0    0    0    2  306   64 1185 2547  290   90   70  180    9   29  290    0   30   40    0 
   0  595    0    0    0    0    0    0    2  313   64 1186 2547  290   90   70  180    9   29  290    0   30   42    0 
   0  594    0    0    0    0    0    0    2  323   64 1187 2547  290   90   70  180    9   29  290    0   30   32    0 
   0  594    0    0    0    0    0    0    2  331   64 1188 2547  290   90   70  180    9   29  290    0   30   34    0 
   0  594    0    0    0    0    0    0    1  344   64 1190 2548  290   90   70  180    9   29  290    0   30   36    0 
   0  593    0    0    0    0    0    0    1  353   64 1191 2548  290   90   70  180    9   29  290    0   30   38    0 
   0  593    0    0    0    0    0    0    1  367   64 1192 2548  290   90   70  180    9   29  290    0   30   40    0 
   0  592    0    0    0    0    0    0    1  378   64 1193 2548  290   90   70  180    9   29  290    0   30   42    0 
   0  592    0    0    0    0    0    0    0  393   64 1193 2548  290   90   70  180    9   29  290    0   30   32    0 
   0  592    0    0    0    0    0    0    0  405   64 1193 2555  290   90   70  180    9   29  290    0   30   34    0 
   0  592    0    0    0    0    0    0    0  420   64 1193 2563  290   90   70  180    9   29  290    0   30   36    0 
   0  592    0    0    0    0    0    0    0  432   64 1193 2571  290   99   70  180    9   29  290    0   30   38    0 
   0  592    0    0    0    0    0    0    0  447   64 1195 2579  290  108   70  180    9   29  290    0   30   40    0 
   0  565    0    0    0    0    0    0    0  460   64 1198 2587  290  117   79  189    9   29  290    0   30   42    0 
   0  538    0    0    0    0    0    0    0  474   64 1200 2595  290  127   88  199    9   29  290    0   30   32    0 
   0  511    0    0    0    0   11    0    0  490   64 1203 2603  290  136   97  209    9   29  290    0   30   34    0 
   0  485    0    0    0    0   23    0    1  500   61 1205 2611  290  145  106  219    9   29  290    0   30   36    0 
   0  458    0    0    0    0   35    0    2  516   59 1208 2618  290  154  115  229    9   29  290    0   30   38    0 
  47  433    0    0    0    0   47    0    3  522    0 1211 2629  290  144  124  240   41   22  290    0   30   40    0 
  40  413    0    0    0    0   49    0    4  539    0 1247 2613  290  163  143  260   41   22  290    0   30   42    0 
  33  393    0    0    0    0   51    0    5  541    0 1283 2597  290  181  161  280   41   22  290    0   30   32    0 
  27  374    0    0    0    0   53    0    6  558    0 1319 2581  290  200  180  300   41   22  290    0   30   34    0 
  20  374    0    0    0    0   55    0    7  542    0 1355 2565  290  200  180  300   41   22  290    0   30   34    0 
  13  374    0    0    0    0   57    0    7  546    0 1391 2550  290  200  180  300   41   22  290    0   30   34    0 
   6  374    0    0    0    0   57    0    7  534    0 1391 2550  290  200  180  300   41   22  290    0   30   34    0 
   0  374    0    0    0    0   57    0    7  539    0 1391 2550  290  200  180  300   41   22  290    0   30   34    0 
   0  374    0    0    0    0   57    0    7  528    0 1391 2550  290  200  180  300   41   22  290    0   30   34    0 
   0  374    0    0    0    0   57    0    7  535    0 1391 2550  290  200  180  300   41   22  290    0   30   34    0 
   0  374    0    0    0    0   57    0    7  527    0 1391 2550  290  200  180  300   41   22  290    0   30   34    0 
   0  374    0    0    0    0   57    0    7  533    0 1391 2550  290  200  180  300   41   22  290    0   30   34    0 
   0  374    0    0    0    0   57    0    7  527    0 1391 2550  290  200  180  300   41   22  290    0   30   34    0 
   0  374    0    0    0    0   57    0    7  531    0 1391 2550  290  200  180  300   41   22  290    0   30   34    0 
   0  374    0    0    0    0   57    0    7  530    0 1391 2550  290  200  180  300   41   22  290    0   30   34    0 
   0  374    0    0    0    0   57    0    7  531    0 1391 2550  290  212  186  300   41   22  290    0   30   34    0 
   0  374    0    0    0    0   57    0    7  534    0 1391 2550  290  225  192  300   41   22  290    0   30   34    0 
   0  374    0    0    0    0   57    0    7  534    0 1391 2550  290  237  198  300   41   22  290    0   30   34    0 
   0  374    0    0    0    0   57    0    7  541    0 1391 2550  290  250  205  300   41   22  290    0   30   34    0 
   0  374    0    0    0    0   57    0    7  536    0 1391 2550  290  262  211  300   41   22  290    0   30   34    0 
   0  374    0    0    0    0   52    0    7  548    0 1391 2550  290  275  217  300   41   22  290    0   30   34    0 
   0  374    0    0    0    0   48    0    7  542    0 1391 2550  290  287  223  300   41   22  290    0   30   34    0 
   0  372    0    0    0    0   42    0    7  553    0 1390 2548  290  300  230  300    0   66  290    0   30   34    0 
   0  371    0    0    0    0   38    0    5  539    0 1392 2548  290  287  223  300    0   66  290    0   30   34    0 
   0  369    0    0    0    0   34    0    3  544    0 1395 2548  290  275  217  300    0   66  290    0   30   34    0 
   0  368    0    0    0    0   31    0    1  527    0 1397 2548  290  262  211  300    0   66  290    0   30   34    0 
   0  367    0    0    0    0   27    0    0  527    0 1400 2549  290  250  205  300    0   66  290    0   30   34    0 
   0  365    0    0    0    0   23    0    0  516    0 1402 2549  290  237  198  300    0   66  290    0   30   34    0 
   0  364    0    0    0    0   19    0    0  518    0 1404 2549  290  225  192  300    0   66  290    0   30   34    0 
   0  362    0    0    0    0   15    0    0  503    0 1407 2549  290  212  186  300    0   66  290    0   30   34    0 
   0  361    0    0    0    0   11    0    0  500    0 1409 2550  290  200  180  300    0   66  290    0   30   34    0 
   0  360    0    0    0    0    7    0    0  485    0 1411 2550  290  200  180  300    0   66  290    0   30   34    0 
   0  358    0    0    0    0    3    0    0  477    0 1414 2550  290  200  180  300    0   66  290    0   30   34    0 
   0  357    0    0    0    0    0    0    0  463    0 1416 2550  290  200  180  300    0   66  290    0   30   34    0 
   0  356    0    0    0    0    0    0    0  451    0 1419 2551  290  200  180  300    0   66  290    0   30   34    0 
   0  354    0    0    0    0    0    0    0  441    0 1421 2551  290  200  180  300    0   66  290    0   30   34    0 
   0  353    0    0    0    0    0    0    0  429    0 1423 2551  290  200  180  300    0   66  290    0   30   34    0 
   0  351    0    0    0    0    0    0    0  421    0 1426 2551  290  200  180  300    0   66  290    0   30   34    0 
   0  350    0    0    0    0    0    0    0  409    0 1428 2552  290  200  180  300    0   66  290    0   30   34    0 
   0  349    0    0    0    0    0    0    0  404    0 1430 2552  290  200  180  300    0   66  290    0   30   34    0 
   0  347    0    0    0    0    0    0    0  393    0 1433 2552  290  200  180  300    0   66  290    0   30   34    0 
   0  346    0    0    0    0    0    0    0  389    0 1435 2552  290  200  180  300    0   66  290    0   30   34    0 
   0  345    0    0    0    0    0    0    1  379    0 1438 2553  290  200  180  300    0   66  290    0   30   34    0 
   0  345    0    0    0    0    0    0    1  377    0 1438 2553  290  200  180  300    0   66  290    0   30   34    0 
   0  345    0    0    0    0    0    0    1  369    0 1438 2553  290  200  180  300    0   66  290    0   30   34    0 
   0  345    0    0    0    0    0    0    1  367    0 1438 2553  290  200  180  300    0   66  290    0   30   34    0 
   0  345    0    0    0    0    0    0    1  360    0 1438 2553  290  200  180  300    0   66  290    0   30   34    0 
   0  345    0    0    0    0    0    0    1  358    0 1438 2553  290  200  180  300    0   66  290    0   30   34    0 
   0  345    0    0    0    0    0    0    1  354    0 1438 2553  290  200  180  300    0   66  290    0   30   34    0 
   0  345    0    0    0    0    0    0    1  352    0 1438 2553  290  200  180  300    0   66  290    0   30   34    0 
   0  345    0    0    0    0    0    0    1  349    0 1438 2553  290  200  180  300    0   66  290    0   30   34    0 
   0  345    0    0    0    0    0    0    1  346    0 1438 2553  290  200  180  300    0   66  290    0   30   34    0 
   0  345    0    0    0    0    0    0    1  343    0 1438 2553  290  200  180  300    0   66  290    0   30   34    0 
   0  345    0    0    0    0    0    0    1  342    0 1438 2553  290  200  180  300    0   66  290    0   30   34    0 
   0  345    0    0    0    0    0    0    1  340    0 1438 2553  290  200  180  300    0   66  290    0   30   34    0 
   0  345    0    0    0    0    0    0    1  338    0 1438 2553  290  200  180  300    0   66  290    0   30   34    0 
   0  345    0    0    0    0    0    0    2  337    0 1438 2553  290  200  180  300    0   66  290    0   30   34    0 
   0  345    0    0    0    0    0    0    2  336    0 1438 2553  290  200  180  300    0   66  290    0   30   34    0 
   0  345    0    0    0    0    0    0    2  335    0 1438 2553  290  200  180  300    0   66  290    0   30   34    0 
   0  345    0    0    0    0    0    0    2  334    0 1438 2553  290  200  180  300    0   66  290    0   30   34    0 
   0  345    0    0    0    0    0    0    2  333    0 1438 2553  290  200  180  300    0   66  290    0   30   34    0 
   0  345    0    0    0    0    0    0    2  333    0 1438 2553  290  200  180  300    0   66  290    0   30   34    0 
   0  345    0    0    0    0    0    0    2  331    0 1438 2553  290  200  180  300    0   66  290    0   30   34    0 
   0  345    0    0    0    0    0    0    2  331    0 1438 2553  290  200  180  300    0   66  290    0   30   34    0 
   0  345    0    0    0    0    0    0    2  330    0 1438 2553  290  200  180  300    0   66  290    0   30   34    0 
   0  345    0    0    0    0    0    0    2  330    0 1438 2553  290  200  180  300    0   66  290    0   30   34    0 
   0  345    0    0    0    0    0    0    2  329    0 1438 2553  290  200  180  300    0   66  290    0   30   34    0 
   0  345    0    0    0    0    0    0    2  330    0 1438 2553  290  200  180  300    0   66  290    0   30   34    0 
   0  345    0    0    0    0    0    0    2  328    0 1438 2553  290  200  180  300    0   66  290    0   30   34    0 
   0  345    0    0    0    0    0    0    2  329    0 1438 2553  290  200  180  300    0   66  290    0   30   34    0 
   0  345    0    0    0    0    0    0    2  327    0 1438 2553  290  200  180  300    0   66  290    0   30   34    0 
   0  345    0    0    0    0    0    0    2  328    0 1438 2553  290  200  180  300    0   66  290    0   30   34    0 
   0  345    0    0    0    0    0    0    2  327    0 1438 2553  290  200  180  300    0   66  290    0   30   34    0 
   0  345    0    0    0    0    0    0    2  327    0 1438 2553  290  200  180  300    0   66  290    0   30   34    0 
   0  345    0    0    0    0    0    0    2  327    0 1438 2553  290  200  180  300    0   66  290    0   30   34    0 
   0  345    0    0    0    0    0    0    2  326    0 1438 2553  290  200  180  300    0   66  290    0   30   34    0 
   0  345    0    0    0    0    0    0    2  327    0 1438 2553  290  200  180  300    0   66  290    0   30   34    0 
   0  345    0    0    0    0    0    0    2  326    0 1438 2553  290  200  180  300    0   66  290    0   30   34    0 
   0  345    0    0    0    0    0    0    2  328    0 1438 2553  290  200  180  300    0   66  290    0   30   34    0 
   0  345    0    0    0    0    0    0    2  325    0 1438 2553  290  200  180  300    0   66  290    0   30   34    0 
   0  345    0    0    0    0    0    0    2  328    0 1438 2553  290  200  180  300    0   66  290    0   30   34    0 
   0  345    0    0    0    0    0    0    2  324    0 1438 2553  290  212  186  300    0   66  290    0   30   34    0 
   0  345    0    0    0    0    0    0    2  328    0 1438 2553  290  225  192  300    0   66  290    0   30   34    0 
   0  345    0    0    0    0    0    0    2  324    0 1438 2553  290  237  198  300    0   66  290    0   30   34    0 
   0  345    0    0    0    0    0    0    2  328    0 1438 2553  290  250  205  300    0   66  290    0   30   34    0 
   0  345    0    0    0    0    0    0    2  324    0 1438 2553  290  262  211  300    0   66  290    0   30   34    0 
   0  345    0    0    0    0    0    0    2  327    0 1438 2553  290  275  217  300    0   66  290    0   30   34    0 
   0  345    0    0    0    0    0    0    2  324    0 1438 2553  290  287  223  300    0   66  290    0   30   34    0 
