 AP   F1   A2   A3   A4   A5   A6   AB  TILT  T0   AV   F2   F3    FZ   B1   B2   B3       
   0  351    0    0    0    0    0    0   22  343    0 1783 2252  290  300  210  280    0    1  290    0   30   34    0 
   0  368    0    0    0    0    0    0    9  339    0 1743 2274  290  300  210  280   49    2  290    0   30   34    0 
   0  469   36    0    0   39    0    0    9  328    0 1723 2212  290  230  180  272   49    2  290    0   30   34    0 
  55  571   29    0    0   32    0    0    2  318    0 1704 2150  290  620  190  265    6    4  290    0   30   34    0 
  55  558   19    0    0   21    0    0    2  309    0 1578 2270  310  620  190  261    6    4  290    0   30   34    0 
   0  544    9    0    0   10    0    0    3  301   62 1431 2328  330  216  145  257    6    4  290    0   30   34    0 
   0  530    0    0    0    0    0    0    3  293   64 1284 2387  350  218  142  253    6    4  290    0   30   34    0 
   0  394    0    0    0    0    0    0   19  285   58 1136 2445  400   90  350  250   31    6  290    0   30   34    0 
   0  394    0    0    0    0    0    0   19  278   58 1129 2467  400   90  350  250   31    6  290    0   30   34    0 
   0  394    0    0    0    0    0    0   20  271   59 1104 2420  400   90  350  250   31    6  290    0   30   34    0 
   0  394    0    0    0    0    0    0   20  265   59 1078 2373  400   90  350  250   31    6  290    0   30   34    0 
   0  394    0    0    0    0    0    0   20  259   59 1053 2327  400   90  350  250   31    6  290    0   30   34    0 
   0  394    0    0    0    0    0    0   20  374   54 1028 2280  400   90  350  250   31    6  290    0   30   36    0 
   0  532    0    0    0    0    0    0    5  396   57  979 2212  369  269  110  290    5    5  290    0   30   36    0 
   0  529    0    0    0    0    0    0    5  369   58 1128 2281  369  275  110  290    5    5  290    0   30   38    0 
   0  527    0    0    0    0    0    0    5  346   59 1444 2350  369  281  110  290    5    5  290    0   30   40    0 
   0  524    0    0    0    0    0    0    5  326   60 1593 2419  369  287  110  290    5    5  290    0   30   42    0 
   0  524    0    0    0    0    0    0    5  255   63 1602 2485  369  293  105  290    5    5  290    0   30   32    0 
   0  430    0    0    0    0    0    0    5  256   50 1510 2451  400  130  360  460   32    6  290    0   30   34    0 
   0  430    0    0    0    0    0    0    5  256   50 1496 2469  400  130  360  460   32    6  290    0   30   34    0 
   0  430    0    0    0    0    0    0    5  257   50 1481 2486  400  130  360  460   32    6  290    0   30   34    0 
   0  430    0    0    0    0    0    0    5  258   50 1467 2504  400  130  360  460   32    6  290    0   30   34    0 
   0  430    0    0    0    0    0    0    5  258   47 1452 2521  400  130  360  460   32    6  290    0   30   34    0 
   0  430    0    0    0    0    0    0    5  259   45 1438 2539  400  130  360  460   32    6  290    0   30   34    0 
   0  342    0    0   44    0   52    0   31  259    0 1449 2545  370  160  160  240   48    1  290    0   30   34    0 
   0  400    0    0   31    0   39    0    5  260   58 1615 2560  290   75  102  230    4    2  290    0   30   34    0 
   0  424    0    0   15    0   19    0    5  261   59 1440 2673  290   87   99  195    4    2  290    0   30   36    0 
   0  538    0    0    0    0    0    0    5  261   60 1060 2836  290   99   96  159   30    6  290    0   30   38    0 
   0  528    0    0    0    0    0    0    5  262   60 1043 2857  290  100   96  157   30    6  290    0   30   38    0 
   0  519    0    0    0    0    0    0    5  263   60 1026 2879  290  101   96  156   30    6  290    0   30   38    0 
   0  510    0    0    0    0    0    0    5  264   59 1009 2901  290  102   95  154   30    6  290    0   30   38    0 
   0  501    0    0    0    0    0    0    5  264   59  992 2923  290  103   95  152   30    6  290    0   30   38    0 
   0  512    0    0    0    0    0    0    5  389   54 1057 2877  290  103   94  151   30    6  290    0   30   38    0 
   0  523    0    0    0    0    0    0    5  421   56 1118 2832  290  105   95  150    3    4  290    0   30   38    0 
   0  528    0    0    0    0    0    0    5  393   57 1215 2806  290  114  118  168    3    4  290    0   30   40    0 
   0  480    0    0    0    0    0    0    5  369   59 1421 2773  290  124  142  187    3    4  290    0   30   42    0 
   0  432    0    0    0    0    0    0    5  268   64 1627 2740  290  133  166  206    3    4  290    0   30   32    0 
   0  383    0   13   44    0   31    0   12  269    0 1833 2706  290  134  190  224   54    3  290    0   30   34    0 
   0  366    0   38   43    0   30    0   12  269    0 1827 2705  290  133  190  218   54    3  290    0   30   36    0 
   0  349    0   34   42    0   29    0   12  398    0 1820 2704  290  131  190  211   54    3  290    0   30   38    0 
   0  333    0   29   41    0   28    0    5  429   53 1813 2702  290  102  189  204    1    3  290    0   30   40    0 
   0  334    0   19   27    0   19    0    5  394   56 1887 2646  290  102  169  209    1    3  290    0   30   40    0 
   0  328    0    9   13    0    9    0    5  266   62 1960 2693  290  102  149  214    1    3  290    0   30   40    0 
   0  323    0    0    0    0    0    0   11  265    0 2034 2742  290  130  130  220   49    2  290    0   30   40    0 
   0  367   36    0   21   31    0    0   11  264    0 1500 2453  290  130  122  202   49    2  290    0   30   40    0 
  55  411   29    0   14   24    0    0    4  265    0  966 2163  290  560  120  184   24    6  290    0   30   42    0 
  55  393   19    0    9   16    0    0    4  267    0  945 2185  290  560  120  177   24    6  290    0   30   32    0 
  55  375    9    0    4    8    0    0    4  265    0  925 2208  290  560  120  171   24    6  290    0   30   32    0 
  55  356    0    0    0    0    0    0    4  264    0  904 2230  290  560  120  164   24    6  290    0   30   32    0 
  55  341    0    0    0    0    0    0    4  264    0  880 2293  290  560  120  158   24    6  290    0   30   32    0 
   0  326    0    0    0    0    0    0    4  263   56  856 2357  290   78   85  151   24    6  290    0   30   32    0 
   0  311    0    0    0    0    0    0    4  263   56  852 2419  290   75   79  144   34    6  290    0   30   32    0 
   0  315    0    0    0    0    0    0    4  265   57  881 2471  290   78   85  162   34    6  290    0   30   32    0 
   0  318    0    0    0    0    0    0    4  267   57  911 2522  290   81   91  179   34    6  290    0   30   32    0 
   0  322    0    0    0    0   10    0    4  268   56  940 2574  290   84   97  197   34    6  290    0   30   32    0 
   0  325    0    0    0    0   20    0    5  269   55  970 2625  290   88  103  214   34    6  290    0   30   32    0 
   0  329    0    0    0    0   30    0    6  270   55 1000 2677  290   91  108  232   34    6  290    0   30   32    0 
   0  326    0    0    0    0   41    0    7  271   54 1024 2655  290   95  115  250   42    2  290    0   30   32    0 
   0  391    0    0    0    0   39    0    7  407   49 1183 2602  290  122  120  272   42    2  290    0   30   32    0 
   0  455    0    0    0    0   37    0    7  443   49 1341 2549  290  150  124  294    5    5  290    0   30   32    0 
   0  462    0    0    0    0   30    0    6  414   52 1366 2552  305  179  121  293    5    5  290    0   30   34    0 
   0  468    0    0    0    0   22    0    5  389   54 1536 2554  321  209  118  292    5    5  290    0   30   36    0 
   0  474    0    0    0    0   15    0    4  366   57 1561 2556  337  239  115  291    5    5  290    0   30   38    0 
   0  484    0    0    0    0    7    0    4  280   61 1586 2554  353  269  107  290    5    5  290    0   30   40    0 
   0  430    0    0    0    0    0    0    4  281   50 1510 2451  400  130  360  460   32    6  290    0   30   42    0 
   0  430    0    0    0    0    0    0    4  282   50 1496 2469  400  130  360  460   32    6  290    0   30   42    0 
   0  430    0    0    0    0    0    0    4  283   50 1481 2486  400  130  360  460   32    6  290    0   30   42    0 
   0  430    0    0    0    0    0    0    4  284   50 1467 2504  400  130  360  460   32    6  290    0   30   42    0 
   0  430    0    0    0    0    0    0    4  285   47 1452 2521  400  130  360  460   32    6  290    0   30   42    0 
   0  430    0    0    0    0    0    0    4  286   45 1438 2539  400  130  360  460   32    6  290    0   30   42    0 
   0  342    0    0   44    0   52    0   31  286    0 1458 2545  370  160  160  240   48    1  290    0   30   42    0 
   0  400    0    0   30    0   38    0    4  287   57 1712 2559  290   74  102  229    4    3  290    0   30   42    0 
   0  393    0    0   20    0   40    0    4  287   56 1662 2548  290   93  115  239    4    3  290    0   30   32    0 
   0  428    0    0   10    0   43    0    5  287   56 1499 2549  290  111  128  249    4    3  290    0   30   34    0 
  48  454    0    0    0    0   48    0    7  287    0 1336 2550  290  130  142  260   41    2  290    0   30   36    0 
  24  402    0    0    0    0   52    0    9  287    0 1379 2549  290  165  161  280   41    2  290    0   30   38    0 
   0  350    0    0    0    0   57    0   11  286    0 1440 2547  290  200  180  300   41    2  290    0   30   40    0 
  26  337    0    0    0    0   50    0    9  286    0 1512 2548  290  165  160  265   41    2  290    0   30   42    0 
   0  324    0    0    0    0   43    0    6  282   59 1583 2549  290  101  139  229    1    3  290    0   30   42    0 
   0  331    0    0    0    0   29    0    5  279   61 1734 2496  290   87  126  206    1    3  290    0   30   42    0 
   0  334    0    0    0    0   14    0    4  414   57 1917 2567  290   73  113  183    1    3  290    0   30   42    0 
   0  337    0    0    0    0    0    0    4  434   58 2100 2637  290   60  100  160    1    3  290    0   30   42    0 
   0  336    0    0    0    0    0    0    4  394   59 2088 2605  290   73  109  179    1    3  290    0   30   42    0 
   0  329    0    0    0    0    0    0    4  268   64 2061 2673  290   87  119  199    1    3  290    0   30   32    0 
   0  323    0    0    0    0    0    0   11  269    0 2034 2742  290  130  130  220   49    2  290    0   30   34    0 
   0  367   36    0   21   31    0    0   11  268    0 1500 2453  290  130  122  202   49    2  290    0   30   36    0 
  55  411   29    0   14   24    0    0    4  268    0  966 2163  290  560  120  184   24    6  290    0   30   38    0 
  55  393   19    0    9   16    0    0    4  268    0  945 2185  290  560  120  177   24    6  290    0   30   40    0 
  55  375    9    0    4    8    0    0    4  265    0  925 2208  290  560  120  171   24    6  290    0   30   40    0 
  55  356    0    0    0    0    0    0    4  263    0  904 2230  290  560  120  164   24    6  290    0   30   40    0 
  55  341    0    0    0    0    0    0    4  261    0  880 2293  290  560  120  158   24    6  290    0   30   40    0 
   0  326    0    0    0    0    0    0    5  260   56  856 2357  290   78   85  151   24    6  290    0   30   40    0 
   0  311    0    0    0    0    0    0    5  259   56  852 2419  290   75   79  144   34    6  290    0   30   40    0 
   0  315    0    0    0    0    0    0    5  260   57  881 2471  290   78   85  162   34    6  290    0   30   40    0 
   0  318    0    0    0    0    0    0    5  261   57  911 2522  290   81   91  179   34    6  290    0   30   40    0 
   0  322    0    0    0    0   10    0    5  262   56  940 2574  290   84   97  197   34    6  290    0   30   40    0 
   0  325    0    0    0    0   20    0    6  262   55  970 2625  290   88  103  214   34    6  290    0   30   40    0 
   0  329    0    0    0    0   30    0    7  263   55 1000 2677  290   91  108  232   34    6  290    0   30   40    0 
   0  326    0    0    0    0   41    0    8  264   54 1024 2655  290   95  115  250   42    2  290    0   30   40    0 
   0  412    0    0    0    0   39    0    8  265   53 1125 2642  290  102  127  262   42    2  290    0   30   40    0 
   0  497    0    0    0    0   37    0    8  267   53 1225 2629  290  109  140  274    6    6  290    0   30   40    0 
   0  537    0    0    0    0   30    0    7  269   55 1252 2629  303  127  149  270    6    6  290    0   30   42    0 
   0  579    0    0    0    0   22    0    5  272   56 1279 2628  316  146  159  266    6    6  290    0   30   32    0 
   0  563    0    0    0    0   15    0    4  274   57 1306 2626  329  164  169  262    6    6  290    0   30   34    0 
   0  547    0    0    0    0    7    0    4  277   58 1333 2624  343  183  179  258    6    6  290    0   30   36    0 
   0  531    0    0    0    0    0    0    4  280   60 1360 2622  356  201  189  254    6    6  290    0   30   38    0 
   0  472    0    0    0    0    0    0   20  283   51 1387 2620  400  130  300  460   32    6  290    0   30   40    0 
   0  472    0    0    0    0    0    0   20  286   51 1367 2598  400  130  300  460   32    6  290    0   30   40    0 
   0  472    0    0    0    0    0    0   20  289   51 1358 2564  400  130  300  460   32    6  290    0   30   40    0 
   0  472    0    0    0    0    0    0   20  292   51 1350 2530  400  130  300  460   32    6  290    0   30   40    0 
   0  472    0    0    0    0    0    0   20  295   51 1342 2496  400  130  300  460   32    6  290    0   30   40    0 
   0  472    0    0    0    0    0    0   20  465   46 1334 2463  400  130  300  460   32    6  290    0   30   40    0 
   0  494    0    0    0    0    0    0    3  513   57 1415 2551  369  269  110  290    5    5  290    0   30   40    0 
   0  495    0    0    0    0    0    0    3  476   58 1424 2551  369  275  110  290    5    5  290    0   30   42    0 
   0  496    0    0    0    0    0    0    3  442   59 1582 2551  369  281  110  290    5    5  290    0   30   32    0 
   0  497    0    0    0    0    0    0    3  412   60 1591 2551  369  287  110  290    5    5  290    0   30   34    0 
   0  495    0    0    0    0    0    0    3  305   63 1601 2551  369  293  105  290    5    5  290    0   30   36    0 
   0  430    0    0    0    0    0    0    3  306   50 1510 2451  400  130  360  460   32    6  290    0   30   38    0 
   0  430    0    0    0    0    0    0    3  306   50 1496 2469  400  130  360  460   32    6  290    0   30   38    0 
   0  430    0    0    0    0    0    0    3  306   50 1481 2486  400  130  360  460   32    6  290    0   30   38    0 
   0  430    0    0    0    0    0    0    3  306   50 1467 2504  400  130  360  460   32    6  290    0   30   38    0 
   0  430    0    0    0    0    0    0    3  306   47 1452 2521  400  130  360  460   32    6  290    0   30   38    0 
   0  430    0    0    0    0    0    0    3  306   45 1438 2539  400  130  360  460   32    6  290    0   30   38    0 
   0  342    0    0   44    0   52    0   31  305    0 1458 2545  370  160  160  240   48    1  290    0   30   38    0 
   0  400    0    0   30    0   38    0    3  305   57 1712 2559  290   74  102  229    4    3  290    0   30   38    0 
   0  404    0    0   20    0   25    0    3  304   59 1701 2557  316  103  103  226    4    3  290    0   30   40    0 
   0  453    0    0   10    0   12    0    3  303   61 1574 2564  343  131  104  223    4    3  290    0   30   42    0 
   0  429    0    0    0    0    0    0    3  302   50 1346 2471  400  130  360  460   32    6  290    0   30   32    0 
   0  429    0    0    0    0    0    0    3  301   50 1325 2448  400  130  360  460   32    6  290    0   30   32    0 
   0  429    0    0    0    0    0    0    3  300   50 1304 2424  400  130  360  460   32    6  290    0   30   32    0 
   0  429    0    0    0    0    0    0    3  300   50 1282 2400  400  130  360  460   32    6  290    0   30   32    0 
   0  429    0    0    0    0    0    0    4  299   47 1261 2376  400  130  360  460   32    6  290    0   30   32    0 
   0  429    0    0    0    0    0    0    4  299   45 1240 2352  400  130  360  460   32    6  290    0   30   32    0 
   0  328    0    0    0    0    0    0   31  298    0 1243 2329  370  160  140  130   46    2  290    0   30   32    0 
   0  289    0    0    0    0   38   54   31  298    0 1227 2039  330  117  115  137   46    2  290    0   30   32    0 
   0  249    0    0    0    0   26   42    4  298   58 1211 1749  290   74   89  145    1    3  290    0   30   32    0 
   0  274    0    0    0    0   17   28    4  297   60 1459 1994  290   83  103  169    1    3  290    0   30   34    0 
   0  298    0    0    0    0    8   14    4  295   62 1738 2368  290   92  116  194    1    3  290    0   30   36    0 
   0  323    0    0    0    0    0    0   11  293    0 2018 2742  290  130  130  220   49    2  290    0   30   38    0 
   0  363    0   35   44   37   26    0   11  291    0 2013 2637  290  132  142  242   49    2  290    0   30   40    0 
  52  404    0   28   37   30   19    0    4  289    0 2009 2532  290  570  200  265   16    4  290    0   30   42    0 
  52  370    0   19   25   20   13    0    4  288    0 2113 2571  290  570  200  265   16    4  290    0   30   32    0 
   0  364    0    9   12   10    6    0    4  281   62 1941 2611  290   84  133  265   16    4  290    0   30   32    0 
   0  358    0    0    0    0    0    0    4  276   64 1770 2537  290   74  109  225   16    4  290    0   30   32    0 
   0  351    0    0    0    0    0    0    4  272   64 1553 2349  290   64   85  145    1    3  290    0   30   32    0 
   0  347    0    0    0    0    0    0    4  268   64 1690 2395  290   77   99  169    1    3  290    0   30   32    0 
   0  334    0    0    0    0    0    0    4  265   64 1862 2568  290   90  114  194    1    3  290    0   30   32    0 
   0  323    0    0    0    0    0    0   11  263    0 2034 2742  290  130  130  220   49    2  290    0   30   32    0 
   0  367   36    0   21   31    0    0   11  260    0 1500 2453  290  130  122  202   49    2  290    0   30   32    0 
  55  411   29    0   14   24    0    0    4  262    0  966 2163  290  560  120  184   24    6  290    0   30   34    0 
  55  393   19    0    9   16    0    0    4  264    0  945 2185  290  560  120  177   24    6  290    0   30   36    0 
  55  375    9    0    4    8    0    0    4  262    0  925 2208  290  560  120  171   24    6  290    0   30   36    0 
  55  356    0    0    0    0    0    0    4  261    0  904 2230  290  560  120  164   24    6  290    0   30   36    0 
  55  341    0    0    0    0    0    0    4  260    0  880 2293  290  560  120  158   24    6  290    0   30   36    0 
   0  326    0    0    0    0    0    0    4  259   56  856 2357  290   78   85  151   24    6  290    0   30   36    0 
   0  311    0    0    0    0    0    0    4  258   56  852 2419  290   75   79  144   34    6  290    0   30   36    0 
   0  315    0    0    0    0    0    0    5  259   57  881 2471  290   78   85  162   34    6  290    0   30   36    0 
   0  318    0    0    0    0    0    0    5  260   57  911 2522  290   81   91  179   34    6  290    0   30   36    0 
   0  322    0    0    0    0   10    0    5  261   56  940 2574  290   84   97  197   34    6  290    0   30   36    0 
   0  325    0    0    0    0   21    0    6  261   55  970 2625  290   88  103  214   34    6  290    0   30   36    0 
   0  329    0    0    0    0   31    0    7  262   55 1000 2677  290   91  108  232   34    6  290    0   30   36    0 
   0  326    0    0    0    0   42    0    8  263   54 1024 2655  290   95  115  250   42    2  290    0   30   36    0 
   0  330    0    0    0    0   47    0   10  264   51 1250 2631  290  117  130  262   42    2  290    0   30   36    0 
   0  342    0    0    0    0    0    0   12  266    0 1484 2604  290  150  145  275   47    2  290    0   30   36    0 
   0  441    0    0   39    0   48    0   12  268    0 1616 2604  290  140  136  255   47    2  290    0   30   36    0 
  55  540    0    0   32    0   36    0    5  270    0 1747 2604  290  560  155  234    4    3  290    0   30   36    0 
   0  501    0    0   21    0   24    0    5  272   59 1731 2587  316  141  119  229    4    3  290    0   30   36    0 
   0  502    0    0   10    0   12    0    4  269   61 1594 2579  343  150  112  224    4    3  290    0   30   36    0 
   0  464    0    0    0    0    0    0   20  266   51 1357 2471  400  130  300  460   32    6  290    0   30   36    0 
   0  464    0    0    0    0    0    0   20  264   51 1359 2477  400  130  300  460   32    6  290    0   30   36    0 
   0  464    0    0    0    0    0    0   20  262   51 1364 2473  400  130  300  460   32    6  290    0   30   36    0 
   0  464    0    0    0    0    0    0   20  261   51 1369 2469  400  130  300  460   32    6  290    0   30   36    0 
   0  464    0    0    0    0    0    0   20  260   51 1373 2465  400  130  300  460   32    6  290    0   30   36    0 
   0  464    0    0    0    0    0    0   20  376   46 1378 2461  400  130  300  460   32    6  290    0   30   36    0 
   0  495    0    0    0    0    0    0    4  412   57 1475 2551  369  269  110  290    5    5  290    0   30   38    0 
   0  495    0    0    0    0    0    0    4  392   58 1473 2551  369  275  110  290    5    5  290    0   30   38    0 
   0  496    0    0    0    0    0    0    4  373   59 1616 2551  369  281  110  290    5    5  290    0   30   40    0 
   0  496    0    0    0    0    0    0    4  355   60 1614 2551  369  287  110  290    5    5  290    0   30   42    0 
   0  495    0    0    0    0    0    0    4  275   63 1612 2551  369  293  105  290    5    5  290    0   30   32    0 
   0  430    0    0    0    0    0    0    4  277   50 1510 2451  400  130  360  460   32    6  290    0   30   34    0 
   0  430    0    0    0    0    0    0    4  279   50 1496 2469  400  130  360  460   32    6  290    0   30   34    0 
   0  430    0    0    0    0    0    0    4  280   50 1481 2486  400  130  360  460   32    6  290    0   30   34    0 
   0  430    0    0    0    0    0    0    4  282   50 1467 2504  400  130  360  460   32    6  290    0   30   34    0 
   0  430    0    0    0    0    0    0    4  283   47 1452 2521  400  130  360  460   32    6  290    0   30   34    0 
   0  430    0    0    0    0    0    0    4  284   45 1438 2539  400  130  360  460   32    6  290    0   30   34    0 
   0  333    0    0    0    0    0    0   31  285    0 1419 2532  370 1000 1000 1500   48    1  290    0   30   34    0 
   0  290    0    0    0    0    0    0   11  286    0 1302 2373  290  145  140  210   45    2  290    0   30   34    0 
   0  369    0    0   21    0   37   54   11  286    0 1448 2324  290  137  140  190   45    2  290    0   30   34    0 
  55  447    0    0    0    0   30   47    4  286    0 1593 2274  290  560  150  169    1    3  290    0   30   34    0 
   0  394    0    0    0    0   20   31    4  287   60 1678 2333  290   90  138  181    1    3  290    0   30   34    0 
   0  331    0    0    0    0   10   15    4  282   62 1791 2544  290   77  136  193    1    3  290    0   30   34    0 
   0  267    0   12   31    0   31    0   31  277    0 1903 2754  290   64  134  205   55    3  290    0   30   34    0 
   0  269    0   37   30    0   30    0   31  273    0 1881 2737  290   64  134  205   55    3  290    0   30   34    0 
   0  271    0   33   29    0   29    0   31  271   30 1859 2720  290   64  134  205   55    3  290    0   30   34    0 
   0  272    0   28   28    0   28    0    4  268   59 1836 2702  290   64  134  204    1    3  290    0   30   34    0 
   0  296    0   19   19    0   19    0    4  266   61 1913 2603  290   63  123  189    1    3  290    0   30   34    0 
   0  316    0    9    9    0    9    0    4  387   57 2006 2620  290   61  111  174    1    3  290    0   30   34    0 
   0  337    0    0    0    0    0    0    4  423   58 2100 2637  290   60  100  160    1    3  290    0   30   36    0 
   0  336    0    0    0    0    0    0    4  400   59 2088 2605  290   73  109  179    1    3  290    0   30   36    0 
   0  329    0    0    0    0    0    0    4  272   64 2061 2673  290   87  119  199    1    3  290    0   30   38    0 
   0  323    0    0    0    0    0    0   11  273    0 2034 2742  290  130  130  220   49    2  290    0   30   40    0 
   0  367   36    0   21   31    0    0   11  274    0 1500 2453  290  130  122  202   49    2  290    0   30   42    0 
  55  411   29    0   14   24    0    0    4  275    0  966 2163  290  560  120  184   24    6  290    0   30   32    0 
  55  393   19    0    9   16    0    0    4  275    0  945 2185  290  560  120  177   24    6  290    0   30   34    0 
  55  375    9    0    4    8    0    0    4  273    0  925 2208  290  560  120  171   24    6  290    0   30   34    0 
  55  356    0    0    0    0    0    0    4  272    0  904 2230  290  560  120  164   24    6  290    0   30   34    0 
  55  341    0    0    0    0    0    0    4  271    0  880 2293  290  560  120  158   24    6  290    0   30   34    0 
   0  326    0    0    0    0    0    0    4  270   56  856 2357  290   78   85  151   24    6  290    0   30   34    0 
   0  311    0    0    0    0    0    0    4  270   56  852 2419  290   75   79  144   34    6  290    0   30   34    0 
   0  315    0    0    0    0    0    0    4  272   57  881 2471  290   78   85  162   34    6  290    0   30   34    0 
   0  318    0    0    0    0    0    0    4  273   57  911 2522  290   81   91  179   34    6  290    0   30   34    0 
   0  322    0    0    0    0   10    0    4  275   56  940 2574  290   84   97  197   34    6  290    0   30   34    0 
   0  325    0    0    0    0   21    0    5  276   55  970 2625  290   88  103  214   34    6  290    0   30   34    0 
   0  329    0    0    0    0   31    0    6  277   55 1000 2677  290   91  108  232   34    6  290    0   30   34    0 
   0  326    0    0    0    0   42    0    7  278   54 1024 2655  290   95  115  250   42    2  290    0   30   34    0 
   0  330    0    0    0    0   47    0    9  280   51 1120 2520  290  117  137  245   42    2  290    0   30   34    0 
   0  336    0    0    0    0    0    0   11  282    0 1236 2384  290  150  160  240   45    2  290    0   30   34    0 
   0  392    0    0    0    0   44   54   11  284    0 1415 2329  290  140  150  205   45    2  290    0   30   34    0 
  52  447    0    0    0    0   30   47    4  285    0 1593 2274  290  560  150  169    1    3  290    0   30   34    0 
   0  449    0    0    0    0   20   31    4  286   59 1679 2301  290   88  127  176    1    3  290    0   30   34    0 
   0  457    0    0    0    0   10   15    4  282   61 1793 2469  290   74  114  183    1    3  290    0   30   34    0 
   0  464    0    0    0    0    0    0    4  278   63 1907 2637  290   60  102  190    4    3  290    0   30   34    0 
   0  439    0    0    0    0   15    0    4  274   60 1812 2606  290   83  115  213    4    3  290    0   30   34    0 
   0  451    0    0    0    0   31    0    5  272   58 1577 2578  290  107  128  236    4    3  290    0   30   34    0 
  47  453    0    0    0    0   46    0    6  270    0 1342 2549  290  129  141  259   41    3  290    0   30   34    0 
  48  454    0    0    0    0   45    0    6  269    0 1344 2549  290  153  142  271   41    3  290    0   30   34    0 
  49  455    0    0    0    0   44    0    6  395    0 1346 2549  290  176  143  283   41    3  290    0   30   34    0 
   0  455    0    0    0    0   43    0    7  436   52 1348 2549  290  280  144  294    5    6  290    0   30   36    0 
   0  487    0    0    0    0   35    0    6  413   55 1377 2550  303  283  138  293    5    6  290    0   30   38    0 
   0  488    0    0    0    0   26    0    5  386   57 1535 2551  316  286  133  293    5    6  290    0   30   38    0 
   0  489    0    0    0    0   17    0    4  362   60 1554 2552  329  290  127  292    5    6  290    0   30   38    0 
   0  490    0    0    0    0    8    0    4  342   61 1573 2552  343  293  118  291    5    6  290    0   30   38    0 
   0  492    0    0    0    0    0    0    4  281   63 1591 2551  356  296  109  290    5    6  290    0   30   40    0 
   0  430    0    0    0    0    0    0    4  284   50 1510 2451  400  130  360  460   32    6  290    0   30   42    0 
   0  430    0    0    0    0    0    0    3  287   50 1496 2469  400  130  360  460   32    6  290    0   30   42    0 
   0  430    0    0    0    0    0    0    3  290   50 1481 2486  400  130  360  460   32    6  290    0   30   42    0 
   0  430    0    0    0    0    0    0    3  292   50 1467 2504  400  130  360  460   32    6  290    0   30   42    0 
   0  430    0    0    0    0    0    0    3  294   47 1452 2521  400  130  360  460   32    6  290    0   30   42    0 
   0  430    0    0    0    0    0    0    3  296   45 1438 2539  400  130  360  460   32    6  290    0   30   42    0 
   0  333    0    0    0    0    0    0   31  298    0 1451 2548  370 1000 1000 1500   48    2  290    0   30   42    0 
   0  310    0    0    0    0    0    0   31  299    0 1498 2571  330 1000 1000 1500   48    2  290    0   30   42    0 
   0  289    0    0    0    0    0    0   10  301    0 1534 2565  290  145  125  245   47    2  290    0   30   42    0 
   0  358   26   30   42    0   43    0   10  303    0 1382 2202  290  140  120  207   47    2  290    0   30   42    0 
  55  427   19   23   32    0   36    0    3  306    0 1230 1839  290  570  130  169   26    6  290    0   30   42    0 
  55  415   13   15   21    0   24    0    3  309    0 1205 1780  290  570  130  172   26    6  290    0   30   42    0 
  55  403    6    7   10    0   12    0    3  306    0 1180 1721  290  570  130  176   26    6  290    0   30   42    0 
  55  391    0    0    0    0    0    0    3  304    0 1155 1662  290  570  130  179   26    6  290    0   30   42    0 
  55  403    0    0    0    0    0    0    3  303    0 1164 1666  290  570  130  183   26    6  290    0   30   42    0 
   0  415    0    0    0    0    0    0    3  303   63 1173 1669  290  131   97  186   26    6  290    0   30   42    0 
   0  428    0    0    0    0    0    0    3  302   63 1182 1671  290  135   95  190    5    4  290    0   30   42    0 
   0  442    0    0    0    0    0    0    2  301   63 1245 1850  310  176   98  215    5    4  290    0   30   42    0 
   0  457    0    0    0    0    0    0    2  299   63 1309 2030  330  217  102  240    5    4  290    0   30   42    0 
   0  476    0    0    0    0    0    0    2  303   63 1430 2261  350  258  101  265    5    4  290    0   30   42    0 
   0  435    0    0    0    0    0    0    2  306   50 1510 2391  400  130  360  460   32    6  290    0   30   32    0 
   0  435    0    0    0    0    6    0    3  308   49 1488 2419  400  130  360  460   32    6  290    0   30   32    0 
   0  435    0    0    0    0   13    0    3  310   49 1466 2448  400  130  360  460   32    6  290    0   30   32    0 
   0  435    0    0    0    0   20    0    3  310   49 1444 2476  400  130  360  460   32    6  290    0   30   32    0 
   0  435    0    0    0    0   27    0    3  311   49 1422 2504  400  130  360  460   32    6  290    0   30   32    0 
   0  435    0    0    0    0   34    0    3  310   48 1400 2532  400  130  360  460   32    6  290    0   30   32    0 
   0  365    0    0    0    0   52    0   10  310   49 1364 2556  370  170  200  300   42    1  290    0   30   32    0 
   0  321    0    0    0    0   38    0    6  309   54 1023 2704  290   84  101  209   27    6  290    0   30   32    0 
   0  327    0    0    0    0   31    0    5  307   55 1012 2735  290   81   98  201   27    6  290    0   30   32    0 
   0  333    0    0    0    0   23    0    4  305   56 1000 2767  290   79   95  192   27    6  290    0   30   32    0 
   0  338    0    0    0    0   15    0    3  303   57  988 2798  290   77   91  184   27    6  290    0   30   32    0 
   0  362    0    0    0    0    7    0    3  301   58 1017 2801  290   74   88  176   27    6  290    0   30   32    0 
   0  386    0    0    0    0    0    0    3  299   59 1046 2804  290   72   84  168   27    6  290    0   30   32    0 
   0  490    0    0    0    0    0    0    4  297   59 1069 2807  290   70   82  159    3    6  290    0   30   32    0 
   0  496    0    0    0    0    0    0    4  296   60 1110 2743  290   81   85  163    3    6  290    0   30   34    0 
   0  473    0    0    0    0    0    0    4  296   60 1207 2666  290   93   88  168    3    6  290    0   30   36    0 
   0  450    0    0    0    0    0    0    4  296   60 1305 2590  290  105   91  172    3    6  290    0   30   38    0 
   0  427    0    0    0    0    0    0    3  297   60 1402 2513  290  117   94  176    3    6  290    0   30   40    0 
   0  403    0    0    0    0    0    0    3  297   61 1500 2437  290  128   97  180    3    6  290    0   30   42    0 
   0  364    0    0    0    0    0    0   10  298   55 1583 2416  290   80  100  185   56    1  290    0   30   32    0 
   0  322    0    0    0    0    0    0    3  299   55 1748 2408  290  101  100  164    1    3  290    0   30   34    0 
   0  325    0    0    0    0    0    0    3  298   58 1832 2438  290  101  109  183    1    3  290    0   30   36    0 
   0  324    0    0    0    0    0    0    3  298   61 1933 2590  290  101  119  201    1    3  290    0   30   38    0 
   0  323    0    0    0    0    0    0   10  298    0 2034 2742  290  130  130  220   49    2  290    0   30   38    0 
   0  367   36    0   21   31    0    0   10  297    0 1500 2453  290  130  122  202   49    2  290    0   30   38    0 
  55  411   29    0   14   24    0    0    3  295    0  966 2163  290  560  120  184   24    6  290    0   30   40    0 
  55  393   19    0    9   16    0    0    4  294    0  945 2185  290  560  120  177   24    6  290    0   30   42    0 
  55  375    9    0    4    8    0    0    4  289    0  925 2208  290  560  120  171   24    6  290    0   30   42    0 
  55  356    0    0    0    0    0    0    4  286    0  904 2230  290  560  120  164   24    6  290    0   30   42    0 
  55  341    0    0    0    0    0    0    4  283    0  880 2293  290  560  120  158   24    6  290    0   30   42    0 
   0  326    0    0    0    0    0    0    4  281   56  856 2357  290   78   85  151   24    6  290    0   30   42    0 
   0  311    0    0    0    0    0    0    4  278   56  852 2419  290   75   79  144   34    6  290    0   30   42    0 
   0  315    0    0    0    0    0    0    4  279   57  881 2471  290   78   85  162   34    6  290    0   30   42    0 
   0  318    0    0    0    0    0    0    4  279   57  911 2522  290   81   91  179   34    6  290    0   30   42    0 
   0  322    0    0    0    0   10    0    4  280   56  940 2574  290   84   97  197   34    6  290    0   30   42    0 
   0  325    0    0    0    0   20    0    5  280   55  970 2625  290   88  103  214   34    6  290    0   30   42    0 
   0  329    0    0    0    0   30    0    6  280   55 1000 2677  290   91  108  232   34    6  290    0   30   42    0 
   0  326    0    0    0    0   41    0    7  280   54 1024 2655  290   95  115  250   42    2  290    0   30   42    0 
   0  412    0    0    0    0   39    0    7  281   53 1125 2642  290  102  127  262   42    2  290    0   30   42    0 
   0  497    0    0    0    0   37    0    7  283   53 1225 2629  290  109  140  274    6    6  290    0   30   42    0 
   0  537    0    0    0    0   30    0    6  285   55 1252 2629  303  127  149  270    6    6  290    0   30   32    0 
   0  579    0    0    0    0   22    0    5  287   56 1279 2628  316  146  159  266    6    6  290    0   30   34    0 
   0  563    0    0    0    0   15    0    4  289   57 1306 2626  329  164  169  262    6    6  290    0   30   36    0 
   0  547    0    0    0    0    7    0    4  292   58 1333 2624  343  183  179  258    6    6  290    0   30   38    0 
   0  531    0    0    0    0    0    0    4  295   60 1360 2622  356  201  189  254    6    6  290    0   30   40    0 
   0  472    0    0    0    0    0    0   19  298   50 1387 2620  400  130  300  460   32    6  290    0   30   42    0 
   0  472    0    0    0    0    0    0   19  301   50 1367 2598  400  130  300  460   32    6  290    0   30   42    0 
   0  472    0    0    0    0    0    0   19  304   50 1358 2564  400  130  300  460   32    6  290    0   30   42    0 
   0  472    0    0    0    0    0    0   19  307   50 1350 2530  400  130  300  460   32    6  290    0   30   42    0 
   0  472    0    0    0    0    0    0   19  310   50 1342 2496  400  130  300  460   32    6  290    0   30   42    0 
   0  472    0    0    0    0    0    0   19  501   45 1334 2463  400  130  300  460   32    6  290    0   30   42    0 
   0  494    0    0    0    0    0    0    3  557   57 1415 2551  369  269  110  290    5    5  290    0   30   42    0 
   0  495    0    0    0    0    0    0    3  513   58 1424 2551  369  275  110  290    5    5  290    0   30   32    0 
   0  496    0    0    0    0    0    0    3  474   59 1582 2551  369  281  110  290    5    5  290    0   30   34    0 
   0  497    0    0    0    0    0    0    3  440   60 1591 2551  369  287  110  290    5    5  290    0   30   36    0 
   0  495    0    0    0    0    0    0    3  321   63 1601 2551  369  293  105  290    5    5  290    0   30   38    0 
   0  430    0    0    0    0    0    0    3  321   50 1510 2451  400  130  360  460   32    6  290    0   30   40    0 
   0  430    0    0    0    0    0    0    3  322   50 1496 2469  400  130  360  460   32    6  290    0   30   40    0 
   0  430    0    0    0    0    0    0    3  322   50 1481 2486  400  130  360  460   32    6  290    0   30   40    0 
   0  430    0    0    0    0    0    0    3  323   50 1467 2504  400  130  360  460   32    6  290    0   30   40    0 
   0  430    0    0    0    0    0    0    3  323   47 1452 2521  400  130  360  460   32    6  290    0   30   40    0 
   0  430    0    0    0    0    0    0    3  323   45 1438 2539  400  130  360  460   32    6  290    0   30   40    0 
   0  342    0    0   44    0   52    0   31  323    0 1458 2545  370  160  160  240   48    1  290    0   30   40    0 
   0  400    0    0   30    0   38    0    3  322   57 1712 2559  290   74  102  229    4    3  290    0   30   40    0 
   0  393    0    0   20    0   40    0    3  321   56 1662 2548  290   93  115  239    4    3  290    0   30   42    0 
   0  428    0    0   10    0   43    0    4  318   56 1499 2549  290  111  128  249    4    3  290    0   30   32    0 
  48  454    0    0    0    0   48    0    6  316    0 1336 2550  290  130  142  260   41    2  290    0   30   34    0 
  24  375    0    0    0    0   53    0    8  313    0 1296 2451  290  137  136  237   41    2  290    0   30   36    0 
   0  296    0    0    0    0    0    0   31  310    0 1275 2351  290  118  130  215   46    2  290    0   30   38    0 
   0  273    0    0    0    0   42   49   31  307    0 1243 2050  290   96  110  180   46    2  290    0   30   40    0 
   0  249    0    0    0    0   26   42    3  301   58 1211 1749  290   74   89  145    1    3  290    0   30   40    0 
   0  279    0    0    0    0   17   28    3  296   60 1476 1951  290   69   93  150    1    3  290    0   30   40    0 
   0  307    0    0    0    0    8   14    3  449   57 1788 2294  290   64   96  155    1    3  290    0   30   40    0 
   0  337    0    0    0    0    0    0    3  487   58 2100 2637  290   60  100  160    1    3  290    0   30   40    0 
   0  336    0    0    0    0    0    0    4  447   59 2088 2605  290   73  109  179    1    3  290    0   30   42    0 
   0  329    0    0    0    0    0    0    4  289   64 2061 2673  290   87  119  199    1    3  290    0   30   32    0 
   0  323    0    0    0    0    0    0   11  288    0 2034 2742  290  130  130  220   49    2  290    0   30   34    0 
   0  367   36    0   21   31    0    0   11  287    0 1500 2453  290  130  122  202   49    2  290    0   30   36    0 
  55  411   29    0   14   24    0    0    4  285    0  966 2163  290  560  120  184   24    6  290    0   30   38    0 
  55  393   19    0    9   16    0    0    4  284    0  945 2185  290  560  120  177   24    6  290    0   30   40    0 
  55  375    9    0    4    8    0    0    4  281    0  925 2208  290  560  120  171   24    6  290    0   30   40    0 
  55  356    0    0    0    0    0    0    4  278    0  904 2230  290  560  120  164   24    6  290    0   30   40    0 
  55  341    0    0    0    0    0    0    4  276    0  880 2293  290  560  120  158   24    6  290    0   30   40    0 
   0  326    0    0    0    0    0    0    4  275   56  856 2357  290   78   85  151   24    6  290    0   30   40    0 
   0  311    0    0    0    0    0    0    4  274   56  852 2419  290   75   79  144   34    6  290    0   30   40    0 
   0  315    0    0    0    0    0    0    4  275   57  881 2471  290   78   85  162   34    6  290    0   30   40    0 
   0  318    0    0    0    0    0    0    4  276   57  911 2522  290   81   91  179   34    6  290    0   30   40    0 
   0  322    0    0    0    0   10    0    4  277   56  940 2574  290   84   97  197   34    6  290    0   30   40    0 
   0  325    0    0    0    0   20    0    5  278   55  970 2625  290   88  103  214   34    6  290    0   30   40    0 
   0  329    0    0    0    0   30    0    6  279   55 1000 2677  290   91  108  232   34    6  290    0   30   40    0 
   0  326    0    0    0    0   41    0    7  280   54 1024 2655  290   95  115  250   42    2  290    0   30   40    0 
   0  376    0    0    0    0   39    0    7  281   53 1216 2602  290   87  118  255   42    2  290    0   30   40    0 
   0  425    0    0    0    0   37    0    7  283   54 1408 2549  290   79  121  259    4    6  290    0   30   40    0 
   0  450    0    0    0    0   30    0    6  285   55 1483 2550  303   92  118  253    4    6  290    0   30   42    0 
   0  464    0    0    0    0   22    0    5  287   56 1546 2551  316  106  116  246    4    6  290    0   30   32    0 
   0  479    0    0    0    0   15    0    4  290   57 1553 2552  329  119  113  239    4    6  290    0   30   34    0 
   0  493    0    0    0    0    7    0    4  293   58 1561 2558  343  133  110  233    4    6  290    0   30   36    0 
   0  508    0    0    0    0    0    0    3  295   59 1569 2564  356  146  107  226    4    6  290    0   30   38    0 
   0  439    0    0    0    0    0    0   29  298   53 1477 2471  400  130  300  460   32    6  290    0   30   40    0 
   0  439    0    0    0    0    0    0   29  300   53 1448 2477  400  130  300  460   32    6  290    0   30   40    0 
   0  439    0    0    0    0    0    0   29  303   53 1500 2475  400  130  300  460   32    6  290    0   30   40    0 
   0  439    0    0    0    0    0    0   29  306   53 1552 2472  400  130  300  460   32    6  290    0   30   40    0 
   0  439    0    0    0    0    0    0   29  309   53 1604 2470  400  130  300  460   32    6  290    0   30   40    0 
   0  439    0    0    0    0    0    0   29  311   53 1657 2468  400  130  300  460   32    6  290    0   30   40    0 
   0  428    0    0    0    0    0    0    3  314   60 1780 2559  369  129  100  160    1    6  290    0   30   40    0 
   0  413    0    0    0    0    0    0    3  316   60 1825 2549  356  129  100  170    1    6  290    0   30   42    0 
   0  400    0    0    0    0    0    0    3  317   60 1871 2589  343  129  101  181    1    6  290    0   30   32    0 
   0  422    0    0    0    0    0    0    3  318   60 1861 2598  329  129  102  192    1    6  290    0   30   34    0 
   0  444    0    0    0    0    0    0    3  319   60 1850 2608  316  129  103  203    1    6  290    0   30   36    0 
   0  466    0    0    0    0    0    0    3  320   60 1839 2617  303  129  103  213    1    6  290    0   30   38    0 
   0  504    0    0    0    0    0    0    3  320   60 1813 2627  290  130  105  225    5    5  290    0   30   40    0 
   0  507    0    0    0    0    0    0    3  321   61 1745 2610  305  163  106  238    5    5  290    0   30   42    0 
   0  511    0    0    0    0    0    0    3  322   61 1756 2594  321  197  107  251    5    5  290    0   30   32    0 
   0  515    0    0    0    0    0    0    2  322   62 1688 2577  337  231  108  264    5    5  290    0   30   34    0 
   0  522    0    0    0    0    0    0    2  323   62 1621 2549  353  265  104  277    5    5  290    0   30   36    0 
   0  430    0    0    0    0    0    0    2  323   50 1510 2451  400  130  360  460   32    6  290    0   30   38    0 
   0  430    0    0    0    0    0    0    2  324   50 1496 2469  400  130  360  460   32    6  290    0   30   38    0 
   0  430    0    0    0    0    0    0    2  324   50 1481 2486  400  130  360  460   32    6  290    0   30   38    0 
   0  430    0    0    0    0    0    0    2  325   50 1467 2504  400  130  360  460   32    6  290    0   30   38    0 
   0  430    0    0    0    0    0    0    2  325   47 1452 2521  400  130  360  460   32    6  290    0   30   38    0 
   0  430    0    0    0    0    0    0    2  326   45 1438 2539  400  130  360  460   32    6  290    0   30   38    0 
   0  342    0    0   44    0   52    0   31  326    0 1458 2545  370  160  160  240   48    1  290    0   30   38    0 
   0  400    0    0   30    0   38    0    2  326   57 1712 2559  290   74  102  229    4    3  290    0   30   38    0 
   0  393    0    0   20    0   40    0    3  325   56 1662 2548  290   93  115  239    4    3  290    0   30   40    0 
   0  428    0    0   10    0   43    0    4  324   56 1499 2549  290  111  128  249    4    3  290    0   30   42    0 
  48  454    0    0    0    0   48    0    6  322    0 1336 2550  290  130  142  260   41    2  290    0   30   32    0 
  24  388    0    0    0    0   53    0    8  321    0 1460 2586  290  132  158  267   41    2  290    0   30   34    0 
   0  321    0   42   32    0   50    0   31  319    0 1600 2620  290  103  175  275   55    2  290    0   30   36    0 
   0  297    0   35   30    0   39    0   31  317   30 1718 2661  290   84  155  240   55    2  290    0   30   38    0 
   0  272    0   28   28    0   28    0    3  312   59 1836 2702  290   64  134  204    1    3  290    0   30   38    0 
   0  338    0   19   19    0   19    0    3  308   61 1791 2596  290   76  121  188    1    3  290    0   30   38    0 
   0  417    0    9    9    0    9    0    3  304   62 1720 2604  290   88  108  171    1    3  290    0   30   38    0 
   0  496    0    0    0    0    0    0    3  305   64 1650 2612  290  100   94  154   21    5  290    0   30   38    0 
   0  529    0    0    0    0    0    0    3  305   64 1560 2578  290  100   94  154   21    5  290    0   30   40    0 
   0  519    0    0    0    0    0    0    3  305   64 1570 2458  290  100   94  154   21    5  290    0   30   42    0 
   0  509    0    0    0    0    0    0    3  304   64 1581 2337  290  100   94  154   21    5  290    0   30   32    0 
   0  499    0    0    0    0    0    0    3  303   64 1592 2216  290  100   94  154   21    5  290    0   30   34    0 
   0  455    0    0    0    0    0    0    3  303   64 1693 2093  290   99   94  154    1    3  290    0   30   36    0 
   0  422    0    0    0    0    0    0    3  303   64 1792 2209  290  101  106  176    1    3  290    0   30   38    0 
   0  372    0    0    0    0    0    0    3  301   64 1913 2475  290  103  118  198    1    3  290    0   30   40    0 
   0  323    0    0    0    0    0    0   10  300    0 2034 2742  290  130  130  220   49    2  290    0   30   42    0 
   0  367   36    0   21   31    0    0   10  298    0 1500 2453  290  130  122  202   49    2  290    0   30   32    0 
  55  411   29    0   14   24    0    0    3  296    0  966 2163  290  560  120  184   24    6  290    0   30   34    0 
  55  393   19    0    9   16    0    0    3  294    0  945 2185  290  560  120  177   24    6  290    0   30   36    0 
  55  375    9    0    4    8    0    0    3  290    0  925 2208  290  560  120  171   24    6  290    0   30   36    0 
  55  356    0    0    0    0    0    0    3  286    0  904 2230  290  560  120  164   24    6  290    0   30   36    0 
  55  341    0    0    0    0    0    0    4  284    0  880 2293  290  560  120  158   24    6  290    0   30   36    0 
   0  326    0    0    0    0    0    0    4  282   56  856 2357  290   78   85  151   24    6  290    0   30   36    0 
   0  311    0    0    0    0    0    0    4  280   56  852 2419  290   75   79  144   34    6  290    0   30   36    0 
   0  315    0    0    0    0    0    0    4  280   57  881 2471  290   78   85  162   34    6  290    0   30   36    0 
   0  318    0    0    0    0    0    0    4  281   57  911 2522  290   81   91  179   34    6  290    0   30   36    0 
   0  322    0    0    0    0   10    0    4  282   56  940 2574  290   84   97  197   34    6  290    0   30   36    0 
   0  325    0    0    0    0   21    0    5  282   55  970 2625  290   88  103  214   34    6  290    0   30   36    0 
   0  329    0    0    0    0   31    0    6  282   55 1000 2677  290   91  108  232   34    6  290    0   30   36    0 
   0  326    0    0    0    0   42    0    7  283   54 1024 2655  290   95  115  250   42    2  290    0   30   36    0 
   0  384    0    0    0    0   40    0    7  284   53 1143 2557  290  100  115  230   42    2  290    0   30   36    0 
   0  442    0    0    0    0   38    0    7  286   53 1261 2459  290  104  114  209   10    6  290    0   30   36    0 
   0  470    0    0    0    0   31    0    6  288   55 1211 2467  290  108  110  192   10    6  290    0   30   38    0 
   0  498    0    0    0    0   23    0    5  290   56 1162 2582  290  111  106  176   10    6  290    0   30   40    0 
   0  509    0    0    0    0   15    0    4  293   56 1085 2634  290  114  102  159   10    6  290    0   30   42    0 
   0  520    0    0    0    0    7    0    3  296   57 1009 2686  290  117   98  142   10    6  290    0   30   32    0 
   0  531    0    0    0    0    0    0    3  299   59  932 2738  290  121   94  126   10    6  290    0   30   34    0 
   0  551    0    0    0    0    0    0    3  302   59 1011 2715  290  125   90  109   30    6  290    0   30   36    0 
   0  540    0    0    0    0    0    0    3  305   59  997 2759  290  132   91  123   30    6  290    0   30   36    0 
   0  530    0    0    0    0    0    0    3  308   59  984 2803  290  139   93  138   30    6  290    0   30   36    0 
   0  519    0    0    0    0    0    0    3  311   59  970 2847  290  147   94  152   30    6  290    0   30   36    0 
   0  509    0    0    0    0    0    0    3  314   59  957 2891  290  154   96  166   30    6  290    0   30   36    0 
   0  527    0    0    0    0    0    0    3  513   54 1004 2844  290  161   98  180   30    6  290    0   30   36    0 
   0  546    0    0    0    0    0    0    3  573   54 1049 2798  290  170  100  195    5    5  290    0   30   36    0 
   0  543    0    0    0    0    0    0    3  526   56 1115 2742  305  195  102  214    5    5  290    0   30   38    0 
   0  540    0    0    0    0    0    0    2  485   57 1368 2687  321  221  104  233    5    5  290    0   30   40    0 
   0  537    0    0    0    0    0    0    2  449   59 1434 2631  337  247  106  252    5    5  290    0   30   42    0 
   0  530    0    0    0    0    0    0    2  325   62 1500 2557  353  273  103  271    5    5  290    0   30   32    0 
   0  430    0    0    0    0    0    0    2  325   50 1397 2451  400  130  360  460   32    6  290    0   30   34    0 
   0  430    0    0    0    0    0    0    2  325   50 1403 2469  400  130  360  460   32    6  290    0   30   34    0 
   0  430    0    0    0    0    0    0    2  325   50 1408 2486  400  130  360  460   32    6  290    0   30   34    0 
   0  430    0    0    0    0    0    0    2  325   50 1414 2504  400  130  360  460   32    6  290    0   30   34    0 
   0  430    0    0    0    0    0    0    3  324   47 1419 2521  400  130  360  460   32    6  290    0   30   34    0 
   0  430    0    0    0    0    0    0    3  324   45 1425 2539  400  130  360  460   32    6  290    0   30   34    0 
   0  342    0    0   44    0   52    0   31  323    0 1447 2545  370  160  160  240   48    1  290    0   30   34    0 
   0  400    0    0   30    0   38    0    3  322   57 1712 2559  290   74  102  229    4    3  290    0   30   34    0 
   0  393    0    0   20    0   40    0    3  321   56 1662 2548  290   93  115  239    4    3  290    0   30   36    0 
   0  428    0    0   10    0   43    0    4  320   56 1499 2549  290  111  128  249    4    3  290    0   30   38    0 
  48  454    0    0    0    0   48    0    6  318    0 1336 2550  290  130  142  260   41    2  290    0   30   40    0 
  24  375    0    0    0    0   53    0    8  317    0 1401 2561  290  137  141  265   41    2  290    0   30   42    0 
   0  303    0    0    0    0    0    0   31  316    0 1460 2573  290  119  140  270   48    2  290    0   30   32    0 
   0  356    0    0   39    0   50    0   31  314    0 1474 2579  290  104  112  240   48    2  290    0   30   34    0 
   0  408    0    0   32    0   37    0    3  310   58 1487 2585  290   90   84  209    9    3  290    0   30   34    0 
   0  402    0    0   21    0   25    0    3  306   60 1341 2367  290   90   81  191    9    3  290    0   30   34    0 
   0  394    0    0   10    0   12    0    3  303   62 1156 2136  290   90   78  173    9    3  290    0   30   34    0 
   0  389    0    0    0    0    0    0   31  305    0 1010 1950  290   90   75  155   46    2  290    0   30   34    0 
   0  328    0    0    0    0   33   49   31  305    0  892 2205  290   90   80  160   46    2  290    0   30   36    0 
   0  266    0    0    0    0   26   42    3  306   53  773 2459  290   90   84  164   34    6  290    0   30   36    0 
   0  289    0    0    0    0   17   28    3  306   55  810 2489  290   86   94  178   34    6  290    0   30   36    0 
   0  312    0    0    0    0    8   14    3  306   57  846 2519  290   83  104  193   34    6  290    0   30   36    0 
   0  322    0    0    0    0    0    0    3  306   59 1064 2548  290   79  114  207   34    6  290    0   30   36    0 
   0  309    0    0    0    0    0    0    3  305   59 1282 2578  290   76  124  221   34    6  290    0   30   36    0 
   0  296    0    0    0    0    0    0    3  305   59 1500 2608  290   73  134  235   34    6  290    0   30   36    0 
   0  285    0    0    0    0    0    0    3  304   60 1733 2620  290   69  144  249   25    6  290    0   30   36    0 
   0  281    0    0    0    0    0    0    3  303   61 1794 2606  290   68  142  244   25    6  290    0   30   36    0 
   0  277    0    0    0    0    0    0    3  301   62 1856 2593  290   66  141  239   25    6  290    0   30   36    0 
   0  273    0    0    0    0    0    0    3  300   62 1918 2580  290   65  139  234   25    6  290    0   30   36    0 
   0  276    0    0    0    0    0    0    3  298   63 1932 2546  290   64  138  229   25    6  290    0   30   36    0 
   0  283    0    0    0    0    0    0    3  297   64 1885 2526  290   62  136  224   25    6  290    0   30   36    0 
   0  290    0    0    0    0    0    0    3  295   63 1842 2505  290   61  134  219   14    3  290    0   30   36    0 
   0  300    0    0    0    0    0    0    3  294   64 1847 2471  290   68  118  209   14    3  290    0   30   38    0 
   0  294    0    0    0    0    0    0    3  293   64 1688 2438  290   75  101  199   14    3  290    0   30   40    0 
   0  288    0    0    0    0    0    0   31  292    0 1530 2406  290   82   85  190   48    2  290    0   30   42    0 
   0  289    0    0   37    0   45    0   31  292    0 1609 2483  290   78   92  195   48    2  290    0   30   42    0 
   0  290    0    0   30    0   38    0    3  292   58 1688 2559  290   74  100  199    1    3  290    0   30   42    0 
   0  305    0    0   20    0   25    0    3  292   60 1806 2504  290   69  100  186    1    3  290    0   30   32    0 
   0  321    0    0   10    0   12    0    3  448   57 1953 2571  290   64  100  173    1    3  290    0   30   34    0 
   0  337    0    0    0    0    0    0    3  484   58 2100 2637  290   60  100  160    1    3  290    0   30   36    0 
   0  336    0    0    0    0    0    0    3  443   59 2088 2605  290   73  109  179    1    3  290    0   30   38    0 
   0  329    0    0    0    0    0    0    4  288   64 2061 2673  290   87  119  199    1    3  290    0   30   40    0 
   0  323    0    0    0    0    0    0   11  287    0 2034 2742  290  130  130  220   49    2  290    0   30   42    0 
   0  367   36    0   21   31    0    0   11  286    0 1500 2453  290  130  122  202   49    2  290    0   30   32    0 
  55  411   29    0   14   24    0    0    4  285    0  966 2163  290  560  120  184   24    6  290    0   30   34    0 
  55  393   19    0    9   16    0    0    4  284    0  945 2185  290  560  120  177   24    6  290    0   30   36    0 
  55  375    9    0    4    8    0    0    4  281    0  925 2208  290  560  120  171   24    6  290    0   30   36    0 
  55  356    0    0    0    0    0    0    4  279    0  904 2230  290  560  120  164   24    6  290    0   30   36    0 
  55  341    0    0    0    0    0    0    4  277    0  880 2293  290  560  120  158   24    6  290    0   30   36    0 
   0  326    0    0    0    0    0    0    4  275   56  856 2357  290   78   85  151   24    6  290    0   30   36    0 
   0  311    0    0    0    0    0    0    4  274   56  852 2419  290   75   79  144   34    6  290    0   30   36    0 
   0  315    0    0    0    0    0    0    4  276   57  881 2471  290   78   85  162   34    6  290    0   30   36    0 
   0  318    0    0    0    0    0    0    4  277   57  911 2522  290   81   91  179   34    6  290    0   30   36    0 
   0  322    0    0    0    0   10    0    4  278   56  940 2574  290   84   97  197   34    6  290    0   30   36    0 
   0  325    0    0    0    0   21    0    5  279   55  970 2625  290   88  103  214   34    6  290    0   30   36    0 
   0  329    0    0    0    0   31    0    6  280   55 1000 2677  290   91  108  232   34    6  290    0   30   36    0 
   0  326    0    0    0    0   42    0    7  281   54 1024 2655  290   95  115  250   42    2  290    0   30   36    0 
   0  296    0    0    0    0   47    0    9  283   51 1225 2631  290   95  117  260   42    2  290    0   30   36    0 
   0  278    0    0    0    0    0    0   31  285    0 1421 2609  290   95  120  270   48    2  290    0   30   36    0 
   0  377    0    0   39    0   49    0   31  287    0 1460 2615  290  100  120  257   48    2  290    0   30   36    0 
   0  477    0    0   32    0   37    0    4  290   58 1500 2621  290  105  120  245    6    4  290    0   30   36    0 
   0  484    0    0   21    0   25    0    4  293   60 1497 2647  290  131  126  246    6    4  290    0   30   38    0 
   0  495    0    0   10    0   12    0    4  295   62 1497 2631  290  157  132  247    6    4  290    0   30   40    0 
   0  506    0    0    0    0    0    0    4  296   64 1498 2615  290  183  138  248    6    4  290    0   30   42    0 
   0  517    0    0    0    0    0    0   10  298    0 1500 2600  290  160  145  250   47    2  290    0   30   32    0 
   0  491    0    0    0    0    0    0   10  300    0 1586 2515  290  180  150  257   47    2  290    0   30   34    0 
   0  475    0    0    0    0    0    0   10  301    0 1663 2432  290  200  155  265   49    2  290    0   30   36    0 
   0  523   36   12   16   39   18    0   10  302    0 1683 2291  290  180  152  265   49    2  290    0   30   38    0 
  55  571   29    0    0   32    0    0    3  300    0 1704 2150  290  620  190  265    6    4  290    0   30   38    0 
  55  558   19    0    0   21    0    0    3  298    0 1578 2270  310  620  190  261    6    4  290    0   30   38    0 
   0  544    9    0    0   10    0    0    3  297   62 1431 2328  330  216  145  257    6    4  290    0   30   38    0 
   0  530    0    0    0    0    0    0    3  297   64 1284 2387  350  218  142  253    6    4  290    0   30   38    0 
   0  394    0    0    0    0    0    0   19  297   58 1136 2445  400   90  350  250   31    6  290    0   30   38    0 
   0  394    0    0    0    0    0    0   19  294   58 1129 2467  400   90  350  250   31    6  290    0   30   38    0 
   0  394    0    0    0    0    0    0   19  291   58 1104 2420  400   90  350  250   31    6  290    0   30   38    0 
   0  394    0    0    0    0    0    0   19  289   58 1078 2373  400   90  350  250   31    6  290    0   30   38    0 
   0  394    0    0    0    0    0    0   19  287   58 1053 2327  400   90  350  250   31    6  290    0   30   38    0 
   0  394    0    0    0    0    0    0   19  448   53 1028 2280  400   90  350  250   31    6  290    0   30   40    0 
   0  532    0    0    0    0    0    0    3  496   57  979 2212  369  269  110  290    5    5  290    0   30   40    0 
   0  529    0    0    0    0    0    0    3  465   58 1128 2281  369  275  110  290    5    5  290    0   30   42    0 
   0  527    0    0    0    0    0    0    3  436   59 1444 2350  369  281  110  290    5    5  290    0   30   32    0 
   0  524    0    0    0    0    0    0    3  409   60 1593 2419  369  287  110  290    5    5  290    0   30   34    0 
   0  524    0    0    0    0    0    0    3  306   63 1602 2485  369  293  105  290    5    5  290    0   30   36    0 
   0  430    0    0    0    0    0    0    3  308   50 1510 2451  400  130  360  460   32    6  290    0   30   38    0 
   0  430    0    0    0    0    0    0    3  310   50 1496 2469  400  130  360  460   32    6  290    0   30   38    0 
   0  430    0    0    0    0    0    0    3  311   50 1481 2486  400  130  360  460   32    6  290    0   30   38    0 
   0  430    0    0    0    0    0    0    3  312   50 1467 2504  400  130  360  460   32    6  290    0   30   38    0 
   0  430    0    0    0    0    0    0    3  314   47 1452 2521  400  130  360  460   32    6  290    0   30   38    0 
   0  430    0    0    0    0    0    0    3  315   45 1438 2539  400  130  360  460   32    6  290    0   30   38    0 
   0  328    0    0    0    0    0    0   31  316    0 1445 2548  370  160  160  240   48    1  290    0   30   38    0 
   0  221    0    0    0    0    0    0   31  317    0 1511 2593  290   90  100  240   48    2  290    0   30   38    0 
   0  255    0    0   41    0   45    0   31  317    0 1737 2576  290   82  100  220   48    2  290    0   30   38    0 
   0  290    0    0   30    0   38    0    3  317   58 1963 2559  290   74  100  199    1    3  290    0   30   38    0 
   0  301    0    0   20    0   25    0    3  317   60 1981 2518  290   83  108  201    1    3  290    0   30   40    0 
   0  312    0    0   10    0   12    0    3  315   62 2003 2603  290   92  116  203    1    3  290    0   30   42    0 
   0  324    0    0    0    0    0    0   10  314    0 2025 2688  290  130  125  205   47    2  290    0   30   32    0 
   0  377    0    0   39    0   43    0   10  312    0 2011 2646  290  130  125  205   47    2  290    0   30   34    0 
  52  429    0    0   32    0   36    0    3  310    0 1997 2604  290  560  150  204    1    3  290    0   30   36    0 
   0  403    0    0   21    0   24    0    3  308   60 2016 2535  290   88  116  189    1    3  290    0   30   38    0 
   0  370    0    0   10    0   12    0    3  472   57 2058 2586  290   74  108  174    1    3  290    0   30   38    0 
   0  337    0    0    0    0    0    0    3  496   58 2100 2637  290   60  100  160    1    3  290    0   30   38    0 
   0  336    0    0    0    0    0    0    3  445   59 2088 2605  290   73  109  179    1    3  290    0   30   38    0 
   0  329    0    0    0    0    0    0    3  286   64 2061 2673  290   87  119  199    1    3  290    0   30   38    0 
   0  323    0    0    0    0    0    0   10  283    0 2034 2742  290  130  130  220   49    2  290    0   30   38    0 
   0  367   36    0   21   31    0    0   10  280    0 1500 2453  290  130  122  202   49    2  290    0   30   38    0 
  55  411   29    0   14   24    0    0    3  278    0  966 2163  290  560  120  184   24    6  290    0   30   38    0 
  55  393   19    0    9   16    0    0    3  281    0  945 2185  290  560  120  177   24    6  290    0   30   40    0 
  55  375    9    0    4    8    0    0    3  284    0  925 2208  290  560  120  171   24    6  290    0   30   42    0 
  55  356    0    0    0    0    0    0    3  283    0  904 2230  290  560  120  164   24    6  290    0   30   42    0 
  55  341    0    0    0    0    0    0    3  282    0  880 2293  290  560  120  158   24    6  290    0   30   42    0 
   0  326    0    0    0    0    0    0    3  282   56  856 2357  290   78   85  151   24    6  290    0   30   42    0 
   0  311    0    0    0    0    0    0    3  281   56  852 2419  290   75   79  144   34    6  290    0   30   42    0 
   0  315    0    0    0    0    0    0    3  284   57  881 2471  290   78   85  162   34    6  290    0   30   42    0 
   0  318    0    0    0    0    0    0    3  286   57  911 2522  290   81   91  179   34    6  290    0   30   42    0 
   0  322    0    0    0    0   10    0    3  287   56  940 2574  290   84   97  197   34    6  290    0   30   42    0 
   0  325    0    0    0    0   21    0    4  288   55  970 2625  290   88  103  214   34    6  290    0   30   42    0 
   0  329    0    0    0    0   31    0    5  289   55 1000 2677  290   91  108  232   34    6  290    0   30   42    0 
   0  326    0    0    0    0   42    0    6  291   54 1024 2655  290   95  115  250   42    2  290    0   30   42    0 
   0  296    0    0    0    0   47    0    8  293   51 1225 2631  290   95  117  260   42    2  290    0   30   42    0 
   0  270    0    0    0    0    0    0   31  295    0 1430 2607  290 1000 1000 1500   48    1  290    0   30   42    0 
   0  285    0    0    0    0    0    0   10  298    0 1531 2570  290  145  125  245   47    2  290    0   30   42    0 
   0  356   26   30   42    0   43    0   10  300    0 1381 2205  290  140  120  207   47    2  290    0   30   42    0 
  55  427   19   23   32    0   36    0    3  303    0 1230 1839  290  570  130  169   26    6  290    0   30   42    0 
  55  414   13   15   21    0   24    0    3  307    0 1207 1780  290  570  130  165   26    6  290    0   30   42    0 
  55  402    6    7   10    0   12    0    3  303    0 1184 1722  290  570  130  161   26    6  290    0   30   42    0 
  55  390    0    0    0    0    0    0    3  301    0 1160 1663  290  570  130  157   26    6  290    0   30   42    0 
  55  396    0    0    0    0    0    0    3  299    0 1184 1670  290  570  130  153   26    6  290    0   30   42    0 
   0  401    0    0    0    0    0    0    3  298   64 1208 1677  290   77   93  148   26    6  290    0   30   42    0 
   0  408    0    0    0    0    0    0    3  298   64 1232 1681  290   70   90  145    3    4  290    0   30   42    0 
   0  452    0    0    0    0    0    0    3  298   64 1325 1862  310   95   92  158    3    4  290    0   30   42    0 
   0  450    0    0    0    0    0    0    3  297   64 1511 2077  330  120   95  172    3    4  290    0   30   42    0 
   0  449    0    0    0    0    0    0    2  303   64 1697 2292  350  145   97  186    3    4  290    0   30   42    0 
   0  417    0    0    0    0    0    0    2  307   50 1682 2407  400  130  360 1600   32    6  290    0   30   32    0 
   0  417    0    0    0    0    0    0    2  311   50 1658 2441  400  130  360 1600   32    6  290    0   30   32    0 
   0  417    0    0    0    0    0    0    2  314   50 1634 2475  400  130  360 1600   32    6  290    0   30   32    0 
   0  417    0    0    0    0    0    0    2  316   50 1610 2509  400  130  360 1600   32    6  290    0   30   32    0 
   0  417    0    0    0    0    0    0    2  318   47 1586 2543  400  130  360 1600   32    6  290    0   30   32    0 
   0  417    0    0    0    0    0    0    2  320   45 1562 2576  400  130  360 1600   32    6  290    0   30   32    0 
   0  360    0   42   42    0   42    0   31  321    0 1567 2586  370  140  230  250   55    2  290    0   30   32    0 
   0  369    0   35   35    0   35    0   31  526   24 1631 2642  330  137  185  260   55    2  290    0   30   32    0 
   0  379    0   28   28    0   28    0    3  581   52 1695 2698  290  135  139  270    5    5  290    0   30   32    0 
   0  399    0   19   19    0   19    0    3  529   55 1655 2672  305  167  133  274    5    5  290    0   30   34    0 
   0  420    0    9    9    0    9    0    3  485   57 1731 2646  321  200  127  278    5    5  290    0   30   36    0 
   0  440    0    0    0    0    0    0    3  447   60 1691 2620  337  233  121  282    5    5  290    0   30   38    0 
   0  467    0    0    0    0    0    0    3  324   63 1650 2585  353  266  110  286    5    5  290    0   30   40    0 
   0  430    0    0    0    0    0    0    3  324   50 1510 2451  400  130  360  460   32    6  290    0   30   42    0 
   0  430    0    0    0    0    0    0    3  325   50 1496 2469  400  130  360  460   32    6  290    0   30   42    0 
   0  430    0    0    0    0    0    0    2  325   50 1481 2486  400  130  360  460   32    6  290    0   30   42    0 
   0  430    0    0    0    0    0    0    2  326   50 1467 2504  400  130  360  460   32    6  290    0   30   42    0 
   0  430    0    0    0    0    0    0    2  327   47 1452 2521  400  130  360  460   32    6  290    0   30   42    0 
   0  430    0    0    0    0    0    0    2  328   45 1438 2539  400  130  360  460   32    6  290    0   30   42    0 
   0  345    0    0   46    0   51    0   31  328    0 1426 2543  370  160  160  240   48    1  290    0   30   42    0 
   0  425    0    0   32    0   37    0    2  329   58 1503 2555  290  115   94  194   21    5  290    0   30   42    0 
   0  437    0    0   21    0   25    0    2  330   60 1462 2601  290  135  102  200   21    5  290    0   30   32    0 
   0  431    0    0   10    0   23    0    2  330   62 1436 2575  290  155  110  206   21    5  290    0   30   34    0 
   0  425    0    0    0    0   23    0    3  330   61 1409 2548  290  176  118  212   21    5  290    0   30   36    0 
   0  419    0    0    0    0   35    0    4  331   59 1383 2522  290  196  126  218   21    5  290    0   30   38    0 
  47  413    0    0    0    0   46    0    4  331    0 1357 2460  290  170  135  225   41    3  290    0   30   40    0 
  48  383    0    0    0    0   45    0    4  331    0 1393 2489  290  156  136  226   41    3  290    0   30   42    0 
  49  353    0    0    0    0   44    0    4  331    0 1428 2519  290  143  138  228   41    3  290    0   30   32    0 
   0  323    0    0    0    0   43    0    4  331   59 1464 2549  290  102  139  229    1    3  290    0   30   34    0 
   0  333    0    0    0    0   29    0    3  323   61 1654 2495  290   88  126  206    1    3  290    0   30   34    0 
   0  335    0    0    0    0   14    0    2  514   57 1877 2566  290   74  113  183    1    3  290    0   30   34    0 
   0  337    0    0    0    0    0    0    2  549   58 2100 2637  290   60  100  160    1    3  290    0   30   34    0 
   0  336    0    0    0    0    0    0    2  490   59 2088 2605  290   73  109  179    1    3  290    0   30   34    0 
   0  329    0    0    0    0    0    0    2  310   64 2061 2673  290   87  119  199    1    3  290    0   30   36    0 
   0  323    0    0    0    0    0    0    9  311    0 2034 2742  290  130  130  220   49    2  290    0   30   38    0 
   0  367   36    0   21   31    0    0    9  311    0 1500 2453  290  130  122  202   49    2  290    0   30   40    0 
  55  411   29    0   14   24    0    0    3  311    0  966 2163  290  560  120  184   24    6  290    0   30   42    0 
  55  393   19    0    9   16    0    0    3  310    0  945 2185  290  560  120  177   24    6  290    0   30   32    0 
  55  375    9    0    4    8    0    0    3  306    0  925 2208  290  560  120  171   24    6  290    0   30   32    0 
  55  356    0    0    0    0    0    0    3  303    0  904 2230  290  560  120  164   24    6  290    0   30   32    0 
  55  341    0    0    0    0    0    0    3  301    0  880 2293  290  560  120  158   24    6  290    0   30   32    0 
   0  326    0    0    0    0    0    0    3  299   56  856 2357  290   78   85  151   24    6  290    0   30   32    0 
   0  311    0    0    0    0    0    0    3  297   56  852 2419  290   75   79  144   34    6  290    0   30   32    0 
   0  315    0    0    0    0    0    0    3  298   57  881 2471  290   78   85  162   34    6  290    0   30   32    0 
   0  318    0    0    0    0    0    0    3  299   57  911 2522  290   81   91  179   34    6  290    0   30   32    0 
   0  322    0    0    0    0   10    0    3  300   56  940 2574  290   84   97  197   34    6  290    0   30   32    0 
   0  325    0    0    0    0   21    0    4  301   55  970 2625  290   88  103  214   34    6  290    0   30   32    0 
   0  329    0    0    0    0   31    0    5  302   55 1000 2677  290   91  108  232   34    6  290    0   30   32    0 
   0  326    0    0    0    0   42    0    6  303   54 1024 2655  290   95  115  250   42    2  290    0   30   32    0 
   0  296    0    0    0    0   47    0    8  305   51 1225 2631  290   95  117  260   42    2  290    0   30   32    0 
   0  267    0    0    0    0    0    0   31  307    0 1444 2604  290   95  120  270   48    2  290    0   30   32    0 
   0  278    0    0   37    0   50    0   31  311    0 1704 2582  290   85  110  235   48    2  290    0   30   32    0 
   0  290    0    0   30    0   38    0    3  314   58 1964 2559  290   74  100  199    1    3  290    0   30   32    0 
   0  340    0    0   20    0   25    0    3  316   59 1938 2505  290   69  100  196    1    3  290    0   30   34    0 
   0  402    0    0   10    0   12    0    3  318   61 1923 2571  290   64  101  193    1    3  290    0   30   36    0 
   0  465    0    0    0    0    0    0    3  320   63 1908 2638  290   60  102  190    4    4  290    0   30   38    0 
   0  465    0    0    0    0    0    0    2  322   63 1869 2534  310   85  102  197    4    4  290    0   30   40    0 
   0  490    0    0    0    0    0    0    2  324   63 1575 2430  330  110  103  205    4    4  290    0   30   42    0 
   0  514    0    0    0    0    0    0    2  326   63 1281 2329  350  135  104  212    4    4  290    0   30   32    0 
   0  362    0    0    0    0    0    0    2  328   58  987 2229  400   90  350  250   31    2  290    0   30   34    0 
   0  362    0    0    0    0    0    0    2  331   54 1064 2388  400   90  350  250   31    2  290    0   30   34    0 
  52  362    0    0    0    0    0    0    2  333    0 1142 2548  370  160  350  250    0    1  290    0   30   34    0 
