 AP   F1   A2   A3   A4   A5   A6   AB  TILT  T0   AV   F2   F3    FZ   B1   B2   B3       
   0  349    0    0    0    0    0    0    4  334    0 1785 2252  290  300  210  280    0    1  290    0   30   32    0 
   0  354    0    0    0    0    0    0    9  332    0 1749 2267  290  300  210  280   49   13  290    0   30   32    0 
   0  367    0    0    0    0    0    0    9  323    0 1745 2258  290  287  203  280   49   13  290    0   30   32    0 
   0  379    0    0    0    0    0    0    9  316    0 1741 2249  290  275  197  280   49   13  290    0   30   32    0 
   0  392    0    0    0    0    0    0    9  312    0 1737 2240  290  262  191  280   49   13  290    0   30   32    0 
   0  404    0    0    0    0    0    0    9  308    0 1734 2231  290  250  185  280   49   13  290    0   30   32    0 
   0  417    0    0    0    0    0    0    9  305    0 1730 2222  290  237  178  280   49   13  290    0   30   32    0 
   0  429    0    0    0    0    0    0    9  303    0 1726 2212  290  225  172  280   49   13  290    0   30   32    0 
   0  442    0    0    0    0    0    0    9  301    0 1722 2203  290  212  166  280   49   13  290    0   30   32    0 
   0  454    0    0    0    0    0    0    9  300    0 1718 2194  290  200  160  280   49   13  290    0   30   32    0 
   0  467    0    0    0    0    0    0    9  299    0 1714 2185  290  200  160  280   49   13  290    0   30   32    0 
   0  479    0    0    0    0    0    0    9  299    0 1710 2176  290  200  160  280   49   13  290    0   30   32    0 
   0  492   42    0    0   45    0    0    9  299    0 1706 2167  290  181  145  263   49   13  290    0   30   32    0 
   0  504   31    0    0   34    0    0    9  299    0 1703 2158  290  163  130  246   49   13  290    0   30   32    0 
  52  518   29    0    0   32    0    0    2  299    0 1699 2150  290  590  120  229    9   17  290    0   30   32    0 
  52  529   19    0    0   21    0    0    2  298    0 1647 2176  290  590  120  221    9   17  290    0   30   32    0 
  52  540    9    0    0   10    0    0    2  297    0 1594 2203  290  590  120  213    9   17  290    0   30   32    0 
  52  551    0    0    0    0    0    0    2  295    0 1542 2229  290  590  120  204    9   17  290    0   30   32    0 
   0  561    0    0    0    0    0    0    2  293   64 1480 2260  290  145   84  196    9   17  290    0   30   32    0 
   0  571    0    0    0    0    0    0    2  288   64 1418 2290  296  142   77  188    9   17  290    0   30   32    0 
   0  582    0    0    0    0    0    0    2  283   64 1357 2321  302  139   70  180    9   17  290    0   30   32    0 
   0  592    0    0    0    0    0    0    2  276   64 1295 2352  308  136   70  180    9   17  290    0   30   32    0 
   0  592    0    0    0    0    0    0    3  270   64 1233 2382  314  133   70  180    9   17  290    0   30   32    0 
   0  591    0    0    0    0    0    0    3  269   64 1171 2413  320  140   70  180    9   17  290    0   30   34    0 
   0  591    0    0    0    0    0    0    3  267   64 1162 2443  326  146   70  180    9   17  290    0   30   36    0 
   0  591    0    0    0    0    0    0    3  264   64 1162 2469  332  152   70  180    9   17  290    0   30   38    0 
   0  591    0    0    0    0    0    0    4  260   64 1139 2496  339  158   70  180    9   17  290    0   30   40    0 
   0  591    0    0    0    0    0    0    4  257   64 1117 2522  345  165   70  180    9   17  290    0   30   42    0 
   0  564    0    0    0    0    0    0    4  252   64 1094 2549  351  171   70  180    9   17  290    0   30   32    0 
   0  537    0    0    0    0    0    0    4  249   64 1072 2482  357  177   70  180    9   17  290    0   30   34    0 
   0  510    0    0    0    0    0    0    5  244   64 1050 2415  363  183   70  180    9   17  290    0   30   36    0 
   0  359    0    0    0    0    0    0    5  242   58 1028 2349  400   90  350  250   31   13  290    0   30   38    0 
   0  359    0    0    0    0    0    0    5  237   58 1054 2367  400   90  350  250   31   13  290    0   30   38    0 
   0  359    0    0    0    0    0    0    5  235   58 1079 2384  400   90  350  250   31   13  290    0   30   38    0 
   0  359    0    0    0    0    0    0    5  230   58 1105 2401  400   90  350  250   31   13  290    0   30   38    0 
   0  359    0    0    0    0    0    0    6  231   58 1131 2418  400   90  350  250   31   13  290    0   30   38    0 
   0  359    0    0    0    0    0    0    6  229   58 1156 2435  400   90  350  250   31   13  290    0   30   38    0 
   0  359    0    0    0    0    0    0    6  231   58 1182 2452  400   90  350  250   31   13  290    0   30   38    0 
   0  359    0    0    0    0    0    0    6  231   58 1208 2469  400   90  350  250   31   13  290    0   30   38    0 
   0  359    0    0    0    0    0    0    5  235   58 1233 2486  400   90  350  250   31   13  290    0   30   38    0 
   0  359    0    0    0    0    0    0    5  236   58 1259 2504  400   90  350  250   31   13  290    0   30   38    0 
   0  359    0    0    0    0    0    0    5  239   58 1284 2521  400   90  350  250   31   13  290    0   30   38    0 
   0  359    0    0    0    0    0    0    5  242   55 1310 2538  400   90  350  250   31   13  290    0   30   38    0 
   0  359    0    0    0    0    0    0    5  245   53 1336 2555  400   90  350  250   31   13  290    0   30   38    0 
   0  359    0    0    0    0    0    0   12  249    0 1357 2571  369  268  150  250   47   11  290    0   30   38    0 
   0  377    0    0    0    0    0    0   12  251    0 1360 2546  362  262  150  250   47   11  290    0   30   38    0 
   0  395    0    0    0    0    0    0   12  256    0 1363 2521  355  256  150  250   47   11  290    0   30   38    0 
   0  413    0    0    0    0    0    0   11  257    0 1366 2497  348  250  150  250   47   11  290    0   30   38    0 
   0  431    0    0    0    0    0    0   11  257    0 1369 2472  340  243  150  250   47   11  290    0   30   38    0 
   0  449    0    0    0    0    0    0   11  253    0 1372 2447  333  237  150  250   47   11  290    0   30   38    0 
   0  467    0    0    0    0    0    0   11  254    0 1375 2422  326  231  150  250   47   11  290    0   30   38    0 
   0  485    0    0    0    0    0    0   11  251    0 1378 2398  319  225  150  250   47   11  290    0   30   38    0 
   0  502    0    0    0    0    0    0   11  253    0 1382 2373  311  218  150  250   47   11  290    0   30   38    0 
   0  520   32   36   45    0   49    0   11  251    0 1385 2348  304  197  140  228   47   11  290    0   30   38    0 
   0  538   21   25   34    0   38    0   11  254    0 1388 2323  297  176  130  206   47   11  290    0   30   38    0 
  55  556   19   23   32    0   36    0    4  253    0 1390 2299  290  610  140  184   10   29  290    0   30   38    0 
  55  565   13   15   21    0   24    0    3  256    0 1362 2313  290  610  140  173   10   29  290    0   30   38    0 
  55  575    6    7   10    0   12    0    3  256    0 1333 2328  290  610  140  163   10   29  290    0   30   38    0 
  55  584    0    0    0    0    0    0    3  259    0 1304 2343  290  610  140  152   10   29  290    0   30   38    0 
  55  593    0    0    0    0    0    0    3  259    0 1276 2345  290  610  140  141   10   29  290    0   30   38    0 
  55  602    0    0    0    0    0    0    3  261    0 1247 2348  290  610  140  130   10   29  290    0   30   38    0 
   0  612    0    0    0    0    0    0    3  262   64 1219 2350  290  129   90  120   10   29  290    0   30   38    0 
   0  612    0    0    0    0    0    0    3  264   64 1190 2353  290  119   90  120   10   29  290    0   30   38    0 
   0  612    0    0    0    0    0    0    3  264   64 1161 2355  290  110   90  120   10   29  290    0   30   38    0 
   0  612    0    0    0    0    0    0    3  270   64 1133 2358  290  110   90  120   10   29  290    0   30   40    0 
   0  612    0    0    0    0    0    0    3  275   64 1104 2360  290  110   90  120   10   29  290    0   30   42    0 
   0  612    0    0    0    0    0    0    3  277   64 1075 2363  290  110   90  120   10   29  290    0   30   32    0 
   0  612    0    0    0    0    0    0    3  281   64 1047 2361  290  110   90  120   10   29  290    0   30   34    0 
   0  612    0    0    0    0    0    0    3  281   64 1018 2359  290  110   90  120   10   29  290    0   30   36    0 
   0  612    0    0    0    0    0    0    3  283   64  990 2357  290  110   90  120   10   29  290    0   30   38    0 
   0  615    0    0    0    0    0    0    3  282   64 1002 2341  290  110   90  120   10   29  290    0   30   40    0 
   0  619    0    0    0    0    0    0    3  284   64 1015 2325  290  110   90  120   10   29  290    0   30   42    0 
   0  623    0    0    0    0    0    0    3  281   64 1027 2308  290  110   90  120   10   29  290    0   30   32    0 
   0  627    0    0    0    0    0    0    3  282   64 1040 2287  290  110   90  120   10   29  290    0   30   34    0 
   0  630    0    0    0    0    0    0    3  280   64 1053 2266  290  110   90  120   10   29  290    0   30   36    0 
   0  634    0    0    0    0    0    0    3  280   64 1082 2245  290  110   90  120   10   29  290    0   30   38    0 
   0  638    0    0    0    0    0    0    3  278   64 1112 2224  290  110   90  120   10   29  290    0   30   40    0 
   0  642    0    0    0    0    0    0    3  278   64 1141 2203  290  119   90  120   10   29  290    0   30   42    0 
   0  645    0    0    0    0    0    0    3  277   64 1171 2182  290  129   90  120   10   29  290    0   30   32    0 
   0  612    0    0    0    0    0    0    3  278   64 1200 2160  290  138   95  133   10   29  290    0   30   34    0 
   0  579    0    0    0    0    0    0    3  279   64 1230 2139  290  148  101  146   10   29  290    0   30   36    0 
   0  546    0    0    0    0    0    0    3  281   64 1259 2118  290  157  107  159   10   29  290    0   30   38    0 
   0  513    0    0    0    0    0    0    3  283   64 1289 2097  290  167  113  173   10   29  290    0   30   40    0 
   0  480    0    0    0    0    0    0    3  285   64 1318 2076  290  176  118  186   10   29  290    0   30   42    0 
   0  444    0    0    0    0    0    0   10  287    0 1435 2056  290  155  124  199   49   11  290    0   30   32    0 
   0  441    0    0    0    0    0    0   10  289    0 1392 2065  290  170  136  226   49   11  290    0   30   34    0 
   0  438    0    0    0    0    0    0   10  292    0 1349 2075  290  185  148  253   49   11  290    0   30   36    0 
   0  435    0    0    0    0    0    0   10  293    0 1307 2085  290  200  160  280   49   11  290    0   30   38    0 
   0  432    0    0    0    0    0    0   10  292    0 1264 2095  290  200  160  280   49   11  290    0   30   38    0 
   0  429    0    0    0    0    0    0   10  291    0 1221 2104  290  200  160  280   49   11  290    0   30   38    0 
   0  426    0    0    0    0    0    0   10  290    0 1179 2114  290  200  160  280   49   11  290    0   30   38    0 
   0  423    0    0    0    0    0    0   10  290    0 1136 2124  290  200  160  280   49   11  290    0   30   38    0 
   0  420    0    0    0    0    0    0   10  289    0 1094 2134  290  200  160  280   49   11  290    0   30   38    0 
   0  417   42    0   27   37    0    0   10  289    0 1051 2143  290  176  145  248   49   11  290    0   30   38    0 
   0  414   31    0   16   26    0    0   10  288    0 1008 2153  290  153  130  216   49   11  290    0   30   38    0 
  52  411   29    0   14   24    0    0    3  289    0  966 2163  290  560  120  184   24    6  290    0   30   38    0 
  52  395   19    0    9   16    0    0    3  289    0  960 2179  290  560  120  177   24    6  290    0   30   38    0 
  52  378    9    0    4    8    0    0    3  290    0  953 2195  290  560  120  169   24    6  290    0   30   38    0 
  52  361    0    0    0    0    0    0    3  289    0  946 2210  290  560  120  162   24    6  290    0   30   38    0 
  52  356    0    0    0    0    0    0    3  290    0  989 2234  290  560  120  154   24    6  290    0   30   38    0 
   0  350    0    0    0    0    0    0    3  289   56 1032 2258  290   66   89  147   24    6  290    0   30   38    0 
   0  344    0    0    0    0    0    0    3  289   57 1068 2278  290   60   85  139    2   11  290    0   30   38    0 
   0  361    0    0    0    0    0    0    3  293   58 1139 2289  290   60   87  148    2   11  290    0   30   38    0 
   0  378    0    0    0    0    0    0    2  295   59 1210 2300  290   60   90  156    2   11  290    0   30   40    0 
   0  404    0    0    0    0    0    0    2  298   59 1260 2313  290   60   92  164    2   11  290    0   30   42    0 
   0  430    0    0    0    0    0    0    2  298   60 1310 2327  290   66   95  173    2   11  290    0   30   32    0 
   0  432    0    0    0    0    0    0    2  301   61 1366 2388  290   73   97  181    2   11  290    0   30   34    0 
   0  434    0    0    0    0    0    0    2  300   61 1422 2448  290   80   99  186    2   11  290    0   30   36    0 
   0  419    0    0    0    0    0    0    2  304   61 1407 2498  290   87   98  183    2   11  290    0   30   38    0 
   0  404    0    0    0    0    0   10    2  302   61 1391 2548  290   94   97  179    2   11  290    0   30   40    0 
   0  389    0    0    0    0    0   20    3  306   58 1376 2598  290  101   96  176    2   11  290    0   30   42    0 
   0  374    0    0    0    0    0   30    4  303   56 1361 2648  290  108   95  173    2   11  290    0   30   32    0 
  47  360    0    0    0    0   30   30    5  308    0 1346 2699  290  129   94  169   39   14  290    0   30   34    0 
  40  371    0    0    0    0   30   30    6  305    0 1333 2662  290  153   93  163   39   14  290    0   30   36    0 
  33  381    0    0    0    0   30   30    7  308    0 1320 2624  290  176   91  156   39   14  290    0   30   38    0 
  27  392    0    0    0    0   30   30    8  306    0 1307 2586  290  200   90  150   39   14  290    0   30   40    0 
  20  392    0    0    0    0   30   30    9  305    0 1294 2548  290  200   90  150   39   14  290    0   30   40    0 
  13  392    0    0    0    0   30   30    9  301    0 1281 2511  290  200   90  150   39   14  290    0   30   40    0 
   6  392    0    0    0    0   30   30    9  301    0 1283 2511  290  200   90  150   39   14  290    0   30   40    0 
   0  392    0    0    0    0   30   30    9  298    0 1285 2511  290  200   90  150   39   14  290    0   30   40    0 
   0  392    0    0    0    0   30   30    9  338    0 1287 2511  290  200   90  150   39   14  290    0   30   40    0 
   8  392    0    0    0    0   30   30    9  365    0 1289 2511  290  200   90  150   39   14  290    0   30   40    0 
  17  392    0    0    0    0   30   30    9  394    0 1289 2549  290  200   90  150   39   14  290    0   30   40    0 
  25  392    0    0    0    0   30   30    8  434    0 1288 2587  290  200   90  150   39   14  290    0   30   40    0 
  34  387    0    0    0    0    0   45    7  475    0 1287 2625  290  181   86  154   39   14  290    0   30   40    0 
  43  382    0    0    0    0    0   31    6  537    0 1286 2663  290  163   83  159   39   14  290    0   30   40    0 
   0  376    0    0    0    0    0   36    5  597   53 1285 2702  290  164   79  165    9   29  290    0   30   40    0 
   0  408    0    0    0    0    0   29    4  536   56 1272 2682  290  154   78  167    9   29  290    0   30   40    0 
   0  439    0    0    0    0    0   22    3  468   58 1260 2663  290  145   76  170    9   29  290    0   30   40    0 
   0  471    0    0    0    0    0   14    2  428   61 1247 2643  290  136   74  172    9   29  290    0   30   40    0 
   0  502    0    0    0    0    0    7    2  383   62 1234 2624  290  127   73  175    9   29  290    0   30   40    0 
   0  534    0    0    0    0    0    0    2  360   63 1221 2604  290  117   71  177    9   29  290    0   30   42    0 
   0  565    0    0    0    0    0    0    3  331   64 1208 2585  290  108   70  180    9   29  290    0   30   32    0 
   0  597    0    0    0    0    0    0    3  312   64 1195 2565  290   99   70  180    9   29  290    0   30   34    0 
   0  596    0    0    0    0    0    0    3  292   64 1183 2546  290   90   70  180    9   29  290    0   30   36    0 
   0  596    0    0    0    0    0    0    3  297   64 1184 2546  290   90   70  180    9   29  290    0   30   38    0 
   0  595    0    0    0    0    0    0    3  299   64 1184 2546  290   90   70  180    9   29  290    0   30   40    0 
   0  595    0    0    0    0    0    0    2  307   64 1185 2547  290   90   70  180    9   29  290    0   30   42    0 
   0  595    0    0    0    0    0    0    2  313   64 1186 2547  290   90   70  180    9   29  290    0   30   32    0 
   0  594    0    0    0    0    0    0    2  323   64 1187 2547  290   90   70  180    9   29  290    0   30   34    0 
   0  594    0    0    0    0    0    0    2  332   64 1188 2547  290   90   70  180    9   29  290    0   30   36    0 
   0  594    0    0    0    0    0    0    1  343   64 1190 2548  290   90   70  180    9   29  290    0   30   38    0 
   0  593    0    0    0    0    0    0    1  354   64 1191 2548  290   90   70  180    9   29  290    0   30   40    0 
   0  593    0    0    0    0    0    0    1  365   64 1192 2548  290   90   70  180    9   29  290    0   30   42    0 
   0  592    0    0    0    0    0    0    1  380   64 1193 2548  290   90   70  180    9   29  290    0   30   32    0 
   0  592    0    0    0    0    0    0    0  390   64 1193 2548  290   90   70  180    9   29  290    0   30   34    0 
   0  592    0    0    0    0    0    0    0  406   64 1193 2555  290   90   70  180    9   29  290    0   30   36    0 
   0  592    0    0    0    0    0    0    0  416   64 1193 2563  290   90   70  180    9   29  290    0   30   38    0 
   0  592    0    0    0    0    0    0    0  434   64 1193 2571  290   99   70  180    9   29  290    0   30   40    0 
   0  592    0    0    0    0    0    0    0  443   64 1195 2579  290  108   70  180    9   29  290    0   30   42    0 
   0  565    0    0    0    0    0    0    0  462   64 1198 2587  290  117   79  189    9   29  290    0   30   32    0 
   0  538    0    0    0    0    0    0    0  470   64 1200 2595  290  127   88  199    9   29  290    0   30   34    0 
   0  511    0    0    0    0   11    0    0  488   64 1203 2603  290  136   97  209    9   29  290    0   30   36    0 
   0  485    0    0    0    0   23    0    1  498   61 1205 2611  290  145  106  219    9   29  290    0   30   38    0 
   0  458    0    0    0    0   35    0    2  514   59 1208 2618  290  154  115  229    9   29  290    0   30   40    0 
  47  433    0    0    0    0   47    0    3  521    0 1211 2629  290  144  124  240   41   22  290    0   30   42    0 
  40  413    0    0    0    0   49    0    4  534    0 1247 2613  290  163  143  260   41   22  290    0   30   32    0 
  33  393    0    0    0    0   51    0    5  542    0 1283 2597  290  181  161  280   41   22  290    0   30   34    0 
  27  374    0    0    0    0   53    0    6  550    0 1319 2581  290  200  180  300   41   22  290    0   30   36    0 
  20  374    0    0    0    0   55    0    7  543    0 1355 2565  290  200  180  300   41   22  290    0   30   36    0 
  13  374    0    0    0    0   57    0    7  539    0 1391 2550  290  200  180  300   41   22  290    0   30   36    0 
   6  374    0    0    0    0   57    0    7  537    0 1391 2550  290  200  180  300   41   22  290    0   30   36    0 
   0  374    0    0    0    0   57    0    7  533    0 1391 2550  290  200  180  300   41   22  290    0   30   36    0 
   0  374    0    0    0    0   57    0    7  531    0 1391 2550  290  200  180  300   41   22  290    0   30   36    0 
   0  374    0    0    0    0   57    0    7  529    0 1391 2550  290  200  180  300   41   22  290    0   30   36    0 
   0  374    0    0    0    0   57    0    7  529    0 1391 2550  290  200  180  300   41   22  290    0   30   36    0 
   0  374    0    0    0    0   57    0    7  528    0 1391 2550  290  200  180  300   41   22  290    0   30   36    0 
   0  374    0    0    0    0   57    0    7  527    0 1391 2550  290  200  180  300   41   22  290    0   30   36    0 
   0  374    0    0    0    0   57    0    7  529    0 1391 2550  290  200  180  300   41   22  290    0   30   36    0 
   0  374    0    0    0    0   57    0    7  529    0 1391 2550  290  200  180  300   41   22  290    0   30   36    0 
   0  374    0    0    0    0   57    0    7  533    0 1391 2550  290  212  186  300   41   22  290    0   30   36    0 
   0  374    0    0    0    0   57    0    7  531    0 1391 2550  290  225  192  300   41   22  290    0   30   36    0 
   0  374    0    0    0    0   57    0    7  536    0 1391 2550  290  237  198  300   41   22  290    0   30   36    0 
   0  374    0    0    0    0   57    0    7  536    0 1391 2550  290  250  205  300   41   22  290    0   30   36    0 
   0  374    0    0    0    0   57    0    7  542    0 1391 2550  290  262  211  300   41   22  290    0   30   36    0 
   0  374    0    0    0    0   52    0    7  542    0 1391 2550  290  275  217  300   41   22  290    0   30   36    0 
   0  374    0    0    0    0   48    0    7  547    0 1391 2550  290  287  223  300   41   22  290    0   30   36    0 
   0  372    0    0    0    0   42    0    7  547    0 1390 2548  290  300  230  300    0   66  290    0   30   36    0 
   0  371    0    0    0    0   38    0    5  546    0 1392 2548  290  287  223  300    0   66  290    0   30   36    0 
   0  369    0    0    0    0   34    0    3  539    0 1395 2548  290  275  217  300    0   66  290    0   30   36    0 
   0  368    0    0    0    0   31    0    1  531    0 1397 2548  290  262  211  300    0   66  290    0   30   36    0 
   0  367    0    0    0    0   27    0    0  524    0 1400 2549  290  250  205  300    0   66  290    0   30   36    0 
   0  365    0    0    0    0   23    0    0  519    0 1402 2549  290  237  198  300    0   66  290    0   30   36    0 
   0  364    0    0    0    0   19    0    0  516    0 1404 2549  290  225  192  300    0   66  290    0   30   36    0 
   0  362    0    0    0    0   15    0    0  505    0 1407 2549  290  212  186  300    0   66  290    0   30   36    0 
   0  361    0    0    0    0   11    0    0  500    0 1409 2550  290  200  180  300    0   66  290    0   30   36    0 
   0  360    0    0    0    0    7    0    0  484    0 1411 2550  290  200  180  300    0   66  290    0   30   36    0 
   0  358    0    0    0    0    3    0    0  479    0 1414 2550  290  200  180  300    0   66  290    0   30   36    0 
   0  357    0    0    0    0    0    0    0  460    0 1416 2550  290  200  180  300    0   66  290    0   30   36    0 
   0  356    0    0    0    0    0    0    0  454    0 1419 2551  290  200  180  300    0   66  290    0   30   36    0 
   0  354    0    0    0    0    0    0    0  437    0 1421 2551  290  200  180  300    0   66  290    0   30   36    0 
   0  353    0    0    0    0    0    0    0  431    0 1423 2551  290  200  180  300    0   66  290    0   30   36    0 
   0  351    0    0    0    0    0    0    0  416    0 1426 2551  290  200  180  300    0   66  290    0   30   36    0 
   0  350    0    0    0    0    0    0    0  411    0 1428 2552  290  200  180  300    0   66  290    0   30   36    0 
   0  349    0    0    0    0    0    0    0  399    0 1430 2552  290  200  180  300    0   66  290    0   30   36    0 
   0  347    0    0    0    0    0    0    0  394    0 1433 2552  290  200  180  300    0   66  290    0   30   36    0 
   0  346    0    0    0    0    0    0    0  385    0 1435 2552  290  200  180  300    0   66  290    0   30   36    0 
   0  345    0    0    0    0    0    0    1  380    0 1438 2553  290  200  180  300    0   66  290    0   30   36    0 
   0  345    0    0    0    0    0    0    1  374    0 1438 2553  290  200  180  300    0   66  290    0   30   36    0 
   0  345    0    0    0    0    0    0    1  369    0 1438 2553  290  200  180  300    0   66  290    0   30   36    0 
   0  345    0    0    0    0    0    0    1  365    0 1438 2553  290  200  180  300    0   66  290    0   30   36    0 
   0  345    0    0    0    0    0    0    1  359    0 1438 2553  290  200  180  300    0   66  290    0   30   36    0 
   0  345    0    0    0    0    0    0    1  357    0 1438 2553  290  200  180  300    0   66  290    0   30   36    0 
   0  345    0    0    0    0    0    0    1  352    0 1438 2553  290  200  180  300    0   66  290    0   30   36    0 
   0  345    0    0    0    0    0    0    1  352    0 1438 2553  290  200  180  300    0   66  290    0   30   36    0 
   0  345    0    0    0    0    0    0    1  346    0 1438 2553  290  200  180  300    0   66  290    0   30   36    0 
   0  345    0    0    0    0    0    0    1  347    0 1438 2553  290  200  180  300    0   66  290    0   30   36    0 
   0  345    0    0    0    0    0    0    1  341    0 1438 2553  290  200  180  300    0   66  290    0   30   36    0 
   0  345    0    0    0    0    0    0    1  343    0 1438 2553  290  200  180  300    0   66  290    0   30   36    0 
   0  345    0    0    0    0    0    0    1  337    0 1438 2553  290  200  180  300    0   66  290    0   30   36    0 
   0  345    0    0    0    0    0    0    1  340    0 1438 2553  290  200  180  300    0   66  290    0   30   36    0 
   0  345    0    0    0    0    0    0    2  335    0 1438 2553  290  200  180  300    0   66  290    0   30   36    0 
   0  345    0    0    0    0    0    0    2  337    0 1438 2553  290  200  180  300    0   66  290    0   30   36    0 
   0  345    0    0    0    0    0    0    2  333    0 1438 2553  290  200  180  300    0   66  290    0   30   36    0 
   0  345    0    0    0    0    0    0    2  335    0 1438 2553  290  200  180  300    0   66  290    0   30   36    0 
   0  345    0    0    0    0    0    0    2  332    0 1438 2553  290  200  180  300    0   66  290    0   30   36    0 
   0  345    0    0    0    0    0    0    2  333    0 1438 2553  290  200  180  300    0   66  290    0   30   36    0 
   0  345    0    0    0    0    0    0    2  331    0 1438 2553  290  200  180  300    0   66  290    0   30   36    0 
   0  345    0    0    0    0    0    0    2  331    0 1438 2553  290  200  180  300    0   66  290    0   30   36    0 
   0  345    0    0    0    0    0    0    2  330    0 1438 2553  290  200  180  300    0   66  290    0   30   36    0 
   0  345    0    0    0    0    0    0    2  330    0 1438 2553  290  200  180  300    0   66  290    0   30   36    0 
   0  345    0    0    0    0    0    0    2  330    0 1438 2553  290  200  180  300    0   66  290    0   30   36    0 
   0  345    0    0    0    0    0    0    2  328    0 1438 2553  290  200  180  300    0   66  290    0   30   36    0 
   0  345    0    0    0    0    0    0    2  330    0 1438 2553  290  200  180  300    0   66  290    0   30   36    0 
   0  345    0    0    0    0    0    0    2  327    0 1438 2553  290  200  180  300    0   66  290    0   30   36    0 
   0  345    0    0    0    0    0    0    2  330    0 1438 2553  290  200  180  300    0   66  290    0   30   36    0 
   0  345    0    0    0    0    0    0    2  326    0 1438 2553  290  200  180  300    0   66  290    0   30   36    0 
   0  345    0    0    0    0    0    0    2  330    0 1438 2553  290  200  180  300    0   66  290    0   30   36    0 
   0  345    0    0    0    0    0    0    2  326    0 1438 2553  290  200  180  300    0   66  290    0   30   36    0 
   0  345    0    0    0    0    0    0    2  329    0 1438 2553  290  200  180  300    0   66  290    0   30   36    0 
   0  345    0    0    0    0    0    0    2  326    0 1438 2553  290  200  180  300    0   66  290    0   30   36    0 
   0  345    0    0    0    0    0    0    2  328    0 1438 2553  290  200  180  300    0   66  290    0   30   36    0 
   0  345    0    0    0    0    0    0    2  326    0 1438 2553  290  200  180  300    0   66  290    0   30   36    0 
   0  345    0    0    0    0    0    0    2  327    0 1438 2553  290  200  180  300    0   66  290    0   30   36    0 
   0  345    0    0    0    0    0    0    2  326    0 1438 2553  290  200  180  300    0   66  290    0   30   36    0 
   0  345    0    0    0    0    0    0    2  327    0 1438 2553  290  200  180  300    0   66  290    0   30   36    0 
   0  345    0    0    0    0    0    0    2  327    0 1438 2553  290  212  186  300    0   66  290    0   30   36    0 
   0  345    0    0    0    0    0    0    2  327    0 1438 2553  290  225  192  300    0   66  290    0   30   36    0 
   0  345    0    0    0    0    0    0    2  327    0 1438 2553  290  237  198  300    0   66  290    0   30   36    0 
   0  345    0    0    0    0    0    0    2  326    0 1438 2553  290  250  205  300    0   66  290    0   30   36    0 
   0  345    0    0    0    0    0    0    2  327    0 1438 2553  290  262  211  300    0   66  290    0   30   36    0 
   0  345    0    0    0    0    0    0    2  326    0 1438 2553  290  275  217  300    0   66  290    0   30   36    0 
   0  345    0    0    0    0    0    0    2  327    0 1438 2553  290  287  223  300    0   66  290    0   30   36    0 
