 AP   F1   A2   A3   A4   A5   A6   AB  TILT  T0   AV   F2   F3    FZ   B1   B2   B3       
   0  349    0    0    0    0    0    0    4  335    0 1785 2252  290  300  210  280    0    1  290    0   30   32    0 
   0  354    0    0    0    0    0    0    9  331    0 1749 2267  290  300  210  280   49   13  290    0   30   32    0 
   0  367    0    0    0    0    0    0    9  324    0 1745 2258  290  287  203  280   49   13  290    0   30   32    0 
   0  379    0    0    0    0    0    0    9  316    0 1741 2249  290  275  197  280   49   13  290    0   30   32    0 
   0  392    0    0    0    0    0    0    9  312    0 1737 2240  290  262  191  280   49   13  290    0   30   32    0 
   0  404    0    0    0    0    0    0    9  308    0 1734 2231  290  250  185  280   49   13  290    0   30   32    0 
   0  417    0    0    0    0    0    0    9  304    0 1730 2222  290  237  178  280   49   13  290    0   30   32    0 
   0  429    0    0    0    0    0    0    9  303    0 1726 2212  290  225  172  280   49   13  290    0   30   32    0 
   0  442    0    0    0    0    0    0    9  300    0 1722 2203  290  212  166  280   49   13  290    0   30   32    0 
   0  454    0    0    0    0    0    0    9  301    0 1718 2194  290  200  160  280   49   13  290    0   30   32    0 
   0  467    0    0    0    0    0    0    9  298    0 1714 2185  290  200  160  280   49   13  290    0   30   32    0 
   0  479    0    0    0    0    0    0    9  300    0 1710 2176  290  200  160  280   49   13  290    0   30   32    0 
   0  492   42    0    0   45    0    0    9  297    0 1706 2167  290  181  145  263   49   13  290    0   30   32    0 
   0  504   31    0    0   34    0    0    9  300    0 1703 2158  290  163  130  246   49   13  290    0   30   32    0 
  52  518   29    0    0   32    0    0    2  297    0 1699 2150  290  590  120  229    9   17  290    0   30   32    0 
  52  529   19    0    0   21    0    0    2  299    0 1647 2176  290  590  120  221    9   17  290    0   30   32    0 
  52  540    9    0    0   10    0    0    2  295    0 1594 2203  290  590  120  213    9   17  290    0   30   32    0 
  52  551    0    0    0    0    0    0    2  296    0 1542 2229  290  590  120  204    9   17  290    0   30   32    0 
   0  561    0    0    0    0    0    0    2  292   64 1480 2260  290  145   84  196    9   17  290    0   30   32    0 
   0  571    0    0    0    0    0    0    2  288   64 1418 2290  296  142   77  188    9   17  290    0   30   32    0 
   0  582    0    0    0    0    0    0    2  282   64 1357 2321  302  139   70  180    9   17  290    0   30   32    0 
   0  592    0    0    0    0    0    0    2  276   64 1295 2352  308  136   70  180    9   17  290    0   30   32    0 
   0  592    0    0    0    0    0    0    3  269   64 1233 2382  314  133   70  180    9   17  290    0   30   32    0 
   0  591    0    0    0    0    0    0    3  269   64 1171 2413  320  140   70  180    9   17  290    0   30   34    0 
   0  591    0    0    0    0    0    0    3  267   64 1162 2443  326  146   70  180    9   17  290    0   30   36    0 
   0  591    0    0    0    0    0    0    3  263   64 1162 2469  332  152   70  180    9   17  290    0   30   38    0 
   0  591    0    0    0    0    0    0    4  260   64 1139 2496  339  158   70  180    9   17  290    0   30   40    0 
   0  591    0    0    0    0    0    0    4  256   64 1117 2522  345  165   70  180    9   17  290    0   30   42    0 
   0  564    0    0    0    0    0    0    4  252   64 1094 2549  351  171   70  180    9   17  290    0   30   32    0 
   0  537    0    0    0    0    0    0    4  248   64 1072 2482  357  177   70  180    9   17  290    0   30   34    0 
   0  510    0    0    0    0    0    0    5  245   64 1050 2415  363  183   70  180    9   17  290    0   30   36    0 
   0  357    0    0    0    0    0    0    5  241   58 1028 2350  400   90  350  250   31    6  290    0   30   38    0 
   0  357    0    0    0    0    0    0    5  237   58 1072 2390  400   90  350  250   31    6  290    0   30   38    0 
   0  357    0    0    0    0    0    0    5  234   58 1116 2430  400   90  350  250   31    6  290    0   30   38    0 
   0  357    0    0    0    0    0    0    5  231   58 1160 2470  400   90  350  250   31    6  290    0   30   38    0 
   0  357    0    0    0    0    0    0    6  229   58 1204 2510  400   90  350  250   31    6  290    0   30   38    0 
   0  357    0    0    0    0    0    0    6  349   53 1248 2550  400   90  350  250   31    6  290    0   30   38    0 
   0  338    0    0    0    0    0    0    6  380   44 1265 2550  369  270  180  300   53   19  290    0   30   38    0 
   0  335    0    0    0    0    0    0    6  353   45 1289 2550  363  265  180  300   53   19  290    0   30   38    0 
   0  332    0    0    0    0    0    0    6  332   46 1313 2550  357  261  180  300   53   19  290    0   30   38    0 
   0  328    0    0    0    0    0    0    5  313   47 1337 2550  351  256  180  300   53   19  290    0   30   38    0 
   0  325    0    0    0    0    0    0    5  296   48 1361 2550  345  252  180  300   53   19  290    0   30   38    0 
   0  322    0    0    0    0    0    0    5  282   49 1385 2550  339  248  180  300   53   19  290    0   30   38    0 
   0  322    0    0    0    0    0    0    5  268   50 1385 2550  332  243  180  300   53   19  290    0   30   38    0 
   0  322    0    0    0    0    0    0    5  257   50 1385 2550  326  239  180  300   53   19  290    0   30   38    0 
   0  322    0    0    0    0    0    0    5  247   50 1385 2550  320  235  180  300   53   19  290    0   30   38    0 
   0  322    0    0    0    0    0    0    5  250   50 1385 2550  314  230  180  300   53   19  290    0   30   38    0 
   0  322    0    0    0    0    0    0    5  253   50 1385 2550  308  226  180  300   53   19  290    0   30   38    0 
   0  322    0    0    0    0    0    0    4  256   50 1385 2550  302  221  180  300   53   19  290    0   30   38    0 
   0  322    0    0    0    0    0    0    4  270   50 1385 2550  296  222  180  300   53   19  290    0   30   38    0 
   0  322    0    0    0    0    0    0    4  292   50 1385 2550  290  223  180  300   53   19  290    0   30   38    0 
   0  322    0    0    0    0    0    0    4  313   49 1385 2550  290  223  180  300   53   19  290    0   30   38    0 
   0  322    0    0    0    0    0    0    4  342   48 1385 2550  290  224  180  300   53   19  290    0   30   38    0 
   0  321    0    0    0    0    0    0    4  370   47 1388 2550  290  225  180  300   53   19  290    0   30   38    0 
   0  321    0    0    0    0    0    0    4  412   46 1392 2550  290  230  180  300   53   19  290    0   30   38    0 
   0  321    0    0    0    0   24    0    4  452   46 1396 2550  290  235  180  300   53   19  290    0   30   38    0 
  47  321    0    0    0    0   48    0   11  514    0 1392 2539  290  200  180  300   41   14  290    0   30   38    0 
  40  321    0    0    0    0   50    0   11  461    0 1394 2537  290  200  180  300   41   14  290    0   30   38    0 
  33  321    0    0    0    0   52    0   11  427    0 1396 2535  290  200  180  300   41   14  290    0   30   38    0 
  27  321    0    0    0    0   54    0   11  391    0 1398 2533  290  200  180  300   41   14  290    0   30   38    0 
  20  321    0    0    0    0   56    0   11  353    0 1400 2531  290  200  180  300   41   14  290    0   30   38    0 
  13  321    0    0    0    0   58    0   10  321    0 1402 2530  290  200  180  300   41   14  290    0   30   38    0 
   6  321    0    0    0    0   58    0   10  296    0 1402 2530  290  200  180  300   41   14  290    0   30   38    0 
   0  321    0    0    0    0   58    0   10  276    0 1402 2530  290  200  180  300   41   14  290    0   30   38    0 
   0  321    0    0    0    0   58    0   10  260    0 1402 2530  290  200  180  300   41   14  290    0   30   38    0 
   0  321    0    0    0    0   58    0   10  259    0 1402 2530  290  200  180  300   41   14  290    0   30   38    0 
   0  321    0    0    0    0   58    0   10  257    0 1374 2495  290  200  180  300   41   14  290    0   30   38    0 
   0  321    0    0    0    0   58    0   10  258    0 1347 2461  290  200  180  300   41   14  290    0   30   38    0 
   0  325    0    0    0    0   58    0   10  256    0 1320 2426  290  200  180  280   41   14  290    0   30   38    0 
   0  329    0    0    0    0   58    0   10  258    0 1293 2392  290  200  180  260   41   14  290    0   30   38    0 
   0  332    0    0    0    0    0    0   10  255    0 1281 2357  290  200  180  239   45   11  290    0   30   38    0 
   0  343    0    0    0    0    0    0   10  257    0 1310 2350  290  200  180  219   45   11  290    0   30   38    0 
   0  353    0    0    0    0    0    0   10  255    0 1338 2342  290  200  180  199   45   11  290    0   30   38    0 
   0  364    0    0    0    0    0    0   10  258    0 1366 2335  290  200  180  180   45   11  290    0   30   38    0 
   0  374    0    0    0    0    0    0   10  255    0 1394 2327  290  200  180  180   45   11  290    0   30   38    0 
   0  384    0    0    0    0    0    0   10  258    0 1423 2319  290  200  180  180   45   11  290    0   30   38    0 
   0  395    0    0    0    0    0    0   10  256    0 1451 2312  290  200  180  180   45   11  290    0   30   38    0 
   0  405    0    0    0    0    0    0   10  258    0 1479 2304  290  200  180  180   45   11  290    0   30   38    0 
   0  415    0    0    0    0    0    0   10  257    0 1507 2296  290  200  180  180   45   11  290    0   30   38    0 
   0  426    0    0    0    0    0    0   10  259    0 1536 2289  290  176  166  176   45   11  290    0   30   38    0 
   0  436    0    0    0    0   42   59   10  259    0 1564 2281  290  153  153  173   45   11  290    0   30   38    0 
  55  447    0    0    0    0   30   47    3  261    0 1594 2274  290  560  150  169    1   23  290    0   30   38    0 
  55  413    0    0    0    0   20   31    3  261    0 1697 2302  290  560  150  168    1   23  290    0   30   38    0 
   0  379    0    0    0    0   10   15    3  261   62 1800 2329  290   92  126  166    1   23  290    0   30   38    0 
   0  345    0    0    0    0    0    0    3  263   64 1903 2357  290   86  119  164    1   23  290    0   30   38    0 
   0  345    0    0    0    0    0    0    3  262   64 2006 2385  290   81  113  163    1   23  290    0   30   38    0 
   0  345    0    0    0    0    0    0    3  264   64 2006 2412  290   76  106  161    1   23  290    0   30   38    0 
   0  344    0    0    0    0    0    0    3  261   64 2009 2454  290   70  100  160    1   23  290    0   30   38    0 
   0  343    0    0    0    0    0    0    3  261   64 2012 2496  290   65  100  160    1   23  290    0   30   38    0 
   0  342    0    0    0    0    0    0    3  257   64 2016 2510  290   60  100  160    1   23  290    0   30   38    0 
   0  341    0    0    0    0    0    0    3  261   64 2019 2525  290   60  100  160    1   23  290    0   30   40    0 
   0  340    0    0    0    0    0    0    3  261   64 2022 2539  290   60  100  160    1   23  290    0   30   42    0 
   0  339    0    0    0    0    0    0    3  262   64 2026 2553  290   60  100  160    1   23  290    0   30   32    0 
   0  338    0    0    0    0    0    0    4  260   64 2029 2567  290   60  100  160    1   23  290    0   30   34    0 
   0  338    0    0    0    0    0    0    4  260   64 2033 2582  290   60  100  160    1   23  290    0   30   36    0 
   0  337    0    0    0    0    0    0    4  257   64 2036 2596  290   60  100  160    1   23  290    0   30   38    0 
   0  336    0    0    0    0    0    0    4  256   64 2039 2610  290   60  100  160    1   23  290    0   30   40    0 
   0  335    0    0    0    0    0    0    4  253   64 2043 2624  290   65  100  160    1   23  290    0   30   42    0 
   0  333    0    0    0    0    0    0    4  252   64 2046 2641  290   70  100  160    1   23  290    0   30   32    0 
   0  331    0    0    0    0    0    0    4  249   64 2049 2657  290   76  104  169    1   23  290    0   30   34    0 
   0  329    0    0    0    0    0    0    4  248   64 2046 2674  290   81  109  179    1   23  290    0   30   36    0 
   0  326    0    0    0    0    0    0    4  246   64 2042 2690  290   86  114  189    1   23  290    0   30   38    0 
   0  324    0    0    0    0    0    0    5  244   64 2039 2707  290   92  119  199    1   23  290    0   30   40    0 
   0  322    0    0    0    0    0    0    5  244   64 2035 2723  290   97  124  209    1   23  290    0   30   42    0 
   0  322    0    0    0    0    0    0   12  244    0 2032 2741  290  129  130  220   49   11  290    0   30   32    0 
   0  330    0    0    0    0    0    0   12  245    0 1935 2689  290  153  140  240   49   11  290    0   30   34    0 
   0  338    0    0    0    0    0    0   11  246    0 1839 2636  290  176  150  260   49   11  290    0   30   36    0 
   0  346    0    0    0    0    0    0   11  248    0 1742 2584  290  200  160  280   49   11  290    0   30   38    0 
   0  354    0    0    0    0    0    0   11  247    0 1645 2531  290  200  160  280   49   11  290    0   30   38    0 
   0  362    0    0    0    0    0    0   11  247    0 1548 2479  290  200  160  280   49   11  290    0   30   38    0 
   0  370    0    0    0    0    0    0   11  248    0 1451 2426  290  200  160  280   49   11  290    0   30   38    0 
   0  378    0    0    0    0    0    0   11  250    0 1354 2374  290  200  160  280   49   11  290    0   30   38    0 
   0  387    0    0    0    0    0    0   11  251    0 1257 2321  290  200  160  280   49   11  290    0   30   38    0 
   0  395   42    0   27   37    0    0   11  253    0 1160 2269  290  176  145  248   49   11  290    0   30   38    0 
   0  403   31    0   16   26    0    0   11  256    0 1064 2216  290  153  130  216   49   11  290    0   30   38    0 
  52  411   29    0   14   24    0    0    4  258    0  966 2163  290  560  120  184   24    6  290    0   30   38    0 
  52  394   19    0    9   16    0    0    4  260    0  961 2179  290  560  120  177   24    6  290    0   30   38    0 
  52  378    9    0    4    8    0    0    3  262    0  957 2196  290  560  120  169   24    6  290    0   30   38    0 
  52  361    0    0    0    0    0    0    3  265    0  953 2212  290  560  120  162   24    6  290    0   30   38    0 
  52  355    0    0    0    0    0    0    3  267    0  997 2236  290  560  120  154   24    6  290    0   30   38    0 
   0  349    0    0    0    0    0    0    3  269   56 1040 2260  290   66   89  147   24    6  290    0   30   38    0 
   0  343    0    0    0    0    0    0    3  271   57 1078 2281  290   60   85  139    2   11  290    0   30   38    0 
   0  360    0    0    0    0    0    0    3  275   58 1148 2291  290   60   87  148    2   11  290    0   30   38    0 
   0  377    0    0    0    0    0    0    3  280   59 1217 2302  290   60   90  156    2   11  290    0   30   40    0 
   0  403    0    0    0    0    0    0    3  283   59 1266 2315  290   60   92  164    2   11  290    0   30   42    0 
   0  430    0    0    0    0    0    0    3  286   60 1315 2328  290   66   95  173    2   11  290    0   30   32    0 
   0  432    0    0    0    0    0    0    3  288   61 1369 2389  290   73   97  181    2   11  290    0   30   34    0 
   0  434    0    0    0    0    0    0    3  292   61 1424 2449  290   80   99  186    2   11  290    0   30   36    0 
   0  419    0    0    0    0    0    0    3  293   61 1408 2499  290   87   98  183    2   11  290    0   30   38    0 
   0  404    0    0    0    0    0   10    3  297   61 1393 2549  290   94   97  179    2   11  290    0   30   40    0 
   0  389    0    0    0    0    0   20    4  296   58 1377 2599  290  101   96  176    2   11  290    0   30   42    0 
   0  374    0    0    0    0    0   30    5  301   56 1362 2649  290  108   95  173    2   11  290    0   30   32    0 
  47  360    0    0    0    0   30   30    6  300    0 1346 2699  290  129   94  169   39   14  290    0   30   34    0 
  40  371    0    0    0    0   30   30    7  303    0 1333 2662  290  153   93  163   39   14  290    0   30   36    0 
  33  381    0    0    0    0   30   30    7  302    0 1320 2624  290  176   91  156   39   14  290    0   30   38    0 
  27  392    0    0    0    0   30   30    8  306    0 1307 2586  290  200   90  150   39   14  290    0   30   40    0 
  20  392    0    0    0    0   30   30    9  300    0 1294 2548  290  200   90  150   39   14  290    0   30   40    0 
  13  392    0    0    0    0   30   30    9  300    0 1281 2511  290  200   90  150   39   14  290    0   30   40    0 
   6  392    0    0    0    0   30   30    9  297    0 1283 2511  290  200   90  150   39   14  290    0   30   40    0 
   0  392    0    0    0    0   30   30    9  298    0 1285 2511  290  200   90  150   39   14  290    0   30   40    0 
   0  392    0    0    0    0   30   30    9  337    0 1287 2511  290  200   90  150   39   14  290    0   30   40    0 
   8  392    0    0    0    0   30   30    9  363    0 1289 2511  290  200   90  150   39   14  290    0   30   40    0 
  17  392    0    0    0    0   30   30    9  395    0 1289 2549  290  200   90  150   39   14  290    0   30   40    0 
  25  392    0    0    0    0   30   30    8  430    0 1288 2587  290  200   90  150   39   14  290    0   30   40    0 
  34  387    0    0    0    0    0   45    7  479    0 1287 2625  290  181   86  154   39   14  290    0   30   40    0 
  43  382    0    0    0    0    0   31    6  529    0 1286 2663  290  163   83  159   39   14  290    0   30   40    0 
   0  376    0    0    0    0    0   36    5  607   53 1285 2702  290  164   79  165    9   29  290    0   30   40    0 
   0  408    0    0    0    0    0   29    4  526   56 1272 2682  290  154   78  167    9   29  290    0   30   40    0 
   0  439    0    0    0    0    0   22    3  476   58 1260 2663  290  145   76  170    9   29  290    0   30   40    0 
   0  471    0    0    0    0    0   14    2  422   61 1247 2643  290  136   74  172    9   29  290    0   30   40    0 
   0  502    0    0    0    0    0    7    2  389   62 1234 2624  290  127   73  175    9   29  290    0   30   40    0 
   0  534    0    0    0    0    0    0    2  355   63 1221 2604  290  117   71  177    9   29  290    0   30   42    0 
   0  565    0    0    0    0    0    0    3  335   64 1208 2585  290  108   70  180    9   29  290    0   30   32    0 
   0  597    0    0    0    0    0    0    3  309   64 1195 2565  290   99   70  180    9   29  290    0   30   34    0 
   0  596    0    0    0    0    0    0    3  295   64 1183 2546  290   90   70  180    9   29  290    0   30   36    0 
   0  596    0    0    0    0    0    0    3  295   64 1184 2546  290   90   70  180    9   29  290    0   30   38    0 
   0  595    0    0    0    0    0    0    3  302   64 1184 2546  290   90   70  180    9   29  290    0   30   40    0 
   0  595    0    0    0    0    0    0    2  306   64 1185 2547  290   90   70  180    9   29  290    0   30   42    0 
   0  595    0    0    0    0    0    0    2  315   64 1186 2547  290   90   70  180    9   29  290    0   30   32    0 
   0  594    0    0    0    0    0    0    2  323   64 1187 2547  290   90   70  180    9   29  290    0   30   34    0 
   0  594    0    0    0    0    0    0    2  333   64 1188 2547  290   90   70  180    9   29  290    0   30   36    0 
   0  594    0    0    0    0    0    0    1  344   64 1190 2548  290   90   70  180    9   29  290    0   30   38    0 
   0  593    0    0    0    0    0    0    1  354   64 1191 2548  290   90   70  180    9   29  290    0   30   40    0 
   0  593    0    0    0    0    0    0    1  369   64 1192 2548  290   90   70  180    9   29  290    0   30   42    0 
   0  592    0    0    0    0    0    0    1  378   64 1193 2548  290   90   70  180    9   29  290    0   30   32    0 
   0  592    0    0    0    0    0    0    0  395   64 1193 2548  290   90   70  180    9   29  290    0   30   34    0 
   0  592    0    0    0    0    0    0    0  405   64 1193 2555  290   90   70  180    9   29  290    0   30   36    0 
   0  592    0    0    0    0    0    0    0  423   64 1193 2563  290   90   70  180    9   29  290    0   30   38    0 
   0  592    0    0    0    0    0    0    0  432   64 1193 2571  290   99   70  180    9   29  290    0   30   40    0 
   0  592    0    0    0    0    0    0    0  452   64 1195 2579  290  108   70  180    9   29  290    0   30   42    0 
   0  565    0    0    0    0    0    0    0  460   64 1198 2587  290  117   79  189    9   29  290    0   30   32    0 
   0  538    0    0    0    0    0    0    0  480   64 1200 2595  290  127   88  199    9   29  290    0   30   34    0 
   0  511    0    0    0    0   11    0    0  488   64 1203 2603  290  136   97  209    9   29  290    0   30   36    0 
   0  485    0    0    0    0   23    0    1  507   61 1205 2611  290  145  106  219    9   29  290    0   30   38    0 
   0  458    0    0    0    0   35    0    2  516   59 1208 2618  290  154  115  229    9   29  290    0   30   40    0 
  47  433    0    0    0    0   47    0    3  531    0 1211 2629  290  144  124  240   41   22  290    0   30   42    0 
  40  413    0    0    0    0   49    0    4  538    0 1247 2613  290  163  143  260   41   22  290    0   30   32    0 
  33  393    0    0    0    0   51    0    5  549    0 1283 2597  290  181  161  280   41   22  290    0   30   34    0 
  27  374    0    0    0    0   53    0    6  557    0 1319 2581  290  200  180  300   41   22  290    0   30   36    0 
  20  374    0    0    0    0   55    0    7  550    0 1355 2565  290  200  180  300   41   22  290    0   30   36    0 
  13  374    0    0    0    0   57    0    7  545    0 1391 2550  290  200  180  300   41   22  290    0   30   36    0 
   6  374    0    0    0    0   57    0    7  542    0 1391 2550  290  200  180  300   41   22  290    0   30   36    0 
   0  374    0    0    0    0   57    0    7  539    0 1391 2550  290  200  180  300   41   22  290    0   30   36    0 
   0  374    0    0    0    0   57    0    7  536    0 1391 2550  290  200  180  300   41   22  290    0   30   36    0 
   0  374    0    0    0    0   57    0    7  536    0 1391 2550  290  200  180  300   41   22  290    0   30   36    0 
   0  374    0    0    0    0   57    0    7  533    0 1391 2550  290  200  180  300   41   22  290    0   30   36    0 
   0  374    0    0    0    0   57    0    7  534    0 1391 2550  290  200  180  300   41   22  290    0   30   36    0 
   0  374    0    0    0    0   57    0    7  531    0 1391 2550  290  200  180  300   41   22  290    0   30   36    0 
   0  374    0    0    0    0   57    0    7  534    0 1391 2550  290  200  180  300   41   22  290    0   30   36    0 
   0  374    0    0    0    0   57    0    7  534    0 1391 2550  290  200  180  300   41   22  290    0   30   36    0 
   0  374    0    0    0    0   57    0    7  536    0 1391 2550  290  212  186  300   41   22  290    0   30   36    0 
   0  374    0    0    0    0   57    0    7  537    0 1391 2550  290  225  192  300   41   22  290    0   30   36    0 
   0  374    0    0    0    0   57    0    7  539    0 1391 2550  290  237  198  300   41   22  290    0   30   36    0 
   0  374    0    0    0    0   57    0    7  542    0 1391 2550  290  250  205  300   41   22  290    0   30   36    0 
   0  374    0    0    0    0   57    0    7  544    0 1391 2550  290  262  211  300   41   22  290    0   30   36    0 
   0  374    0    0    0    0   52    0    7  549    0 1391 2550  290  275  217  300   41   22  290    0   30   36    0 
   0  374    0    0    0    0   48    0    7  550    0 1391 2550  290  287  223  300   41   22  290    0   30   36    0 
   0  372    0    0    0    0   42    0    7  552    0 1390 2548  290  300  230  300    0   66  290    0   30   36    0 
   0  371    0    0    0    0   38    0    5  548    0 1392 2548  290  287  223  300    0   66  290    0   30   36    0 
   0  369    0    0    0    0   34    0    3  542    0 1395 2548  290  275  217  300    0   66  290    0   30   36    0 
   0  368    0    0    0    0   31    0    1  536    0 1397 2548  290  262  211  300    0   66  290    0   30   36    0 
   0  367    0    0    0    0   27    0    0  527    0 1400 2549  290  250  205  300    0   66  290    0   30   36    0 
   0  365    0    0    0    0   23    0    0  524    0 1402 2549  290  237  198  300    0   66  290    0   30   36    0 
   0  364    0    0    0    0   19    0    0  517    0 1404 2549  290  225  192  300    0   66  290    0   30   36    0 
   0  362    0    0    0    0   15    0    0  512    0 1407 2549  290  212  186  300    0   66  290    0   30   36    0 
   0  361    0    0    0    0   11    0    0  500    0 1409 2550  290  200  180  300    0   66  290    0   30   36    0 
   0  360    0    0    0    0    7    0    0  494    0 1411 2550  290  200  180  300    0   66  290    0   30   36    0 
   0  358    0    0    0    0    3    0    0  479    0 1414 2550  290  200  180  300    0   66  290    0   30   36    0 
   0  357    0    0    0    0    0    0    0  471    0 1416 2550  290  200  180  300    0   66  290    0   30   36    0 
   0  356    0    0    0    0    0    0    0  454    0 1419 2551  290  200  180  300    0   66  290    0   30   36    0 
   0  354    0    0    0    0    0    0    0  448    0 1421 2551  290  200  180  300    0   66  290    0   30   36    0 
   0  353    0    0    0    0    0    0    0  432    0 1423 2551  290  200  180  300    0   66  290    0   30   36    0 
   0  351    0    0    0    0    0    0    0  427    0 1426 2551  290  200  180  300    0   66  290    0   30   36    0 
   0  350    0    0    0    0    0    0    0  413    0 1428 2552  290  200  180  300    0   66  290    0   30   36    0 
   0  349    0    0    0    0    0    0    0  408    0 1430 2552  290  200  180  300    0   66  290    0   30   36    0 
   0  347    0    0    0    0    0    0    0  396    0 1433 2552  290  200  180  300    0   66  290    0   30   36    0 
   0  346    0    0    0    0    0    0    0  391    0 1435 2552  290  200  180  300    0   66  290    0   30   36    0 
   0  345    0    0    0    0    0    0    0  383    0 1438 2553  290  200  180  300    0   66  290    0   30   36    0 
   0  345    0    0    0    0    0    0    1  378    0 1438 2553  290  200  180  300    0   66  290    0   30   36    0 
   0  345    0    0    0    0    0    0    1  372    0 1438 2553  290  200  180  300    0   66  290    0   30   36    0 
   0  345    0    0    0    0    0    0    1  366    0 1438 2553  290  200  180  300    0   66  290    0   30   36    0 
   0  345    0    0    0    0    0    0    1  363    0 1438 2553  290  200  180  300    0   66  290    0   30   36    0 
   0  345    0    0    0    0    0    0    1  357    0 1438 2553  290  200  180  300    0   66  290    0   30   36    0 
   0  345    0    0    0    0    0    0    1  357    0 1438 2553  290  200  180  300    0   66  290    0   30   36    0 
   0  345    0    0    0    0    0    0    1  350    0 1438 2553  290  200  180  300    0   66  290    0   30   36    0 
   0  345    0    0    0    0    0    0    1  352    0 1438 2553  290  200  180  300    0   66  290    0   30   36    0 
   0  345    0    0    0    0    0    0    1  345    0 1438 2553  290  200  180  300    0   66  290    0   30   36    0 
   0  345    0    0    0    0    0    0    1  346    0 1438 2553  290  200  180  300    0   66  290    0   30   36    0 
   0  345    0    0    0    0    0    0    1  340    0 1438 2553  290  200  180  300    0   66  290    0   30   36    0 
   0  345    0    0    0    0    0    0    1  343    0 1438 2553  290  200  180  300    0   66  290    0   30   36    0 
   0  345    0    0    0    0    0    0    1  337    0 1438 2553  290  200  180  300    0   66  290    0   30   36    0 
   0  345    0    0    0    0    0    0    2  339    0 1438 2553  290  200  180  300    0   66  290    0   30   36    0 
   0  345    0    0    0    0    0    0    2  334    0 1438 2553  290  200  180  300    0   66  290    0   30   36    0 
   0  345    0    0    0    0    0    0    2  337    0 1438 2553  290  200  180  300    0   66  290    0   30   36    0 
   0  345    0    0    0    0    0    0    2  333    0 1438 2553  290  200  180  300    0   66  290    0   30   36    0 
   0  345    0    0    0    0    0    0    2  334    0 1438 2553  290  200  180  300    0   66  290    0   30   36    0 
   0  345    0    0    0    0    0    0    2  331    0 1438 2553  290  200  180  300    0   66  290    0   30   36    0 
   0  345    0    0    0    0    0    0    2  331    0 1438 2553  290  200  180  300    0   66  290    0   30   36    0 
   0  345    0    0    0    0    0    0    2  330    0 1438 2553  290  200  180  300    0   66  290    0   30   36    0 
   0  345    0    0    0    0    0    0    2  330    0 1438 2553  290  200  180  300    0   66  290    0   30   36    0 
   0  345    0    0    0    0    0    0    2  330    0 1438 2553  290  200  180  300    0   66  290    0   30   36    0 
   0  345    0    0    0    0    0    0    2  328    0 1438 2553  290  200  180  300    0   66  290    0   30   36    0 
   0  345    0    0    0    0    0    0    2  330    0 1438 2553  290  200  180  300    0   66  290    0   30   36    0 
   0  345    0    0    0    0    0    0    2  327    0 1438 2553  290  200  180  300    0   66  290    0   30   36    0 
   0  345    0    0    0    0    0    0    2  330    0 1438 2553  290  200  180  300    0   66  290    0   30   36    0 
   0  345    0    0    0    0    0    0    2  326    0 1438 2553  290  200  180  300    0   66  290    0   30   36    0 
   0  345    0    0    0    0    0    0    2  330    0 1438 2553  290  200  180  300    0   66  290    0   30   36    0 
   0  345    0    0    0    0    0    0    2  325    0 1438 2553  290  200  180  300    0   66  290    0   30   36    0 
   0  345    0    0    0    0    0    0    2  328    0 1438 2553  290  200  180  300    0   66  290    0   30   36    0 
   0  345    0    0    0    0    0    0    2  325    0 1438 2553  290  200  180  300    0   66  290    0   30   36    0 
   0  345    0    0    0    0    0    0    2  328    0 1438 2553  290  200  180  300    0   66  290    0   30   36    0 
   0  345    0    0    0    0    0    0    2  325    0 1438 2553  290  200  180  300    0   66  290    0   30   36    0 
   0  345    0    0    0    0    0    0    2  327    0 1438 2553  290  200  180  300    0   66  290    0   30   36    0 
   0  345    0    0    0    0    0    0    2  325    0 1438 2553  290  200  180  300    0   66  290    0   30   36    0 
   0  345    0    0    0    0    0    0    2  327    0 1438 2553  290  200  180  300    0   66  290    0   30   36    0 
   0  345    0    0    0    0    0    0    2  325    0 1438 2553  290  200  180  300    0   66  290    0   30   36    0 
   0  345    0    0    0    0    0    0    2  326    0 1438 2553  290  212  186  300    0   66  290    0   30   36    0 
   0  345    0    0    0    0    0    0    2  326    0 1438 2553  290  225  192  300    0   66  290    0   30   36    0 
   0  345    0    0    0    0    0    0    2  326    0 1438 2553  290  237  198  300    0   66  290    0   30   36    0 
   0  345    0    0    0    0    0    0    2  326    0 1438 2553  290  250  205  300    0   66  290    0   30   36    0 
   0  345    0    0    0    0    0    0    2  325    0 1438 2553  290  262  211  300    0   66  290    0   30   36    0 
   0  345    0    0    0    0    0    0    2  326    0 1438 2553  290  275  217  300    0   66  290    0   30   36    0 
   0  345    0    0    0    0    0    0    2  325    0 1438 2553  290  287  223  300    0   66  290    0   30   36    0 
