 AP   F1   A2   A3   A4   A5   A6   AB  TILT  T0   AV   F2   F3    FZ   B1   B2   B3       
   0  599    0    0    0    0    0    0    2  388    0 1714 2500  290  160  155  220    0    1  290    0   50   36    0 
   0  596    0    0    0    0    0    0    1  388   40 1689 2502  290  160  155  220    4   17  290    0   50   36    0 
   0  596    0    0    0    0    0    0    1  389   43 1693 2502  290  147  148  220    4   17  290    0   50   38    0 
   0  597    0    0    0    0    0    0    1  389   45 1696 2501  290  141  142  220    4   17  290    0   50   40    0 
   0  597    0    0    0    0    0    0    1  389   48 1700 2501  290  135  136  220    4   17  290    0   50   42    0 
   0  597    0    0    0    0    0    0    1  389   51 1703 2501  290  128  130  220    4   17  290    0   50   32    0 
   0  598    0    0    0    0    0    0    1  390   53 1707 2500  296  122  123  220    4   17  290    0   50   34    0 
   0  606    0    0    0    0    0    0    1  390   56 1710 2500  302  116  117  220    4   17  290    0   50   36    0 
   0  614    0    0    0    0    0    0    1  390   59 1714 2500  308  110  111  220    4   17  290    0   50   38    0 
   0  622    0    0    0    0    0    0    1  391   59 1714 2500  314  103  105  220    4   17  290    0   50   40    0 
   0  630    0    0    0    0    0    0    1  391   59 1683 2500  320  110  105  220    4   17  290    0   50   42    0 
   0  638    0    0    0    0    0    0    1  391   59 1652 2503  326  116  105  220    4   17  290    0   50   32    0 
   0  646    0    0    0    0    0    0    1  391   59 1621 2513  332  122  105  220    4   17  290    0   50   34    0 
   0  654    0    0    0    0    0    0    1  392   59 1590 2524  339  128  105  220    4   17  290    0   50   36    0 
   0  621    0    0    0    0    0    0    1  392   59 1555 2534  345  135  105  220    4   17  290    0   50   38    0 
   0  589    0    0    0    0    0    0    1  392   59 1520 2544  351  141  105  220    4   17  290    0   50   40    0 
   0  556    0    0    0    0    0    0    1  392   59 1485 2554  357  147  105  220    4   17  290    0   50   42    0 
   0  524    0    0    0    0    0    0    1  392   59 1450 2564  363  153  105  220    4   17  290    0   50   32    0 
   0  429    0    0    0    0    0    0    0  396   50 1346 2471  400  130  360  460   32    7  290    0   50   34    0 
   0  429    0    0    0    0    0    0    0  400   50 1359 2483  400  130  360  460   32    7  290    0   50   34    0 
   0  429    0    0    0    0    0    0    0  404   50 1372 2495  400  130  360  460   32    7  290    0   50   34    0 
   0  429    0    0    0    0    0    0    0  408   50 1385 2507  400  130  360  460   32    7  290    0   50   34    0 
   0  429    0    0    0    0    0    0    0  412   50 1398 2519  400  130  360  460   32    7  290    0   50   34    0 
   0  429    0    0    0    0    0    0    0  416   47 1411 2530  400  130  360  460   32    7  290    0   50   34    0 
   0  429    0    0    0    0    0    0    0  421   45 1424 2542  400  130  360  460   32    7  290    0   50   34    0 
   0  329    0    0    0    0    0    0   31  421    0 1381 2536  369  159  159  240   48    6  290    0   50   34    0 
   0  319    0    0    0    0    0    0   31  422    0 1318 2509  356  145  146  227   48    6  290    0   50   34    0 
   0  309    0    0    0    0    0    0   31  423    0 1256 2482  343  131  134  215   48    6  290    0   50   34    0 
   0  299    0    0    0    0    0    0   31  424    0 1193 2454  329  117  122  202   48    6  290    0   50   34    0 
   0  289    0    0    0    0    0    0   31  425    0 1131 2427  316  103  109  190   48    6  290    0   50   34    0 
   0  278    0    0   55    0    0    0   31  425    0 1068 2399  303   89   97  177   48    6  290    0   50   34    0 
   0  268    0    0   43    0    0    0    1  387   50 1005 2372  290   74   84  164   24    7  290    0   50   34    0 
   0  272    0    0   29    0    0    0    1  356   52  995 2362  290   71   81  151   24    7  290    0   50   34    0 
   0  277    0    0   14    0    0    0    2  329   54  985 2352  290   71   83  148   24    7  290    0   50   34    0 
   0  281    0    0    0    0    0    0    3  306   56  975 2342  290   70   85  145   24    7  290    0   50   34    0 
   0  285    0    0    0    0    0    0    4  286   56  965 2332  290   69   87  142   24    7  290    0   50   34    0 
   0  293    0    0    0    0    0    0    5  268   56 1023 2348  290   68   88  138   24    7  290    0   50   34    0 
   0  301    0    0    0    0    0    0    6  253   56 1081 2364  290   68   90  135   24    7  290    0   50   34    0 
   0  305    0    0    0    0    0    0    6  253   57 1139 2376  290   69   94  144   19   28  290    0   50   34    0 
   0  311    0    0    0    0    0    0    6  253   58 1227 2408  290   71   98  153   19   28  290    0   50   36    0 
   0  316    0    0    0    0    0    0    5  254   59 1316 2440  290   73  103  163   19   28  290    0   50   38    0 
   0  322    0    0    0    0    0    0    5  254   59 1404 2472  290   74  107  172   19   28  290    0   50   40    0 
   0  327    0    0    0    0    0    0    5  255   60 1492 2504  290   76  111  181   19   28  290    0   50   42    0 
   0  333    0    0    0    0    0    0    5  255   61 1581 2536  290   78  115  190   19   28  290    0   50   32    0 
   0  338    0    0    0    0    0    0    5  255   61 1669 2568  290   80  120  200   19   28  290    0   50   34    0 
   0  344    0    0    0    0    0    0    5  256   61 1758 2600  290   80  120  200   19   28  290    0   50   36    0 
   0  344    0    0    0    0    0    0    5  256   61 1758 2531  290   80  120  200   19   28  290    0   50   38    0 
   0  344    0    0    0    0    0    0    5  256   61 1758 2463  290   80  120  200   19   28  290    0   50   40    0 
   0  344    0    0    0    0    0    0    5  257   61 1758 2394  290   80  120  200   19   28  290    0   50   42    0 
   0  344    0    0    0    0    0    0    5  257   61 1758 2326  290   80  120  200   19   28  290    0   50   32    0 
   0  344    0    0    0    0    0    0    5  258   61 1758 2258  290   80  120  200   19   28  290    0   50   34    0 
   0  349    0    0    0    0    0    0    5  258   61 1731 2189  290   80  120  200   19   28  290    0   50   36    0 
   0  354    0    0    0    0    0    0    5  258   61 1705 2121  290   80  120  200   19   28  290    0   50   38    0 
   0  360    0    0    0    0    0    0    5  259   61 1679 2053  290   80  120  200   19   28  290    0   50   40    0 
   0  365    0    0    0    0    0    0    5  259   61 1653 1984  290   80  120  200   19   28  290    0   50   42    0 
   0  370    0    0    0    0    0    0    5  259   61 1626 1916  290   80  120  200   19   28  290    0   50   32    0 
   0  376    0    0    0    0    0    0    5  260   61 1600 1847  290   80  120  200   19   28  290    0   50   34    0 
   0  381    0    0    0    0    0    0    5  260   61 1574 1779  290   80  120  200   19   28  290    0   50   36    0 
   0  387    0    0    0    0    0    0    5  261   61 1548 1711  290   80  120  200   19   28  290    0   50   38    0 
   0  392    0    0    0    0    0    0    5  261   61 1521 1707  290   80  120  200   19   28  290    0   50   40    0 
   0  397    0    0    0    0    0    0    5  261   61 1429 1690  290   80  120  200   19   28  290    0   50   42    0 
   0  397    0    0    0    0    0    0    5  262   61 1357 1673  290   80  116  194   19   28  290    0   50   32    0 
   0  397    0    0    0    0    0    0    5  262   61 1286 1657  290   81  113  188   19   28  290    0   50   34    0 
   0  397    0    0    0    0    0    0    5  262   61 1215 1640  290   82  109  182   19   28  290    0   50   36    0 
   0  363    0    0    0    0    0    0    5  263   61 1144 1623  290   83  106  176   19   28  290    0   50   38    0 
   0  330    0    0    0    0    0    0    5  263   61 1073 1606  290   83  103  170   19   28  290    0   50   40    0 
   0  297    0    0    0    0    0    0   31  264    0 1002 1590  290   84   99  164   46   18  290    0   50   42    0 
   0  301    0    0    0    0    0    0   31  265    0 1005 1598  290   85   96  158   46   18  290    0   50   42    0 
   0  304    0    0    0    0    0    0   31  266    0 1008 1607  290   86   93  153   46   18  290    0   50   42    0 
   0  308    0    0    0    0    0    0   31  267    0 1012 1615  290   87   89  147   46   18  290    0   50   42    0 
   0  312    0    0    0    0    0    0   31  268    0 1015 1624  290   88   86  141   46   18  290    0   50   42    0 
   0  316    0    0    0    0    0    0   31  269    0 1018 1632  290   89   83  135   46   18  290    0   50   42    0 
   0  319    0    0    0    0    0    0   31  271    0 1022 1641  290   90   80  130   46   18  290    0   50   42    0 
   0  323    0    0    0    0    0    0   31  272    0 1025 1649  290   90   80  130   46   18  290    0   50   42    0 
   0  327    0    0    0    0    0    0   31  273    0 1029 1658  290   90   80  130   46   18  290    0   50   42    0 
   0  331    0    0    0    0    0    0   31  274    0 1032 1666  290   90   80  130   46   18  290    0   50   42    0 
   0  334    0    0    0    0    0    0   31  275    0 1035 1675  290   90   80  130   46   18  290    0   50   42    0 
   0  338    0    0    0    0    0    0   31  276    0 1039 1683  290   90   80  130   46   18  290    0   50   42    0 
   0  342    0    0    0    0    0    0   31  278    0 1042 1692  290   90   80  130   46   18  290    0   50   42    0 
   0  346    0    0    0    0    0    0   31  279    0 1045 1700  290   99   82  143   46   18  290    0   50   42    0 
   0  349    0    0    0    0    0    0   31  280    0 1049 1709  290  108   84  156   46   18  290    0   50   42    0 
   0  353    0    0    0    0    0    0   31  281    0 1052 1717  290  117   87  169   46   18  290    0   50   42    0 
   0  357    0    0    0    0    0    0   31  283    0 1056 1726  290  126   89  183   46   18  290    0   50   42    0 
   0  361    0    0    0    0   38   54   31  283    0 1059 1734  290  135   91  196   46   18  290    0   50   42    0 
   0  365    0    0    0    0   26   42    4  273   57 1063 1744  290  144   95  209    5   47  290    0   50   42    0 
   0  455    0    0    0    0   17   28    5  268   59 1125 1844  290  153   97  223    5   47  290    0   50   32    0 
   0  545    0    0    0    0    8   14    5  262   61 1187 1944  290  163  100  236    5   47  290    0   50   34    0 
   0  635    0    0    0    0    0    0    5  258   63 1250 2044  290  172  102  249    5   47  290    0   50   36    0 
   0  635    0    0    0    0    0    0    5  253   63 1312 2144  290  181  105  263    5   47  290    0   50   38    0 
   0  635    0    0    0    0    0    0    6  249   63 1374 2244  290  190  107  276    5   47  290    0   50   40    0 
   0  635    0    0    0    0    0    0    6  245   63 1436 2344  290  200  110  290    5   47  290    0   50   42    0 
   0  635    0    0    0    0    0    0    6  241   63 1499 2445  290  200  110  290    5   47  290    0   50   32    0 
   0  635    0    0    0    0    0    0    7  237   63 1499 2445  290  200  110  290    5   47  290    0   50   34    0 
   0  635    0    0    0    0    0    0    7  233   63 1499 2445  290  200  110  290    5   47  290    0   50   36    0 
   0  635    0    0    0    0    0    0    7  230   63 1499 2445  290  200  110  290    5   47  290    0   50   38    0 
   0  635    0    0    0    0    0    0    7  225   63 1511 2445  290  200  110  290    5   47  290    0   50   40    0 
   0  635    0    0    0    0    0    0    8  222   63 1523 2445  290  200  110  290    5   47  290    0   50   42    0 
   0  635    0    0    0    0    0    0    8  218   63 1535 2445  290  200  110  290    5   47  290    0   50   32    0 
   0  635    0    0    0    0    0    0    8  214   63 1547 2445  290  200  110  290    5   47  290    0   50   34    0 
   0  635    0    0    0    0    0    0    9  210   63 1559 2445  290  200  110  290    5   47  290    0   50   36    0 
   0  635    0    0    0    0    0    0    9  209   63 1571 2445  290  200  110  290    5   47  290    0   50   38    0 
   0  635    0    0    0    0    0    0    9  209   63 1583 2445  290  200  110  290    5   47  290    0   50   40    0 
   0  635    0    0    0    0    0    0    9  208   63 1596 2445  290  200  110  290    5   47  290    0   50   42    0 
   0  635    0    0    0    0    0    0    9  207   63 1608 2445  290  200  110  290    5   47  290    0   50   32    0 
   0  635    0    0    0    0    0    0    9  207   63 1620 2445  290  200  110  290    5   47  290    0   50   34    0 
   0  635    0    0    0    0    0    0    9  206   63 1632 2445  290  200  110  290    5   47  290    0   50   36    0 
   0  635    0    0    0    0    0    0    9  206   63 1644 2445  290  200  110  290    5   47  290    0   50   38    0 
   0  635    0    0    0    0    0    0    9  206   63 1656 2445  290  200  110  290    5   47  290    0   50   40    0 
   0  635    0    0    0    0    0    0    9  206   63 1668 2445  290  200  110  290    5   47  290    0   50   42    0 
   0  635    0    0    0    0    0    0    9  206   63 1680 2445  290  200  110  290    5   47  290    0   50   32    0 
   0  635    0    0    0    0    0    0    9  206   63 1680 2445  290  200  110  290    5   47  290    0   50   34    0 
   0  635    0    0    0    0    0    0    9  206   63 1680 2445  290  200  110  290    5   47  290    0   50   36    0 
   0  637    0    0    0    0    0    0    9  207   63 1680 2447  290  200  109  290    5   47  290    0   50   38    0 
   0  640    0    0    0    0    0    0    9  207   63 1680 2449  290  200  108  290    5   47  290    0   50   40    0 
   0  643    0    0    0    0    0    0    9  208   63 1680 2452  290  200  107  290    5   47  290    0   50   42    0 
   0  646    0    0    0    0    0    0    9  209   63 1680 2454  290  200  107  290    5   47  290    0   50   32    0 
   0  649    0    0    0    0    0    0    9  209   63 1680 2456  290  200  106  290    5   47  290    0   50   34    0 
   0  652    0    0    0    0    0    0    9  210   63 1680 2459  290  200  105  290    5   47  290    0   50   36    0 
   0  655    0    0    0    0    0    0    9  210   63 1680 2461  290  200  104  290    5   47  290    0   50   38    0 
   0  658    0    0    0    0    0    0    9  210   63 1680 2464  290  200  104  290    5   47  290    0   50   40    0 
   0  660    0    0    0    0    0    0    9  210   63 1680 2466  290  200  103  290    5   47  290    0   50   42    0 
   0  663    0    0    0    0    0    0    9  210   63 1680 2468  290  200  102  290    5   47  290    0   50   32    0 
   0  666    0    0    0    0    0    0    9  210   63 1680 2471  290  200  101  290    5   47  290    0   50   34    0 
   0  669    0    0    0    0    0    0    9  210   63 1680 2473  290  200  101  290    5   47  290    0   50   36    0 
   0  672    0    0    0    0    0    0    9  210   63 1671 2475  290  200  100  290    5   47  290    0   50   38    0 
   0  675    0    0    0    0    0    0    9  209   63 1663 2478  290  200   99  290    5   47  290    0   50   40    0 
   0  675    0    0    0    0    0    0    9  209   63 1654 2478  290  200   99  290    5   47  290    0   50   42    0 
   0  675    0    0    0    0    0    0    9  208   63 1646 2478  290  200  100  290    5   47  290    0   50   32    0 
   0  675    0    0    0    0    0    0    9  207   63 1638 2478  290  200  101  290    5   47  290    0   50   34    0 
   0  675    0    0    0    0    0    0    9  207   63 1629 2478  290  200  102  290    5   47  290    0   50   36    0 
   0  675    0    0    0    0    0    0    9  206   63 1621 2478  290  200  102  290    5   47  290    0   50   38    0 
   0  677    0    0    0    0    0    0    8  209   63 1613 2479  290  200  104  290    5   31  290    0   50   40    0 
   0  677    0    0    0    0    0    0    8  213   63 1604 2479  290  200  105  290    5   31  290    0   50   42    0 
   0  677    0    0    0    0    0    0    8  216   63 1594 2479  290  200  106  290    5   31  290    0   50   32    0 
   0  677    0    0    0    0    0    0    7  220   63 1585 2479  290  200  107  290    5   31  290    0   50   34    0 
   0  677    0    0    0    0    0    0    7  224   63 1575 2479  290  200  108  290    5   31  290    0   50   36    0 
   0  677    0    0    0    0    0    0    7  228   63 1577 2479  290  200  109  290    5   31  290    0   50   38    0 
   0  677    0    0    0    0    0    0    7  233   63 1578 2479  290  200  110  290    5   31  290    0   50   40    0 
   0  677    0    0    0    0    0    0    6  237   63 1580 2479  290  200  110  290    5   31  290    0   50   42    0 
   0  677    0    0    0    0    0    0    6  243   63 1591 2479  290  200  110  290    5   31  290    0   50   32    0 
   0  677    0    0    0    0    0    0    6  248   63 1602 2479  290  200  110  290    5   31  290    0   50   34    0 
   0  677    0    0    0    0    0    0    6  254   63 1613 2479  290  200  110  290    5   31  290    0   50   36    0 
   0  677    0    0    0    0    0    0    5  259   63 1624 2479  290  200  110  290    5   31  290    0   50   38    0 
   0  677    0    0    0    0    0    0    5  265   63 1636 2479  290  200  110  290    5   31  290    0   50   40    0 
   0  677    0    0    0    0    0    0    5  271   63 1647 2479  290  200  110  290    5   31  290    0   50   42    0 
   0  677    0    0    0    0    0    0    5  277   63 1658 2479  290  200  110  290    5   31  290    0   50   32    0 
   0  677    0    0    0    0    0    0    4  282   63 1669 2479  290  200  110  290    5   31  290    0   50   34    0 
   0  677    0    0    0    0    0    0    4  282   63 1680 2479  290  200  110  290    5   31  290    0   50   36    0 
   0  677    0    0    0    0    0    0    4  281   63 1680 2479  290  200  110  290    5   31  290    0   50   38    0 
   0  677    0    0    0    0    0    0    4  280   63 1680 2479  290  200  110  290    5   31  290    0   50   40    0 
   0  677    0    0    0    0    0    0    4  280   63 1680 2479  290  200  109  290    5   31  290    0   50   42    0 
   0  677    0    0    0    0    0    0    4  278   63 1680 2479  290  200  108  290    5   31  290    0   50   32    0 
   0  677    0    0    0    0    0    0    4  277   63 1680 2479  290  200  107  290    5   31  290    0   50   34    0 
   0  677    0    0    0    0    0    0    4  276   63 1680 2479  290  200  106  290    5   31  290    0   50   36    0 
   0  677    0    0    0    0    0    0    4  275   63 1680 2479  290  200  105  290    5   31  290    0   50   38    0 
   0  677    0    0    0    0    0    0    4  275   63 1680 2479  290  200  104  290    5   31  290    0   50   40    0 
   0  677    0    0    0    0    0    0    4  274   63 1680 2479  290  200  103  290    5   31  290    0   50   42    0 
   0  677    0    0    0    0    0    0    4  274   63 1668 2479  290  200  102  290    5   31  290    0   50   32    0 
   0  677    0    0    0    0    0    0    4  274   63 1657 2479  290  200  102  290    5   31  290    0   50   34    0 
   0  677    0    0    0    0    0    0    4  274   63 1646 2479  290  200  102  290    5   31  290    0   50   36    0 
   0  677    0    0    0    0    0    0    4  275   63 1635 2479  290  200  102  290    5   31  290    0   50   38    0 
   0  677    0    0    0    0    0    0    4  275   63 1623 2479  290  200  102  290    5   31  290    0   50   40    0 
   0  677    0    0    0    0    0    0    4  278   63 1613 2479  290  200  104  290    5    8  290    0   50   42    0 
   0  677    0    0    0    0    0    0    4  279   63 1600 2479  290  210  105  290    5    8  290    0   50   32    0 
   0  647    0    0    0    0    0    0    4  279   63 1672 2469  290  221  106  290    5    8  290    0   50   34    0 
   0  617    0    0    0    0    0    0    4  280   63 1744 2460  290  231  112  289    5    8  290    0   50   36    0 
   0  588    0    0    0    0    0    0    4  280   63 1816 2450  290  242  118  288    5    8  290    0   50   38    0 
   0  558    0    0    0    0    0    0    4  281   63 1834 2441  290  252  123  287    5    8  290    0   50   40    0 
   0  517    0    0    0    0    0    0    4  281   63 1866 2424  290  263  126  286    5    8  290    0   50   42    0 
   0  477    0    0    0    0    0    0    4  281   63 1898 2407  290  273  127  285    5    8  290    0   50   32    0 
   0  436    0    0    0    0    0    0   11  289    0 1931 2390  290  200  130  284   49   18  290    0   50   34    0 
   0  439    0    0    0    0    0    0   10  298    0 1919 2376  290  200  140  283   49   18  290    0   50   36    0 
   0  442    0    0    0    0    0    0   10  306    0 1907 2363  290  200  150  281   49   18  290    0   50   38    0 
   0  445    0    0    0    0    0    0   10  316    0 1894 2349  290  200  160  280   49   18  290    0   50   40    0 
   0  449    0    0    0    0    0    0    9  326    0 1882 2336  290  200  160  280   49   18  290    0   50   40    0 
   0  452    0    0    0    0    0    0    9  337    0 1870 2323  290  200  160  280   49   18  290    0   50   40    0 
   0  455    0    0    0    0    0    0    9  348    0 1858 2309  290  200  160  280   49   18  290    0   50   40    0 
   0  458    0    0    0    0    0    0    8  361    0 1846 2296  290  200  160  280   49   18  290    0   50   40    0 
   0  461    0    0    0    0    0    0    8  374    0 1834 2283  290  200  160  280   49   18  290    0   50   40    0 
   0  464    0    0    0    0    0    0    8  388    0 1822 2269  290  200  160  280   49   18  290    0   50   40    0 
   0  467    0    0    0    0    0    0    7  403    0 1810 2256  290  200  160  280   49   18  290    0   50   40    0 
   0  470    0    0    0    0    0    0    7  420    0 1797 2242  290  200  160  280   49   18  290    0   50   40    0 
   0  474    0    0    0    0    0    0    7  438    0 1785 2229  290  200  160  280   49   18  290    0   50   40    0 
   0  477    0    0    0    0    0    0    7  457    0 1773 2216  290  200  160  280   49   18  290    0   50   40    0 
   0  480    0    0    0    0    0    0    7  479    0 1761 2202  290  200  160  280   49   18  290    0   50   40    0 
   0  483    0    0    0    0    0    0    7  502    0 1749 2189  290  200  160  280   49   18  290    0   50   40    0 
   0  486   38    0    0   41    0    0    7  528    0 1737 2176  290  181  146  263   49   18  290    0   50   40    0 
   0  489   27    0    0   30    0    0    7  555    0 1725 2162  290  163  133  246   49   18  290    0   50   40    0 
  49  495   25    0    0   28    0    0   20  555    0 1714 2150  290  590  130  230   17    4  290    0   50   40    0 
  49  504   17    0    0   19    0    0   18  555    0 1611 2254  290  590  130  217   17    4  290    0   50   40    0 
  49  519    8    0    0    9    0    0   17  555    0 1494 2369  290  590  130  205   17    4  290    0   50   40    0 
  49  534    0    0    0    0    0    0   16  555    0 1377 2484  290  590  130  192   17    4  290    0   50   40    0 
  50  548    0    0    0    0    0    0   16  555    0 1259 2600  290  260  130  180    0   66  290    0   50   40    0 
  46  548    0    0    0    0    0    0   12  555    0 1261 2600  290  238  123  180    0   66  290    0   50   40    0 
  42  548    0    0    0    0    0    0    8  555    0 1263 2600  290  217  117  180    0   66  290    0   50   40    0 
  38  548    0    0    0    0    0    0    4  555    0 1265 2600  290  196  111  180    0   66  290    0   50   42    0 
  34  549    0    0    0    0    0    0    0  555    0 1268 2600  290  175  105  180    0   66  290    0   50   42    0 
  31  549    0    0    0    0    0    0    0  555    0 1270 2600  290  153   98  180    0   66  290    0   50   42    0 
  27  549    0    0    0    0    0    0    0  555    0 1272 2600  290  132   92  180    0   66  290    0   50   42    0 
  23  549    0    0    0    0    0    0    0  555    0 1274 2600  290  111   86  180    0   66  290    0   50   42    0 
  19  550    0    0    0    0    0    0    0  555    0 1276 2600  290   90   80  180    0   66  290    0   50   42    0 
  15  550    0    0    0    0    0    0    0  555    0 1278 2600  290   90   80  180    0   66  290    0   50   42    0 
  11  550    0    0    0    0    0    0    0  555    0 1280 2600  290   90   80  180    0   66  290    0   50   42    0 
   7  550    0    0    0    0    0    0    0  555    0 1282 2600  290   90   80  180    0   66  290    0   50   42    0 
   3  551    0    0    0    0    0    0    0  555    0 1285 2600  290   90   80  180    0   66  290    0   50   42    0 
   0  551    0    0    0    0    0    0    0  555    0 1287 2600  290   90   80  180    0   66  290    0   50   42    0 
   0  551    0    0    0    0    0    0    0  555    0 1289 2600  290   90   80  180    0   66  290    0   50   42    0 
   0  551    0    0    0    0    0    0    0  555    0 1291 2600  290   90   80  180    0   66  290    0   50   42    0 
   0  552    0    0    0    0    0    0    0  555    0 1293 2600  290   90   80  180    0   66  290    0   50   42    0 
   0  552    0    0    0    0    0    0    0  555    0 1295 2600  290   90   80  180    0   66  290    0   50   42    0 
   0  552    0    0    0    0    0    0    0  555    0 1297 2600  290   90   80  180    0   66  290    0   50   42    0 
   0  552    0    0    0    0    0    0    0  555    0 1299 2600  290   90   80  180    0   66  290    0   50   42    0 
   0  553    0    0    0    0    0    0    0  555    0 1302 2600  290   90   80  180    0   66  290    0   50   42    0 
   0  553    0    0    0    0    0    0    0  555    0 1302 2600  290   90   80  180    0   66  290    0   50   42    0 
   0  553    0    0    0    0    0    0    0  555    0 1302 2600  290   90   80  180    0   66  290    0   50   42    0 
   0  553    0    0    0    0    0    0    0  555    0 1302 2600  290   90   80  180    0   66  290    0   50   42    0 
   0  553    0    0    0    0    0    0    0  555    0 1302 2600  290   90   80  180    0   66  290    0   50   42    0 
   0  553    0    0    0    0    0    0    0  555    0 1302 2600  290   90   80  180    0   66  290    0   50   42    0 
   0  553    0    0    0    0    0    0    0  555    0 1302 2600  290   90   80  180    0   66  290    0   50   42    0 
   0  553    0    0    0    0    0    0    0  555    0 1302 2600  290   90   80  180    0   66  290    0   50   42    0 
   0  553    0    0    0    0    0    0    0  555    0 1302 2600  290   90   80  180    0   66  290    0   50   42    0 
   0  553    0    0    0    0    0    0    0  555    0 1302 2600  290   90   80  180    0   66  290    0   50   42    0 
   0  553    0    0    0    0    0    0    0  555    0 1302 2600  290   90   80  180    0   66  290    0   50   42    0 
   0  553    0    0    0    0    0    0    0  555    0 1302 2600  290   90   80  180    0   66  290    0   50   42    0 
   0  553    0    0    0    0    0    0    0  555    0 1302 2600  290   90   80  180    0   66  290    0   50   42    0 
   0  553    0    0    0    0    0    0    0  555    0 1302 2600  290   90   80  180    0   66  290    0   50   42    0 
   0  553    0    0    0    0    0    0    0  555    0 1302 2600  290   90   80  180    0   66  290    0   50   42    0 
   0  553    0    0    0    0    0    0    0  555    0 1302 2600  290   90   80  180    0   66  290    0   50   42    0 
   0  553    0    0    0    0    0    0    0  555    0 1302 2600  290   90   80  180    0   66  290    0   50   42    0 
   0  553    0    0    0    0    0    0    0  555    0 1302 2600  290   90   80  180    0   66  290    0   50   42    0 
   0  553    0    0    0    0    0    0    0  555    0 1302 2600  290   90   80  180    0   66  290    0   50   42    0 
   0  553    0    0    0    0    0    0    0  555    0 1302 2600  290   90   80  180    0   66  290    0   50   42    0 
   0  553    0    0    0    0    0    0    0  555    0 1302 2600  290   90   80  180    0   66  290    0   50   42    0 
   0  553    0    0    0    0    0    0    0  555    0 1302 2600  290   90   80  180    0   66  290    0   50   42    0 
   0  553    0    0    0    0    0    0    0  555    0 1302 2600  290   90   80  180    0   66  290    0   50   42    0 
   0  553    0    0    0    0    0    0    0  555    0 1302 2600  290   90   80  180    0   66  290    0   50   42    0 
   0  553    0    0    0    0    0    0    0  555    0 1302 2600  290   90   80  180    0   66  290    0   50   42    0 
   0  553    0    0    0    0    0    0    0  555    0 1302 2600  290   90   80  180    0   66  290    0   50   42    0 
   0  553    0    0    0    0    0    0    0  555    0 1302 2600  290   90   80  180    0   66  290    0   50   42    0 
   0  553    0    0    0    0    0    0    0  555    0 1302 2600  290   90   80  180    0   66  290    0   50   42    0 
   0  553    0    0    0    0    0    0    0  555    0 1302 2600  290   90   80  180    0   66  290    0   50   42    0 
   0  553    0    0    0    0    0    0    0  555    0 1302 2600  290   90   80  180    0   66  290    0   50   42    0 
   0  553    0    0    0    0    0    0    0  555    0 1302 2600  290   90   80  180    0   66  290    0   50   42    0 
   0  553    0    0    0    0    0    0    0  555    0 1302 2600  290   90   80  180    0   66  290    0   50   42    0 
   0  553    0    0    0    0    0    0    0  555    0 1302 2600  290   90   80  180    0   66  290    0   50   42    0 
   0  553    0    0    0    0    0    0    0  555    0 1302 2600  290   90   80  180    0   66  290    0   50   42    0 
   0  553    0    0    0    0    0    0    0  555    0 1302 2600  290   90   80  180    0   66  290    0   50   42    0 
   0  553    0    0    0    0    0    0    0  555    0 1302 2600  290   90   80  180    0   66  290    0   50   42    0 
   0  553    0    0    0    0    0    0    0  555    0 1302 2600  290   90   80  180    0   66  290    0   50   42    0 
   0  553    0    0    0    0    0    0    0  555    0 1302 2600  290   90   80  180    0   66  290    0   50   42    0 
   0  553    0    0    0    0    0    0    0  555    0 1302 2600  290   90   80  180    0   66  290    0   50   42    0 
   0  553    0    0    0    0    0    0    0  555    0 1302 2600  290  102   86  180    0   66  290    0   50   42    0 
   0  553    0    0    0    0    0    0    0  555    0 1302 2600  290  115   92  180    0   66  290    0   50   42    0 
   0  553    0    0    0    0    0    0    0  555    0 1302 2600  290  127   98  180    0   66  290    0   50   42    0 
   0  553    0    0    0    0    0    0    0  555    0 1302 2600  290  140  105  180    0   66  290    0   50   42    0 
   0  553    0    0    0    0    0    0    0  555    0 1302 2600  290  152  111  180    0   66  290    0   50   42    0 
   0  553    0    0    0    0    0    0    0  555    0 1302 2600  290  165  117  180    0   66  290    0   50   42    0 
   0  553    0    0    0    0    0    0    0  555    0 1302 2600  290  177  123  180    0   66  290    0   50   42    0 
