 AP   F1   A2   A3   A4   A5   A6   AB  TILT  T0   AV   F2   F3    FZ   B1   B2   B3       
   0  430    0    0    0    0    0    0    2  345    0 1339 2500  290  230  350  460    0    1  290    0   50   38    0 
   0  444    0    0    0    0    0    0    2  344   35 1332 2507  400  130  360  460   32    9  290    0   50   38    0 
   0  444    0    0    0    0    0    0    2  346   38 1332 2507  400  130  360  460   32    9  290    0   50   38    0 
   0  444    0    0    0    0    0    0    2  348   40 1336 2520  400  130  360  460   32    9  290    0   50   38    0 
   0  444    0    0    0    0    0    0    2  350   43 1340 2534  400  130  360  460   32    9  290    0   50   38    0 
   0  444    0    0    0    0    0    0    2  353   46 1344 2547  400  130  360  460   32    9  290    0   50   38    0 
   0  444    0    0    0    0    0    0    2  354   48 1348 2561  400  130  360  460   32    9  290    0   50   38    0 
   0  444    0    0    0    0    0    0    2  357   51 1352 2574  400  130  360  460   32    9  290    0   50   38    0 
   0  444    0    0    0    0    0    0    2  359   54 1356 2588  400  130  360  460   32    9  290    0   50   38    0 
   0  444    0    0    0    0    0    0    2  361   54 1360 2601  400  130  360  460   32    9  290    0   50   38    0 
   0  502    0    0    0    0    0    0    2  362   64 1364 2614  369  190  134  150    8   28  290    0   50   38    0 
   0  547    0    0    0    0    0    0    2  361   64 1350 2617  363  185  128  150    8   28  290    0   50   40    0 
   0  592    0    0    0    0    0    0    2  360   64 1336 2619  357  181  121  150    8   28  290    0   50   42    0 
   0  637    0    0    0    0    0    0    2  359   64 1323 2621  351  176  114  150    8   28  290    0   50   32    0 
   0  683    0    0    0    0    0    0    2  357   64 1309 2623  345  172  108  150    8   28  290    0   50   34    0 
   0  683    0    0    0    0    0    0    2  355   64 1295 2626  339  168  101  150    8   28  290    0   50   36    0 
   0  683    0    0    0    0    0    0    2  354   64 1281 2628  332  163   94  150    8   28  290    0   50   38    0 
   0  683    0    0    0    0    0    0    2  351   64 1268 2630  326  159   88  150    8   28  290    0   50   40    0 
   0  683    0    0    0    0    0    0    2  347   64 1254 2632  320  155   81  150    8   28  290    0   50   42    0 
   0  683    0    0    0    0    0    0    2  342   64 1240 2635  314  150   75  150    8   28  290    0   50   32    0 
   0  683    0    0    0    0    0    0    2  336   64 1226 2635  308  146   75  150    8   28  290    0   50   34    0 
   0  683    0    0    0    0    0    0    2  330   64 1213 2635  302  141   75  150    8   28  290    0   50   36    0 
   0  674    0    0    0    0    0    0    3  323   64 1189 2635  296  137   75  150    8   28  290    0   50   38    0 
   0  666    0    0    0    0    0    0    3  317   64 1166 2629  290  133   75  150    8   28  290    0   50   40    0 
   0  657    0    0    0    0    0    0    3  311   64 1142 2624  290  128   75  150    8   28  290    0   50   42    0 
   0  649    0    0    0    0    0    0    3  305   64 1119 2618  290  122   75  150    8   28  290    0   50   32    0 
   0  641    0    0    0    0    0    0    3  300   64 1096 2613  290  117   75  150    8   28  290    0   50   34    0 
   0  632    0    0    0    0    0    0    4  294   64 1072 2607  290  115   75  150    8   28  290    0   50   36    0 
   0  624    0    0    0    0    0    0    4  290   64 1049 2602  290  114   75  150    8   28  290    0   50   38    0 
   0  616    0    0    0    0    0    0    4  285   64 1026 2596  290  112   75  150    8   28  290    0   50   40    0 
   0  607    0    0    0    0    0    0    4  281   64 1002 2591  290  111   75  150    8   28  290    0   50   42    0 
   0  599    0    0    0    0    0    0    4  277   64  979 2585  290  109   75  150    8   28  290    0   50   32    0 
   0  590    0    0    0    0    0    0    4  274   64  955 2580  290  108   75  150    8   28  290    0   50   34    0 
   0  582    0    0    0    0    0    0    5  271   64  962 2577  290  105   75  152    8   28  290    0   50   36    0 
   0  574    0    0    0    0    0    0    5  269   64  968 2575  290  103   75  154    8   28  290    0   50   38    0 
   0  565    0    0    0    0    0    0    5  269   63  974 2573  290  100   75  157    8   28  290    0   50   40    0 
   0  557    0    0    0    0    0    0    5  270   62  980 2571  290   98   76  159    8   28  290    0   50   42    0 
   0  549    0    0    0    0    0    0    5  271   61 1010 2568  290   96   76  161    8   28  290    0   50   32    0 
   0  550    0    0    0    0    0    0    5  272   60 1040 2574  290   94   77  165   17   16  290    0   50   34    0 
   0  550    0    0    0    0    0    0    4  275   60 1066 2577  290   93   77  167   17   16  290    0   50   36    0 
   0  550    0    0    0    0    0    0    4  277   59 1091 2580  290   93   78  170   17   16  290    0   50   38    0 
   0  550    0    0    0    0    0    0    4  279   59 1117 2583  290   92   78  172   17   16  290    0   50   40    0 
   0  547    0    0    0    0    0    0    4  282   58 1145 2580  290   91   79  175   17   16  290    0   50   42    0 
   0  544    0    0    0    0    0    0    4  284   58 1174 2578  290   90   79  177   17   16  290    0   50   32    0 
   0  542    0    0    0    0    0    0    4  287   58 1206 2576  290   90   80  180   17   16  290    0   50   34    0 
   0  539    0    0    0    0    0    0    4  289   58 1239 2574  290   90   80  180   17   16  290    0   50   36    0 
   0  536    0    0    0    0    0    0    4  292   58 1247 2568  290   90   80  180   17   16  290    0   50   38    0 
   0  534    0    0    0    0    0    0    4  294   58 1254 2563  290   90   80  180   17   16  290    0   50   40    0 
   0  531    0    0    0    0    0    0    3  297   58 1261 2558  290   90   80  180   17   16  290    0   50   42    0 
   0  529    0    0    0    0    0    0    3  299   58 1251 2532  290   90   83  175   17   16  290    0   50   32    0 
   0  526    0    0    0    0    0    0    3  301   58 1242 2506  290   91   86  170   17   16  290    0   50   34    0 
   0  500    0    0    0    0    0    8    3  303   57 1229 2485  290   92   89  165   17   16  290    0   50   36    0 
   0  475    0    0    0    0    0   17    4  305   56 1216 2465  290   93   93  160   17   16  290    0   50   38    0 
   0  449    0    0    0    0    0   26    5  307   55 1204 2444  290   93   96  155   17   16  290    0   50   40    0 
   0  424    0    0    0    0    0   35    6  308   54 1193 2424  290   94   99  149   38   10  290    0   50   42    0 
   0  397    0    0    0    0    0   37    7  310   54 1180 2364  290   95  103  144   38   10  290    0   50   42    0 
   0  370    0    0    0    0    0   39    8  312   54 1167 2304  290   96  106  139   38   10  290    0   50   42    0 
   0  344    0    0    0    0    0   41    9  313   53 1154 2244  290   97  109  134   38   10  290    0   50   42    0 
   0  344    0    0    0    0    0   43   10  314   53 1141 2184  290   98  113  129   38   10  290    0   50   42    0 
   0  344    0    0    0    0    0   45   10  315   53 1128 2125  290   96  114  131   38   10  290    0   50   42    0 
   0  344    0    0    0    0    0   45   10  316   53 1181 2146  290   95  116  133   38   10  290    0   50   42    0 
   0  344    0    0    0    0    0   45    9  317   54 1234 2168  290   92  114  139   38   10  290    0   50   42    0 
   0  379    0    0    0    0    0   40    8  318   56 1287 2190  290   90  113  146   38   10  290    0   50   42    0 
   0  414    0    0    0    0    0   36    7  318   57 1340 2212  290   87  111  153   38   10  290    0   50   42    0 
   0  450    0    0    0    0    0   31    6  319   58 1394 2234  290   84  109  159    3   14  290    0   50   42    0 
   0  481    0    0    0    0    0   25    5  319   60 1411 2275  290   81  108  166    3   14  290    0   50   32    0 
   0  501    0    0    0    0    0   19    4  318   61 1447 2323  290   79  106  173    3   14  290    0   50   34    0 
   0  521    0    0    0    0    0   12    3  317   62 1484 2371  290   77  104  179    3   14  290    0   50   36    0 
   0  541    0    0    0    0    0    6    3  315   63 1520 2419  290   74  103  186    3   14  290    0   50   38    0 
   0  530    0    0    0    0    0    0    3  313   65 1556 2467  290   72  101  193    3   14  290    0   50   40    0 
   0  519    0    0    0    0    0    0    3  311   65 1579 2515  290   70  100  200    3   14  290    0   50   42    0 
   0  508    0    0    0    0    0    0    3  308   65 1603 2522  290   70  100  200    3   14  290    0   50   32    0 
   0  497    0    0    0    0    0    0    3  305   65 1626 2570  290   70  100  200    3   14  290    0   50   34    0 
   0  486    0    0    0    0    0    0    3  302   65 1650 2618  290   75   99  191    3   14  290    0   50   36    0 
   0  479    0    0    0    0    0    0    3  300   65 1554 2666  290   81   98  183    3   14  290    0   50   38    0 
   0  473    0    0    0    0    0    0    3  297   64 1458 2713  290   87   97  174    3   14  290    0   50   40    0 
   0  467    0    0    0    0    0    0    3  294   63 1357 2761  290   93   96  166    3   14  290    0   50   42    0 
   0  461    0    0    0    0    0    0    4  292   62 1256 2809  290   98   95  158    3   14  290    0   50   32    0 
   0  472    0    0    0    0    0    0    4  290   61 1192 2837  290  104   94  149   30    9  290    0   50   34    0 
   0  474    0    0    0    0    0    0    4  288   61 1146 2859  290  110   93  141   30    9  290    0   50   34    0 
   0  477    0    0    0    0    0    0    4  286   60 1101 2882  290  116   93  133   30    9  290    0   50   34    0 
   0  479    0    0    0    0    0    0    4  285   60 1056 2905  290  122   92  124   30    9  290    0   50   34    0 
   0  482    0    0    0    0    0    0    4  284   59 1011 2928  290  124   90  123   30    9  290    0   50   34    0 
   0  482    0    0    0    0    0    0    4  283   59 1011 2928  290  125   89  121   30    9  290    0   50   34    0 
   0  482    0    0    0    0    0    0    4  283   58 1011 2928  290  127   87  119   30    9  290    0   50   34    0 
   0  486    0    0    0    0    0    0    4  283   58 1029 2903  290  123   86  126   30    9  290    0   50   34    0 
   0  491    0    0    0    0    0    0    4  284   58 1048 2878  290  118   85  133   30    9  290    0   50   34    0 
   0  496    0    0    0    0    0    0    4  286   58 1066 2853  290  114   84  139   17    6  290    0   50   34    0 
   0  506    0    0    0    0    0    0    4  287   58 1066 2712  290  110   83  142   17    6  290    0   50   36    0 
   0  509    0    0    0    0    0    0    4  289   58 1068 2554  290  106   83  144   17    6  290    0   50   38    0 
   0  513    0    0    0    0    0    0    4  291   58 1070 2397  290  102   82  147   17    6  290    0   50   40    0 
   0  464    0    0    0    0    0    0    4  293   58 1071 2239  290   98   81  149   17    6  290    0   50   42    0 
   0  415    0    0    0    0    0    0    3  295   58 1073 2082  290   94   80  152   17    6  290    0   50   32    0 
   0  355    0    0    0    0    0    0   31  296    0 1041 1969  290   90   80  154   46   11  290    0   30   34    0 
   0  347    0    0    0    0    0    0   31  298    0 1017 2013  290   90   80  150   46   11  290    0   30   34    0 
   0  339    0    0    0    0    0    0   31  300    0  992 2058  290   90   80  146   46   11  290    0   30   34    0 
   0  331    0    0    0    0    0    0   31  302    0  968 2102  290   90   80  142   46   11  290    0   30   34    0 
   0  323    0    0    0    0    0    0   31  303    0  944 2147  290   90   80  138   46   11  290    0   30   34    0 
   0  315    0    0    0    0    0    0   31  305    0  919 2191  290   90   80  134   46   11  290    0   30   34    0 
   0  307    0    0    0    0    0    0   31  306    0  895 2236  290   90   80  135   46   11  290    0   30   34    0 
   0  298    0    0    0    0    0    0   31  307    0  870 2280  290   90   81  141   46   11  290    0   30   34    0 
   0  290    0    0    0    0    0    0   31  308    0  846 2325  290   90   82  147   46   11  290    0   30   34    0 
   0  282    0    0    0    0    0    0   31  308    0  822 2369  290   90   83  153   46   11  290    0   30   34    0 
   0  274    0    0    0    0   38   54   31  309    0  797 2414  290   90   83  158   46   11  290    0   30   34    0 
   0  266    0    0    0    0   26   42    3  309   53  774 2459  290   90   84  164   34   11  290    0   30   34    0 
   0  292    0    0    0    0   17   28    3  309   55  788 2500  290   90   85  170   34   11  290    0   30   34    0 
   0  318    0    0    0    0    8   14    3  309   57  802 2541  290   90   86  176   34   11  290    0   30   34    0 
   0  344    0    0    0    0    0    0    3  309   59  816 2582  290   90   87  182   34   11  290    0   30   34    0 
   0  344    0    0    0    0    0    0    3  309   59  830 2622  290   95   88  188   34   11  290    0   30   34    0 
   0  344    0    0    0    0    0    0    3  308   59  844 2663  290  100   89  194   34   11  290    0   30   34    0 
   0  344    0    0    0    0    0    0    3  308   59  858 2699  290  106   92  195   34   11  290    0   30   34    0 
   0  344    0    0    0    0    0    0    3  308   59  849 2735  290  111   94  191   34   11  290    0   30   34    0 
   0  342    0    0    0    0    0    9    3  308   59  827 2730  290  116   97  187   34   11  290    0   30   34    0 
   0  341    0    0    0    0    0   19    4  308   56  804 2725  290  122   99  183   34   11  290    0   30   34    0 
   0  339    0    0    0    0    0   29    5  308   54  782 2720  290  127  101  178   34   11  290    0   30   34    0 
  47  337    0    0    0    0    0   39    6  308    0  759 2714  290  144  105  174   37   13  290    0   30   34    0 
  40  353    0    0    0    0    0   41    7  308    0  827 2590  290  163  110  166   37   13  290    0   30   34    0 
  33  369    0    0    0    0    0   43    8  308    0  895 2466  290  181  115  158   37   13  290    0   30   34    0 
  27  385    0    0    0    0    0   45    9  308    0  962 2342  290  200  120  150   37   13  290    0   30   34    0 
  20  385    0    0    0    0    0   47   10  305    0 1030 2218  290  200  120  150   37   13  290    0   30   34    0 
  13  385    0    0    0    0    0   49   10  303    0 1098 2094  290  200  120  150   37   13  290    0   30   34    0 
   6  385    0    0    0    0    0   49   10  301    0 1098 2094  290  200  120  150   37   13  290    0   30   34    0 
   0  385    0    0    0    0    0   49   10  300    0 1098 2094  290  200  120  150   37   13  290    0   30   34    0 
   8  385    0    0    0    0    0   49   10  299    0 1098 2094  290  200  120  150   37   13  290    0   30   34    0 
  17  385    0    0    0    0    0   49   10  298    0 1117 2031  290  200  120  150   37   13  290    0   30   34    0 
  25  385    0    0    0    0    0   49    9  298    0 1136 1968  290  200  120  150   37   13  290    0   30   34    0 
  34  398    0    0    0    0    0   44    8  297    0 1155 1905  290  181  118  140   37   13  290    0   30   34    0 
  43  411    0    0    0    0    0   40    7  297    0 1174 1842  290  163  116  130   37   13  290    0   30   34    0 
   0  425    0    0    0    0    0   35    6  297   56 1193 1779  290  150  114  119   15   11  290    0   30   34    0 
   0  439    0    0    0    0    0   28    5  297   58 1213 1758  290  142  113  114   15   11  290    0   30   34    0 
   0  454    0    0    0    0    0   21    4  297   59 1229 1745  290  135  113  109   15   11  290    0   30   34    0 
   0  468    0    0    0    0    0   14    3  298   61 1246 1732  290  127  112  104   15   11  290    0   30   34    0 
   0  482    0    0    0    0    0    7    3  298   61 1263 1719  290  120  111   99   15   11  290    0   30   34    0 
   0  482    0    0    0    0    0    0    3  302   61 1280 1706  290  112  110   94   15   11  290    0   30   36    0 
   0  482    0    0    0    0    0    0    3  305   61 1277 1829  290  103  106   92   15   11  290    0   30   38    0 
   0  478    0    0    0    0    0    0    3  307   61 1212 1973  290   94  102   94   15   11  290    0   30   40    0 
   0  474    0    0    0    0    0    0    3  309   61 1146 2116  290   84   98   97   15   11  290    0   30   42    0 
   0  471    0    0    0    0    0    0    3  311   61 1081 2260  290   83   94   99   15   11  290    0   30   32    0 
   0  467    0    0    0    0    0    0    3  313   61 1016 2404  290   81   90  101   15   11  290    0   30   34    0 
   0  383    0    0    0    0    0    0    3  314   61  963 2585  290   79   86  105   27   10  290    0   30   36    0 
   0  377    0    0    0    0    0    0    3  316   62  944 2642  290   78   83  107   27   10  290    0   30   36    0 
   0  371    0    0    0    0    0    0    3  316   62  924 2698  290   76   79  110   27   10  290    0   30   36    0 
   0  364    0    0    0    0    0    0    3  317   62  904 2755  290   74   75  112   27   10  290    0   30   36    0 
   0  358    0    0    0    0    0    0    3  318   62  884 2811  290   73   72  115   27   10  290    0   30   36    0 
   0  352    0    0    0    0    0    0    3  319   63  865 2868  290   70   71  123   27   10  290    0   30   36    0 
   0  352    0    0    0    0    0    0    3  319   63  865 2868  290   68   70  131   27   10  290    0   30   36    0 
   0  352    0    0    0    0    0    0    3  319   63  865 2868  290   67   73  137   27   10  290    0   30   36    0 
   0  359    0    0    0    0    0    0    3  319   63  924 2841  290   66   76  143   27   10  290    0   30   36    0 
   0  367    0    0    0    0    0    0    3  319   63  983 2815  290   65   78  148   27   10  290    0   30   36    0 
   0  455    0    0    0    0    0    0    3  319   63 1040 2788  290   64   82  154    2   20  290    0   30   36    0 
   0  454    0    0    0    0    0    0    3  319   64 1115 2755  290   63   85  160    2   20  290    0   30   38    0 
   0  453    0    0    0    0    0    0    3  318   64 1190 2721  290   63   88  166    2   20  290    0   30   40    0 
   0  452    0    0    0    0    0    0    3  318   64 1265 2688  290   62   91  172    2   20  290    0   30   42    0 
   0  451    0    0    0    0    0    0    3  317   64 1340 2654  290   61   94  178    2   20  290    0   30   32    0 
   0  450    0    0    0    0    0    0    3  317   65 1415 2621  290   67   97  184    2   20  290    0   30   34    0 
   0  449    0    0    0    0    0    0    3  315   65 1490 2587  290   72  100  190    2   20  290    0   30   36    0 
   0  449    0    0    0    0    0    0    3  313   65 1565 2554  290   78  100  190    2   20  290    0   30   38    0 
   0  455    0    0    0    0    0    0    3  311   65 1552 2551  296   85  100  190    2   20  290    0   30   40    0 
   0  462    0    0    0    0    0    0    3  309   65 1535 2548  302   91  100  190    2   20  290    0   30   42    0 
   0  469    0    0    0    0    0    0    3  307   65 1518 2545  308   97  100  190    2   20  290    0   30   32    0 
   0  476    0    0    0    0    0    0    3  305   65 1501 2542  314  103  100  190    2   20  290    0   30   34    0 
   0  482    0    0    0    0    0    0    3  303   65 1485 2539  320  110  100  190    2   20  290    0   30   36    0 
   0  489    0    0    0    0    0    0    3  300   65 1468 2536  326  116  100  190    2   20  290    0   30   38    0 
   0  496    0    0    0    0    0    0    3  299   65 1451 2541  332  122  100  190    2   20  290    0   30   40    0 
   0  503    0    0    0    0    0    0    3  297   65 1434 2545  339  128  100  190    2   20  290    0   30   42    0 
   0  496    0    0    0    0    0    0    3  295   65 1421 2549  345  135  100  190    2   20  290    0   30   32    0 
   0  489    0    0    0    0    0    0    3  294   65 1407 2553  351  141  100  190    2   20  290    0   30   34    0 
   0  482    0    0    0    0    0    0    3  293   65 1393 2558  357  147  100  190    2   20  290    0   30   36    0 
   0  475    0    0    0    0    0    0    3  292   65 1380 2562  363  153  100  190    2   20  290    0   30   38    0 
   0  447    0    0    0    0    0    0    3  291   50 1267 2468  400  130  360  460   32    6  290    0   30   40    0 
   0  447    0    0    0    0    0    0    3  290   50 1287 2476  400  130  360  460   32    6  290    0   30   40    0 
   0  447    0    0    0    0    0    0    3  291   50 1308 2502  400  130  360  460   32    6  290    0   30   40    0 
   0  447    0    0    0    0    0    0    3  292   50 1330 2528  400  130  360  460   32    6  290    0   30   40    0 
   0  447    0    0    0    0    0    0    3  293   50 1351 2555  400  130  360  460   32    6  290    0   30   40    0 
   0  447    0    0    0    0    0    0    3  296   50 1373 2581  400  130  360  460   32    6  290    0   30   40    0 
   0  470    0    0    0    0    0    0    3  298   58 1390 2599  369  159  139  180   17    6  290    0   30   40    0 
   0  464    0    0    0    0    0    0    3  300   58 1436 2528  356  159  136  188   17    6  290    0   30   42    0 
   0  457    0    0    0    0    0    0    3  302   58 1491 2453  343  158  132  196   17    6  290    0   30   32    0 
   0  450    0    0    0    0    0    0    3  304   58 1546 2377  329  158  129  204   17    6  290    0   30   34    0 
   0  443    0    0    0    0    0    0    3  306   58 1602 2301  316  157  126  213   17    6  290    0   30   36    0 
   0  419    0    0    0    0    0    0    3  307   58 1657 2225  303  157  123  221   17    6  290    0   30   38    0 
   0  394    0    0    0    0    0    0   10  309    0 1712 2148  290  144  119  229   49   11  290    0   30   40    0 
   0  398    0    0    0    0    0    0   10  310    0 1699 2172  290  163  133  246   49   11  290    0   30   42    0 
   0  402    0    0    0    0    0    0   10  312    0 1685 2196  290  181  146  263   49   11  290    0   30   32    0 
   0  406    0    0    0    0    0    0   10  313    0 1672 2219  290  200  160  280   49   11  290    0   30   34    0 
   0  411    0    0    0    0    0    0   10  311    0 1658 2243  290  200  160  280   49   11  290    0   30   34    0 
   0  415    0    0    0    0    0    0   10  309    0 1645 2267  290  200  160  280   49   11  290    0   30   34    0 
   0  419    0    0    0    0    0    0   10  308    0 1631 2290  290  200  160  280   49   11  290    0   30   34    0 
   0  423    0    0    0    0    0    0   10  307    0 1618 2314  290  200  160  280   49   11  290    0   30   34    0 
   0  428    0    0    0    0    0    0   10  306    0 1604 2337  290  200  160  280   49   11  290    0   30   34    0 
   0  432    0    0    0    0    0    0   10  306    0 1591 2361  290  200  163  283   49   11  290    0   30   34    0 
   0  436   41    0   26   36   23    0   10  306    0 1577 2385  290  200  166  286   49   11  290    0   30   34    0 
   0  451   29    0   14   24   47    0   10  306    0 1586 2410  290  200  169  289   41   15  290    0   30   34    0 
   0  415   23    0   11   19   49    0   10  306    0 1567 2434  290  200  173  293   41   15  290    0   30   34    0 
   0  379   17    0    8   14   51    0   10  306    0 1548 2457  290  200  176  296   41   15  290    0   30   34    0 
   0  343   11    0    5    9   53    0    9  307    0 1528 2480  290  200  180  300   41   15  290    0   30   34    0 
   0  343    5    0    2    4   55    0    9  307    0 1509 2503  290  200  180  300   41   15  290    0   30   34    0 
   0  343    0    0    0    0   57    0    9  307    0 1490 2527  290  200  180  300   41   15  290    0   30   34    0 
   0  343    0    0    0    0   57    0    9  307    0 1490 2527  290  200  180  300   41   15  290    0   30   34    0 
   0  343    0    0    0    0   57    0    9  306    0 1490 2527  290  200  180  300   41   15  290    0   30   34    0 
   0  343    0    0    0    0   57    0    9  306    0 1490 2527  290  200  180  300   41   15  290    0   30   34    0 
   0  343    0    0    0    0   57    0    9  306    0 1490 2527  290  200  180  300   41   15  290    0   30   34    0 
   8  343    0    0    0    0   57    0    9  306    0 1490 2527  290  200  180  300   41   15  290    0   30   34    0 
  17  343    0    0    0    0   57    0    9  306    0 1478 2531  290  200  180  300   41   15  290    0   30   34    0 
  25  343    0    0    0    0   57    0    8  305    0 1466 2536  290  200  180  300   41   15  290    0   30   34    0 
  34  370    0    0    0    0   52    0    7  305    0 1455 2540  290  176  167  286   41   15  290    0   30   34    0 
  43  398    0    0    0    0   48    0    6  305    0 1443 2545  290  153  154  273   41   15  290    0   30   34    0 
   0  425    0    0    0    0   43    0    5  305   54 1431 2549  290  131  141  259    4   14  290    0   30   34    0 
   0  450    0    0    0    0   35    0    4  305   56 1469 2544  290  122  135  253    4   14  290    0   30   34    0 
   0  475    0    0    0    0   26    0    3  306   57 1507 2540  290  113  129  246    4   14  290    0   30   34    0 
   0  499    0    0    0    0   17    0    2  306   59 1545 2535  290  104  123  239    4   14  290    0   30   34    0 
   0  524    0    0    0    0    8    0    2  306   59 1583 2530  290   95  117  233    4   14  290    0   30   34    0 
   0  560    0    0    0    0    0    0    2  310   59 1621 2527  290   86  111  226    4   14  290    0   30   36    0 
   0  597    0    0    0    0    0    0    2  314   59 1659 2523  290   77  105  220    4   14  290    0   30   38    0 
   0  608    0    0    0    0    0    0    2  317   59 1669 2520  290   68  105  220    4   14  290    0   30   40    0 
   0  620    0    0    0    0    0    0    2  321   59 1619 2521  290   60  105  220    4   14  290    0   30   42    0 
   0  601    0    0    0    0    0    0    2  323   59 1570 2523  290   63  107  226    4   14  290    0   30   32    0 
   0  583    0    0    0    0    0    0    2  327   59 1521 2524  290   66  110  233    4   14  290    0   30   34    0 
   0  550    0    0    0    0   10    0    2  329   57 1471 2530  290   69  113  239    4   14  290    0   30   36    0 
   0  517    0    0    0    0   21    0    3  331   56 1422 2536  290   73  116  246    4   14  290    0   30   38    0 
   0  485    0    0    0    0   31    0    4  333   55 1372 2542  290   76  118  253    4   14  290    0   30   40    0 
   0  453    0    0    0    0   42    0    5  335   53 1323 2549  290   79  122  259   42   12  290    0   30   42    0 
   0  416    0    0    0    0   44    0    6  337   52 1326 2553  290   83  125  266   42   12  290    0   30   42    0 
   0  378    0    0    0    0   46    0    7  338   51 1329 2557  290   86  128  273   42   12  290    0   30   42    0 
   0  341    0    0    0    0   48    0    8  339   50 1331 2560  290   89  131  279   42   12  290    0   30   42    0 
   0  341    0    0    0    0   50    0    9  340   49 1334 2564  290   93  134  286   42   12  290    0   30   42    0 
   0  341    0    0    0    0   52    0    9  341   49 1337 2568  290   96  137  293   42   12  290    0   30   42    0 
   0  341    0    0    0    0   52    0    9  341   49 1337 2568  290  100  140  300   42   12  290    0   30   42    0 
   0  341    0    0    0    0   52    0    9  341   49 1337 2568  290   96  134  282   42   12  290    0   30   42    0 
   0  341    0    0    0    0   52    0    9  341   49 1264 2525  290   93  128  265   42   12  290    0   30   42    0 
   0  341    0    0    0    0   52    0    8  341   50 1191 2482  290   89  122  247   42   12  290    0   30   42    0 
   0  328    0    0    0    0   47    0    7  340   51 1118 2440  290   86  116  230   42   12  290    0   30   42    0 
   0  316    0    0    0    0   43    0    6  340   52 1045 2397  290   83  110  212   42   12  290    0   30   42    0 
   0  303    0    0    0    0   38    0    5  339   53  971 2354  290   79  104  194   24    6  290    0   30   42    0 
   0  305    0    0    0    0   31    0    4  338   55  940 2340  290   76  101  187   24    6  290    0   30   42    0 
   0  306    0    0    0    0   23    0    3  336   56  908 2326  290   73   98  181   24    6  290    0   30   42    0 
   0  307    0    0    0    0   15    0    2  334   57  876 2312  290   69   95  174   24    6  290    0   30   42    0 
   0  330    0    0    0    0    7    0    2  332   58  904 2304  290   66   92  167   24    6  290    0   30   42    0 
   0  353    0    0    0    0    0    0    2  330   60  931 2295  290   63   89  161   24    6  290    0   30   42    0 
   0  376    0    0    0    0    0    0    2  328   60  954 2283  290   60   87  154    4   11  290    0   30   42    0 
   0  408    0    0    0    0    0    0    2  326   61 1041 2290  290   60   90  165    4   11  290    0   30   32    0 
   0  441    0    0    0    0    0    0    2  325   61 1128 2298  290   60   93  176    4   11  290    0   30   34    0 
   0  488    0    0    0    0    0    0    2  324   62 1215 2305  290   60   96  187    4   11  290    0   30   36    0 
   0  535    0    0    0    0    0    0    2  322   62 1302 2312  290   60   99  198    4   11  290    0   30   38    0 
   0  582    0    0    0    0    0    0    2  321   63 1389 2374  290   60  102  209    4   11  290    0   30   40    0 
   0  630    0    0    0    0    0    0    2  320   63 1441 2435  290   66  103  210    4   11  290    0   30   42    0 
   0  621    0    0    0    0    0    0    2  320   63 1349 2509  290   73  102  200    4   11  290    0   30   32    0 
   0  613    0    0    0    0    0    0    2  319   62 1258 2583  290   79  100  190    4   11  290    0   30   34    0 
   0  586    0    0    0    0    0    0    3  319   62 1167 2657  290   86   99  180    4   11  290    0   30   36    0 
   0  560    0    0    0    0    0    0    3  318   61 1075 2731  290   93   98  170    4   11  290    0   30   38    0 
   0  538    0    0    0    0    0    0    3  318   60 1053 2788  290   99   96  159   30    8  290    0   30   40    0 
   0  528    0    0    0    0    0    0    3  318   60 1035 2818  290  106   95  149   30    8  290    0   30   40    0 
   0  519    0    0    0    0    0    0    3  318   60 1017 2849  290  113   94  139   30    8  290    0   30   40    0 
   0  510    0    0    0    0    0    0    3  317   59  999 2879  290  113   94  139   30    8  290    0   30   40    0 
   0  501    0    0    0    0    0    0    3  317   59  982 2910  290  113   94  139   30    8  290    0   30   40    0 
   0  501    0    0    0    0    0    0    3  317   59  982 2910  290  113   94  139   30    8  290    0   30   40    0 
   0  508    0    0    0    0    0    0    3  316   59 1020 2879  290  113   94  139   30    8  290    0   30   40    0 
   0  515    0    0    0    0    0    0    3  316   59 1058 2848  290  106   95  149   30    8  290    0   30   40    0 
   0  522    0    0    0    0    0    0    3  316   59 1091 2816  290   99   96  160    4   13  290    0   30   40    0 
   0  533    0    0    0    0    0    0    3  317   59 1146 2770  290   93   98  170    4   13  290    0   30   42    0 
   0  545    0    0    0    0    0    0    3  318   59 1201 2724  290   86   99  180    4   13  290    0   30   32    0 
   0  556    0    0    0    0    0    0    3  319   59 1256 2678  290   79  100  190    4   13  290    0   30   34    0 
   0  576    0    0    0    0    0    0    3  321   59 1311 2633  290   73  102  200    4   13  290    0   30   36    0 
   0  596    0    0    0    0    0    0    2  323   59 1366 2588  290   66  103  210    4   13  290    0   30   38    0 
   0  616    0    0    0    0    0    0    2  325   59 1421 2544  290   60  105  220    4   13  290    0   30   40    0 
   0  625    0    0    0    0    0    0    2  327   59 1395 2545  290   60  105  220    4   13  290    0   30   42    0 
   0  604    0    0    0    0    0    0    2  329   59 1370 2546  290   63  107  226    4   13  290    0   30   32    0 
   0  582    0    0    0    0    0    0    2  332   59 1345 2546  290   66  110  233    4   13  290    0   30   34    0 
   0  550    0    0    0    0   10    0    2  334   57 1320 2547  290   69  113  239    4   13  290    0   30   36    0 
   0  517    0    0    0    0   21    0    3  336   56 1294 2548  290   73  116  246    4   13  290    0   30   38    0 
   0  485    0    0    0    0   31    0    4  338   55 1269 2548  290   76  118  253    4   13  290    0   30   40    0 
   0  453    0    0    0    0   42    0    5  340   53 1244 2549  290   79  122  259   42   12  290    0   30   42    0 
   0  416    0    0    0    0   44    0    6  341   52 1275 2558  290   83  125  266   42   12  290    0   30   42    0 
   0  379    0    0    0    0   46    0    7  343   51 1306 2566  290   86  128  273   42   12  290    0   30   42    0 
   0  343    0    0    0    0   48    0    8  344   50 1336 2574  290   89  131  279   42   12  290    0   30   42    0 
   0  343    0    0    0    0   50    0    9  345   49 1367 2582  290   93  134  286   42   12  290    0   30   42    0 
   0  343    0    0    0    0   52    0    9  345   49 1398 2591  290  101  137  293   42   12  290    0   30   42    0 
   0  343    0    0    0    0   52    0    9  345   49 1398 2591  290  110  140  300   42   12  290    0   30   42    0 
   0  343    0    0    0    0   52    0    9  345   49 1398 2591  290  115  143  300   42   12  290    0   30   42    0 
   0  343    0    0    0    0   52    0    9  345   49 1399 2587  290  121  146  300   42   12  290    0   30   42    0 
   0  343    0    0    0    0   52    0    9  345   49 1401 2583  290  126  149  300   42   12  290    0   30   42    0 
   0  339    0    0    0    0   53    0    9  345   46 1403 2579  290  131  153  300   42   12  290    0   30   42    0 
   0  335    0    0    0    0   53    0    9  345   44 1405 2575  290  136  156  300   42   12  290    0   30   42    0 
   0  331    0    0    0    0   53    0    9  344    0 1424 2569  290  149  159  300   41   13  290    0   30   42    0 
   0  328    0    0    0    0   54    0    9  344    0 1430 2565  290  166  166  300   41   13  290    0   30   42    0 
   0  325    0    0    0    0   55    0    9  343    0 1435 2561  290  183  173  300   41   13  290    0   30   42    0 
   0  322    0    0    0    0   55    0    9  343    0 1441 2557  290  200  180  300   41   13  290    0   30   42    0 
   0  322    0    0    0    0   56    0    9  334    0 1446 2553  290  200  180  300   41   13  290    0   30   42    0 
   0  322    0    0    0    0   57    0    9  327    0 1452 2549  290  200  180  300   41   13  290    0   30   42    0 
   0  322    0    0    0    0   57    0    9  321    0 1452 2549  290  200  180  300   41   13  290    0   30   42    0 
   0  322    0    0    0    0   57    0    9  317    0 1452 2549  290  200  180  300   41   13  290    0   30   42    0 
   8  322    0    0    0    0   57    0    9  313    0 1452 2549  290  200  180  300   41   13  290    0   30   42    0 
  17  322    0    0    0    0   57    0    9  310    0 1478 2549  290  200  180  300   41   13  290    0   30   42    0 
  25  322    0    0    0    0   57    0    8  307    0 1504 2549  290  200  180  300   41   13  290    0   30   42    0 
  34  322    0    0    0    0   52    0    7  305    0 1531 2549  290  176  166  276   41   13  290    0   30   42    0 
  43  323    0    0    0    0   48    0    6  303    0 1557 2549  290  153  153  253   41   13  290    0   30   42    0 
   0  324    0    0    0    0   43    0    5  302   59 1583 2549  290  102  139  229    1   26  290    0   30   42    0 
   0  327    0    0    0    0   35    0    4  301   61 1648 2544  290   96  133  218    1   26  290    0   30   42    0 
   0  330    0    0    0    0   26    0    3  300   62 1712 2540  290   91  126  206    1   26  290    0   30   42    0 
   0  333    0    0    0    0   17    0    2  299   64 1777 2535  290   86  119  194    1   26  290    0   30   42    0 
   0  336    0    0    0    0    8    0    2  298   64 1841 2531  290   81  113  183    1   26  290    0   30   42    0 
   0  339    0    0    0    0    0    0    2  304   64 1906 2526  290   75  106  171    1   26  290    0   30   32    0 
   0  342    0    0    0    0    0    0    2  308   64 1970 2522  290   70  100  160    1   26  290    0   30   34    0 
   0  341    0    0    0    0    0    0    2  311   64 2038 2529  290   65  100  160    1   26  290    0   30   36    0 
   0  340    0    0    0    0    0    0    2  313   64 2041 2537  290   60  100  160    1   26  290    0   30   38    0 
   0  340    0    0    0    0    0    0    2  314   64 2044 2545  290   60  100  160    1   26  290    0   30   40    0 
   0  339    0    0    0    0    0    0    2  315   64 2047 2553  290   60  100  160    1   26  290    0   30   42    0 
   0  338    0    0    0    0    0    0    2  316   64 2050 2565  290   60  100  160    1   26  290    0   30   32    0 
   0  338    0    0    0    0    0    0    2  316   64 2053 2577  290   60  100  160    1   26  290    0   30   34    0 
   0  337    0    0    0    0    0    0    2  316   64 2056 2589  290   60  100  160    1   26  290    0   30   36    0 
   0  337    0    0    0    0    0    0    2  316   64 2060 2602  290   60  100  160    1   26  290    0   30   38    0 
   0  336    0    0    0    0    0    0    2  317   64 2063 2614  290   60  100  160    1   26  290    0   30   40    0 
   0  335    0    0    0    0    0    0    2  316   64 2066 2626  290   60  100  160    1   26  290    0   30   42    0 
   0  335    0    0    0    0    0    0    2  316   64 2069 2638  290   60  100  160    1   26  290    0   30   32    0 
   0  334    0    0    0    0    0    0    2  316   64 2072 2651  290   60  100  160    1   26  290    0   30   34    0 
   0  333    0    0    0    0    0    0    2  332   64 2075 2663  290   60  100  160    1   26  290    0   30   36    0 
   0  334    0    0    0    0    0    0    2  353   64 2078 2659  290   60  100  160    1   26  290    0   30   38    0 
   0  334    0    0    0    0    0    0    2  376   63 2081 2655  290   60  100  160    1   26  290    0   30   40    0 
   0  334    0    0    0    0    0    0    2  403   62 2085 2651  290   60  100  160    1   26  290    0   30   42    0 
   0  334    0    0    0    0    0    0    2  434   61 2088 2647  290   60  100  160    1   26  290    0   30   32    0 
   0  334    0    0    0    0    0    0    2  469   60 2091 2643  290   60  100  160    1   26  290    0   30   34    0 
   0  334    0    0    0    0    0    0    2  512   59 2094 2639  290   60  100  160    1   26  290    0   30   36    0 
   0  337    0    0    0    0    0    0    2  563   58 2100 2638  290   60  100  160    1   32  290    0   30   38    0 
   0  337    0    0    0    0    0    0    2  512   59 2100 2623  290   60  100  160    1   32  290    0   30   40    0 
   0  338    0    0    0    0    0    0    2  469   60 2100 2609  290   60  100  160    1   32  290    0   30   42    0 
   0  339    0    0    0    0    0    0    2  432   61 2100 2595  290   60  100  160    1   32  290    0   30   32    0 
   0  340    0    0    0    0    0    0    2  402   62 2100 2581  290   60  100  160    1   32  290    0   30   34    0 
   0  340    0    0    0    0    0    0    2  374   63 2100 2567  290   60  100  160    1   32  290    0   30   36    0 
   0  341    0    0    0    0    0    0    2  351   64 2100 2553  290   60  100  160    1   32  290    0   30   38    0 
   0  342    0    0    0    0    0    0    2  331   64 2100 2539  290   60  100  160    1   32  290    0   30   40    0 
   0  343    0    0    0    0    0    0    2  315   64 2100 2525  290   60  100  160    1   32  290    0   30   42    0 
   0  342    0    0    0    0    0    0    2  315   64 2100 2535  290   60  100  160    1   32  290    0   30   32    0 
   0  341    0    0    0    0    0    0    2  315   64 2100 2546  290   60  100  160    1   32  290    0   30   34    0 
   0  341    0    0    0    0    0    0    2  315   64 2100 2556  290   60  100  160    1   32  290    0   30   36    0 
   0  340    0    0    0    0    0    0    2  315   64 2100 2567  290   60  100  160    1   32  290    0   30   38    0 
   2  339    0    0    0    0    0    0    2  315   64 2100 2577  290   60  100  160    1   32  290    0   30   40    0 
   5  339    0    0    0    0    0    0    3  316   64 2100 2588  290   60  100  160    1   32  290    0   30   42    0 
   7  338    0    0    0    0    0    0    3  318   64 2100 2598  290   60  100  160    1   32  290    0   30   32    0 
  10  338    0    0    0    0    0    0    4  319   64 2100 2609  290   60  100  160    1   32  290    0   30   34    0 
  12  337    0    0    0    0    0    0    5  321   64 2100 2619  290   60  100  160    1   32  290    0   30   36    0 
  15  336    0    0    0    0    0    0    5  321   64 2100 2630  290   60  100  160    1   32  290    0   30   38    0 
  17  336    0    0    0    0    0    0    6  322   64 2100 2640  290   60  100  160    1   32  290    0   30   40    0 
  20  335    0    0    0    0    0    0    7  323   64 2100 2651  290   60  100  160    1   32  290    0   30   42    0 
  22  334    0    0    0    0    0    0    7  323   63 2100 2661  290   60  100  160    1   32  290    0   30   32    0 
  25  334    0    0    0    0    0    0    8  323   62 2100 2672  290   60  100  160    1   32  290    0   30   34    0 
  27  333    0    0    0    0    0    0    8  324   62 2100 2682  290   60  100  160    1   32  290    0   30   36    0 
  30  333    0    0    0    0    0    0    9  324   61 2100 2693  290   60  100  160    1   32  290    0   30   38    0 
  32  332    0    0    0    0    0    0   10  324   60 2100 2703  290   72  106  160    1   32  290    0   30   40    0 
  35  331    0    0    0    0    0    0   10  324   60 2100 2714  290   85  112  160    1   32  290    0   30   42    0 
  37  331    0    0    0    0    0    0   11  324   59 2100 2724  290   97  118  160    1   32  290    0   30   32    0 
  40  330    0    0    0    0    0    0   12  324   59 2100 2735  290  110  125  160    1   32  290    0   30   34    0 
  42  329    0    0    0    0    0    0   12  324   58 2100 2745  290  122  131  160    1   32  290    0   30   36    0 
  45  329    0    0    0    0    0    0   13  325   57 2100 2756  290  135  137  160    1   32  290    0   30   38    0 
  47  328    0    0    0    0    0    0   13  325   57 2100 2766  290  147  143  160    1   32  290    0   30   40    0 
  51  329    0    0    0    0    0    0   15  325    0 2098 2778  290  160  150  160    0   12  290    0   30   42    0 
  46  330    0    0    0    0    0    0   11  327    0 2093 2777  290  147  143  160    0   12  290    0   30   32    0 
  42  332    0    0    0    0    0    0    8  329    0 2088 2776  290  135  137  160    0   12  290    0   30   34    0 
  38  334    0    0    0    0    0    0    5  332    0 2083 2775  290  122  131  160    0   12  290    0   30   36    0 
  34  336    0    0    0    0    0    0    2  335    0 2078 2774  290  110  125  160    0   12  290    0   30   36    0 
  29  337    0    0    0    0    0    0    2  338    0 2072 2772  290  110  125  160    0   12  290    0   30   36    0 
  25  339    0    0    0    0    0    0    2  341    0 2067 2771  290  110  125  160    0   12  290    0   30   36    0 
  21  341    0    0    0    0    0    0    2  345    0 2062 2770  290  110  125  160    0   12  290    0   30   36    0 
  17  343    0    0    0    0    0    0    1  349    0 2057 2769  290  110  125  160    0   12  290    0   30   36    0 
  12  344    0    0    0    0    0    0    1  352    0 2052 2768  290  122  131  160    0   12  290    0   30   36    0 
   8  346    0    0    0    0    0    0    1  355    0 2047 2767  290  135  137  160    0   12  290    0   30   36    0 
   4  348    0    0    0    0    0    0    1  358    0 2042 2766  290  147  143  160    0   12  290    0   30   36    0 
