const unsigned short verb_pairs_index[253]={
	0x0000, 0x0001,  0x0003,  0x0009,  0x0010,  0x0014,  0x001A,  0x0021,  
	0x0026, 0x002A,  0x0030,  0x0037,  0x0040,  0x0045,  0x0049,  0x004F,  
	0x0054, 0x0058,  0x005F,  0x0062,  0x0066,  0x006C,  0x0073,  0x0078,  
	0x0081, 0x0084,  0x0088,  0x008D,  0x0094,  0x009C,  0x00A2,  0x00A7,  
	0x00AE, 0x00B6,  0x00BC,  0x00C1,  0x00C9,  0x00CF,  0x00D4,  0x00D9,  
	0x00E1, 0x00E7,  0x00EC,  0x00F3,  0x00F9,  0x0102,  0x0109,  0x010F,  
	0x0118, 0x011F,  0x0125,  0x012C,  0x0134,  0x013A,  0x0142,  0x014A,  
	0x0153, 0x0158,  0x015F,  0x0167,  0x016D,  0x0171,  0x0175,  0x017C,  
	0x0181, 0x0184,  0x0189,  0x0190,  0x0198,  0x019E,  0x01A3,  0x01AA,  
	0x01B2, 0x01B8,  0x01BD,  0x01C5,  0x01CD,  0x01D3,  0x01DC,  0x01E1,  
	0x01E7, 0x01EF,  0x01F8,  0x01FF,  0x0205,  0x020D,  0x0216,  0x021D,  
	0x0223, 0x022B,  0x0234,  0x023B,  0x0240,  0x0247,  0x024F,  0x0255,  
	0x025A, 0x0262,  0x026B,  0x0271,  0x0277,  0x027F,  0x0288,  0x028F,  
	0x0295, 0x029D,  0x02A6,  0x02AD,  0x02B3,  0x02BA,  0x02C1,  0x02C9,  
	0x02CE, 0x02D4,  0x02DB,  0x02E1,  0x02E9,  0x02F2,  0x02F9,  0x02FD,  
	0x0302, 0x030A,  0x030F,  0x0314,  0x031C,  0x0322,  0x0328,  0x032E,  
	0x0336, 0x033E,  0x0347,  0x034C,  0x0350,  0x0356,  0x035D,  0x0362,  
	0x0369, 0x036E,  0x0374,  0x037B,  0x0382,  0x038A,  0x0392,  0x039B,  
	0x03A0, 0x03A8,  0x03AE,  0x03B2,  0x03B8,  0x03BE,  0x03C5,  0x03C9,  
	0x03CF, 0x03D4,  0x03D8,  0x03DD,  0x03E5,  0x03EA,  0x03F0,  0x03F6,  
	0x03FD, 0x0401,  0x0409,  0x040E,  0x0413,  0x041B,  0x0421,  0x0427,  
	0x042C, 0x0431,  0x0439,  0x043F,  0x0444,  0x0449,  0x0451,  0x0457,  
	0x045C, 0x045F,  0x0462,  0x0470,  0x0475,  0x047C,  0x0484,  0x048A,  
	0x048F, 0x0497,  0x049D,  0x04A2,  0x04A7,  0x04AB,  0x04B2,  0x04B7,  
	0x04BB, 0x04C0,  0x04C8,  0x04CC,  0x04D1,  0x04D6,  0x04DC,  0x04E1,  
	0x04E6, 0x04EC,  0x04F3,  0x04F8,  0x04FE,  0x0504,  0x050B,  0x050F,  
	0x0513, 0x0516,  0x051A,  0x051D,  0x0522,  0x0527,  0x052E,  0x0536,  
	0x053C, 0x053F,  0x0545,  0x0549,  0x054E,  0x0553,  0x055A,  0x0561,  
	0x0569, 0x0572,  0x0576,  0x057B,  0x0583,  0x058A,  0x0591,  0x0596,  
	0x0599, 0x059E,  0x05A4,  0x05A9,  0x05B1,  0x05BA,  0x05C0,  0x05C5,  
	0x05CA, 0x05CE,  0x05D5,  0x05DA,  0x05DD,  0x05E3,  0x05E6,  0x05EB,  
	0x05F2, 0x05F7,  0x05FC,  0x0604,  0x0609
}; 

const unsigned char verb_pairs_words[1550]= {
	0x00, 0x61,  0x00,  0x61,  0x62,  0x6F,  0x75,  0x74,  0x00,  0x61,  0x63,  0x72,  
	0x6F, 0x73,  0x73,  0x00,  0x61,  0x63,  0x74,  0x00,  0x61,  0x63,  0x74,  0x65,  
	0x64, 0x00,  0x61,  0x63,  0x74,  0x69,  0x6E,  0x67,  0x00,  0x61,  0x63,  0x74,  
	0x73, 0x00,  0x61,  0x64,  0x64,  0x00,  0x61,  0x64,  0x64,  0x65,  0x64,  0x00,  
	0x61, 0x64,  0x64,  0x69,  0x6E,  0x67,  0x00,  0x61,  0x64,  0x64,  0x69,  0x74,  
	0x69, 0x6F,  0x6E,  0x00,  0x61,  0x64,  0x64,  0x73,  0x00,  0x61,  0x6C,  0x6C,  
	0x00, 0x61,  0x6C,  0x6F,  0x6E,  0x67,  0x00,  0x61,  0x6C,  0x73,  0x6F,  0x00,  
	0x61, 0x6E,  0x64,  0x00,  0x61,  0x72,  0x6F,  0x75,  0x6E,  0x64,  0x00,  0x61,  
	0x73, 0x00,  0x61,  0x73,  0x6B,  0x00,  0x61,  0x73,  0x6B,  0x65,  0x64,  0x00,  
	0x61, 0x73,  0x6B,  0x69,  0x6E,  0x67,  0x00,  0x61,  0x73,  0x6B,  0x73,  0x00,  
	0x61, 0x73,  0x73,  0x75,  0x6D,  0x69,  0x6E,  0x67,  0x00,  0x61,  0x74,  0x00,  
	0x61, 0x74,  0x65,  0x00,  0x62,  0x61,  0x63,  0x6B,  0x00,  0x62,  0x61,  0x63,  
	0x6B, 0x65,  0x64,  0x00,  0x62,  0x61,  0x63,  0x6B,  0x69,  0x6E,  0x67,  0x00,  
	0x62, 0x61,  0x63,  0x6B,  0x73,  0x00,  0x62,  0x61,  0x77,  0x6C,  0x00,  0x62,  
	0x61, 0x77,  0x6C,  0x65,  0x64,  0x00,  0x62,  0x61,  0x77,  0x6C,  0x69,  0x6E,  
	0x67, 0x00,  0x62,  0x61,  0x77,  0x6C,  0x73,  0x00,  0x62,  0x65,  0x61,  0x72,  
	0x00, 0x62,  0x65,  0x61,  0x72,  0x69,  0x6E,  0x67,  0x00,  0x62,  0x65,  0x61,  
	0x72, 0x73,  0x00,  0x62,  0x6C,  0x65,  0x77,  0x00,  0x62,  0x6C,  0x6F,  0x77,  
	0x00, 0x62,  0x6C,  0x6F,  0x77,  0x69,  0x6E,  0x67,  0x00,  0x62,  0x6C,  0x6F,  
	0x77, 0x73,  0x00,  0x62,  0x6F,  0x72,  0x65,  0x00,  0x62,  0x6F,  0x75,  0x67,  
	0x68, 0x74,  0x00,  0x62,  0x72,  0x65,  0x61,  0x6B,  0x00,  0x62,  0x72,  0x65,  
	0x61, 0x6B,  0x69,  0x6E,  0x67,  0x00,  0x62,  0x72,  0x65,  0x61,  0x6B,  0x73,  
	0x00, 0x62,  0x72,  0x69,  0x6E,  0x67,  0x00,  0x62,  0x72,  0x69,  0x6E,  0x67,  
	0x69, 0x6E,  0x67,  0x00,  0x62,  0x72,  0x69,  0x6E,  0x67,  0x73,  0x00,  0x62,  
	0x72, 0x6F,  0x6B,  0x65,  0x00,  0x62,  0x72,  0x6F,  0x6B,  0x65,  0x6E,  0x00,  
	0x62, 0x72,  0x6F,  0x75,  0x67,  0x68,  0x74,  0x00,  0x62,  0x72,  0x75,  0x73,  
	0x68, 0x00,  0x62,  0x72,  0x75,  0x73,  0x68,  0x65,  0x64,  0x00,  0x62,  0x72,  
	0x75, 0x73,  0x68,  0x65,  0x73,  0x00,  0x62,  0x72,  0x75,  0x73,  0x68,  0x69,  
	0x6E, 0x67,  0x00,  0x62,  0x75,  0x72,  0x6E,  0x00,  0x62,  0x75,  0x72,  0x6E,  
	0x65, 0x64,  0x00,  0x62,  0x75,  0x72,  0x6E,  0x69,  0x6E,  0x67,  0x00,  0x62,  
	0x75, 0x72,  0x6E,  0x73,  0x00,  0x62,  0x75,  0x74,  0x00,  0x62,  0x75,  0x79,  
	0x00, 0x62,  0x75,  0x79,  0x69,  0x6E,  0x67,  0x00,  0x62,  0x75,  0x79,  0x73,  
	0x00, 0x62,  0x79,  0x00,  0x63,  0x61,  0x6C,  0x6C,  0x00,  0x63,  0x61,  0x6C,  
	0x6C, 0x65,  0x64,  0x00,  0x63,  0x61,  0x6C,  0x6C,  0x69,  0x6E,  0x67,  0x00,  
	0x63, 0x61,  0x6C,  0x6C,  0x73,  0x00,  0x63,  0x61,  0x6C,  0x6D,  0x00,  0x63,  
	0x61, 0x6C,  0x6D,  0x65,  0x64,  0x00,  0x63,  0x61,  0x6C,  0x6D,  0x69,  0x6E,  
	0x67, 0x00,  0x63,  0x61,  0x6C,  0x6D,  0x73,  0x00,  0x63,  0x61,  0x6D,  0x65,  
	0x00, 0x63,  0x61,  0x72,  0x72,  0x69,  0x65,  0x64,  0x00,  0x63,  0x61,  0x72,  
	0x72, 0x69,  0x65,  0x73,  0x00,  0x63,  0x61,  0x72,  0x72,  0x79,  0x00,  0x63,  
	0x61, 0x72,  0x72,  0x79,  0x69,  0x6E,  0x67,  0x00,  0x63,  0x61,  0x73,  0x65,  
	0x00, 0x63,  0x61,  0x74,  0x63,  0x68,  0x00,  0x63,  0x61,  0x74,  0x63,  0x68,  
	0x65, 0x73,  0x00,  0x63,  0x61,  0x74,  0x63,  0x68,  0x69,  0x6E,  0x67,  0x00,  
	0x63, 0x61,  0x75,  0x67,  0x68,  0x74,  0x00,  0x63,  0x68,  0x65,  0x63,  0x6B,  
	0x00, 0x63,  0x68,  0x65,  0x63,  0x6B,  0x65,  0x64,  0x00,  0x63,  0x68,  0x65,  
	0x63, 0x6B,  0x69,  0x6E,  0x67,  0x00,  0x63,  0x68,  0x65,  0x63,  0x6B,  0x73,  
	0x00, 0x63,  0x68,  0x65,  0x65,  0x72,  0x00,  0x63,  0x68,  0x65,  0x65,  0x72,  
	0x65, 0x64,  0x00,  0x63,  0x68,  0x65,  0x65,  0x72,  0x69,  0x6E,  0x67,  0x00,  
	0x63, 0x68,  0x65,  0x65,  0x72,  0x73,  0x00,  0x63,  0x68,  0x65,  0x77,  0x00,  
	0x63, 0x68,  0x65,  0x77,  0x65,  0x64,  0x00,  0x63,  0x68,  0x65,  0x77,  0x69,  
	0x6E, 0x67,  0x00,  0x63,  0x68,  0x65,  0x77,  0x73,  0x00,  0x63,  0x68,  0x6F,  
	0x70, 0x00,  0x63,  0x68,  0x6F,  0x70,  0x70,  0x65,  0x64,  0x00,  0x63,  0x68,  
	0x6F, 0x70,  0x70,  0x69,  0x6E,  0x67,  0x00,  0x63,  0x68,  0x6F,  0x70,  0x73,  
	0x00, 0x63,  0x6C,  0x65,  0x61,  0x6E,  0x00,  0x63,  0x6C,  0x65,  0x61,  0x6E,  
	0x65, 0x64,  0x00,  0x63,  0x6C,  0x65,  0x61,  0x6E,  0x69,  0x6E,  0x67,  0x00,  
	0x63, 0x6C,  0x65,  0x61,  0x6E,  0x73,  0x00,  0x63,  0x6C,  0x65,  0x61,  0x72,  
	0x00, 0x63,  0x6C,  0x65,  0x61,  0x72,  0x65,  0x64,  0x00,  0x63,  0x6C,  0x65,  
	0x61, 0x72,  0x69,  0x6E,  0x67,  0x00,  0x63,  0x6C,  0x65,  0x61,  0x72,  0x73,  
	0x00, 0x63,  0x6C,  0x6F,  0x73,  0x65,  0x00,  0x63,  0x6C,  0x6F,  0x73,  0x65,  
	0x64, 0x00,  0x63,  0x6C,  0x6F,  0x73,  0x65,  0x73,  0x00,  0x63,  0x6C,  0x6F,  
	0x73, 0x69,  0x6E,  0x67,  0x00,  0x63,  0x6F,  0x6D,  0x65,  0x00,  0x63,  0x6F,  
	0x6D, 0x65,  0x73,  0x00,  0x63,  0x6F,  0x6D,  0x69,  0x6E,  0x67,  0x00,  0x63,  
	0x6F, 0x75,  0x6E,  0x74,  0x00,  0x63,  0x6F,  0x75,  0x6E,  0x74,  0x65,  0x64,  
	0x00, 0x63,  0x6F,  0x75,  0x6E,  0x74,  0x69,  0x6E,  0x67,  0x00,  0x63,  0x6F,  
	0x75, 0x6E,  0x74,  0x73,  0x00,  0x63,  0x75,  0x74,  0x00,  0x63,  0x75,  0x74,  
	0x73, 0x00,  0x63,  0x75,  0x74,  0x74,  0x69,  0x6E,  0x67,  0x00,  0x64,  0x6F,  
	0x77, 0x6E,  0x00,  0x64,  0x72,  0x61,  0x77,  0x00,  0x64,  0x72,  0x61,  0x77,  
	0x69, 0x6E,  0x67,  0x00,  0x64,  0x72,  0x61,  0x77,  0x6E,  0x00,  0x64,  0x72,  
	0x61, 0x77,  0x73,  0x00,  0x64,  0x72,  0x65,  0x73,  0x73,  0x00,  0x64,  0x72,  
	0x65, 0x73,  0x73,  0x65,  0x64,  0x00,  0x64,  0x72,  0x65,  0x73,  0x73,  0x65,  
	0x73, 0x00,  0x64,  0x72,  0x65,  0x73,  0x73,  0x69,  0x6E,  0x67,  0x00,  0x64,  
	0x72, 0x65,  0x77,  0x00,  0x65,  0x61,  0x74,  0x00,  0x65,  0x61,  0x74,  0x65,  
	0x6E, 0x00,  0x65,  0x61,  0x74,  0x69,  0x6E,  0x67,  0x00,  0x65,  0x61,  0x74,  
	0x73, 0x00,  0x65,  0x61,  0x74,  0x74,  0x65,  0x6E,  0x00,  0x65,  0x76,  0x65,  
	0x6E, 0x00,  0x65,  0x76,  0x65,  0x72,  0x79,  0x00,  0x65,  0x78,  0x63,  0x65,  
	0x70, 0x74,  0x00,  0x66,  0x69,  0x67,  0x75,  0x72,  0x65,  0x00,  0x66,  0x69,  
	0x67, 0x75,  0x72,  0x65,  0x64,  0x00,  0x66,  0x69,  0x67,  0x75,  0x72,  0x65,  
	0x73, 0x00,  0x66,  0x69,  0x67,  0x75,  0x72,  0x69,  0x6E,  0x67,  0x00,  0x66,  
	0x69, 0x6E,  0x64,  0x00,  0x66,  0x69,  0x6E,  0x64,  0x69,  0x6E,  0x67,  0x00,  
	0x66, 0x69,  0x6E,  0x64,  0x73,  0x00,  0x66,  0x69,  0x78,  0x00,  0x66,  0x69,  
	0x78, 0x65,  0x64,  0x00,  0x66,  0x69,  0x78,  0x65,  0x73,  0x00,  0x66,  0x69,  
	0x78, 0x69,  0x6E,  0x67,  0x00,  0x66,  0x6F,  0x72,  0x00,  0x66,  0x6F,  0x75,  
	0x6E, 0x64,  0x00,  0x67,  0x61,  0x76,  0x65,  0x00,  0x67,  0x65,  0x74,  0x00,  
	0x67, 0x65,  0x74,  0x73,  0x00,  0x67,  0x65,  0x74,  0x74,  0x69,  0x6E,  0x67,  
	0x00, 0x67,  0x69,  0x76,  0x65,  0x00,  0x67,  0x69,  0x76,  0x65,  0x6E,  0x00,  
	0x67, 0x69,  0x76,  0x65,  0x73,  0x00,  0x67,  0x69,  0x76,  0x69,  0x6E,  0x67,  
	0x00, 0x67,  0x6F,  0x74,  0x00,  0x67,  0x72,  0x61,  0x6E,  0x74,  0x65,  0x64,  
	0x00, 0x67,  0x72,  0x65,  0x77,  0x00,  0x67,  0x72,  0x6F,  0x77,  0x00,  0x67,  
	0x72, 0x6F,  0x77,  0x69,  0x6E,  0x67,  0x00,  0x67,  0x72,  0x6F,  0x77,  0x6E,  
	0x00, 0x67,  0x72,  0x6F,  0x77,  0x73,  0x00,  0x68,  0x61,  0x6E,  0x64,  0x00,  
	0x68, 0x61,  0x6E,  0x67,  0x00,  0x68,  0x61,  0x6E,  0x67,  0x69,  0x6E,  0x67,  
	0x00, 0x68,  0x61,  0x6E,  0x67,  0x73,  0x00,  0x68,  0x65,  0x6C,  0x64,  0x00,  
	0x68, 0x6F,  0x6C,  0x64,  0x00,  0x68,  0x6F,  0x6C,  0x64,  0x69,  0x6E,  0x67,  
	0x00, 0x68,  0x6F,  0x6C,  0x64,  0x73,  0x00,  0x68,  0x75,  0x6E,  0x67,  0x00,  
	0x69, 0x66,  0x00,  0x69,  0x6E,  0x00,  0x69,  0x6E,  0x63,  0x6F,  0x6E,  0x73,  
	0x65, 0x71,  0x75,  0x65,  0x6E,  0x63,  0x65,  0x00,  0x6A,  0x61,  0x63,  0x6B,  
	0x00, 0x6A,  0x61,  0x63,  0x6B,  0x65,  0x64,  0x00,  0x6A,  0x61,  0x63,  0x6B,  
	0x69, 0x6E,  0x67,  0x00,  0x6A,  0x61,  0x63,  0x6B,  0x73,  0x00,  0x6B,  0x65,  
	0x65, 0x70,  0x00,  0x6B,  0x65,  0x65,  0x70,  0x69,  0x6E,  0x67,  0x00,  0x6B,  
	0x65, 0x65,  0x70,  0x73,  0x00,  0x6B,  0x65,  0x70,  0x74,  0x00,  0x6C,  0x61,  
	0x69, 0x64,  0x00,  0x6C,  0x61,  0x79,  0x00,  0x6C,  0x61,  0x79,  0x69,  0x6E,  
	0x67, 0x00,  0x6C,  0x61,  0x79,  0x73,  0x00,  0x6C,  0x65,  0x74,  0x00,  0x6C,  
	0x65, 0x74,  0x73,  0x00,  0x6C,  0x65,  0x74,  0x74,  0x69,  0x6E,  0x67,  0x00,  
	0x6C, 0x69,  0x65,  0x00,  0x6C,  0x69,  0x65,  0x73,  0x00,  0x6C,  0x6F,  0x6E,  
	0x67, 0x00,  0x6C,  0x79,  0x69,  0x6E,  0x67,  0x00,  0x6D,  0x61,  0x64,  0x65,  
	0x00, 0x6D,  0x61,  0x6B,  0x65,  0x00,  0x6D,  0x61,  0x6B,  0x65,  0x73,  0x00,  
	0x6D, 0x61,  0x6B,  0x69,  0x6E,  0x67,  0x00,  0x6E,  0x6F,  0x73,  0x65,  0x00,  
	0x6E, 0x6F,  0x73,  0x65,  0x64,  0x00,  0x6E,  0x6F,  0x73,  0x65,  0x73,  0x00,  
	0x6E, 0x6F,  0x73,  0x69,  0x6E,  0x67,  0x00,  0x6E,  0x6F,  0x74,  0x00,  0x6E,  
	0x6F, 0x77,  0x00,  0x6F,  0x66,  0x00,  0x6F,  0x66,  0x66,  0x00,  0x6F,  0x6E,  
	0x00, 0x6F,  0x6E,  0x6C,  0x79,  0x00,  0x6F,  0x70,  0x65,  0x6E,  0x00,  0x6F,  
	0x70, 0x65,  0x6E,  0x65,  0x64,  0x00,  0x6F,  0x70,  0x65,  0x6E,  0x69,  0x6E,  
	0x67, 0x00,  0x6F,  0x70,  0x65,  0x6E,  0x73,  0x00,  0x6F,  0x72,  0x00,  0x6F,  
	0x74, 0x68,  0x65,  0x72,  0x00,  0x6F,  0x75,  0x74,  0x00,  0x6F,  0x76,  0x65,  
	0x72, 0x00,  0x70,  0x61,  0x73,  0x73,  0x00,  0x70,  0x61,  0x73,  0x73,  0x65,  
	0x64, 0x00,  0x70,  0x61,  0x73,  0x73,  0x65,  0x73,  0x00,  0x70,  0x61,  0x73,  
	0x73, 0x69,  0x6E,  0x67,  0x00,  0x70,  0x72,  0x6F,  0x76,  0x69,  0x64,  0x65,  
	0x64, 0x00,  0x70,  0x75,  0x74,  0x00,  0x70,  0x75,  0x74,  0x73,  0x00,  0x70,  
	0x75, 0x74,  0x74,  0x69,  0x6E,  0x67,  0x00,  0x72,  0x61,  0x74,  0x68,  0x65,  
	0x72, 0x00,  0x72,  0x65,  0x73,  0x75,  0x6C,  0x74,  0x00,  0x73,  0x61,  0x6D,  
	0x65, 0x00,  0x73,  0x6F,  0x00,  0x73,  0x6F,  0x6F,  0x6E,  0x00,  0x73,  0x70,  
	0x69, 0x74,  0x65,  0x00,  0x73,  0x74,  0x6F,  0x70,  0x00,  0x73,  0x74,  0x6F,  
	0x70, 0x70,  0x65,  0x64,  0x00,  0x73,  0x74,  0x6F,  0x70,  0x70,  0x69,  0x6E,  
	0x67, 0x00,  0x73,  0x74,  0x6F,  0x70,  0x73,  0x00,  0x74,  0x68,  0x61,  0x6E,  
	0x00, 0x74,  0x68,  0x61,  0x74,  0x00,  0x74,  0x68,  0x65,  0x00,  0x74,  0x68,  
	0x6F, 0x75,  0x67,  0x68,  0x00,  0x74,  0x69,  0x6D,  0x65,  0x00,  0x74,  0x6F,  
	0x00, 0x75,  0x6E,  0x74,  0x69,  0x6C,  0x00,  0x75,  0x70,  0x00,  0x77,  0x61,  
	0x6B, 0x65,  0x00,  0x77,  0x61,  0x6B,  0x69,  0x6E,  0x67,  0x00,  0x77,  0x65,  
	0x6C, 0x6C,  0x00,  0x77,  0x68,  0x65,  0x6E,  0x00,  0x77,  0x68,  0x65,  0x74,  
	0x68, 0x65,  0x72,  0x00,  0x77,  0x69,  0x74,  0x68,  0x00,  0x77,  0x6F,  0x6B,  
	0x65, 0x00
}; 


const unsigned char verb_pairs_cont2[352][2]= { 
	{   4, 245},
	{   5, 245},
	{   6, 245},
	{   7, 245},
	{   8, 245},
	{   9, 245},
	{  10, 245},
	{  12, 245},
	{  19, 218},
	{  20, 218},
	{  21, 218},
	{  22, 218},
	{  25, 177},
	{  25, 218},
	{  26, 121},
	{  26, 218},
	{  26, 245},
	{  27, 121},
	{  27, 218},
	{  27, 245},
	{  28, 121},
	{  28, 218},
	{  28, 245},
	{  29, 121},
	{  29, 218},
	{  29, 245},
	{  30, 218},
	{  31, 218},
	{  32, 218},
	{  33, 218},
	{  34, 245},
	{  34, 251},
	{  35, 245},
	{  35, 251},
	{  36, 245},
	{  36, 251},
	{  37, 177},
	{  37, 219},
	{  37, 245},
	{  38, 177},
	{  38, 219},
	{  38, 245},
	{  39, 177},
	{  39, 219},
	{  39, 245},
	{  40, 177},
	{  40, 219},
	{  40, 245},
	{  41, 245},
	{  41, 251},
	{  42, 218},
	{  42, 245},
	{  43, 121},
	{  43, 177},
	{  43, 209},
	{  43, 218},
	{  43, 245},
	{  44, 121},
	{  44, 177},
	{  44, 209},
	{  44, 218},
	{  44, 245},
	{  45, 121},
	{  45, 177},
	{  45, 209},
	{  45, 218},
	{  45, 245},
	{  46,   2},
	{  46,  14},
	{  46,  17},
	{  46, 210},
	{  46, 218},
	{  46, 219},
	{  46, 245},
	{  47,   2},
	{  47,  14},
	{  47,  17},
	{  47, 210},
	{  47, 218},
	{  47, 219},
	{  47, 245},
	{  48,   2},
	{  48,  14},
	{  48,  17},
	{  48, 210},
	{  48, 218},
	{  48, 219},
	{  48, 245},
	{  49, 121},
	{  49, 177},
	{  49, 209},
	{  49, 218},
	{  49, 245},
	{  50, 121},
	{  51,   2},
	{  51,  14},
	{  51,  17},
	{  51, 210},
	{  51, 218},
	{  51, 219},
	{  51, 245},
	{  52, 209},
	{  53, 209},
	{  54, 209},
	{  55, 209},
	{  56, 121},
	{  56, 245},
	{  57, 121},
	{  57, 245},
	{  58, 121},
	{  58, 245},
	{  59, 121},
	{  59, 245},
	{  61, 218},
	{  61, 245},
	{  62, 218},
	{  62, 245},
	{  63, 218},
	{  63, 245},
	{  65, 150},
	{  65, 209},
	{  65, 210},
	{  65, 245},
	{  66, 150},
	{  66, 209},
	{  66, 210},
	{  66, 245},
	{  67, 150},
	{  67, 209},
	{  67, 210},
	{  67, 245},
	{  68, 150},
	{  68, 209},
	{  68, 210},
	{  68, 245},
	{  69, 121},
	{  70, 121},
	{  71, 121},
	{  72, 121},
	{  73,   2},
	{  73,   3},
	{  73,  64},
	{  73, 219},
	{  74, 210},
	{  74, 218},
	{  75, 210},
	{  75, 218},
	{  76, 210},
	{  76, 218},
	{  77, 210},
	{  77, 218},
	{  79, 210},
	{  79, 245},
	{  80, 210},
	{  80, 245},
	{  81, 210},
	{  81, 245},
	{  82, 210},
	{  82, 245},
	{  83, 177},
	{  83, 209},
	{  83, 210},
	{  83, 218},
	{  83, 251},
	{  84, 177},
	{  84, 209},
	{  84, 210},
	{  84, 218},
	{  84, 251},
	{  85, 177},
	{  85, 209},
	{  85, 210},
	{  85, 218},
	{  85, 251},
	{  86, 177},
	{  86, 209},
	{  86, 210},
	{  86, 218},
	{  86, 251},
	{  87, 245},
	{  88, 245},
	{  89, 245},
	{  90, 245},
	{  91, 245},
	{  92, 245},
	{  93, 245},
	{  94, 245},
	{  95, 245},
	{  96, 245},
	{  97, 245},
	{  98, 245},
	{  99, 245},
	{ 100, 245},
	{ 101, 245},
	{ 102, 245},
	{ 103, 218},
	{ 103, 245},
	{ 104, 218},
	{ 104, 245},
	{ 105, 218},
	{ 105, 245},
	{ 106, 218},
	{ 106, 245},
	{ 107, 121},
	{ 107, 245},
	{ 108, 121},
	{ 108, 245},
	{ 109, 121},
	{ 109, 245},
	{ 110, 121},
	{ 110, 245},
	{ 111,   2},
	{ 111,   3},
	{ 111,  64},
	{ 111, 219},
	{ 112,   2},
	{ 112,   3},
	{ 112,  64},
	{ 112, 219},
	{ 113,   2},
	{ 113,   3},
	{ 113,  64},
	{ 113, 219},
	{ 114, 210},
	{ 115, 210},
	{ 116, 210},
	{ 117, 210},
	{ 118, 121},
	{ 119, 121},
	{ 120, 121},
	{ 122, 245},
	{ 123, 245},
	{ 124, 245},
	{ 125, 245},
	{ 126, 245},
	{ 127, 245},
	{ 128, 245},
	{ 129, 245},
	{ 130, 245},
	{ 131, 177},
	{ 131, 218},
	{ 132, 177},
	{ 133, 177},
	{ 133, 218},
	{ 134, 177},
	{ 134, 218},
	{ 135, 218},
	{ 139, 210},
	{ 139, 218},
	{ 140, 210},
	{ 140, 218},
	{ 141, 210},
	{ 141, 218},
	{ 142, 210},
	{ 142, 218},
	{ 143, 218},
	{ 144, 218},
	{ 145, 218},
	{ 146, 245},
	{ 147, 245},
	{ 148, 245},
	{ 149, 245},
	{ 151, 218},
	{ 152, 177},
	{ 152, 245},
	{ 153,  64},
	{ 154,  64},
	{ 155,  64},
	{ 156, 177},
	{ 156, 245},
	{ 158, 177},
	{ 158, 245},
	{ 159, 177},
	{ 159, 245},
	{ 160,  64},
	{ 162, 245},
	{ 163, 245},
	{ 164, 245},
	{ 165, 245},
	{ 166, 245},
	{ 168, 218},
	{ 168, 245},
	{ 169, 218},
	{ 169, 245},
	{ 170, 218},
	{ 170, 245},
	{ 171, 245},
	{ 172, 245},
	{ 173, 245},
	{ 174, 245},
	{ 175, 218},
	{ 175, 245},
	{ 179, 245},
	{ 180, 245},
	{ 181, 245},
	{ 182, 245},
	{ 183,  24},
	{ 183, 245},
	{ 184,  24},
	{ 184, 245},
	{ 185,  24},
	{ 185, 245},
	{ 186,  24},
	{ 186, 245},
	{ 187, 121},
	{ 187, 209},
	{ 188, 121},
	{ 188, 209},
	{ 189, 121},
	{ 189, 209},
	{ 190, 121},
	{ 190, 209},
	{ 191, 245},
	{ 192, 245},
	{ 193, 245},
	{ 194, 121},
	{ 195, 121},
	{ 197, 121},
	{ 198, 245},
	{ 199, 245},
	{ 200, 245},
	{ 201, 245},
	{ 202,  17},
	{ 203,  17},
	{ 204,  17},
	{ 205,  17},
	{ 212, 245},
	{ 213, 245},
	{ 214, 245},
	{ 215, 245},
	{ 220, 209},
	{ 220, 218},
	{ 220, 245},
	{ 221, 209},
	{ 221, 218},
	{ 221, 245},
	{ 222, 209},
	{ 222, 218},
	{ 222, 245},
	{ 223, 209},
	{ 223, 218},
	{ 223, 245},
	{ 225, 245},
	{ 226, 245},
	{ 227, 245},
	{ 234,  64},
	{ 235,  64},
	{ 236,  64},
	{ 237,  64},
	{ 246, 245},
	{ 247, 245},
	{ 252, 245}
};

const unsigned char verb_pairs_disc2[1][2]= {
	{   0,   0}
};

const unsigned char verb_pairs_cont3[1][3]= {
	{   0,   0,   0}
};

const unsigned char verb_pairs_either[1][2]= { 
	{   0,   0}
};

const unsigned char conj_words[34][4]= {
	{  13, 240, 230,   0},
	{  16, 231,   0,   0},
	{  18,   1, 229, 208},
	{  18, 176,   0,   0},
	{  18, 196,  18,   0},
	{  18, 232,  18,   0},
	{  18, 241,   0,   0},
	{  18, 248,  18,   0},
	{  23, 239,   0,   0},
	{  60,  15,   0,   0},
	{  60, 239,   0,   0},
	{ 136, 176,   0,   0},
	{ 136, 231,   0,   0},
	{ 136, 241,   0,   0},
	{ 136, 249,   0,   0},
	{ 137, 242,   0,   0},
	{ 138, 239,   0,   0},
	{ 157, 239,   0,   0},
	{ 161, 239,   0,   0},
	{ 177,  11,   0,   0},
	{ 177,  11, 243,   0},
	{ 177,  78,   0,   0},
	{ 177, 233, 208,   0},
	{ 177, 239,   0,   0},
	{ 178, 208,   0,   0},
	{ 206, 211,   0,   0},
	{ 206, 244,   0,   0},
	{ 207, 239,   0,   0},
	{ 210, 240, 217, 167},
	{ 224, 239,   0,   0},
	{ 228, 238,   0,   0},
	{ 231, 196,  18,   0},
	{ 231, 239,   0,   0},
	{ 250, 216, 206,   0}
};

