const unsigned short verb_pairs_index[175]={
	0x0000, 0x0001,  0x0003,  0x0009,  0x0010,  0x0018,  0x0021,  0x0027,  
	0x002B, 0x0031,  0x0036,  0x0039,  0x003D,  0x0044,  0x004D,  0x0051,  
	0x0058, 0x005B,  0x0064,  0x0068,  0x006D,  0x0072,  0x0077,  0x007D,  
	0x0085, 0x008C,  0x0090,  0x0093,  0x0098,  0x009F,  0x00A4,  0x00A9,  
	0x00AE, 0x00B4,  0x00BC,  0x00C1,  0x00C6,  0x00CA,  0x00CF,  0x00D5,  
	0x00DA, 0x00E0,  0x00E6,  0x00EA,  0x00EF,  0x00F5,  0x00FC,  0x0101,  
	0x0106, 0x010C,  0x0110,  0x0115,  0x011A,  0x011E,  0x0123,  0x0129,  
	0x012C, 0x0133,  0x013B,  0x0143,  0x0148,  0x014F,  0x0155,  0x015A,  
	0x015D, 0x0160,  0x016E,  0x0173,  0x0176,  0x017B,  0x0182,  0x0187,  
	0x018D, 0x0192,  0x0196,  0x019B,  0x01A0,  0x01A5,  0x01AC,  0x01B1,  
	0x01B6, 0x01BA,  0x01BE,  0x01C1,  0x01C5,  0x01C8,  0x01CD,  0x01D0,  
	0x01D6, 0x01DA,  0x01DF,  0x01E4,  0x01E8,  0x01EE,  0x01F5,  0x01F9,  
	0x01FE, 0x0204,  0x0209,  0x0212,  0x0216,  0x021B,  0x0222,  0x0226,  
	0x022B, 0x0232,  0x0237,  0x023F,  0x0248,  0x024F,  0x0258,  0x025E,  
	0x0265, 0x026D,  0x0276,  0x027D,  0x0282,  0x0286,  0x028B,  0x028F,  
	0x0294, 0x0299,  0x029D,  0x02A3,  0x02A8,  0x02AD,  0x02B1,  0x02B7,  
	0x02BD, 0x02C4,  0x02CA,  0x02D2,  0x02D5,  0x02DA,  0x02DF,  0x02E6,  
	0x02EC, 0x02F2,  0x02F8,  0x0300,  0x0306,  0x030B,  0x0310,  0x0315,  
	0x031C, 0x0321,  0x0326,  0x032B,  0x0330,  0x0334,  0x033A,  0x0341,  
	0x0349, 0x034E,  0x0355,  0x035A,  0x035D,  0x0362,  0x0367,  0x036C,  
	0x0371, 0x0378,  0x037E,  0x0381,  0x0386,  0x038B,  0x0390,  0x0395,  
	0x039A, 0x03A2,  0x03A7,  0x03AC,  0x03B3,  0x03B9,  0x03BF
}; 

const unsigned char verb_pairs_words[963]= {
	0x00, 0x61,  0x00,  0x61,  0x62,  0x6F,  0x75,  0x74,  0x00,  0x61,  0x63,  0x63,  
	0x75, 0x73,  0x65,  0x00,  0x61,  0x63,  0x63,  0x75,  0x73,  0x65,  0x64,  0x00,  
	0x61, 0x64,  0x64,  0x69,  0x74,  0x69,  0x6F,  0x6E,  0x00,  0x61,  0x68,  0x65,  
	0x61, 0x64,  0x00,  0x61,  0x6C,  0x6C,  0x00,  0x61,  0x6C,  0x6F,  0x6E,  0x67,  
	0x00, 0x61,  0x6C,  0x73,  0x6F,  0x00,  0x61,  0x6D,  0x00,  0x61,  0x6E,  0x64,  
	0x00, 0x61,  0x6E,  0x73,  0x77,  0x65,  0x72,  0x00,  0x61,  0x6E,  0x73,  0x77,  
	0x65, 0x72,  0x65,  0x64,  0x00,  0x61,  0x72,  0x65,  0x00,  0x61,  0x72,  0x6F,  
	0x75, 0x6E,  0x64,  0x00,  0x61,  0x73,  0x00,  0x61,  0x73,  0x73,  0x75,  0x6D,  
	0x69, 0x6E,  0x67,  0x00,  0x61,  0x74,  0x65,  0x00,  0x61,  0x77,  0x61,  0x79,  
	0x00, 0x62,  0x61,  0x63,  0x6B,  0x00,  0x62,  0x6F,  0x77,  0x6C,  0x00,  0x62,  
	0x72, 0x69,  0x6E,  0x67,  0x00,  0x62,  0x72,  0x6F,  0x75,  0x67,  0x68,  0x74,  
	0x00, 0x62,  0x75,  0x63,  0x6B,  0x6C,  0x65,  0x00,  0x62,  0x75,  0x74,  0x00,  
	0x62, 0x79,  0x00,  0x63,  0x61,  0x6C,  0x6C,  0x00,  0x63,  0x61,  0x6C,  0x6C,  
	0x65, 0x64,  0x00,  0x63,  0x61,  0x6D,  0x65,  0x00,  0x63,  0x61,  0x73,  0x65,  
	0x00, 0x63,  0x61,  0x73,  0x74,  0x00,  0x63,  0x6C,  0x69,  0x6D,  0x62,  0x00,  
	0x63, 0x6C,  0x69,  0x6D,  0x62,  0x65,  0x64,  0x00,  0x63,  0x6F,  0x6D,  0x65,  
	0x00, 0x63,  0x72,  0x6F,  0x70,  0x00,  0x63,  0x75,  0x74,  0x00,  0x64,  0x65,  
	0x61, 0x6C,  0x00,  0x64,  0x65,  0x61,  0x6C,  0x74,  0x00,  0x64,  0x6F,  0x77,  
	0x6E, 0x00,  0x64,  0x72,  0x61,  0x6E,  0x6B,  0x00,  0x64,  0x72,  0x69,  0x6E,  
	0x6B, 0x00,  0x65,  0x61,  0x74,  0x00,  0x65,  0x76,  0x65,  0x6E,  0x00,  0x65,  
	0x76, 0x65,  0x72,  0x79,  0x00,  0x65,  0x78,  0x63,  0x65,  0x70,  0x74,  0x00,  
	0x66, 0x61,  0x6C,  0x6C,  0x00,  0x66,  0x65,  0x6C,  0x6C,  0x00,  0x66,  0x69,  
	0x67, 0x68,  0x74,  0x00,  0x66,  0x6F,  0x72,  0x00,  0x66,  0x72,  0x6F,  0x6D,  
	0x00, 0x67,  0x61,  0x76,  0x65,  0x00,  0x67,  0x65,  0x74,  0x00,  0x67,  0x69,  
	0x76, 0x65,  0x00,  0x67,  0x69,  0x76,  0x65,  0x6E,  0x00,  0x67,  0x6F,  0x00,  
	0x67, 0x6F,  0x62,  0x62,  0x6C,  0x65,  0x00,  0x67,  0x6F,  0x62,  0x62,  0x6C,  
	0x65, 0x64,  0x00,  0x67,  0x72,  0x61,  0x6E,  0x74,  0x65,  0x64,  0x00,  0x68,  
	0x61, 0x6E,  0x64,  0x00,  0x68,  0x61,  0x6E,  0x64,  0x65,  0x64,  0x00,  0x68,  
	0x65, 0x61,  0x76,  0x65,  0x00,  0x68,  0x6F,  0x76,  0x65,  0x00,  0x69,  0x66,  
	0x00, 0x69,  0x6E,  0x00,  0x69,  0x6E,  0x63,  0x6F,  0x6E,  0x73,  0x65,  0x71,  
	0x75, 0x65,  0x6E,  0x63,  0x65,  0x00,  0x69,  0x6E,  0x74,  0x6F,  0x00,  0x69,  
	0x73, 0x00,  0x6A,  0x75,  0x6D,  0x70,  0x00,  0x6A,  0x75,  0x6D,  0x70,  0x65,  
	0x64, 0x00,  0x6B,  0x65,  0x65,  0x70,  0x00,  0x6C,  0x65,  0x61,  0x76,  0x65,  
	0x00, 0x6C,  0x65,  0x66,  0x74,  0x00,  0x6C,  0x65,  0x74,  0x00,  0x6C,  0x69,  
	0x76, 0x65,  0x00,  0x6C,  0x6F,  0x6E,  0x67,  0x00,  0x6C,  0x6F,  0x6F,  0x6B,  
	0x00, 0x6C,  0x6F,  0x6F,  0x6B,  0x65,  0x64,  0x00,  0x6D,  0x61,  0x64,  0x65,  
	0x00, 0x6D,  0x61,  0x6B,  0x65,  0x00,  0x6E,  0x6F,  0x74,  0x00,  0x6E,  0x6F,  
	0x77, 0x00,  0x6F,  0x66,  0x00,  0x6F,  0x66,  0x66,  0x00,  0x6F,  0x6E,  0x00,  
	0x6F, 0x6E,  0x6C,  0x79,  0x00,  0x6F,  0x72,  0x00,  0x6F,  0x74,  0x68,  0x65,  
	0x72, 0x00,  0x6F,  0x75,  0x74,  0x00,  0x6F,  0x76,  0x65,  0x72,  0x00,  0x70,  
	0x61, 0x69,  0x64,  0x00,  0x70,  0x61,  0x79,  0x00,  0x70,  0x68,  0x6F,  0x6E,  
	0x65, 0x00,  0x70,  0x68,  0x6F,  0x6E,  0x65,  0x64,  0x00,  0x70,  0x69,  0x6E,  
	0x00, 0x70,  0x69,  0x6E,  0x65,  0x00,  0x70,  0x69,  0x6E,  0x65,  0x64,  0x00,  
	0x70, 0x6C,  0x61,  0x79,  0x00,  0x70,  0x72,  0x6F,  0x76,  0x69,  0x64,  0x65,  
	0x64, 0x00,  0x70,  0x75,  0x74,  0x00,  0x72,  0x61,  0x69,  0x6E,  0x00,  0x72,  
	0x61, 0x69,  0x6E,  0x65,  0x64,  0x00,  0x72,  0x61,  0x6E,  0x00,  0x72,  0x61,  
	0x6E, 0x67,  0x00,  0x72,  0x61,  0x74,  0x68,  0x65,  0x72,  0x00,  0x72,  0x65,  
	0x61, 0x64,  0x00,  0x72,  0x65,  0x63,  0x65,  0x69,  0x76,  0x65,  0x00,  0x72,  
	0x65, 0x63,  0x65,  0x69,  0x76,  0x65,  0x64,  0x00,  0x72,  0x65,  0x63,  0x6F,  
	0x72, 0x64,  0x00,  0x72,  0x65,  0x63,  0x6F,  0x72,  0x64,  0x65,  0x64,  0x00,  
	0x72, 0x65,  0x66,  0x65,  0x72,  0x00,  0x72,  0x65,  0x66,  0x65,  0x72,  0x64,  
	0x00, 0x72,  0x65,  0x6C,  0x69,  0x65,  0x76,  0x65,  0x00,  0x72,  0x65,  0x6C,  
	0x69, 0x65,  0x76,  0x65,  0x64,  0x00,  0x72,  0x65,  0x73,  0x75,  0x6C,  0x74,  
	0x00, 0x72,  0x69,  0x6E,  0x67,  0x00,  0x72,  0x75,  0x6E,  0x00,  0x73,  0x61,  
	0x6D, 0x65,  0x00,  0x73,  0x61,  0x74,  0x00,  0x73,  0x65,  0x6E,  0x64,  0x00,  
	0x73, 0x65,  0x6E,  0x74,  0x00,  0x73,  0x65,  0x74,  0x00,  0x73,  0x68,  0x6F,  
	0x72, 0x74,  0x00,  0x73,  0x68,  0x6F,  0x77,  0x00,  0x73,  0x69,  0x67,  0x6E,  
	0x00, 0x73,  0x69,  0x74,  0x00,  0x73,  0x6C,  0x65,  0x65,  0x70,  0x00,  0x73,  
	0x6C, 0x69,  0x63,  0x65,  0x00,  0x73,  0x6C,  0x69,  0x63,  0x65,  0x64,  0x00,  
	0x73, 0x6C,  0x75,  0x72,  0x70,  0x00,  0x73,  0x6C,  0x75,  0x72,  0x70,  0x65,  
	0x64, 0x00,  0x73,  0x6F,  0x00,  0x73,  0x6F,  0x6F,  0x6E,  0x00,  0x73,  0x6F,  
	0x72, 0x74,  0x00,  0x73,  0x6F,  0x72,  0x74,  0x65,  0x64,  0x00,  0x73,  0x70,  
	0x69, 0x74,  0x65,  0x00,  0x73,  0x74,  0x61,  0x6E,  0x64,  0x00,  0x73,  0x74,  
	0x61, 0x72,  0x74,  0x00,  0x73,  0x74,  0x61,  0x72,  0x74,  0x65,  0x64,  0x00,  
	0x73, 0x74,  0x6F,  0x6F,  0x64,  0x00,  0x74,  0x61,  0x62,  0x73,  0x00,  0x74,  
	0x61, 0x6B,  0x65,  0x00,  0x74,  0x61,  0x6C,  0x6B,  0x00,  0x74,  0x61,  0x6C,  
	0x6B, 0x65,  0x64,  0x00,  0x74,  0x65,  0x61,  0x72,  0x00,  0x74,  0x65,  0x6C,  
	0x6C, 0x00,  0x74,  0x68,  0x61,  0x6E,  0x00,  0x74,  0x68,  0x61,  0x74,  0x00,  
	0x74, 0x68,  0x65,  0x00,  0x74,  0x68,  0x69,  0x6E,  0x6B,  0x00,  0x74,  0x68,  
	0x6F, 0x75,  0x67,  0x68,  0x00,  0x74,  0x68,  0x72,  0x6F,  0x75,  0x67,  0x68,  
	0x00, 0x74,  0x69,  0x63,  0x6B,  0x00,  0x74,  0x69,  0x63,  0x6B,  0x65,  0x64,  
	0x00, 0x74,  0x69,  0x6D,  0x65,  0x00,  0x74,  0x6F,  0x00,  0x74,  0x6F,  0x6C,  
	0x64, 0x00,  0x74,  0x6F,  0x6F,  0x6B,  0x00,  0x74,  0x6F,  0x72,  0x65,  0x00,  
	0x74, 0x75,  0x72,  0x6E,  0x00,  0x74,  0x75,  0x72,  0x6E,  0x65,  0x64,  0x00,  
	0x75, 0x6E,  0x74,  0x69,  0x6C,  0x00,  0x75,  0x70,  0x00,  0x75,  0x70,  0x6F,  
	0x6E, 0x00,  0x77,  0x61,  0x72,  0x64,  0x00,  0x77,  0x65,  0x6C,  0x6C,  0x00,  
	0x77, 0x65,  0x6E,  0x74,  0x00,  0x77,  0x68,  0x65,  0x6E,  0x00,  0x77,  0x68,  
	0x65, 0x74,  0x68,  0x65,  0x72,  0x00,  0x77,  0x69,  0x74,  0x68,  0x00,  0x77,  
	0x6F, 0x72,  0x6B,  0x00,  0x77,  0x6F,  0x72,  0x6B,  0x65,  0x64,  0x00,  0x77,  
	0x72, 0x69,  0x6E,  0x67,  0x00,  0x77,  0x72,  0x75,  0x6E,  0x67,  0x00,  0x79,  
	0x6F, 0x75,  0x00
}; 


const unsigned char verb_pairs_cont2[76][2]= { 
	{   3,  82},
	{   4,  82},
	{  10,  83},
	{  12, 155},
	{  13, 155},
	{  14,  83},
	{  24,  39},
	{  27,   2},
	{  27, 163},
	{  28,   2},
	{  29,  26},
	{  29,  64},
	{  29, 151},
	{  29, 155},
	{  32, 162},
	{  33, 162},
	{  34,  20},
	{  34,  26},
	{  34,  64},
	{  34, 151},
	{  34, 155},
	{  35, 162},
	{  37,  64},
	{  38,  64},
	{  40, 155},
	{  41, 155},
	{  46,  66},
	{  46, 155},
	{  47,  66},
	{  47, 155},
	{  48,  49},
	{  51,  64},
	{  52,  88},
	{  53,  64},
	{  55,  84},
	{  61, 155},
	{  62, 155},
	{  67,  83},
	{  68,   6},
	{  68,  15},
	{  68,  20},
	{  68,  83},
	{  68,  89},
	{  69,   6},
	{  69,  15},
	{  69,  20},
	{  69,  83},
	{  69,  89},
	{  74,  88},
	{  95,  19},
	{  96,  19},
	{  99, 162},
	{ 102,  15},
	{ 102,  19},
	{ 103,  88},
	{ 112,  82},
	{ 113,  82},
	{ 115,  88},
	{ 116,  15},
	{ 116,  19},
	{ 116,  66},
	{ 118,  39},
	{ 121, 155},
	{ 124, 162},
	{ 125,  39},
	{ 141, 155},
	{ 149,  82},
	{ 157, 155},
	{ 159,  19},
	{ 159,  20},
	{ 159, 155},
	{ 160,  19},
	{ 160,  20},
	{ 160, 155},
	{ 166,  84},
	{ 174,  83}
};

const unsigned char verb_pairs_disc2[7][2]= {
	{  12,  20},
	{  13,  20},
	{  37,  64},
	{  37,  88},
	{  38,  64},
	{  38,  88},
	{  73,  55}
};

const unsigned char verb_pairs_cont3[7][3]= {
	{  29,  19, 169},
	{  34,  19, 169},
	{  52,  88,  82},
	{  70, 140,  84},
	{  73,  55,  82},
	{  99, 162, 169},
	{ 136, 162,  49}
};

const unsigned char verb_pairs_either[125][2]= { 
	{  18, 162},
	{  20, 162},
	{  21,  89},
	{  22,   2},
	{  22,   8},
	{  22,  39},
	{  22,  64},
	{  22,  88},
	{  23,   2},
	{  23,   8},
	{  23,  39},
	{  23,  64},
	{  23,  88},
	{  24, 162},
	{  27,  49},
	{  27,  64},
	{  27, 162},
	{  28,  49},
	{  28,  64},
	{  28, 162},
	{  31,  83},
	{  36, 122},
	{  36, 162},
	{  40,  19},
	{  40, 162},
	{  41,  19},
	{  41, 162},
	{  42, 162},
	{  51,  19},
	{  51,  88},
	{  51, 162},
	{  53,  19},
	{  53,  88},
	{  53, 162},
	{  56, 162},
	{  57, 162},
	{  59,  64},
	{  60,  64},
	{  71,  83},
	{  71,  88},
	{  72,  83},
	{  72,  88},
	{  73,  64},
	{  73,  88},
	{  76,  89},
	{  76, 162},
	{  77,  89},
	{  77, 162},
	{  78, 162},
	{  79, 162},
	{  90,  20},
	{  91,  20},
	{  92,  20},
	{  92, 162},
	{  93,  20},
	{  93, 162},
	{  94,  39},
	{  97,  88},
	{  99,  39},
	{  99,  83},
	{ 100,  88},
	{ 101,  88},
	{ 103,  20},
	{ 103, 162},
	{ 105, 151},
	{ 106,  50},
	{ 107,  50},
	{ 108,  89},
	{ 109,  89},
	{ 110, 155},
	{ 111, 155},
	{ 115,  20},
	{ 115, 162},
	{ 116, 162},
	{ 119,  19},
	{ 119,  83},
	{ 119,  88},
	{ 120,  19},
	{ 120,  83},
	{ 120,  88},
	{ 121, 162},
	{ 121, 162},
	{ 123, 162},
	{ 126,  19},
	{ 127, 162},
	{ 128, 162},
	{ 129, 162},
	{ 130, 162},
	{ 133,  88},
	{ 134,  88},
	{ 136, 162},
	{ 137,  89},
	{ 138,  89},
	{ 139, 162},
	{ 141,  19},
	{ 141,  64},
	{ 141,  83},
	{ 141,  84},
	{ 141,  88},
	{ 142, 151},
	{ 143, 151},
	{ 144,  83},
	{ 145,  83},
	{ 152,  83},
	{ 153,  83},
	{ 156,  83},
	{ 157,  19},
	{ 157,  64},
	{ 157,  83},
	{ 157,  84},
	{ 157,  88},
	{ 158,  83},
	{ 159,  39},
	{ 159,  83},
	{ 159,  84},
	{ 159,  88},
	{ 160,  39},
	{ 160,  83},
	{ 160,  84},
	{ 160,  88},
	{ 164,  83},
	{ 170,  15},
	{ 171,  15},
	{ 172,  88},
	{ 173,  88}
};

const unsigned char conj_words[34][4]= {
	{   7, 148, 117,   0},
	{  11, 131,   0,   0},
	{  16,   1, 114,  82},
	{  16,  63,   0,   0},
	{  16,  75,  16,   0},
	{  16, 132,  16,   0},
	{  16, 150,   0,   0},
	{  16, 165,  16,   0},
	{  17, 147,   0,   0},
	{  25,   9,   0,   0},
	{  25, 147,   0,   0},
	{  43,  63,   0,   0},
	{  43, 131,   0,   0},
	{  43, 150,   0,   0},
	{  43, 167,   0,   0},
	{  44, 154,   0,   0},
	{  45, 147,   0,   0},
	{  54, 147,   0,   0},
	{  58, 147,   0,   0},
	{  64,   5,   0,   0},
	{  64,   5, 155,   0},
	{  64,  30,   0,   0},
	{  64, 135,  82,   0},
	{  64, 147,   0,   0},
	{  65,  82,   0,   0},
	{  80,  85,   0,   0},
	{  80, 161,   0,   0},
	{  81, 147,   0,   0},
	{  84, 148,  87,  59},
	{  98, 147,   0,   0},
	{ 104, 146,   0,   0},
	{ 131,  75,  16,   0},
	{ 131, 147,   0,   0},
	{ 168,  86,  80,   0}
};

