const unsigned short verb_pairs_index[10]={
	0x0000, 0x0001,  0x0003,  0x0006,  0x000A,  0x000E,  0x0011,  0x0014,  
	0x001B, 0x0020
}; 

const unsigned char verb_pairs_words[40]= {
	0x00, 0x61,  0x00,  0x61,  0x73,  0x00,  0x6E,  0x6F,  0x74,  0x00,  0x6E,  0x6F,  
	0x77, 0x00,  0x6F,  0x66,  0x00,  0x6F,  0x72,  0x00,  0x72,  0x65,  0x73,  0x75,  
	0x6C, 0x74,  0x00,  0x74,  0x68,  0x61,  0x74,  0x00,  0x77,  0x68,  0x65,  0x74,  
	0x68, 0x65,  0x72,  0x00
}; 


const unsigned char verb_pairs_cont2[0][2]= { 
	{   0,   0}
};

const unsigned char verb_pairs_disc2[0][2]= {
	{   0,   0}
};

const unsigned char verb_pairs_cont3[0][3]= {
	{   0,   0,   0}
};

const unsigned char verb_pairs_either[0][2]= { 
	{   0,   0}
};

const unsigned char conj_words[3][3]= {
	{   2,   1,   7,   5},
	{   4,   8,   0,   0},
	{   9,   6,   3,   0}
};

