const unsigned short verb_pairs_index[252]={
	0x0000, 0x0001,  0x0003,  0x0009,  0x0010,  0x0014,  0x001A,  0x0021,  
	0x0026, 0x002A,  0x0030,  0x0037,  0x0040,  0x0045,  0x0049,  0x004F,  
	0x0054, 0x0058,  0x005F,  0x0062,  0x0066,  0x006C,  0x0073,  0x0078,  
	0x0081, 0x0084,  0x0088,  0x008D,  0x0094,  0x009C,  0x00A2,  0x00A7,  
	0x00AE, 0x00B6,  0x00BC,  0x00C1,  0x00C9,  0x00CF,  0x00D4,  0x00D9,  
	0x00E1, 0x00E7,  0x00EC,  0x00F3,  0x00F9,  0x0102,  0x0109,  0x010F,  
	0x0118, 0x011F,  0x0125,  0x012D,  0x0133,  0x013B,  0x0143,  0x014C,  
	0x0151, 0x0158,  0x0160,  0x0166,  0x016A,  0x016E,  0x0175,  0x017A,  
	0x017D, 0x0182,  0x0189,  0x0191,  0x0197,  0x019C,  0x01A3,  0x01AB,  
	0x01B1, 0x01B6,  0x01BE,  0x01C6,  0x01CC,  0x01D5,  0x01DA,  0x01E0,  
	0x01E8, 0x01F1,  0x01F8,  0x01FE,  0x0206,  0x020F,  0x0216,  0x021C,  
	0x0224, 0x022D,  0x0234,  0x0239,  0x0240,  0x0248,  0x024E,  0x0253,  
	0x025B, 0x0264,  0x026A,  0x0270,  0x0278,  0x0281,  0x0288,  0x028E,  
	0x0296, 0x029F,  0x02A6,  0x02AC,  0x02B3,  0x02BA,  0x02C2,  0x02C7,  
	0x02CD, 0x02D4,  0x02DA,  0x02E2,  0x02EB,  0x02F2,  0x02F6,  0x02FB,  
	0x0303, 0x0308,  0x030D,  0x0315,  0x031B,  0x0321,  0x0327,  0x032F,  
	0x0337, 0x0340,  0x0345,  0x0349,  0x034F,  0x0356,  0x035B,  0x0362,  
	0x0367, 0x036D,  0x0374,  0x037B,  0x0383,  0x038B,  0x0394,  0x0399,  
	0x03A1, 0x03A7,  0x03AB,  0x03B1,  0x03B7,  0x03BE,  0x03C2,  0x03C8,  
	0x03CD, 0x03D1,  0x03D6,  0x03DE,  0x03E3,  0x03E9,  0x03EF,  0x03F6,  
	0x03FA, 0x0402,  0x0407,  0x040C,  0x0414,  0x041A,  0x0420,  0x0425,  
	0x042A, 0x0432,  0x0438,  0x043D,  0x0442,  0x044A,  0x0450,  0x0455,  
	0x0458, 0x045B,  0x0469,  0x046E,  0x0475,  0x047D,  0x0483,  0x0488,  
	0x0490, 0x0496,  0x049B,  0x04A0,  0x04A4,  0x04AB,  0x04B0,  0x04B4,  
	0x04B9, 0x04C1,  0x04C5,  0x04CA,  0x04CF,  0x04D5,  0x04DA,  0x04DF,  
	0x04E5, 0x04EC,  0x04F1,  0x04F7,  0x04FD,  0x0504,  0x0508,  0x050C,  
	0x050F, 0x0513,  0x0516,  0x051B,  0x0520,  0x0527,  0x052F,  0x0535,  
	0x0538, 0x053E,  0x0542,  0x0547,  0x054C,  0x0553,  0x055A,  0x0562,  
	0x056B, 0x056F,  0x0574,  0x057C,  0x0583,  0x058A,  0x058F,  0x0592,  
	0x0597, 0x059D,  0x05A2,  0x05AA,  0x05B3,  0x05B9,  0x05BE,  0x05C3,  
	0x05C7, 0x05CE,  0x05D3,  0x05D6,  0x05DC,  0x05DF,  0x05E4,  0x05EB,  
	0x05F0, 0x05F5,  0x05FD,  0x0602
}; 

const unsigned char verb_pairs_words[1543]= {
	0x00, 0x61,  0x00,  0x61,  0x62,  0x6F,  0x75,  0x74,  0x00,  0x61,  0x63,  0x72,  
	0x6F, 0x73,  0x73,  0x00,  0x61,  0x63,  0x74,  0x00,  0x61,  0x63,  0x74,  0x65,  
	0x64, 0x00,  0x61,  0x63,  0x74,  0x69,  0x6E,  0x67,  0x00,  0x61,  0x63,  0x74,  
	0x73, 0x00,  0x61,  0x64,  0x64,  0x00,  0x61,  0x64,  0x64,  0x65,  0x64,  0x00,  
	0x61, 0x64,  0x64,  0x69,  0x6E,  0x67,  0x00,  0x61,  0x64,  0x64,  0x69,  0x74,  
	0x69, 0x6F,  0x6E,  0x00,  0x61,  0x64,  0x64,  0x73,  0x00,  0x61,  0x6C,  0x6C,  
	0x00, 0x61,  0x6C,  0x6F,  0x6E,  0x67,  0x00,  0x61,  0x6C,  0x73,  0x6F,  0x00,  
	0x61, 0x6E,  0x64,  0x00,  0x61,  0x72,  0x6F,  0x75,  0x6E,  0x64,  0x00,  0x61,  
	0x73, 0x00,  0x61,  0x73,  0x6B,  0x00,  0x61,  0x73,  0x6B,  0x65,  0x64,  0x00,  
	0x61, 0x73,  0x6B,  0x69,  0x6E,  0x67,  0x00,  0x61,  0x73,  0x6B,  0x73,  0x00,  
	0x61, 0x73,  0x73,  0x75,  0x6D,  0x69,  0x6E,  0x67,  0x00,  0x61,  0x74,  0x00,  
	0x61, 0x74,  0x65,  0x00,  0x62,  0x61,  0x63,  0x6B,  0x00,  0x62,  0x61,  0x63,  
	0x6B, 0x65,  0x64,  0x00,  0x62,  0x61,  0x63,  0x6B,  0x69,  0x6E,  0x67,  0x00,  
	0x62, 0x61,  0x63,  0x6B,  0x73,  0x00,  0x62,  0x61,  0x77,  0x6C,  0x00,  0x62,  
	0x61, 0x77,  0x6C,  0x65,  0x64,  0x00,  0x62,  0x61,  0x77,  0x6C,  0x69,  0x6E,  
	0x67, 0x00,  0x62,  0x61,  0x77,  0x6C,  0x73,  0x00,  0x62,  0x65,  0x61,  0x72,  
	0x00, 0x62,  0x65,  0x61,  0x72,  0x69,  0x6E,  0x67,  0x00,  0x62,  0x65,  0x61,  
	0x72, 0x73,  0x00,  0x62,  0x6C,  0x65,  0x77,  0x00,  0x62,  0x6C,  0x6F,  0x77,  
	0x00, 0x62,  0x6C,  0x6F,  0x77,  0x69,  0x6E,  0x67,  0x00,  0x62,  0x6C,  0x6F,  
	0x77, 0x73,  0x00,  0x62,  0x6F,  0x72,  0x65,  0x00,  0x62,  0x6F,  0x75,  0x67,  
	0x68, 0x74,  0x00,  0x62,  0x72,  0x65,  0x61,  0x6B,  0x00,  0x62,  0x72,  0x65,  
	0x61, 0x6B,  0x69,  0x6E,  0x67,  0x00,  0x62,  0x72,  0x65,  0x61,  0x6B,  0x73,  
	0x00, 0x62,  0x72,  0x69,  0x6E,  0x67,  0x00,  0x62,  0x72,  0x69,  0x6E,  0x67,  
	0x69, 0x6E,  0x67,  0x00,  0x62,  0x72,  0x69,  0x6E,  0x67,  0x73,  0x00,  0x62,  
	0x72, 0x6F,  0x6B,  0x65,  0x00,  0x62,  0x72,  0x6F,  0x75,  0x67,  0x68,  0x74,  
	0x00, 0x62,  0x72,  0x75,  0x73,  0x68,  0x00,  0x62,  0x72,  0x75,  0x73,  0x68,  
	0x65, 0x64,  0x00,  0x62,  0x72,  0x75,  0x73,  0x68,  0x65,  0x73,  0x00,  0x62,  
	0x72, 0x75,  0x73,  0x68,  0x69,  0x6E,  0x67,  0x00,  0x62,  0x75,  0x72,  0x6E,  
	0x00, 0x62,  0x75,  0x72,  0x6E,  0x65,  0x64,  0x00,  0x62,  0x75,  0x72,  0x6E,  
	0x69, 0x6E,  0x67,  0x00,  0x62,  0x75,  0x72,  0x6E,  0x73,  0x00,  0x62,  0x75,  
	0x74, 0x00,  0x62,  0x75,  0x79,  0x00,  0x62,  0x75,  0x79,  0x69,  0x6E,  0x67,  
	0x00, 0x62,  0x75,  0x79,  0x73,  0x00,  0x62,  0x79,  0x00,  0x63,  0x61,  0x6C,  
	0x6C, 0x00,  0x63,  0x61,  0x6C,  0x6C,  0x65,  0x64,  0x00,  0x63,  0x61,  0x6C,  
	0x6C, 0x69,  0x6E,  0x67,  0x00,  0x63,  0x61,  0x6C,  0x6C,  0x73,  0x00,  0x63,  
	0x61, 0x6C,  0x6D,  0x00,  0x63,  0x61,  0x6C,  0x6D,  0x65,  0x64,  0x00,  0x63,  
	0x61, 0x6C,  0x6D,  0x69,  0x6E,  0x67,  0x00,  0x63,  0x61,  0x6C,  0x6D,  0x73,  
	0x00, 0x63,  0x61,  0x6D,  0x65,  0x00,  0x63,  0x61,  0x72,  0x72,  0x69,  0x65,  
	0x64, 0x00,  0x63,  0x61,  0x72,  0x72,  0x69,  0x65,  0x73,  0x00,  0x63,  0x61,  
	0x72, 0x72,  0x79,  0x00,  0x63,  0x61,  0x72,  0x72,  0x79,  0x69,  0x6E,  0x67,  
	0x00, 0x63,  0x61,  0x73,  0x65,  0x00,  0x63,  0x61,  0x74,  0x63,  0x68,  0x00,  
	0x63, 0x61,  0x74,  0x63,  0x68,  0x65,  0x73,  0x00,  0x63,  0x61,  0x74,  0x63,  
	0x68, 0x69,  0x6E,  0x67,  0x00,  0x63,  0x61,  0x75,  0x67,  0x68,  0x74,  0x00,  
	0x63, 0x68,  0x65,  0x63,  0x6B,  0x00,  0x63,  0x68,  0x65,  0x63,  0x6B,  0x65,  
	0x64, 0x00,  0x63,  0x68,  0x65,  0x63,  0x6B,  0x69,  0x6E,  0x67,  0x00,  0x63,  
	0x68, 0x65,  0x63,  0x6B,  0x73,  0x00,  0x63,  0x68,  0x65,  0x65,  0x72,  0x00,  
	0x63, 0x68,  0x65,  0x65,  0x72,  0x65,  0x64,  0x00,  0x63,  0x68,  0x65,  0x65,  
	0x72, 0x69,  0x6E,  0x67,  0x00,  0x63,  0x68,  0x65,  0x65,  0x72,  0x73,  0x00,  
	0x63, 0x68,  0x65,  0x77,  0x00,  0x63,  0x68,  0x65,  0x77,  0x65,  0x64,  0x00,  
	0x63, 0x68,  0x65,  0x77,  0x69,  0x6E,  0x67,  0x00,  0x63,  0x68,  0x65,  0x77,  
	0x73, 0x00,  0x63,  0x68,  0x6F,  0x70,  0x00,  0x63,  0x68,  0x6F,  0x70,  0x70,  
	0x65, 0x64,  0x00,  0x63,  0x68,  0x6F,  0x70,  0x70,  0x69,  0x6E,  0x67,  0x00,  
	0x63, 0x68,  0x6F,  0x70,  0x73,  0x00,  0x63,  0x6C,  0x65,  0x61,  0x6E,  0x00,  
	0x63, 0x6C,  0x65,  0x61,  0x6E,  0x65,  0x64,  0x00,  0x63,  0x6C,  0x65,  0x61,  
	0x6E, 0x69,  0x6E,  0x67,  0x00,  0x63,  0x6C,  0x65,  0x61,  0x6E,  0x73,  0x00,  
	0x63, 0x6C,  0x65,  0x61,  0x72,  0x00,  0x63,  0x6C,  0x65,  0x61,  0x72,  0x65,  
	0x64, 0x00,  0x63,  0x6C,  0x65,  0x61,  0x72,  0x69,  0x6E,  0x67,  0x00,  0x63,  
	0x6C, 0x65,  0x61,  0x72,  0x73,  0x00,  0x63,  0x6C,  0x6F,  0x73,  0x65,  0x00,  
	0x63, 0x6C,  0x6F,  0x73,  0x65,  0x64,  0x00,  0x63,  0x6C,  0x6F,  0x73,  0x65,  
	0x73, 0x00,  0x63,  0x6C,  0x6F,  0x73,  0x69,  0x6E,  0x67,  0x00,  0x63,  0x6F,  
	0x6D, 0x65,  0x00,  0x63,  0x6F,  0x6D,  0x65,  0x73,  0x00,  0x63,  0x6F,  0x6D,  
	0x69, 0x6E,  0x67,  0x00,  0x63,  0x6F,  0x75,  0x6E,  0x74,  0x00,  0x63,  0x6F,  
	0x75, 0x6E,  0x74,  0x65,  0x64,  0x00,  0x63,  0x6F,  0x75,  0x6E,  0x74,  0x69,  
	0x6E, 0x67,  0x00,  0x63,  0x6F,  0x75,  0x6E,  0x74,  0x73,  0x00,  0x63,  0x75,  
	0x74, 0x00,  0x63,  0x75,  0x74,  0x73,  0x00,  0x63,  0x75,  0x74,  0x74,  0x69,  
	0x6E, 0x67,  0x00,  0x64,  0x6F,  0x77,  0x6E,  0x00,  0x64,  0x72,  0x61,  0x77,  
	0x00, 0x64,  0x72,  0x61,  0x77,  0x69,  0x6E,  0x67,  0x00,  0x64,  0x72,  0x61,  
	0x77, 0x6E,  0x00,  0x64,  0x72,  0x61,  0x77,  0x73,  0x00,  0x64,  0x72,  0x65,  
	0x73, 0x73,  0x00,  0x64,  0x72,  0x65,  0x73,  0x73,  0x65,  0x64,  0x00,  0x64,  
	0x72, 0x65,  0x73,  0x73,  0x65,  0x73,  0x00,  0x64,  0x72,  0x65,  0x73,  0x73,  
	0x69, 0x6E,  0x67,  0x00,  0x64,  0x72,  0x65,  0x77,  0x00,  0x65,  0x61,  0x74,  
	0x00, 0x65,  0x61,  0x74,  0x65,  0x6E,  0x00,  0x65,  0x61,  0x74,  0x69,  0x6E,  
	0x67, 0x00,  0x65,  0x61,  0x74,  0x73,  0x00,  0x65,  0x61,  0x74,  0x74,  0x65,  
	0x6E, 0x00,  0x65,  0x76,  0x65,  0x6E,  0x00,  0x65,  0x76,  0x65,  0x72,  0x79,  
	0x00, 0x65,  0x78,  0x63,  0x65,  0x70,  0x74,  0x00,  0x66,  0x69,  0x67,  0x75,  
	0x72, 0x65,  0x00,  0x66,  0x69,  0x67,  0x75,  0x72,  0x65,  0x64,  0x00,  0x66,  
	0x69, 0x67,  0x75,  0x72,  0x65,  0x73,  0x00,  0x66,  0x69,  0x67,  0x75,  0x72,  
	0x69, 0x6E,  0x67,  0x00,  0x66,  0x69,  0x6E,  0x64,  0x00,  0x66,  0x69,  0x6E,  
	0x64, 0x69,  0x6E,  0x67,  0x00,  0x66,  0x69,  0x6E,  0x64,  0x73,  0x00,  0x66,  
	0x69, 0x78,  0x00,  0x66,  0x69,  0x78,  0x65,  0x64,  0x00,  0x66,  0x69,  0x78,  
	0x65, 0x73,  0x00,  0x66,  0x69,  0x78,  0x69,  0x6E,  0x67,  0x00,  0x66,  0x6F,  
	0x72, 0x00,  0x66,  0x6F,  0x75,  0x6E,  0x64,  0x00,  0x67,  0x61,  0x76,  0x65,  
	0x00, 0x67,  0x65,  0x74,  0x00,  0x67,  0x65,  0x74,  0x73,  0x00,  0x67,  0x65,  
	0x74, 0x74,  0x69,  0x6E,  0x67,  0x00,  0x67,  0x69,  0x76,  0x65,  0x00,  0x67,  
	0x69, 0x76,  0x65,  0x6E,  0x00,  0x67,  0x69,  0x76,  0x65,  0x73,  0x00,  0x67,  
	0x69, 0x76,  0x69,  0x6E,  0x67,  0x00,  0x67,  0x6F,  0x74,  0x00,  0x67,  0x72,  
	0x61, 0x6E,  0x74,  0x65,  0x64,  0x00,  0x67,  0x72,  0x65,  0x77,  0x00,  0x67,  
	0x72, 0x6F,  0x77,  0x00,  0x67,  0x72,  0x6F,  0x77,  0x69,  0x6E,  0x67,  0x00,  
	0x67, 0x72,  0x6F,  0x77,  0x6E,  0x00,  0x67,  0x72,  0x6F,  0x77,  0x73,  0x00,  
	0x68, 0x61,  0x6E,  0x64,  0x00,  0x68,  0x61,  0x6E,  0x67,  0x00,  0x68,  0x61,  
	0x6E, 0x67,  0x69,  0x6E,  0x67,  0x00,  0x68,  0x61,  0x6E,  0x67,  0x73,  0x00,  
	0x68, 0x65,  0x6C,  0x64,  0x00,  0x68,  0x6F,  0x6C,  0x64,  0x00,  0x68,  0x6F,  
	0x6C, 0x64,  0x69,  0x6E,  0x67,  0x00,  0x68,  0x6F,  0x6C,  0x64,  0x73,  0x00,  
	0x68, 0x75,  0x6E,  0x67,  0x00,  0x69,  0x66,  0x00,  0x69,  0x6E,  0x00,  0x69,  
	0x6E, 0x63,  0x6F,  0x6E,  0x73,  0x65,  0x71,  0x75,  0x65,  0x6E,  0x63,  0x65,  
	0x00, 0x6A,  0x61,  0x63,  0x6B,  0x00,  0x6A,  0x61,  0x63,  0x6B,  0x65,  0x64,  
	0x00, 0x6A,  0x61,  0x63,  0x6B,  0x69,  0x6E,  0x67,  0x00,  0x6A,  0x61,  0x63,  
	0x6B, 0x73,  0x00,  0x6B,  0x65,  0x65,  0x70,  0x00,  0x6B,  0x65,  0x65,  0x70,  
	0x69, 0x6E,  0x67,  0x00,  0x6B,  0x65,  0x65,  0x70,  0x73,  0x00,  0x6B,  0x65,  
	0x70, 0x74,  0x00,  0x6C,  0x61,  0x69,  0x64,  0x00,  0x6C,  0x61,  0x79,  0x00,  
	0x6C, 0x61,  0x79,  0x69,  0x6E,  0x67,  0x00,  0x6C,  0x61,  0x79,  0x73,  0x00,  
	0x6C, 0x65,  0x74,  0x00,  0x6C,  0x65,  0x74,  0x73,  0x00,  0x6C,  0x65,  0x74,  
	0x74, 0x69,  0x6E,  0x67,  0x00,  0x6C,  0x69,  0x65,  0x00,  0x6C,  0x69,  0x65,  
	0x73, 0x00,  0x6C,  0x6F,  0x6E,  0x67,  0x00,  0x6C,  0x79,  0x69,  0x6E,  0x67,  
	0x00, 0x6D,  0x61,  0x64,  0x65,  0x00,  0x6D,  0x61,  0x6B,  0x65,  0x00,  0x6D,  
	0x61, 0x6B,  0x65,  0x73,  0x00,  0x6D,  0x61,  0x6B,  0x69,  0x6E,  0x67,  0x00,  
	0x6E, 0x6F,  0x73,  0x65,  0x00,  0x6E,  0x6F,  0x73,  0x65,  0x64,  0x00,  0x6E,  
	0x6F, 0x73,  0x65,  0x73,  0x00,  0x6E,  0x6F,  0x73,  0x69,  0x6E,  0x67,  0x00,  
	0x6E, 0x6F,  0x74,  0x00,  0x6E,  0x6F,  0x77,  0x00,  0x6F,  0x66,  0x00,  0x6F,  
	0x66, 0x66,  0x00,  0x6F,  0x6E,  0x00,  0x6F,  0x6E,  0x6C,  0x79,  0x00,  0x6F,  
	0x70, 0x65,  0x6E,  0x00,  0x6F,  0x70,  0x65,  0x6E,  0x65,  0x64,  0x00,  0x6F,  
	0x70, 0x65,  0x6E,  0x69,  0x6E,  0x67,  0x00,  0x6F,  0x70,  0x65,  0x6E,  0x73,  
	0x00, 0x6F,  0x72,  0x00,  0x6F,  0x74,  0x68,  0x65,  0x72,  0x00,  0x6F,  0x75,  
	0x74, 0x00,  0x6F,  0x76,  0x65,  0x72,  0x00,  0x70,  0x61,  0x73,  0x73,  0x00,  
	0x70, 0x61,  0x73,  0x73,  0x65,  0x64,  0x00,  0x70,  0x61,  0x73,  0x73,  0x65,  
	0x73, 0x00,  0x70,  0x61,  0x73,  0x73,  0x69,  0x6E,  0x67,  0x00,  0x70,  0x72,  
	0x6F, 0x76,  0x69,  0x64,  0x65,  0x64,  0x00,  0x70,  0x75,  0x74,  0x00,  0x70,  
	0x75, 0x74,  0x73,  0x00,  0x70,  0x75,  0x74,  0x74,  0x69,  0x6E,  0x67,  0x00,  
	0x72, 0x61,  0x74,  0x68,  0x65,  0x72,  0x00,  0x72,  0x65,  0x73,  0x75,  0x6C,  
	0x74, 0x00,  0x73,  0x61,  0x6D,  0x65,  0x00,  0x73,  0x6F,  0x00,  0x73,  0x6F,  
	0x6F, 0x6E,  0x00,  0x73,  0x70,  0x69,  0x74,  0x65,  0x00,  0x73,  0x74,  0x6F,  
	0x70, 0x00,  0x73,  0x74,  0x6F,  0x70,  0x70,  0x65,  0x64,  0x00,  0x73,  0x74,  
	0x6F, 0x70,  0x70,  0x69,  0x6E,  0x67,  0x00,  0x73,  0x74,  0x6F,  0x70,  0x73,  
	0x00, 0x74,  0x68,  0x61,  0x6E,  0x00,  0x74,  0x68,  0x61,  0x74,  0x00,  0x74,  
	0x68, 0x65,  0x00,  0x74,  0x68,  0x6F,  0x75,  0x67,  0x68,  0x00,  0x74,  0x69,  
	0x6D, 0x65,  0x00,  0x74,  0x6F,  0x00,  0x75,  0x6E,  0x74,  0x69,  0x6C,  0x00,  
	0x75, 0x70,  0x00,  0x77,  0x61,  0x6B,  0x65,  0x00,  0x77,  0x61,  0x6B,  0x69,  
	0x6E, 0x67,  0x00,  0x77,  0x65,  0x6C,  0x6C,  0x00,  0x77,  0x68,  0x65,  0x6E,  
	0x00, 0x77,  0x68,  0x65,  0x74,  0x68,  0x65,  0x72,  0x00,  0x77,  0x69,  0x74,  
	0x68, 0x00,  0x77,  0x6F,  0x6B,  0x65,  0x00
}; 


const unsigned char verb_pairs_cont2[351][2]= { 
	{   4, 244},
	{   5, 244},
	{   6, 244},
	{   7, 244},
	{   8, 244},
	{   9, 244},
	{  10, 244},
	{  12, 244},
	{  19, 217},
	{  20, 217},
	{  21, 217},
	{  22, 217},
	{  25, 176},
	{  25, 217},
	{  26, 120},
	{  26, 217},
	{  26, 244},
	{  27, 120},
	{  27, 217},
	{  27, 244},
	{  28, 120},
	{  28, 217},
	{  28, 244},
	{  29, 120},
	{  29, 217},
	{  29, 244},
	{  30, 217},
	{  31, 217},
	{  32, 217},
	{  33, 217},
	{  34, 244},
	{  34, 250},
	{  35, 244},
	{  35, 250},
	{  36, 244},
	{  36, 250},
	{  37, 176},
	{  37, 218},
	{  37, 244},
	{  38, 176},
	{  38, 218},
	{  38, 244},
	{  39, 176},
	{  39, 218},
	{  39, 244},
	{  40, 176},
	{  40, 218},
	{  40, 244},
	{  41, 244},
	{  41, 250},
	{  42, 217},
	{  42, 244},
	{  43, 120},
	{  43, 176},
	{  43, 208},
	{  43, 217},
	{  43, 244},
	{  44, 120},
	{  44, 176},
	{  44, 208},
	{  44, 217},
	{  44, 244},
	{  45, 120},
	{  45, 176},
	{  45, 208},
	{  45, 217},
	{  45, 244},
	{  46,   2},
	{  46,  14},
	{  46,  17},
	{  46, 209},
	{  46, 217},
	{  46, 218},
	{  46, 244},
	{  47,   2},
	{  47,  14},
	{  47,  17},
	{  47, 209},
	{  47, 217},
	{  47, 218},
	{  47, 244},
	{  48,   2},
	{  48,  14},
	{  48,  17},
	{  48, 209},
	{  48, 217},
	{  48, 218},
	{  48, 244},
	{  49, 120},
	{  49, 176},
	{  49, 208},
	{  49, 217},
	{  49, 244},
	{  50,   2},
	{  50,  14},
	{  50,  17},
	{  50, 209},
	{  50, 217},
	{  50, 218},
	{  50, 244},
	{  51, 208},
	{  52, 208},
	{  53, 208},
	{  54, 208},
	{  55, 120},
	{  55, 244},
	{  56, 120},
	{  56, 244},
	{  57, 120},
	{  57, 244},
	{  58, 120},
	{  58, 244},
	{  60, 217},
	{  60, 244},
	{  61, 217},
	{  61, 244},
	{  62, 217},
	{  62, 244},
	{  64, 149},
	{  64, 208},
	{  64, 209},
	{  64, 244},
	{  65, 149},
	{  65, 208},
	{  65, 209},
	{  65, 244},
	{  66, 149},
	{  66, 208},
	{  66, 209},
	{  66, 244},
	{  67, 149},
	{  67, 208},
	{  67, 209},
	{  67, 244},
	{  68, 120},
	{  69, 120},
	{  70, 120},
	{  71, 120},
	{  72,   2},
	{  72,   3},
	{  72,  63},
	{  72, 218},
	{  73, 209},
	{  73, 217},
	{  74, 209},
	{  74, 217},
	{  75, 209},
	{  75, 217},
	{  76, 209},
	{  76, 217},
	{  78, 209},
	{  78, 244},
	{  79, 209},
	{  79, 244},
	{  80, 209},
	{  80, 244},
	{  81, 209},
	{  81, 244},
	{  82, 176},
	{  82, 208},
	{  82, 209},
	{  82, 217},
	{  82, 250},
	{  83, 176},
	{  83, 208},
	{  83, 209},
	{  83, 217},
	{  83, 250},
	{  84, 176},
	{  84, 208},
	{  84, 209},
	{  84, 217},
	{  84, 250},
	{  85, 176},
	{  85, 208},
	{  85, 209},
	{  85, 217},
	{  85, 250},
	{  86, 244},
	{  87, 244},
	{  88, 244},
	{  89, 244},
	{  90, 244},
	{  91, 244},
	{  92, 244},
	{  93, 244},
	{  94, 244},
	{  95, 244},
	{  96, 244},
	{  97, 244},
	{  98, 244},
	{  99, 244},
	{ 100, 244},
	{ 101, 244},
	{ 102, 217},
	{ 102, 244},
	{ 103, 217},
	{ 103, 244},
	{ 104, 217},
	{ 104, 244},
	{ 105, 217},
	{ 105, 244},
	{ 106, 120},
	{ 106, 244},
	{ 107, 120},
	{ 107, 244},
	{ 108, 120},
	{ 108, 244},
	{ 109, 120},
	{ 109, 244},
	{ 110,   2},
	{ 110,   3},
	{ 110,  63},
	{ 110, 218},
	{ 111,   2},
	{ 111,   3},
	{ 111,  63},
	{ 111, 218},
	{ 112,   2},
	{ 112,   3},
	{ 112,  63},
	{ 112, 218},
	{ 113, 209},
	{ 114, 209},
	{ 115, 209},
	{ 116, 209},
	{ 117, 120},
	{ 118, 120},
	{ 119, 120},
	{ 121, 244},
	{ 122, 244},
	{ 123, 244},
	{ 124, 244},
	{ 125, 244},
	{ 126, 244},
	{ 127, 244},
	{ 128, 244},
	{ 129, 244},
	{ 130, 176},
	{ 130, 217},
	{ 131, 176},
	{ 132, 176},
	{ 132, 217},
	{ 133, 176},
	{ 133, 217},
	{ 134, 217},
	{ 138, 209},
	{ 138, 217},
	{ 139, 209},
	{ 139, 217},
	{ 140, 209},
	{ 140, 217},
	{ 141, 209},
	{ 141, 217},
	{ 142, 217},
	{ 143, 217},
	{ 144, 217},
	{ 145, 244},
	{ 146, 244},
	{ 147, 244},
	{ 148, 244},
	{ 150, 217},
	{ 151, 176},
	{ 151, 244},
	{ 152,  63},
	{ 153,  63},
	{ 154,  63},
	{ 155, 176},
	{ 155, 244},
	{ 157, 176},
	{ 157, 244},
	{ 158, 176},
	{ 158, 244},
	{ 159,  63},
	{ 161, 244},
	{ 162, 244},
	{ 163, 244},
	{ 164, 244},
	{ 165, 244},
	{ 167, 217},
	{ 167, 244},
	{ 168, 217},
	{ 168, 244},
	{ 169, 217},
	{ 169, 244},
	{ 170, 244},
	{ 171, 244},
	{ 172, 244},
	{ 173, 244},
	{ 174, 217},
	{ 174, 244},
	{ 178, 244},
	{ 179, 244},
	{ 180, 244},
	{ 181, 244},
	{ 182,  24},
	{ 182, 244},
	{ 183,  24},
	{ 183, 244},
	{ 184,  24},
	{ 184, 244},
	{ 185,  24},
	{ 185, 244},
	{ 186, 120},
	{ 186, 208},
	{ 187, 120},
	{ 187, 208},
	{ 188, 120},
	{ 188, 208},
	{ 189, 120},
	{ 189, 208},
	{ 190, 244},
	{ 191, 244},
	{ 192, 244},
	{ 193, 120},
	{ 194, 120},
	{ 196, 120},
	{ 197, 244},
	{ 198, 244},
	{ 199, 244},
	{ 200, 244},
	{ 201,  17},
	{ 202,  17},
	{ 203,  17},
	{ 204,  17},
	{ 211, 244},
	{ 212, 244},
	{ 213, 244},
	{ 214, 244},
	{ 219, 208},
	{ 219, 217},
	{ 219, 244},
	{ 220, 208},
	{ 220, 217},
	{ 220, 244},
	{ 221, 208},
	{ 221, 217},
	{ 221, 244},
	{ 222, 208},
	{ 222, 217},
	{ 222, 244},
	{ 224, 244},
	{ 225, 244},
	{ 226, 244},
	{ 233,  63},
	{ 234,  63},
	{ 235,  63},
	{ 236,  63},
	{ 245, 244},
	{ 246, 244},
	{ 251, 244}
};

const unsigned char verb_pairs_disc2[1][2]= {
	{   0,   0}
};

const unsigned char verb_pairs_cont3[1][3]= {
	{   0,   0,   0}
};

const unsigned char verb_pairs_either[1][2]= { 
	{   0,   0}
};

const unsigned char conj_words[34][4]= {
	{  13, 239, 229,   0},
	{  16, 230,   0,   0},
	{  18,   1, 228, 207},
	{  18, 175,   0,   0},
	{  18, 195,  18,   0},
	{  18, 231,  18,   0},
	{  18, 240,   0,   0},
	{  18, 247,  18,   0},
	{  23, 238,   0,   0},
	{  59,  15,   0,   0},
	{  59, 238,   0,   0},
	{ 135, 175,   0,   0},
	{ 135, 230,   0,   0},
	{ 135, 240,   0,   0},
	{ 135, 248,   0,   0},
	{ 136, 241,   0,   0},
	{ 137, 238,   0,   0},
	{ 156, 238,   0,   0},
	{ 160, 238,   0,   0},
	{ 176,  11,   0,   0},
	{ 176,  11, 242,   0},
	{ 176,  77,   0,   0},
	{ 176, 232, 207,   0},
	{ 176, 238,   0,   0},
	{ 177, 207,   0,   0},
	{ 205, 210,   0,   0},
	{ 205, 243,   0,   0},
	{ 206, 238,   0,   0},
	{ 209, 239, 216, 166},
	{ 223, 238,   0,   0},
	{ 227, 237,   0,   0},
	{ 230, 195,  18,   0},
	{ 230, 238,   0,   0},
	{ 249, 215, 205,   0}
};

